[0.009s] Invoking command in '/home/hycon/workspace/ros2_study/pkg_cpp/build/pkg_test_cpp': CMAKE_PREFIX_PATH=${CMAKE_PREFIX_PATH}:/opt/ros/humble /usr/bin/cmake --build /home/hycon/workspace/ros2_study/pkg_cpp/build/pkg_test_cpp -- -j16 -l16
[0.073s] [35m[1mConsolidate compiler generated dependencies of target turtlesim_service_server[0m
[0.087s] [ 25%] Built target turtlesim_subscriber
[0.091s] [ 50%] Built target turtlesim_publisher
[0.092s] [ 75%] Built target turtlesim_cmd_and_pose
[0.116s] [ 83%] [32mBuilding CXX object CMakeFiles/turtlesim_service_server.dir/src/turtlesim_service_server.cpp.o[0m
[1.101s] [01m[K/home/hycon/workspace/ros2_study/pkg_cpp/src/pkg_test_cpp/src/turtlesim_service_server.cpp:[m[K In member function â€˜[01m[Kvoid TurtlesimMultiSpawning::callback_service(std::shared_ptr<pkg_test_cpp_msg::srv::MultiSpawn_Request_<std::allocator<void> > >, std::shared_ptr<pkg_test_cpp_msg::srv::MultiSpawn_Response_<std::allocator<void> > >)[m[Kâ€™:
[1.101s] [01m[K/home/hycon/workspace/ros2_study/pkg_cpp/src/pkg_test_cpp/src/turtlesim_service_server.cpp:30:19:[m[K [01;31m[Kerror: [m[Kmissing template arguments after â€˜[01m[Kctype<...auto...>[m[Kâ€™
[1.102s]    30 |     std::cout << ([01;31m[Kstd[m[K::ctype)(request_->num) << "  " << request_->num << " || " << x_vec.size() << std::endl;
[1.102s]       |                   [01;31m[K^~~[m[K
[1.102s] In file included from [01m[K/usr/include/c++/11/string:43[m[K,
[1.102s]                  from [01m[K/usr/include/c++/11/stdexcept:39[m[K,
[1.102s]                  from [01m[K/usr/include/c++/11/system_error:41[m[K,
[1.102s]                  from [01m[K/usr/include/c++/11/bits/std_mutex.h:39[m[K,
[1.102s]                  from [01m[K/usr/include/c++/11/condition_variable:40[m[K,
[1.102s]                  from [01m[K/opt/ros/humble/include/rclcpp/rclcpp/node.hpp:19[m[K,
[1.102s]                  from [01m[K/home/hycon/workspace/ros2_study/pkg_cpp/src/pkg_test_cpp/include/pkg_test_cpp/turtlesim_service_server.hpp:4[m[K,
[1.102s]                  from [01m[K/home/hycon/workspace/ros2_study/pkg_cpp/src/pkg_test_cpp/src/turtlesim_service_server.cpp:1[m[K:
[1.102s] [01m[K/usr/include/c++/11/bits/localefwd.h:127:11:[m[K [01;36m[Knote: [m[Kâ€˜[01m[Ktemplate<class _CharT> class std::ctype[m[Kâ€™ declared here
[1.103s]   127 |     class [01;36m[Kctype[m[K;
[1.103s]       |           [01;36m[K^~~~~[m[K
[1.103s] [01m[K/home/hycon/workspace/ros2_study/pkg_cpp/src/pkg_test_cpp/src/turtlesim_service_server.cpp:32:26:[m[K [01;35m[Kwarning: [m[Kcomparison of integer expressions of different signedness: â€˜[01m[Ksize_t[m[Kâ€™ {aka â€˜[01m[Klong unsigned int[m[Kâ€™} and â€˜[01m[Kpkg_test_cpp_msg::srv::MultiSpawn_Request_<std::allocator<void> >::_num_type[m[Kâ€™ {aka â€˜[01m[Klong int[m[Kâ€™} [[01;35m[K]8;;https://gcc.gnu.org/onlinedocs/gcc/Warning-Options.html#index-Wsign-compare-Wsign-compare]8;;[m[K]
[1.103s]    32 |     for (size_t i = 0; [01;35m[Ki < request_->num[m[K; ++i) {
[1.103s]       |                        [01;35m[K~~^~~~~~~~~~~~~~~[m[K
[1.103s] In file included from [01m[K/opt/ros/humble/include/rclcpp/rclcpp/logging.hpp:24[m[K,
[1.103s]                  from [01m[K/opt/ros/humble/include/rclcpp/rclcpp/client.hpp:40[m[K,
[1.103s]                  from [01m[K/opt/ros/humble/include/rclcpp/rclcpp/callback_group.hpp:24[m[K,
[1.104s]                  from [01m[K/opt/ros/humble/include/rclcpp/rclcpp/node.hpp:40[m[K,
[1.104s]                  from [01m[K/home/hycon/workspace/ros2_study/pkg_cpp/src/pkg_test_cpp/include/pkg_test_cpp/turtlesim_service_server.hpp:4[m[K,
[1.104s]                  from [01m[K/home/hycon/workspace/ros2_study/pkg_cpp/src/pkg_test_cpp/src/turtlesim_service_server.cpp:1[m[K:
[1.104s] [01m[K/home/hycon/workspace/ros2_study/pkg_cpp/src/pkg_test_cpp/src/turtlesim_service_server.cpp:39:41:[m[K [01;35m[Kwarning: [m[Kformat â€˜[01m[K%f[m[Kâ€™ expects argument of type â€˜[01m[Kdouble[m[Kâ€™, but argument 5 has type â€˜[01m[Kpkg_test_cpp_msg::srv::MultiSpawn_Response_<std::allocator<void> >::_x_type[m[Kâ€™ {aka â€˜[01m[Kstd::vector<double, std::allocator<double> >[m[Kâ€™} [[01;35m[K]8;;https://gcc.gnu.org/onlinedocs/gcc/Warning-Options.html#index-Wformat=-Wformat=]8;;[m[K]
[1.104s]    39 |         RCLCPP_INFO(this->get_logger(), [01;35m[K"turtle spawn [x : %.2f y : %.2f theta : %.2f ]"[m[K, response_->x, response_->y, response_->theta);
[1.104s]       |                                         [01;35m[K^~~~~~~~~~~~~~~~~~~~~~~~~~~~~~~~~~~~~~~~~~~~~~~~[m[K
[1.104s] [01m[K/home/hycon/workspace/ros2_study/pkg_cpp/src/pkg_test_cpp/src/turtlesim_service_server.cpp:39:63:[m[K [01;36m[Knote: [m[Kformat string is defined here
[1.104s]    39 |         RCLCPP_INFO(this->get_logger(), "turtle spawn [x : [01;36m[K%.2f[m[K y : %.2f theta : %.2f ]", response_->x, response_->y, response_->theta);
[1.104s]       |                                                            [01;36m[K~~~^[m[K
[1.104s]       |                                                               [01;36m[K|[m[K
[1.104s]       |                                                               [01;36m[Kdouble[m[K
[1.104s] In file included from [01m[K/opt/ros/humble/include/rclcpp/rclcpp/logging.hpp:24[m[K,
[1.104s]                  from [01m[K/opt/ros/humble/include/rclcpp/rclcpp/client.hpp:40[m[K,
[1.105s]                  from [01m[K/opt/ros/humble/include/rclcpp/rclcpp/callback_group.hpp:24[m[K,
[1.105s]                  from [01m[K/opt/ros/humble/include/rclcpp/rclcpp/node.hpp:40[m[K,
[1.105s]                  from [01m[K/home/hycon/workspace/ros2_study/pkg_cpp/src/pkg_test_cpp/include/pkg_test_cpp/turtlesim_service_server.hpp:4[m[K,
[1.105s]                  from [01m[K/home/hycon/workspace/ros2_study/pkg_cpp/src/pkg_test_cpp/src/turtlesim_service_server.cpp:1[m[K:
[1.105s] [01m[K/home/hycon/workspace/ros2_study/pkg_cpp/src/pkg_test_cpp/src/turtlesim_service_server.cpp:39:41:[m[K [01;35m[Kwarning: [m[Kformat â€˜[01m[K%f[m[Kâ€™ expects argument of type â€˜[01m[Kdouble[m[Kâ€™, but argument 6 has type â€˜[01m[Kpkg_test_cpp_msg::srv::MultiSpawn_Response_<std::allocator<void> >::_y_type[m[Kâ€™ {aka â€˜[01m[Kstd::vector<double, std::allocator<double> >[m[Kâ€™} [[01;35m[K]8;;https://gcc.gnu.org/onlinedocs/gcc/Warning-Options.html#index-Wformat=-Wformat=]8;;[m[K]
[1.105s]    39 |         RCLCPP_INFO(this->get_logger(), [01;35m[K"turtle spawn [x : %.2f y : %.2f theta : %.2f ]"[m[K, response_->x, response_->y, response_->theta);
[1.105s]       |                                         [01;35m[K^~~~~~~~~~~~~~~~~~~~~~~~~~~~~~~~~~~~~~~~~~~~~~~~[m[K
[1.105s] [01m[K/home/hycon/workspace/ros2_study/pkg_cpp/src/pkg_test_cpp/src/turtlesim_service_server.cpp:39:72:[m[K [01;36m[Knote: [m[Kformat string is defined here
[1.105s]    39 |         RCLCPP_INFO(this->get_logger(), "turtle spawn [x : %.2f y : [01;36m[K%.2f[m[K theta : %.2f ]", response_->x, response_->y, response_->theta);
[1.105s]       |                                                                     [01;36m[K~~~^[m[K
[1.105s]       |                                                                        [01;36m[K|[m[K
[1.105s]       |                                                                        [01;36m[Kdouble[m[K
[1.105s] In file included from [01m[K/opt/ros/humble/include/rclcpp/rclcpp/logging.hpp:24[m[K,
[1.105s]                  from [01m[K/opt/ros/humble/include/rclcpp/rclcpp/client.hpp:40[m[K,
[1.106s]                  from [01m[K/opt/ros/humble/include/rclcpp/rclcpp/callback_group.hpp:24[m[K,
[1.106s]                  from [01m[K/opt/ros/humble/include/rclcpp/rclcpp/node.hpp:40[m[K,
[1.106s]                  from [01m[K/home/hycon/workspace/ros2_study/pkg_cpp/src/pkg_test_cpp/include/pkg_test_cpp/turtlesim_service_server.hpp:4[m[K,
[1.106s]                  from [01m[K/home/hycon/workspace/ros2_study/pkg_cpp/src/pkg_test_cpp/src/turtlesim_service_server.cpp:1[m[K:
[1.106s] [01m[K/home/hycon/workspace/ros2_study/pkg_cpp/src/pkg_test_cpp/src/turtlesim_service_server.cpp:39:41:[m[K [01;35m[Kwarning: [m[Kformat â€˜[01m[K%f[m[Kâ€™ expects argument of type â€˜[01m[Kdouble[m[Kâ€™, but argument 7 has type â€˜[01m[Kpkg_test_cpp_msg::srv::MultiSpawn_Response_<std::allocator<void> >::_theta_type[m[Kâ€™ {aka â€˜[01m[Kstd::vector<double, std::allocator<double> >[m[Kâ€™} [[01;35m[K]8;;https://gcc.gnu.org/onlinedocs/gcc/Warning-Options.html#index-Wformat=-Wformat=]8;;[m[K]
[1.106s]    39 |         RCLCPP_INFO(this->get_logger(), [01;35m[K"turtle spawn [x : %.2f y : %.2f theta : %.2f ]"[m[K, response_->x, response_->y, response_->theta);
[1.106s]       |                                         [01;35m[K^~~~~~~~~~~~~~~~~~~~~~~~~~~~~~~~~~~~~~~~~~~~~~~~[m[K
[1.106s] [01m[K/home/hycon/workspace/ros2_study/pkg_cpp/src/pkg_test_cpp/src/turtlesim_service_server.cpp:39:85:[m[K [01;36m[Knote: [m[Kformat string is defined here
[1.106s]    39 |         RCLCPP_INFO(this->get_logger(), "turtle spawn [x : %.2f y : %.2f theta : [01;36m[K%.2f[m[K ]", response_->x, response_->y, response_->theta);
[1.106s]       |                                                                                  [01;36m[K~~~^[m[K
[1.106s]       |                                                                                     [01;36m[K|[m[K
[1.106s]       |                                                                                     [01;36m[Kdouble[m[K
[1.677s] gmake[2]: *** [CMakeFiles/turtlesim_service_server.dir/build.make:90: CMakeFiles/turtlesim_service_server.dir/src/turtlesim_service_server.cpp.o] Error 1
[1.677s] gmake[1]: *** [CMakeFiles/Makefile2:221: CMakeFiles/turtlesim_service_server.dir/all] Error 2
[1.677s] gmake: *** [Makefile:146: all] Error 2
[1.679s] Invoked command in '/home/hycon/workspace/ros2_study/pkg_cpp/build/pkg_test_cpp' returned '2': CMAKE_PREFIX_PATH=${CMAKE_PREFIX_PATH}:/opt/ros/humble /usr/bin/cmake --build /home/hycon/workspace/ros2_study/pkg_cpp/build/pkg_test_cpp -- -j16 -l16
