[0.008s] Invoking command in '/home/hycon/workspace/ros2_study/pkg_cpp/build/pkg_test_cpp': CMAKE_PREFIX_PATH=${CMAKE_PREFIX_PATH}:/opt/ros/humble /usr/bin/cmake --build /home/hycon/workspace/ros2_study/pkg_cpp/build/pkg_test_cpp -- -j16 -l16
[0.053s] [35m[1mConsolidate compiler generated dependencies of target turtlesim_service_server[0m
[0.083s] [ 25%] Built target turtlesim_subscriber
[0.090s] [ 50%] Built target turtlesim_publisher
[0.095s] [ 75%] Built target turtlesim_cmd_and_pose
[0.107s] [ 83%] [32mBuilding CXX object CMakeFiles/turtlesim_service_server.dir/src/turtlesim_service_server.cpp.o[0m
[1.094s] [01m[K/home/hycon/workspace/ros2_study/pkg_cpp/src/pkg_test_cpp/src/turtlesim_service_server.cpp:[m[K In constructor â€˜[01m[KTurtlesimMultiSpawning::TurtlesimMultiSpawning()[m[Kâ€™:
[1.094s] [01m[K/home/hycon/workspace/ros2_study/pkg_cpp/src/pkg_test_cpp/src/turtlesim_service_server.cpp:9:27:[m[K [01;31m[Kerror: [m[Kâ€˜[01m[Kclass TurtlesimMultiSpawning[m[Kâ€™ has no member named â€˜[01m[Kcreate_clinet[m[Kâ€™; did you mean â€˜[01m[Kcreate_client[m[Kâ€™?
[1.094s]     9 |     spawn_client_ = this->[01;31m[Kcreate_clinet[m[K<turtlesim::srv::Spawn>("turtle1/spawn");
[1.094s]       |                           [01;31m[K^~~~~~~~~~~~~[m[K
[1.094s]       |                           [32m[Kcreate_client[m[K
[1.094s] [01m[K/home/hycon/workspace/ros2_study/pkg_cpp/src/pkg_test_cpp/src/turtlesim_service_server.cpp:9:62:[m[K [01;31m[Kerror: [m[Kexpected primary-expression before â€˜[01m[K>[m[Kâ€™ token
[1.094s]     9 |     spawn_client_ = this->create_clinet<turtlesim::srv::Spawn[01;31m[K>[m[K("turtle1/spawn");
[1.094s]       |                                                              [01;31m[K^[m[K
[1.098s] [01m[K/home/hycon/workspace/ros2_study/pkg_cpp/src/pkg_test_cpp/src/turtlesim_service_server.cpp:[m[K In member function â€˜[01m[Kvoid TurtlesimMultiSpawning::callback_service(std::shared_ptr<pkg_test_cpp_msg::srv::MultiSpawn_Request_<std::allocator<void> > >, std::shared_ptr<pkg_test_cpp_msg::srv::MultiSpawn_Response_<std::allocator<void> > >)[m[Kâ€™:
[1.098s] [01m[K/home/hycon/workspace/ros2_study/pkg_cpp/src/pkg_test_cpp/src/turtlesim_service_server.cpp:32:26:[m[K [01;35m[Kwarning: [m[Kcomparison of integer expressions of different signedness: â€˜[01m[Ksize_t[m[Kâ€™ {aka â€˜[01m[Klong unsigned int[m[Kâ€™} and â€˜[01m[Kpkg_test_cpp_msg::srv::MultiSpawn_Request_<std::allocator<void> >::_num_type[m[Kâ€™ {aka â€˜[01m[Klong int[m[Kâ€™} [[01;35m[K]8;;https://gcc.gnu.org/onlinedocs/gcc/Warning-Options.html#index-Wsign-compare-Wsign-compare]8;;[m[K]
[1.098s]    32 |     for (size_t i = 0; [01;35m[Ki < request_->num[m[K; ++i) {
[1.098s]       |                        [01;35m[K~~^~~~~~~~~~~~~~~[m[K
[1.677s] gmake[2]: *** [CMakeFiles/turtlesim_service_server.dir/build.make:90: CMakeFiles/turtlesim_service_server.dir/src/turtlesim_service_server.cpp.o] Error 1
[1.677s] gmake[1]: *** [CMakeFiles/Makefile2:221: CMakeFiles/turtlesim_service_server.dir/all] Error 2
[1.677s] gmake: *** [Makefile:146: all] Error 2
[1.679s] Invoked command in '/home/hycon/workspace/ros2_study/pkg_cpp/build/pkg_test_cpp' returned '2': CMAKE_PREFIX_PATH=${CMAKE_PREFIX_PATH}:/opt/ros/humble /usr/bin/cmake --build /home/hycon/workspace/ros2_study/pkg_cpp/build/pkg_test_cpp -- -j16 -l16
