[35m[1mConsolidate compiler generated dependencies of target turtlesim_service_server[0m
[ 25%] Built target turtlesim_cmd_and_pose
[ 50%] Built target turtlesim_publisher
[ 75%] Built target turtlesim_subscriber
[ 83%] [32mBuilding CXX object CMakeFiles/turtlesim_service_server.dir/src/main_service_server.cpp.o[0m
[ 91%] [32mBuilding CXX object CMakeFiles/turtlesim_service_server.dir/src/turtlesim_service_server.cpp.o[0m
[01m[K/home/hycon/workspace/ros2_study/pkg_cpp/src/pkg_test_cpp/src/turtlesim_service_server.cpp:13:6:[m[K [01;31m[Kerror: [m[Kno declaration matches â€˜[01m[Kvoid TurtlesimMultiSpawning::calc_position(int, double, std::vector<double, std::allocator<double> >&, std::vector<double, std::allocator<double> >&, std::vector<double, std::allocator<double> >)[m[Kâ€™
   13 | void [01;31m[KTurtlesimMultiSpawning[m[K::calc_position(const int n, const double r, std::vector<double>& x_vec, std::vector<double>& y_vec, std::vector<double> theta_vec) {
      |      [01;31m[K^~~~~~~~~~~~~~~~~~~~~~[m[K
In file included from [01m[K/home/hycon/workspace/ros2_study/pkg_cpp/src/pkg_test_cpp/src/turtlesim_service_server.cpp:1[m[K:
[01m[K/home/hycon/workspace/ros2_study/pkg_cpp/src/pkg_test_cpp/include/pkg_test_cpp/turtlesim_service_server.hpp:22:29:[m[K [01;36m[Knote: [m[Kcandidate is: â€˜[01m[Kstd::vector<double, std::allocator<double> > TurtlesimMultiSpawning::calc_position(int, std::vector<double, std::allocator<double> >&, std::vector<double, std::allocator<double> >&, std::vector<double, std::allocator<double> >)[m[Kâ€™
   22 |         std::vector<double> [01;36m[Kcalc_position[m[K(const int n, std::vector<double>& x_vec, std::vector<double>& y_vec, std::vector<double> theta_vec);
      |                             [01;36m[K^~~~~~~~~~~~~[m[K
[01m[K/home/hycon/workspace/ros2_study/pkg_cpp/src/pkg_test_cpp/include/pkg_test_cpp/turtlesim_service_server.hpp:12:7:[m[K [01;36m[Knote: [m[Kâ€˜[01m[Kclass TurtlesimMultiSpawning[m[Kâ€™ defined here
   12 | class [01;36m[KTurtlesimMultiSpawning[m[K : public rclcpp::Node {
      |       [01;36m[K^~~~~~~~~~~~~~~~~~~~~~[m[K
[01m[K/home/hycon/workspace/ros2_study/pkg_cpp/src/pkg_test_cpp/src/turtlesim_service_server.cpp:[m[K In member function â€˜[01m[Kvoid TurtlesimMultiSpawning::callback_service(std::shared_ptr<pkg_test_cpp_msg::srv::MultiSpawn_Request_<std::allocator<void> > >, std::shared_ptr<pkg_test_cpp_msg::srv::MultiSpawn_Response_<std::allocator<void> > >)[m[Kâ€™:
[01m[K/home/hycon/workspace/ros2_study/pkg_cpp/src/pkg_test_cpp/src/turtlesim_service_server.cpp:29:19:[m[K [01;31m[Kerror: [m[Kâ€˜[01m[Krequest[m[Kâ€™ was not declared in this scope; did you mean â€˜[01m[Krequest_[m[Kâ€™?
   29 |     calc_position([01;31m[Krequest[m[K->num, 3.0, x_vec, y_vec, theta_vec);
      |                   [01;31m[K^~~~~~~[m[K
      |                   [32m[Krequest_[m[K
[01m[K/home/hycon/workspace/ros2_study/pkg_cpp/src/pkg_test_cpp/src/turtlesim_service_server.cpp:34:40:[m[K [01;31m[Kerror: [m[Kâ€˜[01m[Kcneter_y_[m[Kâ€™ was not declared in this scope; did you mean â€˜[01m[Kcenter_y_[m[Kâ€™?
   34 |         spawn_request_->y = y_vec[i] + [01;31m[Kcneter_y_[m[K;
      |                                        [01;31m[K^~~~~~~~~[m[K
      |                                        [32m[Kcenter_y_[m[K
[01m[K/home/hycon/workspace/ros2_study/pkg_cpp/src/pkg_test_cpp/src/turtlesim_service_server.cpp:37:9:[m[K [01;31m[Kerror: [m[Kâ€˜[01m[Kspawn_client_[m[Kâ€™ was not declared in this scope; did you mean â€˜[01m[Kspwan_client_[m[Kâ€™?
   37 |         [01;31m[Kspawn_client_[m[K->async_send_request(spawn_request_);
      |         [01;31m[K^~~~~~~~~~~~~[m[K
      |         [32m[Kspwan_client_[m[K
[01m[K/home/hycon/workspace/ros2_study/pkg_cpp/src/pkg_test_cpp/src/turtlesim_service_server.cpp:25:71:[m[K [01;35m[Kwarning: [m[Kunused parameter â€˜[01m[Krequest_[m[Kâ€™ [[01;35m[K]8;;https://gcc.gnu.org/onlinedocs/gcc/Warning-Options.html#index-Wunused-parameter-Wunused-parameter]8;;[m[K]
   25 |     [01;35m[Kconst std::shared_ptr<pkg_test_cpp_msg::srv::MultiSpawn::Request> request_[m[K,
      |     [01;35m[K~~~~~~~~~~~~~~~~~~~~~~~~~~~~~~~~~~~~~~~~~~~~~~~~~~~~~~~~~~~~~~~~~~^~~~~~~~[m[K
[01m[K/home/hycon/workspace/ros2_study/pkg_cpp/src/pkg_test_cpp/src/turtlesim_service_server.cpp:26:66:[m[K [01;35m[Kwarning: [m[Kunused parameter â€˜[01m[Kresponse_[m[Kâ€™ [[01;35m[K]8;;https://gcc.gnu.org/onlinedocs/gcc/Warning-Options.html#index-Wunused-parameter-Wunused-parameter]8;;[m[K]
   26 |     [01;35m[Kstd::shared_ptr<pkg_test_cpp_msg::srv::MultiSpawn::Response> response_[m[K
      |     [01;35m[K~~~~~~~~~~~~~~~~~~~~~~~~~~~~~~~~~~~~~~~~~~~~~~~~~~~~~~~~~~~~~^~~~~~~~~[m[K
gmake[2]: *** [CMakeFiles/turtlesim_service_server.dir/build.make:90: CMakeFiles/turtlesim_service_server.dir/src/turtlesim_service_server.cpp.o] Error 1
gmake[2]: *** Waiting for unfinished jobs....
gmake[1]: *** [CMakeFiles/Makefile2:221: CMakeFiles/turtlesim_service_server.dir/all] Error 2
gmake: *** [Makefile:146: all] Error 2
