[0.000000] (-) TimerEvent: {}
[0.000595] (pkg_test_cpp) JobQueued: {'identifier': 'pkg_test_cpp', 'dependencies': OrderedDict()}
[0.000727] (pkg_test_cpp_msg) JobQueued: {'identifier': 'pkg_test_cpp_msg', 'dependencies': OrderedDict()}
[0.000813] (pkg_test_cpp) JobStarted: {'identifier': 'pkg_test_cpp'}
[0.004052] (pkg_test_cpp_msg) JobStarted: {'identifier': 'pkg_test_cpp_msg'}
[0.006835] (pkg_test_cpp) JobProgress: {'identifier': 'pkg_test_cpp', 'progress': 'cmake'}
[0.007168] (pkg_test_cpp) JobProgress: {'identifier': 'pkg_test_cpp', 'progress': 'build'}
[0.007721] (pkg_test_cpp) Command: {'cmd': ['/usr/bin/cmake', '--build', '/home/hycon/workspace/ros2_study/pkg_cpp/build/pkg_test_cpp', '--', '-j16', '-l16'], 'cwd': '/home/hycon/workspace/ros2_study/pkg_cpp/build/pkg_test_cpp', 'env': OrderedDict([('LESSOPEN', '| /usr/bin/lesspipe %s'), ('LANGUAGE', 'en'), ('USER', 'hycon'), ('LC_TIME', 'ko_KR.UTF-8'), ('XDG_SESSION_TYPE', 'wayland'), ('GIT_ASKPASS', '/usr/share/code/resources/app/extensions/git/dist/askpass.sh'), ('SHLVL', '2'), ('LD_LIBRARY_PATH', '/home/hycon/workspace/ros2_study/pkg_cpp/install/pkg_test_cpp_msg/lib:/opt/ros/humble/opt/rviz_ogre_vendor/lib:/opt/ros/humble/lib/x86_64-linux-gnu:/opt/ros/humble/lib'), ('HOME', '/home/hycon'), ('CHROME_DESKTOP', 'code.desktop'), ('OLDPWD', '/home/hycon'), ('TERM_PROGRAM_VERSION', '1.97.1'), ('DESKTOP_SESSION', 'ubuntu'), ('DEBUGPY_ADAPTER_ENDPOINTS', '/home/hycon/.vscode/extensions/ms-python.debugpy-2025.0.1-linux-x64/.noConfigDebugAdapterEndpoints/endpoint-8e50f911d0d2098a.txt'), ('ROS_PYTHON_VERSION', '3'), ('GNOME_SHELL_SESSION_MODE', 'ubuntu'), ('GTK_MODULES', 'gail:atk-bridge'), ('VSCODE_GIT_ASKPASS_MAIN', '/usr/share/code/resources/app/extensions/git/dist/askpass-main.js'), ('LC_MONETARY', 'ko_KR.UTF-8'), ('VSCODE_GIT_ASKPASS_NODE', '/usr/share/code/code'), ('MANAGERPID', '999'), ('PYDEVD_DISABLE_FILE_VALIDATION', '1'), ('SYSTEMD_EXEC_PID', '1455'), ('BUNDLED_DEBUGPY_PATH', '/home/hycon/.vscode/extensions/ms-python.debugpy-2025.0.1-linux-x64/bundled/libs/debugpy'), ('DBUS_SESSION_BUS_ADDRESS', 'unix:path=/run/user/1000/bus'), ('COLORTERM', 'truecolor'), ('TERMINATOR_DBUS_NAME', 'net.tenshu.Terminator25ef4b219e3b005583550f2b0f9f990c3'), ('GIO_LAUNCHED_DESKTOP_FILE_PID', '1890'), ('IM_CONFIG_PHASE', '1'), ('WAYLAND_DISPLAY', 'wayland-0'), ('COLCON_PREFIX_PATH', '/home/hycon/workspace/ros2_study/pkg_cpp/install'), ('ROS_DISTRO', 'humble'), ('LOGNAME', 'hycon'), ('JOURNAL_STREAM', '8:14532'), ('_', '/usr/bin/colcon'), ('ROS_VERSION', '2'), ('XDG_SESSION_CLASS', 'user'), ('USERNAME', 'hycon'), ('TERM', 'xterm-256color'), ('GNOME_DESKTOP_SESSION_ID', 'this-is-deprecated'), ('ROS_LOCALHOST_ONLY', '0'), ('PATH', '/opt/ros/humble/bin:/home/hycon/.local/bin:/usr/local/sbin:/usr/local/bin:/usr/sbin:/usr/bin:/sbin:/bin:/usr/games:/usr/local/games:/snap/bin:/snap/bin:/home/hycon/.vscode/extensions/ms-python.debugpy-2025.0.1-linux-x64/bundled/scripts/noConfigScripts'), ('SESSION_MANAGER', 'local/hycon:@/tmp/.ICE-unix/1189,unix/hycon:/tmp/.ICE-unix/1189'), ('INVOCATION_ID', '800bec59ad42435cad9c33ffe001c5e6'), ('PAPERSIZE', 'a4'), ('XDG_MENU_PREFIX', 'gnome-'), ('LC_ADDRESS', 'ko_KR.UTF-8'), ('GNOME_SETUP_DISPLAY', ':1'), ('XDG_RUNTIME_DIR', '/run/user/1000'), ('GDK_BACKEND', 'x11'), ('DISPLAY', ':0'), ('TERMINATOR_DBUS_PATH', '/net/tenshu/Terminator2'), ('LANG', 'en_US.UTF-8'), ('XDG_CURRENT_DESKTOP', 'Unity'), ('IBUS_DISABLE_SNOOPER', '1'), ('LC_TELEPHONE', 'ko_KR.UTF-8'), ('XMODIFIERS', '@im=ibus'), ('XDG_SESSION_DESKTOP', 'ubuntu'), ('XAUTHORITY', '/run/user/1000/.mutter-Xwaylandauth.PHL712'), ('LS_COLORS', 'rs=0:di=01;34:ln=01;36:mh=00:pi=40;33:so=01;35:do=01;35:bd=40;33;01:cd=40;33;01:or=40;31;01:mi=00:su=37;41:sg=30;43:ca=30;41:tw=30;42:ow=34;42:st=37;44:ex=01;32:*.tar=01;31:*.tgz=01;31:*.arc=01;31:*.arj=01;31:*.taz=01;31:*.lha=01;31:*.lz4=01;31:*.lzh=01;31:*.lzma=01;31:*.tlz=01;31:*.txz=01;31:*.tzo=01;31:*.t7z=01;31:*.zip=01;31:*.z=01;31:*.dz=01;31:*.gz=01;31:*.lrz=01;31:*.lz=01;31:*.lzo=01;31:*.xz=01;31:*.zst=01;31:*.tzst=01;31:*.bz2=01;31:*.bz=01;31:*.tbz=01;31:*.tbz2=01;31:*.tz=01;31:*.deb=01;31:*.rpm=01;31:*.jar=01;31:*.war=01;31:*.ear=01;31:*.sar=01;31:*.rar=01;31:*.alz=01;31:*.ace=01;31:*.zoo=01;31:*.cpio=01;31:*.7z=01;31:*.rz=01;31:*.cab=01;31:*.wim=01;31:*.swm=01;31:*.dwm=01;31:*.esd=01;31:*.jpg=01;35:*.jpeg=01;35:*.mjpg=01;35:*.mjpeg=01;35:*.gif=01;35:*.bmp=01;35:*.pbm=01;35:*.pgm=01;35:*.ppm=01;35:*.tga=01;35:*.xbm=01;35:*.xpm=01;35:*.tif=01;35:*.tiff=01;35:*.png=01;35:*.svg=01;35:*.svgz=01;35:*.mng=01;35:*.pcx=01;35:*.mov=01;35:*.mpg=01;35:*.mpeg=01;35:*.m2v=01;35:*.mkv=01;35:*.webm=01;35:*.webp=01;35:*.ogm=01;35:*.mp4=01;35:*.m4v=01;35:*.mp4v=01;35:*.vob=01;35:*.qt=01;35:*.nuv=01;35:*.wmv=01;35:*.asf=01;35:*.rm=01;35:*.rmvb=01;35:*.flc=01;35:*.avi=01;35:*.fli=01;35:*.flv=01;35:*.gl=01;35:*.dl=01;35:*.xcf=01;35:*.xwd=01;35:*.yuv=01;35:*.cgm=01;35:*.emf=01;35:*.ogv=01;35:*.ogx=01;35:*.aac=00;36:*.au=00;36:*.flac=00;36:*.m4a=00;36:*.mid=00;36:*.midi=00;36:*.mka=00;36:*.mp3=00;36:*.mpc=00;36:*.ogg=00;36:*.ra=00;36:*.wav=00;36:*.oga=00;36:*.opus=00;36:*.spx=00;36:*.xspf=00;36:'), ('VSCODE_GIT_IPC_HANDLE', '/run/user/1000/vscode-git-2e607cfef9.sock'), ('TERM_PROGRAM', 'vscode'), ('SSH_AGENT_LAUNCHER', 'gnome-keyring'), ('SSH_AUTH_SOCK', '/run/user/1000/keyring/ssh'), ('ROS_DOMAIN_ID', '99'), ('AMENT_PREFIX_PATH', '/home/hycon/workspace/ros2_study/pkg_cpp/install/pkg_test_cpp_msg:/home/hycon/workspace/ros2_study/pkg_cpp/install/pkg_test_cpp:/opt/ros/humble'), ('ORIGINAL_XDG_CURRENT_DESKTOP', 'ubuntu:GNOME'), ('SHELL', '/bin/bash'), ('LC_NAME', 'ko_KR.UTF-8'), ('TERMINATOR_UUID', 'urn:uuid:8e944f54-8cde-45ee-a182-bd5657f3ab50'), ('QT_ACCESSIBILITY', '1'), ('GDMSESSION', 'ubuntu'), ('LESSCLOSE', '/usr/bin/lesspipe %s %s'), ('LC_MEASUREMENT', 'ko_KR.UTF-8'), ('LC_IDENTIFICATION', 'ko_KR.UTF-8'), ('VSCODE_GIT_ASKPASS_EXTRA_ARGS', ''), ('QT_IM_MODULE', 'ibus'), ('PWD', '/home/hycon/workspace/ros2_study/pkg_cpp/build/pkg_test_cpp'), ('LC_ALL', 'en_US.UTF-8'), ('XDG_CONFIG_DIRS', '/etc/xdg/xdg-ubuntu:/etc/xdg'), ('XDG_DATA_DIRS', '/usr/share/ubuntu:/usr/local/share/:/usr/share/:/var/lib/snapd/desktop'), ('PYTHONPATH', '/home/hycon/workspace/ros2_study/pkg_cpp/install/pkg_test_cpp_msg/local/lib/python3.10/dist-packages:/opt/ros/humble/lib/python3.10/site-packages:/opt/ros/humble/local/lib/python3.10/dist-packages'), ('LC_NUMERIC', 'ko_KR.UTF-8'), ('LC_PAPER', 'ko_KR.UTF-8'), ('COLCON', '1'), ('VTE_VERSION', '6800'), ('CMAKE_PREFIX_PATH', '/home/hycon/workspace/ros2_study/pkg_cpp/install/pkg_test_cpp_msg:/home/hycon/workspace/ros2_study/pkg_cpp/install/pkg_test_cpp:/opt/ros/humble')]), 'shell': False}
[0.010256] (pkg_test_cpp_msg) JobProgress: {'identifier': 'pkg_test_cpp_msg', 'progress': 'cmake'}
[0.010584] (pkg_test_cpp_msg) JobProgress: {'identifier': 'pkg_test_cpp_msg', 'progress': 'build'}
[0.011156] (pkg_test_cpp_msg) Command: {'cmd': ['/usr/bin/cmake', '--build', '/home/hycon/workspace/ros2_study/pkg_cpp/build/pkg_test_cpp_msg', '--', '-j16', '-l16'], 'cwd': '/home/hycon/workspace/ros2_study/pkg_cpp/build/pkg_test_cpp_msg', 'env': OrderedDict([('LESSOPEN', '| /usr/bin/lesspipe %s'), ('LANGUAGE', 'en'), ('USER', 'hycon'), ('LC_TIME', 'ko_KR.UTF-8'), ('XDG_SESSION_TYPE', 'wayland'), ('GIT_ASKPASS', '/usr/share/code/resources/app/extensions/git/dist/askpass.sh'), ('SHLVL', '2'), ('LD_LIBRARY_PATH', '/home/hycon/workspace/ros2_study/pkg_cpp/install/pkg_test_cpp_msg/lib:/opt/ros/humble/opt/rviz_ogre_vendor/lib:/opt/ros/humble/lib/x86_64-linux-gnu:/opt/ros/humble/lib'), ('HOME', '/home/hycon'), ('CHROME_DESKTOP', 'code.desktop'), ('OLDPWD', '/home/hycon'), ('TERM_PROGRAM_VERSION', '1.97.1'), ('DESKTOP_SESSION', 'ubuntu'), ('DEBUGPY_ADAPTER_ENDPOINTS', '/home/hycon/.vscode/extensions/ms-python.debugpy-2025.0.1-linux-x64/.noConfigDebugAdapterEndpoints/endpoint-8e50f911d0d2098a.txt'), ('ROS_PYTHON_VERSION', '3'), ('GNOME_SHELL_SESSION_MODE', 'ubuntu'), ('GTK_MODULES', 'gail:atk-bridge'), ('VSCODE_GIT_ASKPASS_MAIN', '/usr/share/code/resources/app/extensions/git/dist/askpass-main.js'), ('LC_MONETARY', 'ko_KR.UTF-8'), ('VSCODE_GIT_ASKPASS_NODE', '/usr/share/code/code'), ('MANAGERPID', '999'), ('PYDEVD_DISABLE_FILE_VALIDATION', '1'), ('SYSTEMD_EXEC_PID', '1455'), ('BUNDLED_DEBUGPY_PATH', '/home/hycon/.vscode/extensions/ms-python.debugpy-2025.0.1-linux-x64/bundled/libs/debugpy'), ('DBUS_SESSION_BUS_ADDRESS', 'unix:path=/run/user/1000/bus'), ('COLORTERM', 'truecolor'), ('TERMINATOR_DBUS_NAME', 'net.tenshu.Terminator25ef4b219e3b005583550f2b0f9f990c3'), ('GIO_LAUNCHED_DESKTOP_FILE_PID', '1890'), ('IM_CONFIG_PHASE', '1'), ('WAYLAND_DISPLAY', 'wayland-0'), ('COLCON_PREFIX_PATH', '/home/hycon/workspace/ros2_study/pkg_cpp/install'), ('ROS_DISTRO', 'humble'), ('LOGNAME', 'hycon'), ('JOURNAL_STREAM', '8:14532'), ('_', '/usr/bin/colcon'), ('ROS_VERSION', '2'), ('XDG_SESSION_CLASS', 'user'), ('USERNAME', 'hycon'), ('TERM', 'xterm-256color'), ('GNOME_DESKTOP_SESSION_ID', 'this-is-deprecated'), ('ROS_LOCALHOST_ONLY', '0'), ('PATH', '/opt/ros/humble/bin:/home/hycon/.local/bin:/usr/local/sbin:/usr/local/bin:/usr/sbin:/usr/bin:/sbin:/bin:/usr/games:/usr/local/games:/snap/bin:/snap/bin:/home/hycon/.vscode/extensions/ms-python.debugpy-2025.0.1-linux-x64/bundled/scripts/noConfigScripts'), ('SESSION_MANAGER', 'local/hycon:@/tmp/.ICE-unix/1189,unix/hycon:/tmp/.ICE-unix/1189'), ('INVOCATION_ID', '800bec59ad42435cad9c33ffe001c5e6'), ('PAPERSIZE', 'a4'), ('XDG_MENU_PREFIX', 'gnome-'), ('LC_ADDRESS', 'ko_KR.UTF-8'), ('GNOME_SETUP_DISPLAY', ':1'), ('XDG_RUNTIME_DIR', '/run/user/1000'), ('GDK_BACKEND', 'x11'), ('DISPLAY', ':0'), ('TERMINATOR_DBUS_PATH', '/net/tenshu/Terminator2'), ('LANG', 'en_US.UTF-8'), ('XDG_CURRENT_DESKTOP', 'Unity'), ('IBUS_DISABLE_SNOOPER', '1'), ('LC_TELEPHONE', 'ko_KR.UTF-8'), ('XMODIFIERS', '@im=ibus'), ('XDG_SESSION_DESKTOP', 'ubuntu'), ('XAUTHORITY', '/run/user/1000/.mutter-Xwaylandauth.PHL712'), ('LS_COLORS', 'rs=0:di=01;34:ln=01;36:mh=00:pi=40;33:so=01;35:do=01;35:bd=40;33;01:cd=40;33;01:or=40;31;01:mi=00:su=37;41:sg=30;43:ca=30;41:tw=30;42:ow=34;42:st=37;44:ex=01;32:*.tar=01;31:*.tgz=01;31:*.arc=01;31:*.arj=01;31:*.taz=01;31:*.lha=01;31:*.lz4=01;31:*.lzh=01;31:*.lzma=01;31:*.tlz=01;31:*.txz=01;31:*.tzo=01;31:*.t7z=01;31:*.zip=01;31:*.z=01;31:*.dz=01;31:*.gz=01;31:*.lrz=01;31:*.lz=01;31:*.lzo=01;31:*.xz=01;31:*.zst=01;31:*.tzst=01;31:*.bz2=01;31:*.bz=01;31:*.tbz=01;31:*.tbz2=01;31:*.tz=01;31:*.deb=01;31:*.rpm=01;31:*.jar=01;31:*.war=01;31:*.ear=01;31:*.sar=01;31:*.rar=01;31:*.alz=01;31:*.ace=01;31:*.zoo=01;31:*.cpio=01;31:*.7z=01;31:*.rz=01;31:*.cab=01;31:*.wim=01;31:*.swm=01;31:*.dwm=01;31:*.esd=01;31:*.jpg=01;35:*.jpeg=01;35:*.mjpg=01;35:*.mjpeg=01;35:*.gif=01;35:*.bmp=01;35:*.pbm=01;35:*.pgm=01;35:*.ppm=01;35:*.tga=01;35:*.xbm=01;35:*.xpm=01;35:*.tif=01;35:*.tiff=01;35:*.png=01;35:*.svg=01;35:*.svgz=01;35:*.mng=01;35:*.pcx=01;35:*.mov=01;35:*.mpg=01;35:*.mpeg=01;35:*.m2v=01;35:*.mkv=01;35:*.webm=01;35:*.webp=01;35:*.ogm=01;35:*.mp4=01;35:*.m4v=01;35:*.mp4v=01;35:*.vob=01;35:*.qt=01;35:*.nuv=01;35:*.wmv=01;35:*.asf=01;35:*.rm=01;35:*.rmvb=01;35:*.flc=01;35:*.avi=01;35:*.fli=01;35:*.flv=01;35:*.gl=01;35:*.dl=01;35:*.xcf=01;35:*.xwd=01;35:*.yuv=01;35:*.cgm=01;35:*.emf=01;35:*.ogv=01;35:*.ogx=01;35:*.aac=00;36:*.au=00;36:*.flac=00;36:*.m4a=00;36:*.mid=00;36:*.midi=00;36:*.mka=00;36:*.mp3=00;36:*.mpc=00;36:*.ogg=00;36:*.ra=00;36:*.wav=00;36:*.oga=00;36:*.opus=00;36:*.spx=00;36:*.xspf=00;36:'), ('VSCODE_GIT_IPC_HANDLE', '/run/user/1000/vscode-git-2e607cfef9.sock'), ('TERM_PROGRAM', 'vscode'), ('SSH_AGENT_LAUNCHER', 'gnome-keyring'), ('SSH_AUTH_SOCK', '/run/user/1000/keyring/ssh'), ('ROS_DOMAIN_ID', '99'), ('AMENT_PREFIX_PATH', '/home/hycon/workspace/ros2_study/pkg_cpp/install/pkg_test_cpp_msg:/home/hycon/workspace/ros2_study/pkg_cpp/install/pkg_test_cpp:/opt/ros/humble'), ('ORIGINAL_XDG_CURRENT_DESKTOP', 'ubuntu:GNOME'), ('SHELL', '/bin/bash'), ('LC_NAME', 'ko_KR.UTF-8'), ('TERMINATOR_UUID', 'urn:uuid:8e944f54-8cde-45ee-a182-bd5657f3ab50'), ('QT_ACCESSIBILITY', '1'), ('GDMSESSION', 'ubuntu'), ('LESSCLOSE', '/usr/bin/lesspipe %s %s'), ('LC_MEASUREMENT', 'ko_KR.UTF-8'), ('LC_IDENTIFICATION', 'ko_KR.UTF-8'), ('VSCODE_GIT_ASKPASS_EXTRA_ARGS', ''), ('QT_IM_MODULE', 'ibus'), ('PWD', '/home/hycon/workspace/ros2_study/pkg_cpp/build/pkg_test_cpp_msg'), ('LC_ALL', 'en_US.UTF-8'), ('XDG_CONFIG_DIRS', '/etc/xdg/xdg-ubuntu:/etc/xdg'), ('XDG_DATA_DIRS', '/usr/share/ubuntu:/usr/local/share/:/usr/share/:/var/lib/snapd/desktop'), ('PYTHONPATH', '/home/hycon/workspace/ros2_study/pkg_cpp/install/pkg_test_cpp_msg/local/lib/python3.10/dist-packages:/opt/ros/humble/lib/python3.10/site-packages:/opt/ros/humble/local/lib/python3.10/dist-packages'), ('LC_NUMERIC', 'ko_KR.UTF-8'), ('LC_PAPER', 'ko_KR.UTF-8'), ('COLCON', '1'), ('VTE_VERSION', '6800'), ('CMAKE_PREFIX_PATH', '/home/hycon/workspace/ros2_study/pkg_cpp/install/pkg_test_cpp_msg:/home/hycon/workspace/ros2_study/pkg_cpp/install/pkg_test_cpp:/opt/ros/humble')]), 'shell': False}
[0.069733] (pkg_test_cpp) StdoutLine: {'line': b'\x1b[35m\x1b[1mConsolidate compiler generated dependencies of target turtlesim_service_server\x1b[0m\n'}
[0.081500] (pkg_test_cpp_msg) StdoutLine: {'line': b'[ 10%] Built target pkg_test_cpp_msg__rosidl_generator_c\n'}
[0.085279] (pkg_test_cpp_msg) StdoutLine: {'line': b'[ 12%] Built target pkg_test_cpp_msg__cpp\n'}
[0.099333] (pkg_test_cpp) StdoutLine: {'line': b'[ 25%] Built target turtlesim_publisher\n'}
[0.099816] (-) TimerEvent: {}
[0.106667] (pkg_test_cpp) StdoutLine: {'line': b'[ 50%] Built target turtlesim_cmd_and_pose\n'}
[0.114010] (pkg_test_cpp) StdoutLine: {'line': b'[ 75%] Built target turtlesim_subscriber\n'}
[0.114922] (pkg_test_cpp_msg) StdoutLine: {'line': b'[ 12%] Built target ament_cmake_python_copy_pkg_test_cpp_msg\n'}
[0.120913] (pkg_test_cpp) StdoutLine: {'line': b'[ 83%] \x1b[32mBuilding CXX object CMakeFiles/turtlesim_service_server.dir/src/turtlesim_service_server.cpp.o\x1b[0m\n'}
[0.126430] (pkg_test_cpp_msg) StdoutLine: {'line': b'[ 23%] Built target pkg_test_cpp_msg__rosidl_typesupport_c\n'}
[0.131031] (pkg_test_cpp_msg) StdoutLine: {'line': b'[ 33%] Built target pkg_test_cpp_msg__rosidl_typesupport_introspection_c\n'}
[0.135477] (pkg_test_cpp_msg) StdoutLine: {'line': b'[ 43%] Built target pkg_test_cpp_msg__rosidl_typesupport_fastrtps_c\n'}
[0.136240] (pkg_test_cpp_msg) StdoutLine: {'line': b'[ 53%] Built target pkg_test_cpp_msg__rosidl_typesupport_cpp\n'}
[0.138832] (pkg_test_cpp_msg) StdoutLine: {'line': b'[ 64%] Built target pkg_test_cpp_msg__rosidl_typesupport_fastrtps_cpp\n'}
[0.141414] (pkg_test_cpp_msg) StdoutLine: {'line': b'[ 74%] Built target pkg_test_cpp_msg__rosidl_typesupport_introspection_cpp\n'}
[0.160133] (pkg_test_cpp_msg) StdoutLine: {'line': b'[ 74%] Built target pkg_test_cpp_msg\n'}
[0.180958] (pkg_test_cpp_msg) StdoutLine: {'line': b'[ 76%] Built target pkg_test_cpp_msg__py\n'}
[0.199936] (-) TimerEvent: {}
[0.202854] (pkg_test_cpp_msg) StdoutLine: {'line': b'[ 84%] Built target pkg_test_cpp_msg__rosidl_generator_py\n'}
[0.225288] (pkg_test_cpp_msg) StdoutLine: {'line': b'[ 94%] Built target pkg_test_cpp_msg__rosidl_typesupport_c__pyext\n'}
[0.225511] (pkg_test_cpp_msg) StdoutLine: {'line': b'[ 94%] Built target pkg_test_cpp_msg__rosidl_typesupport_fastrtps_c__pyext\n'}
[0.226432] (pkg_test_cpp_msg) StdoutLine: {'line': b'[100%] Built target pkg_test_cpp_msg__rosidl_typesupport_introspection_c__pyext\n'}
[0.284999] (pkg_test_cpp_msg) StdoutLine: {'line': b'running egg_info\n'}
[0.285449] (pkg_test_cpp_msg) StdoutLine: {'line': b'writing pkg_test_cpp_msg.egg-info/PKG-INFO\n'}
[0.285582] (pkg_test_cpp_msg) StdoutLine: {'line': b'writing dependency_links to pkg_test_cpp_msg.egg-info/dependency_links.txt\n'}
[0.285691] (pkg_test_cpp_msg) StdoutLine: {'line': b'writing top-level names to pkg_test_cpp_msg.egg-info/top_level.txt\n'}
[0.287134] (pkg_test_cpp_msg) StdoutLine: {'line': b"reading manifest file 'pkg_test_cpp_msg.egg-info/SOURCES.txt'\n"}
[0.287510] (pkg_test_cpp_msg) StdoutLine: {'line': b"writing manifest file 'pkg_test_cpp_msg.egg-info/SOURCES.txt'\n"}
[0.300038] (-) TimerEvent: {}
[0.310495] (pkg_test_cpp_msg) StdoutLine: {'line': b'[100%] Built target ament_cmake_python_build_pkg_test_cpp_msg_egg\n'}
[0.320104] (pkg_test_cpp_msg) CommandEnded: {'returncode': 0}
[0.321121] (pkg_test_cpp_msg) JobProgress: {'identifier': 'pkg_test_cpp_msg', 'progress': 'install'}
[0.330584] (pkg_test_cpp_msg) Command: {'cmd': ['/usr/bin/cmake', '--install', '/home/hycon/workspace/ros2_study/pkg_cpp/build/pkg_test_cpp_msg'], 'cwd': '/home/hycon/workspace/ros2_study/pkg_cpp/build/pkg_test_cpp_msg', 'env': OrderedDict([('LESSOPEN', '| /usr/bin/lesspipe %s'), ('LANGUAGE', 'en'), ('USER', 'hycon'), ('LC_TIME', 'ko_KR.UTF-8'), ('XDG_SESSION_TYPE', 'wayland'), ('GIT_ASKPASS', '/usr/share/code/resources/app/extensions/git/dist/askpass.sh'), ('SHLVL', '2'), ('LD_LIBRARY_PATH', '/home/hycon/workspace/ros2_study/pkg_cpp/install/pkg_test_cpp_msg/lib:/opt/ros/humble/opt/rviz_ogre_vendor/lib:/opt/ros/humble/lib/x86_64-linux-gnu:/opt/ros/humble/lib'), ('HOME', '/home/hycon'), ('CHROME_DESKTOP', 'code.desktop'), ('OLDPWD', '/home/hycon'), ('TERM_PROGRAM_VERSION', '1.97.1'), ('DESKTOP_SESSION', 'ubuntu'), ('DEBUGPY_ADAPTER_ENDPOINTS', '/home/hycon/.vscode/extensions/ms-python.debugpy-2025.0.1-linux-x64/.noConfigDebugAdapterEndpoints/endpoint-8e50f911d0d2098a.txt'), ('ROS_PYTHON_VERSION', '3'), ('GNOME_SHELL_SESSION_MODE', 'ubuntu'), ('GTK_MODULES', 'gail:atk-bridge'), ('VSCODE_GIT_ASKPASS_MAIN', '/usr/share/code/resources/app/extensions/git/dist/askpass-main.js'), ('LC_MONETARY', 'ko_KR.UTF-8'), ('VSCODE_GIT_ASKPASS_NODE', '/usr/share/code/code'), ('MANAGERPID', '999'), ('PYDEVD_DISABLE_FILE_VALIDATION', '1'), ('SYSTEMD_EXEC_PID', '1455'), ('BUNDLED_DEBUGPY_PATH', '/home/hycon/.vscode/extensions/ms-python.debugpy-2025.0.1-linux-x64/bundled/libs/debugpy'), ('DBUS_SESSION_BUS_ADDRESS', 'unix:path=/run/user/1000/bus'), ('COLORTERM', 'truecolor'), ('TERMINATOR_DBUS_NAME', 'net.tenshu.Terminator25ef4b219e3b005583550f2b0f9f990c3'), ('GIO_LAUNCHED_DESKTOP_FILE_PID', '1890'), ('IM_CONFIG_PHASE', '1'), ('WAYLAND_DISPLAY', 'wayland-0'), ('COLCON_PREFIX_PATH', '/home/hycon/workspace/ros2_study/pkg_cpp/install'), ('ROS_DISTRO', 'humble'), ('LOGNAME', 'hycon'), ('JOURNAL_STREAM', '8:14532'), ('_', '/usr/bin/colcon'), ('ROS_VERSION', '2'), ('XDG_SESSION_CLASS', 'user'), ('USERNAME', 'hycon'), ('TERM', 'xterm-256color'), ('GNOME_DESKTOP_SESSION_ID', 'this-is-deprecated'), ('ROS_LOCALHOST_ONLY', '0'), ('PATH', '/opt/ros/humble/bin:/home/hycon/.local/bin:/usr/local/sbin:/usr/local/bin:/usr/sbin:/usr/bin:/sbin:/bin:/usr/games:/usr/local/games:/snap/bin:/snap/bin:/home/hycon/.vscode/extensions/ms-python.debugpy-2025.0.1-linux-x64/bundled/scripts/noConfigScripts'), ('SESSION_MANAGER', 'local/hycon:@/tmp/.ICE-unix/1189,unix/hycon:/tmp/.ICE-unix/1189'), ('INVOCATION_ID', '800bec59ad42435cad9c33ffe001c5e6'), ('PAPERSIZE', 'a4'), ('XDG_MENU_PREFIX', 'gnome-'), ('LC_ADDRESS', 'ko_KR.UTF-8'), ('GNOME_SETUP_DISPLAY', ':1'), ('XDG_RUNTIME_DIR', '/run/user/1000'), ('GDK_BACKEND', 'x11'), ('DISPLAY', ':0'), ('TERMINATOR_DBUS_PATH', '/net/tenshu/Terminator2'), ('LANG', 'en_US.UTF-8'), ('XDG_CURRENT_DESKTOP', 'Unity'), ('IBUS_DISABLE_SNOOPER', '1'), ('LC_TELEPHONE', 'ko_KR.UTF-8'), ('XMODIFIERS', '@im=ibus'), ('XDG_SESSION_DESKTOP', 'ubuntu'), ('XAUTHORITY', '/run/user/1000/.mutter-Xwaylandauth.PHL712'), ('LS_COLORS', 'rs=0:di=01;34:ln=01;36:mh=00:pi=40;33:so=01;35:do=01;35:bd=40;33;01:cd=40;33;01:or=40;31;01:mi=00:su=37;41:sg=30;43:ca=30;41:tw=30;42:ow=34;42:st=37;44:ex=01;32:*.tar=01;31:*.tgz=01;31:*.arc=01;31:*.arj=01;31:*.taz=01;31:*.lha=01;31:*.lz4=01;31:*.lzh=01;31:*.lzma=01;31:*.tlz=01;31:*.txz=01;31:*.tzo=01;31:*.t7z=01;31:*.zip=01;31:*.z=01;31:*.dz=01;31:*.gz=01;31:*.lrz=01;31:*.lz=01;31:*.lzo=01;31:*.xz=01;31:*.zst=01;31:*.tzst=01;31:*.bz2=01;31:*.bz=01;31:*.tbz=01;31:*.tbz2=01;31:*.tz=01;31:*.deb=01;31:*.rpm=01;31:*.jar=01;31:*.war=01;31:*.ear=01;31:*.sar=01;31:*.rar=01;31:*.alz=01;31:*.ace=01;31:*.zoo=01;31:*.cpio=01;31:*.7z=01;31:*.rz=01;31:*.cab=01;31:*.wim=01;31:*.swm=01;31:*.dwm=01;31:*.esd=01;31:*.jpg=01;35:*.jpeg=01;35:*.mjpg=01;35:*.mjpeg=01;35:*.gif=01;35:*.bmp=01;35:*.pbm=01;35:*.pgm=01;35:*.ppm=01;35:*.tga=01;35:*.xbm=01;35:*.xpm=01;35:*.tif=01;35:*.tiff=01;35:*.png=01;35:*.svg=01;35:*.svgz=01;35:*.mng=01;35:*.pcx=01;35:*.mov=01;35:*.mpg=01;35:*.mpeg=01;35:*.m2v=01;35:*.mkv=01;35:*.webm=01;35:*.webp=01;35:*.ogm=01;35:*.mp4=01;35:*.m4v=01;35:*.mp4v=01;35:*.vob=01;35:*.qt=01;35:*.nuv=01;35:*.wmv=01;35:*.asf=01;35:*.rm=01;35:*.rmvb=01;35:*.flc=01;35:*.avi=01;35:*.fli=01;35:*.flv=01;35:*.gl=01;35:*.dl=01;35:*.xcf=01;35:*.xwd=01;35:*.yuv=01;35:*.cgm=01;35:*.emf=01;35:*.ogv=01;35:*.ogx=01;35:*.aac=00;36:*.au=00;36:*.flac=00;36:*.m4a=00;36:*.mid=00;36:*.midi=00;36:*.mka=00;36:*.mp3=00;36:*.mpc=00;36:*.ogg=00;36:*.ra=00;36:*.wav=00;36:*.oga=00;36:*.opus=00;36:*.spx=00;36:*.xspf=00;36:'), ('VSCODE_GIT_IPC_HANDLE', '/run/user/1000/vscode-git-2e607cfef9.sock'), ('TERM_PROGRAM', 'vscode'), ('SSH_AGENT_LAUNCHER', 'gnome-keyring'), ('SSH_AUTH_SOCK', '/run/user/1000/keyring/ssh'), ('ROS_DOMAIN_ID', '99'), ('AMENT_PREFIX_PATH', '/home/hycon/workspace/ros2_study/pkg_cpp/install/pkg_test_cpp_msg:/home/hycon/workspace/ros2_study/pkg_cpp/install/pkg_test_cpp:/opt/ros/humble'), ('ORIGINAL_XDG_CURRENT_DESKTOP', 'ubuntu:GNOME'), ('SHELL', '/bin/bash'), ('LC_NAME', 'ko_KR.UTF-8'), ('TERMINATOR_UUID', 'urn:uuid:8e944f54-8cde-45ee-a182-bd5657f3ab50'), ('QT_ACCESSIBILITY', '1'), ('GDMSESSION', 'ubuntu'), ('LESSCLOSE', '/usr/bin/lesspipe %s %s'), ('LC_MEASUREMENT', 'ko_KR.UTF-8'), ('LC_IDENTIFICATION', 'ko_KR.UTF-8'), ('VSCODE_GIT_ASKPASS_EXTRA_ARGS', ''), ('QT_IM_MODULE', 'ibus'), ('PWD', '/home/hycon/workspace/ros2_study/pkg_cpp/build/pkg_test_cpp_msg'), ('LC_ALL', 'en_US.UTF-8'), ('XDG_CONFIG_DIRS', '/etc/xdg/xdg-ubuntu:/etc/xdg'), ('XDG_DATA_DIRS', '/usr/share/ubuntu:/usr/local/share/:/usr/share/:/var/lib/snapd/desktop'), ('PYTHONPATH', '/home/hycon/workspace/ros2_study/pkg_cpp/install/pkg_test_cpp_msg/local/lib/python3.10/dist-packages:/opt/ros/humble/lib/python3.10/site-packages:/opt/ros/humble/local/lib/python3.10/dist-packages'), ('LC_NUMERIC', 'ko_KR.UTF-8'), ('LC_PAPER', 'ko_KR.UTF-8'), ('COLCON', '1'), ('VTE_VERSION', '6800'), ('CMAKE_PREFIX_PATH', '/home/hycon/workspace/ros2_study/pkg_cpp/install/pkg_test_cpp_msg:/home/hycon/workspace/ros2_study/pkg_cpp/install/pkg_test_cpp:/opt/ros/humble')]), 'shell': False}
[0.340684] (pkg_test_cpp_msg) StdoutLine: {'line': b'-- Install configuration: ""\n'}
[0.341034] (pkg_test_cpp_msg) StdoutLine: {'line': b'-- Up-to-date: /home/hycon/workspace/ros2_study/pkg_cpp/install/pkg_test_cpp_msg/share/ament_index/resource_index/rosidl_interfaces/pkg_test_cpp_msg\n'}
[0.341185] (pkg_test_cpp_msg) StdoutLine: {'line': b'-- Up-to-date: /home/hycon/workspace/ros2_study/pkg_cpp/install/pkg_test_cpp_msg/include/pkg_test_cpp_msg/pkg_test_cpp_msg\n'}
[0.341329] (pkg_test_cpp_msg) StdoutLine: {'line': b'-- Up-to-date: /home/hycon/workspace/ros2_study/pkg_cpp/install/pkg_test_cpp_msg/include/pkg_test_cpp_msg/pkg_test_cpp_msg/msg\n'}
[0.341457] (pkg_test_cpp_msg) StdoutLine: {'line': b'-- Up-to-date: /home/hycon/workspace/ros2_study/pkg_cpp/install/pkg_test_cpp_msg/include/pkg_test_cpp_msg/pkg_test_cpp_msg/msg/detail\n'}
[0.341588] (pkg_test_cpp_msg) StdoutLine: {'line': b'-- Up-to-date: /home/hycon/workspace/ros2_study/pkg_cpp/install/pkg_test_cpp_msg/include/pkg_test_cpp_msg/pkg_test_cpp_msg/msg/detail/cmd_and_pose_vel__functions.c\n'}
[0.341691] (pkg_test_cpp_msg) StdoutLine: {'line': b'-- Up-to-date: /home/hycon/workspace/ros2_study/pkg_cpp/install/pkg_test_cpp_msg/include/pkg_test_cpp_msg/pkg_test_cpp_msg/msg/detail/cmd_and_pose_vel__functions.h\n'}
[0.341807] (pkg_test_cpp_msg) StdoutLine: {'line': b'-- Up-to-date: /home/hycon/workspace/ros2_study/pkg_cpp/install/pkg_test_cpp_msg/include/pkg_test_cpp_msg/pkg_test_cpp_msg/msg/detail/cmd_and_pose_vel__type_support.h\n'}
[0.341907] (pkg_test_cpp_msg) StdoutLine: {'line': b'-- Up-to-date: /home/hycon/workspace/ros2_study/pkg_cpp/install/pkg_test_cpp_msg/include/pkg_test_cpp_msg/pkg_test_cpp_msg/msg/detail/cmd_and_pose_vel__struct.h\n'}
[0.341995] (pkg_test_cpp_msg) StdoutLine: {'line': b'-- Up-to-date: /home/hycon/workspace/ros2_study/pkg_cpp/install/pkg_test_cpp_msg/include/pkg_test_cpp_msg/pkg_test_cpp_msg/msg/rosidl_generator_c__visibility_control.h\n'}
[0.342082] (pkg_test_cpp_msg) StdoutLine: {'line': b'-- Up-to-date: /home/hycon/workspace/ros2_study/pkg_cpp/install/pkg_test_cpp_msg/include/pkg_test_cpp_msg/pkg_test_cpp_msg/msg/cmd_and_pose_vel.h\n'}
[0.342290] (pkg_test_cpp_msg) StdoutLine: {'line': b'-- Up-to-date: /home/hycon/workspace/ros2_study/pkg_cpp/install/pkg_test_cpp_msg/include/pkg_test_cpp_msg/pkg_test_cpp_msg/srv\n'}
[0.342419] (pkg_test_cpp_msg) StdoutLine: {'line': b'-- Up-to-date: /home/hycon/workspace/ros2_study/pkg_cpp/install/pkg_test_cpp_msg/include/pkg_test_cpp_msg/pkg_test_cpp_msg/srv/detail\n'}
[0.342608] (pkg_test_cpp_msg) StdoutLine: {'line': b'-- Up-to-date: /home/hycon/workspace/ros2_study/pkg_cpp/install/pkg_test_cpp_msg/include/pkg_test_cpp_msg/pkg_test_cpp_msg/srv/detail/multi_spawn__functions.h\n'}
[0.342750] (pkg_test_cpp_msg) StdoutLine: {'line': b'-- Up-to-date: /home/hycon/workspace/ros2_study/pkg_cpp/install/pkg_test_cpp_msg/include/pkg_test_cpp_msg/pkg_test_cpp_msg/srv/detail/multi_spawn__type_support.h\n'}
[0.342842] (pkg_test_cpp_msg) StdoutLine: {'line': b'-- Up-to-date: /home/hycon/workspace/ros2_study/pkg_cpp/install/pkg_test_cpp_msg/include/pkg_test_cpp_msg/pkg_test_cpp_msg/srv/detail/multi_spawn__functions.c\n'}
[0.342936] (pkg_test_cpp_msg) StdoutLine: {'line': b'-- Up-to-date: /home/hycon/workspace/ros2_study/pkg_cpp/install/pkg_test_cpp_msg/include/pkg_test_cpp_msg/pkg_test_cpp_msg/srv/detail/multi_spawn__struct.h\n'}
[0.343028] (pkg_test_cpp_msg) StdoutLine: {'line': b'-- Up-to-date: /home/hycon/workspace/ros2_study/pkg_cpp/install/pkg_test_cpp_msg/include/pkg_test_cpp_msg/pkg_test_cpp_msg/srv/multi_spawn.h\n'}
[0.343148] (pkg_test_cpp_msg) StdoutLine: {'line': b'-- Up-to-date: /home/hycon/workspace/ros2_study/pkg_cpp/install/pkg_test_cpp_msg/share/pkg_test_cpp_msg/environment/library_path.sh\n'}
[0.343238] (pkg_test_cpp_msg) StdoutLine: {'line': b'-- Up-to-date: /home/hycon/workspace/ros2_study/pkg_cpp/install/pkg_test_cpp_msg/share/pkg_test_cpp_msg/environment/library_path.dsv\n'}
[0.343373] (pkg_test_cpp_msg) StdoutLine: {'line': b'-- Up-to-date: /home/hycon/workspace/ros2_study/pkg_cpp/install/pkg_test_cpp_msg/lib/libpkg_test_cpp_msg__rosidl_generator_c.so\n'}
[0.343477] (pkg_test_cpp_msg) StdoutLine: {'line': b'-- Up-to-date: /home/hycon/workspace/ros2_study/pkg_cpp/install/pkg_test_cpp_msg/include/pkg_test_cpp_msg/pkg_test_cpp_msg\n'}
[0.343662] (pkg_test_cpp_msg) StdoutLine: {'line': b'-- Up-to-date: /home/hycon/workspace/ros2_study/pkg_cpp/install/pkg_test_cpp_msg/include/pkg_test_cpp_msg/pkg_test_cpp_msg/msg\n'}
[0.343879] (pkg_test_cpp_msg) StdoutLine: {'line': b'-- Up-to-date: /home/hycon/workspace/ros2_study/pkg_cpp/install/pkg_test_cpp_msg/include/pkg_test_cpp_msg/pkg_test_cpp_msg/msg/detail\n'}
[0.343976] (pkg_test_cpp_msg) StdoutLine: {'line': b'-- Up-to-date: /home/hycon/workspace/ros2_study/pkg_cpp/install/pkg_test_cpp_msg/include/pkg_test_cpp_msg/pkg_test_cpp_msg/msg/detail/cmd_and_pose_vel__rosidl_typesupport_fastrtps_c.h\n'}
[0.344074] (pkg_test_cpp_msg) StdoutLine: {'line': b'-- Up-to-date: /home/hycon/workspace/ros2_study/pkg_cpp/install/pkg_test_cpp_msg/include/pkg_test_cpp_msg/pkg_test_cpp_msg/msg/rosidl_typesupport_fastrtps_c__visibility_control.h\n'}
[0.344169] (pkg_test_cpp_msg) StdoutLine: {'line': b'-- Up-to-date: /home/hycon/workspace/ros2_study/pkg_cpp/install/pkg_test_cpp_msg/include/pkg_test_cpp_msg/pkg_test_cpp_msg/srv\n'}
[0.344258] (pkg_test_cpp_msg) StdoutLine: {'line': b'-- Up-to-date: /home/hycon/workspace/ros2_study/pkg_cpp/install/pkg_test_cpp_msg/include/pkg_test_cpp_msg/pkg_test_cpp_msg/srv/detail\n'}
[0.344348] (pkg_test_cpp_msg) StdoutLine: {'line': b'-- Up-to-date: /home/hycon/workspace/ros2_study/pkg_cpp/install/pkg_test_cpp_msg/include/pkg_test_cpp_msg/pkg_test_cpp_msg/srv/detail/multi_spawn__rosidl_typesupport_fastrtps_c.h\n'}
[0.344443] (pkg_test_cpp_msg) StdoutLine: {'line': b'-- Up-to-date: /home/hycon/workspace/ros2_study/pkg_cpp/install/pkg_test_cpp_msg/lib/libpkg_test_cpp_msg__rosidl_typesupport_fastrtps_c.so\n'}
[0.344646] (pkg_test_cpp_msg) StdoutLine: {'line': b'-- Up-to-date: /home/hycon/workspace/ros2_study/pkg_cpp/install/pkg_test_cpp_msg/include/pkg_test_cpp_msg/pkg_test_cpp_msg\n'}
[0.344763] (pkg_test_cpp_msg) StdoutLine: {'line': b'-- Up-to-date: /home/hycon/workspace/ros2_study/pkg_cpp/install/pkg_test_cpp_msg/include/pkg_test_cpp_msg/pkg_test_cpp_msg/msg\n'}
[0.344850] (pkg_test_cpp_msg) StdoutLine: {'line': b'-- Up-to-date: /home/hycon/workspace/ros2_study/pkg_cpp/install/pkg_test_cpp_msg/include/pkg_test_cpp_msg/pkg_test_cpp_msg/msg/detail\n'}
[0.344936] (pkg_test_cpp_msg) StdoutLine: {'line': b'-- Up-to-date: /home/hycon/workspace/ros2_study/pkg_cpp/install/pkg_test_cpp_msg/include/pkg_test_cpp_msg/pkg_test_cpp_msg/msg/detail/cmd_and_pose_vel__rosidl_typesupport_introspection_c.h\n'}
[0.345023] (pkg_test_cpp_msg) StdoutLine: {'line': b'-- Up-to-date: /home/hycon/workspace/ros2_study/pkg_cpp/install/pkg_test_cpp_msg/include/pkg_test_cpp_msg/pkg_test_cpp_msg/msg/detail/cmd_and_pose_vel__type_support.c\n'}
[0.345109] (pkg_test_cpp_msg) StdoutLine: {'line': b'-- Up-to-date: /home/hycon/workspace/ros2_study/pkg_cpp/install/pkg_test_cpp_msg/include/pkg_test_cpp_msg/pkg_test_cpp_msg/msg/rosidl_typesupport_introspection_c__visibility_control.h\n'}
[0.345194] (pkg_test_cpp_msg) StdoutLine: {'line': b'-- Up-to-date: /home/hycon/workspace/ros2_study/pkg_cpp/install/pkg_test_cpp_msg/include/pkg_test_cpp_msg/pkg_test_cpp_msg/srv\n'}
[0.345279] (pkg_test_cpp_msg) StdoutLine: {'line': b'-- Up-to-date: /home/hycon/workspace/ros2_study/pkg_cpp/install/pkg_test_cpp_msg/include/pkg_test_cpp_msg/pkg_test_cpp_msg/srv/detail\n'}
[0.345364] (pkg_test_cpp_msg) StdoutLine: {'line': b'-- Up-to-date: /home/hycon/workspace/ros2_study/pkg_cpp/install/pkg_test_cpp_msg/include/pkg_test_cpp_msg/pkg_test_cpp_msg/srv/detail/multi_spawn__rosidl_typesupport_introspection_c.h\n'}
[0.345541] (pkg_test_cpp_msg) StdoutLine: {'line': b'-- Up-to-date: /home/hycon/workspace/ros2_study/pkg_cpp/install/pkg_test_cpp_msg/include/pkg_test_cpp_msg/pkg_test_cpp_msg/srv/detail/multi_spawn__type_support.c\n'}
[0.345639] (pkg_test_cpp_msg) StdoutLine: {'line': b'-- Up-to-date: /home/hycon/workspace/ros2_study/pkg_cpp/install/pkg_test_cpp_msg/lib/libpkg_test_cpp_msg__rosidl_typesupport_introspection_c.so\n'}
[0.345727] (pkg_test_cpp_msg) StdoutLine: {'line': b'-- Up-to-date: /home/hycon/workspace/ros2_study/pkg_cpp/install/pkg_test_cpp_msg/lib/libpkg_test_cpp_msg__rosidl_typesupport_c.so\n'}
[0.345813] (pkg_test_cpp_msg) StdoutLine: {'line': b'-- Up-to-date: /home/hycon/workspace/ros2_study/pkg_cpp/install/pkg_test_cpp_msg/include/pkg_test_cpp_msg/pkg_test_cpp_msg\n'}
[0.345898] (pkg_test_cpp_msg) StdoutLine: {'line': b'-- Up-to-date: /home/hycon/workspace/ros2_study/pkg_cpp/install/pkg_test_cpp_msg/include/pkg_test_cpp_msg/pkg_test_cpp_msg/msg\n'}
[0.346054] (pkg_test_cpp_msg) StdoutLine: {'line': b'-- Up-to-date: /home/hycon/workspace/ros2_study/pkg_cpp/install/pkg_test_cpp_msg/include/pkg_test_cpp_msg/pkg_test_cpp_msg/msg/rosidl_generator_cpp__visibility_control.hpp\n'}
[0.346179] (pkg_test_cpp_msg) StdoutLine: {'line': b'-- Up-to-date: /home/hycon/workspace/ros2_study/pkg_cpp/install/pkg_test_cpp_msg/include/pkg_test_cpp_msg/pkg_test_cpp_msg/msg/detail\n'}
[0.346273] (pkg_test_cpp_msg) StdoutLine: {'line': b'-- Up-to-date: /home/hycon/workspace/ros2_study/pkg_cpp/install/pkg_test_cpp_msg/include/pkg_test_cpp_msg/pkg_test_cpp_msg/msg/detail/cmd_and_pose_vel__builder.hpp\n'}
[0.346360] (pkg_test_cpp_msg) StdoutLine: {'line': b'-- Up-to-date: /home/hycon/workspace/ros2_study/pkg_cpp/install/pkg_test_cpp_msg/include/pkg_test_cpp_msg/pkg_test_cpp_msg/msg/detail/cmd_and_pose_vel__traits.hpp\n'}
[0.346536] (pkg_test_cpp_msg) StdoutLine: {'line': b'-- Up-to-date: /home/hycon/workspace/ros2_study/pkg_cpp/install/pkg_test_cpp_msg/include/pkg_test_cpp_msg/pkg_test_cpp_msg/msg/detail/cmd_and_pose_vel__type_support.hpp\n'}
[0.346623] (pkg_test_cpp_msg) StdoutLine: {'line': b'-- Up-to-date: /home/hycon/workspace/ros2_study/pkg_cpp/install/pkg_test_cpp_msg/include/pkg_test_cpp_msg/pkg_test_cpp_msg/msg/detail/cmd_and_pose_vel__struct.hpp\n'}
[0.346704] (pkg_test_cpp_msg) StdoutLine: {'line': b'-- Up-to-date: /home/hycon/workspace/ros2_study/pkg_cpp/install/pkg_test_cpp_msg/include/pkg_test_cpp_msg/pkg_test_cpp_msg/msg/cmd_and_pose_vel.hpp\n'}
[0.346791] (pkg_test_cpp_msg) StdoutLine: {'line': b'-- Up-to-date: /home/hycon/workspace/ros2_study/pkg_cpp/install/pkg_test_cpp_msg/include/pkg_test_cpp_msg/pkg_test_cpp_msg/srv\n'}
[0.346872] (pkg_test_cpp_msg) StdoutLine: {'line': b'-- Up-to-date: /home/hycon/workspace/ros2_study/pkg_cpp/install/pkg_test_cpp_msg/include/pkg_test_cpp_msg/pkg_test_cpp_msg/srv/detail\n'}
[0.346955] (pkg_test_cpp_msg) StdoutLine: {'line': b'-- Up-to-date: /home/hycon/workspace/ros2_study/pkg_cpp/install/pkg_test_cpp_msg/include/pkg_test_cpp_msg/pkg_test_cpp_msg/srv/detail/multi_spawn__struct.hpp\n'}
[0.347037] (pkg_test_cpp_msg) StdoutLine: {'line': b'-- Up-to-date: /home/hycon/workspace/ros2_study/pkg_cpp/install/pkg_test_cpp_msg/include/pkg_test_cpp_msg/pkg_test_cpp_msg/srv/detail/multi_spawn__type_support.hpp\n'}
[0.347117] (pkg_test_cpp_msg) StdoutLine: {'line': b'-- Up-to-date: /home/hycon/workspace/ros2_study/pkg_cpp/install/pkg_test_cpp_msg/include/pkg_test_cpp_msg/pkg_test_cpp_msg/srv/detail/multi_spawn__traits.hpp\n'}
[0.347198] (pkg_test_cpp_msg) StdoutLine: {'line': b'-- Up-to-date: /home/hycon/workspace/ros2_study/pkg_cpp/install/pkg_test_cpp_msg/include/pkg_test_cpp_msg/pkg_test_cpp_msg/srv/detail/multi_spawn__builder.hpp\n'}
[0.347278] (pkg_test_cpp_msg) StdoutLine: {'line': b'-- Up-to-date: /home/hycon/workspace/ros2_study/pkg_cpp/install/pkg_test_cpp_msg/include/pkg_test_cpp_msg/pkg_test_cpp_msg/srv/multi_spawn.hpp\n'}
[0.347357] (pkg_test_cpp_msg) StdoutLine: {'line': b'-- Up-to-date: /home/hycon/workspace/ros2_study/pkg_cpp/install/pkg_test_cpp_msg/include/pkg_test_cpp_msg/pkg_test_cpp_msg\n'}
[0.347438] (pkg_test_cpp_msg) StdoutLine: {'line': b'-- Up-to-date: /home/hycon/workspace/ros2_study/pkg_cpp/install/pkg_test_cpp_msg/include/pkg_test_cpp_msg/pkg_test_cpp_msg/msg\n'}
[0.347533] (pkg_test_cpp_msg) StdoutLine: {'line': b'-- Up-to-date: /home/hycon/workspace/ros2_study/pkg_cpp/install/pkg_test_cpp_msg/include/pkg_test_cpp_msg/pkg_test_cpp_msg/msg/rosidl_typesupport_fastrtps_cpp__visibility_control.h\n'}
[0.347615] (pkg_test_cpp_msg) StdoutLine: {'line': b'-- Up-to-date: /home/hycon/workspace/ros2_study/pkg_cpp/install/pkg_test_cpp_msg/include/pkg_test_cpp_msg/pkg_test_cpp_msg/msg/detail\n'}
[0.347693] (pkg_test_cpp_msg) StdoutLine: {'line': b'-- Up-to-date: /home/hycon/workspace/ros2_study/pkg_cpp/install/pkg_test_cpp_msg/include/pkg_test_cpp_msg/pkg_test_cpp_msg/msg/detail/dds_fastrtps\n'}
[0.347771] (pkg_test_cpp_msg) StdoutLine: {'line': b'-- Up-to-date: /home/hycon/workspace/ros2_study/pkg_cpp/install/pkg_test_cpp_msg/include/pkg_test_cpp_msg/pkg_test_cpp_msg/msg/detail/cmd_and_pose_vel__rosidl_typesupport_fastrtps_cpp.hpp\n'}
[0.347851] (pkg_test_cpp_msg) StdoutLine: {'line': b'-- Up-to-date: /home/hycon/workspace/ros2_study/pkg_cpp/install/pkg_test_cpp_msg/include/pkg_test_cpp_msg/pkg_test_cpp_msg/srv\n'}
[0.347934] (pkg_test_cpp_msg) StdoutLine: {'line': b'-- Up-to-date: /home/hycon/workspace/ros2_study/pkg_cpp/install/pkg_test_cpp_msg/include/pkg_test_cpp_msg/pkg_test_cpp_msg/srv/detail\n'}
[0.348013] (pkg_test_cpp_msg) StdoutLine: {'line': b'-- Up-to-date: /home/hycon/workspace/ros2_study/pkg_cpp/install/pkg_test_cpp_msg/include/pkg_test_cpp_msg/pkg_test_cpp_msg/srv/detail/dds_fastrtps\n'}
[0.348093] (pkg_test_cpp_msg) StdoutLine: {'line': b'-- Up-to-date: /home/hycon/workspace/ros2_study/pkg_cpp/install/pkg_test_cpp_msg/include/pkg_test_cpp_msg/pkg_test_cpp_msg/srv/detail/multi_spawn__rosidl_typesupport_fastrtps_cpp.hpp\n'}
[0.348173] (pkg_test_cpp_msg) StdoutLine: {'line': b'-- Up-to-date: /home/hycon/workspace/ros2_study/pkg_cpp/install/pkg_test_cpp_msg/lib/libpkg_test_cpp_msg__rosidl_typesupport_fastrtps_cpp.so\n'}
[0.348251] (pkg_test_cpp_msg) StdoutLine: {'line': b'-- Up-to-date: /home/hycon/workspace/ros2_study/pkg_cpp/install/pkg_test_cpp_msg/include/pkg_test_cpp_msg/pkg_test_cpp_msg\n'}
[0.348330] (pkg_test_cpp_msg) StdoutLine: {'line': b'-- Up-to-date: /home/hycon/workspace/ros2_study/pkg_cpp/install/pkg_test_cpp_msg/include/pkg_test_cpp_msg/pkg_test_cpp_msg/msg\n'}
[0.348415] (pkg_test_cpp_msg) StdoutLine: {'line': b'-- Up-to-date: /home/hycon/workspace/ros2_study/pkg_cpp/install/pkg_test_cpp_msg/include/pkg_test_cpp_msg/pkg_test_cpp_msg/msg/detail\n'}
[0.348503] (pkg_test_cpp_msg) StdoutLine: {'line': b'-- Up-to-date: /home/hycon/workspace/ros2_study/pkg_cpp/install/pkg_test_cpp_msg/include/pkg_test_cpp_msg/pkg_test_cpp_msg/msg/detail/cmd_and_pose_vel__type_support.cpp\n'}
[0.348588] (pkg_test_cpp_msg) StdoutLine: {'line': b'-- Up-to-date: /home/hycon/workspace/ros2_study/pkg_cpp/install/pkg_test_cpp_msg/include/pkg_test_cpp_msg/pkg_test_cpp_msg/msg/detail/cmd_and_pose_vel__rosidl_typesupport_introspection_cpp.hpp\n'}
[0.348668] (pkg_test_cpp_msg) StdoutLine: {'line': b'-- Up-to-date: /home/hycon/workspace/ros2_study/pkg_cpp/install/pkg_test_cpp_msg/include/pkg_test_cpp_msg/pkg_test_cpp_msg/srv\n'}
[0.348756] (pkg_test_cpp_msg) StdoutLine: {'line': b'-- Up-to-date: /home/hycon/workspace/ros2_study/pkg_cpp/install/pkg_test_cpp_msg/include/pkg_test_cpp_msg/pkg_test_cpp_msg/srv/detail\n'}
[0.348836] (pkg_test_cpp_msg) StdoutLine: {'line': b'-- Up-to-date: /home/hycon/workspace/ros2_study/pkg_cpp/install/pkg_test_cpp_msg/include/pkg_test_cpp_msg/pkg_test_cpp_msg/srv/detail/multi_spawn__type_support.cpp\n'}
[0.348917] (pkg_test_cpp_msg) StdoutLine: {'line': b'-- Up-to-date: /home/hycon/workspace/ros2_study/pkg_cpp/install/pkg_test_cpp_msg/include/pkg_test_cpp_msg/pkg_test_cpp_msg/srv/detail/multi_spawn__rosidl_typesupport_introspection_cpp.hpp\n'}
[0.348997] (pkg_test_cpp_msg) StdoutLine: {'line': b'-- Up-to-date: /home/hycon/workspace/ros2_study/pkg_cpp/install/pkg_test_cpp_msg/lib/libpkg_test_cpp_msg__rosidl_typesupport_introspection_cpp.so\n'}
[0.349078] (pkg_test_cpp_msg) StdoutLine: {'line': b'-- Up-to-date: /home/hycon/workspace/ros2_study/pkg_cpp/install/pkg_test_cpp_msg/lib/libpkg_test_cpp_msg__rosidl_typesupport_cpp.so\n'}
[0.349157] (pkg_test_cpp_msg) StdoutLine: {'line': b'-- Up-to-date: /home/hycon/workspace/ros2_study/pkg_cpp/install/pkg_test_cpp_msg/share/pkg_test_cpp_msg/environment/pythonpath.sh\n'}
[0.349236] (pkg_test_cpp_msg) StdoutLine: {'line': b'-- Up-to-date: /home/hycon/workspace/ros2_study/pkg_cpp/install/pkg_test_cpp_msg/share/pkg_test_cpp_msg/environment/pythonpath.dsv\n'}
[0.349314] (pkg_test_cpp_msg) StdoutLine: {'line': b'-- Up-to-date: /home/hycon/workspace/ros2_study/pkg_cpp/install/pkg_test_cpp_msg/local/lib/python3.10/dist-packages/pkg_test_cpp_msg-0.0.0-py3.10.egg-info\n'}
[0.349392] (pkg_test_cpp_msg) StdoutLine: {'line': b'-- Installing: /home/hycon/workspace/ros2_study/pkg_cpp/install/pkg_test_cpp_msg/local/lib/python3.10/dist-packages/pkg_test_cpp_msg-0.0.0-py3.10.egg-info/dependency_links.txt\n'}
[0.349480] (pkg_test_cpp_msg) StdoutLine: {'line': b'-- Installing: /home/hycon/workspace/ros2_study/pkg_cpp/install/pkg_test_cpp_msg/local/lib/python3.10/dist-packages/pkg_test_cpp_msg-0.0.0-py3.10.egg-info/SOURCES.txt\n'}
[0.349567] (pkg_test_cpp_msg) StdoutLine: {'line': b'-- Installing: /home/hycon/workspace/ros2_study/pkg_cpp/install/pkg_test_cpp_msg/local/lib/python3.10/dist-packages/pkg_test_cpp_msg-0.0.0-py3.10.egg-info/top_level.txt\n'}
[0.349644] (pkg_test_cpp_msg) StdoutLine: {'line': b'-- Installing: /home/hycon/workspace/ros2_study/pkg_cpp/install/pkg_test_cpp_msg/local/lib/python3.10/dist-packages/pkg_test_cpp_msg-0.0.0-py3.10.egg-info/PKG-INFO\n'}
[0.349723] (pkg_test_cpp_msg) StdoutLine: {'line': b'-- Up-to-date: /home/hycon/workspace/ros2_study/pkg_cpp/install/pkg_test_cpp_msg/local/lib/python3.10/dist-packages/pkg_test_cpp_msg\n'}
[0.349802] (pkg_test_cpp_msg) StdoutLine: {'line': b'-- Up-to-date: /home/hycon/workspace/ros2_study/pkg_cpp/install/pkg_test_cpp_msg/local/lib/python3.10/dist-packages/pkg_test_cpp_msg/libpkg_test_cpp_msg__rosidl_generator_py.so\n'}
[0.349881] (pkg_test_cpp_msg) StdoutLine: {'line': b'-- Up-to-date: /home/hycon/workspace/ros2_study/pkg_cpp/install/pkg_test_cpp_msg/local/lib/python3.10/dist-packages/pkg_test_cpp_msg/pkg_test_cpp_msg_s__rosidl_typesupport_introspection_c.cpython-310-x86_64-linux-gnu.so\n'}
[0.349973] (pkg_test_cpp_msg) StdoutLine: {'line': b'-- Up-to-date: /home/hycon/workspace/ros2_study/pkg_cpp/install/pkg_test_cpp_msg/local/lib/python3.10/dist-packages/pkg_test_cpp_msg/__init__.py\n'}
[0.350051] (pkg_test_cpp_msg) StdoutLine: {'line': b'-- Up-to-date: /home/hycon/workspace/ros2_study/pkg_cpp/install/pkg_test_cpp_msg/local/lib/python3.10/dist-packages/pkg_test_cpp_msg/pkg_test_cpp_msg_s__rosidl_typesupport_fastrtps_c.cpython-310-x86_64-linux-gnu.so\n'}
[0.350128] (pkg_test_cpp_msg) StdoutLine: {'line': b'-- Up-to-date: /home/hycon/workspace/ros2_study/pkg_cpp/install/pkg_test_cpp_msg/local/lib/python3.10/dist-packages/pkg_test_cpp_msg/_pkg_test_cpp_msg_s.ep.rosidl_typesupport_fastrtps_c.c\n'}
[0.350207] (pkg_test_cpp_msg) StdoutLine: {'line': b'-- Up-to-date: /home/hycon/workspace/ros2_study/pkg_cpp/install/pkg_test_cpp_msg/local/lib/python3.10/dist-packages/pkg_test_cpp_msg/_pkg_test_cpp_msg_s.ep.rosidl_typesupport_introspection_c.c\n'}
[0.350286] (pkg_test_cpp_msg) StdoutLine: {'line': b'-- Up-to-date: /home/hycon/workspace/ros2_study/pkg_cpp/install/pkg_test_cpp_msg/local/lib/python3.10/dist-packages/pkg_test_cpp_msg/pkg_test_cpp_msg_s__rosidl_typesupport_c.cpython-310-x86_64-linux-gnu.so\n'}
[0.350365] (pkg_test_cpp_msg) StdoutLine: {'line': b'-- Up-to-date: /home/hycon/workspace/ros2_study/pkg_cpp/install/pkg_test_cpp_msg/local/lib/python3.10/dist-packages/pkg_test_cpp_msg/_pkg_test_cpp_msg_s.ep.rosidl_typesupport_c.c\n'}
[0.350444] (pkg_test_cpp_msg) StdoutLine: {'line': b'-- Up-to-date: /home/hycon/workspace/ros2_study/pkg_cpp/install/pkg_test_cpp_msg/local/lib/python3.10/dist-packages/pkg_test_cpp_msg/msg\n'}
[0.350563] (pkg_test_cpp_msg) StdoutLine: {'line': b'-- Up-to-date: /home/hycon/workspace/ros2_study/pkg_cpp/install/pkg_test_cpp_msg/local/lib/python3.10/dist-packages/pkg_test_cpp_msg/msg/_cmd_and_pose_vel_s.c\n'}
[0.350646] (pkg_test_cpp_msg) StdoutLine: {'line': b'-- Up-to-date: /home/hycon/workspace/ros2_study/pkg_cpp/install/pkg_test_cpp_msg/local/lib/python3.10/dist-packages/pkg_test_cpp_msg/msg/__init__.py\n'}
[0.350731] (pkg_test_cpp_msg) StdoutLine: {'line': b'-- Up-to-date: /home/hycon/workspace/ros2_study/pkg_cpp/install/pkg_test_cpp_msg/local/lib/python3.10/dist-packages/pkg_test_cpp_msg/msg/_cmd_and_pose_vel.py\n'}
[0.350819] (pkg_test_cpp_msg) StdoutLine: {'line': b'-- Up-to-date: /home/hycon/workspace/ros2_study/pkg_cpp/install/pkg_test_cpp_msg/local/lib/python3.10/dist-packages/pkg_test_cpp_msg/srv\n'}
[0.350896] (pkg_test_cpp_msg) StdoutLine: {'line': b'-- Up-to-date: /home/hycon/workspace/ros2_study/pkg_cpp/install/pkg_test_cpp_msg/local/lib/python3.10/dist-packages/pkg_test_cpp_msg/srv/_multi_spawn_s.c\n'}
[0.350973] (pkg_test_cpp_msg) StdoutLine: {'line': b'-- Up-to-date: /home/hycon/workspace/ros2_study/pkg_cpp/install/pkg_test_cpp_msg/local/lib/python3.10/dist-packages/pkg_test_cpp_msg/srv/__init__.py\n'}
[0.351049] (pkg_test_cpp_msg) StdoutLine: {'line': b'-- Up-to-date: /home/hycon/workspace/ros2_study/pkg_cpp/install/pkg_test_cpp_msg/local/lib/python3.10/dist-packages/pkg_test_cpp_msg/srv/_multi_spawn.py\n'}
[0.370491] (pkg_test_cpp_msg) StdoutLine: {'line': b"Listing '/home/hycon/workspace/ros2_study/pkg_cpp/install/pkg_test_cpp_msg/local/lib/python3.10/dist-packages/pkg_test_cpp_msg'...\n"}
[0.370758] (pkg_test_cpp_msg) StdoutLine: {'line': b"Listing '/home/hycon/workspace/ros2_study/pkg_cpp/install/pkg_test_cpp_msg/local/lib/python3.10/dist-packages/pkg_test_cpp_msg/msg'...\n"}
[0.370876] (pkg_test_cpp_msg) StdoutLine: {'line': b"Listing '/home/hycon/workspace/ros2_study/pkg_cpp/install/pkg_test_cpp_msg/local/lib/python3.10/dist-packages/pkg_test_cpp_msg/srv'...\n"}
[0.375346] (pkg_test_cpp_msg) StdoutLine: {'line': b'-- Up-to-date: /home/hycon/workspace/ros2_study/pkg_cpp/install/pkg_test_cpp_msg/local/lib/python3.10/dist-packages/pkg_test_cpp_msg/pkg_test_cpp_msg_s__rosidl_typesupport_fastrtps_c.cpython-310-x86_64-linux-gnu.so\n'}
[0.375629] (pkg_test_cpp_msg) StdoutLine: {'line': b'-- Up-to-date: /home/hycon/workspace/ros2_study/pkg_cpp/install/pkg_test_cpp_msg/local/lib/python3.10/dist-packages/pkg_test_cpp_msg/pkg_test_cpp_msg_s__rosidl_typesupport_introspection_c.cpython-310-x86_64-linux-gnu.so\n'}
[0.375992] (pkg_test_cpp_msg) StdoutLine: {'line': b'-- Up-to-date: /home/hycon/workspace/ros2_study/pkg_cpp/install/pkg_test_cpp_msg/local/lib/python3.10/dist-packages/pkg_test_cpp_msg/pkg_test_cpp_msg_s__rosidl_typesupport_c.cpython-310-x86_64-linux-gnu.so\n'}
[0.376265] (pkg_test_cpp_msg) StdoutLine: {'line': b'-- Up-to-date: /home/hycon/workspace/ros2_study/pkg_cpp/install/pkg_test_cpp_msg/lib/libpkg_test_cpp_msg__rosidl_generator_py.so\n'}
[0.376460] (pkg_test_cpp_msg) StdoutLine: {'line': b'-- Up-to-date: /home/hycon/workspace/ros2_study/pkg_cpp/install/pkg_test_cpp_msg/share/pkg_test_cpp_msg/msg/CmdAndPoseVel.idl\n'}
[0.376639] (pkg_test_cpp_msg) StdoutLine: {'line': b'-- Up-to-date: /home/hycon/workspace/ros2_study/pkg_cpp/install/pkg_test_cpp_msg/share/pkg_test_cpp_msg/srv/MultiSpawn.idl\n'}
[0.376749] (pkg_test_cpp_msg) StdoutLine: {'line': b'-- Up-to-date: /home/hycon/workspace/ros2_study/pkg_cpp/install/pkg_test_cpp_msg/share/pkg_test_cpp_msg/msg/CmdAndPoseVel.msg\n'}
[0.376930] (pkg_test_cpp_msg) StdoutLine: {'line': b'-- Up-to-date: /home/hycon/workspace/ros2_study/pkg_cpp/install/pkg_test_cpp_msg/share/pkg_test_cpp_msg/srv/MultiSpawn.srv\n'}
[0.376989] (pkg_test_cpp_msg) StdoutLine: {'line': b'-- Up-to-date: /home/hycon/workspace/ros2_study/pkg_cpp/install/pkg_test_cpp_msg/share/pkg_test_cpp_msg/srv/MultiSpawn_Request.msg\n'}
[0.377026] (pkg_test_cpp_msg) StdoutLine: {'line': b'-- Up-to-date: /home/hycon/workspace/ros2_study/pkg_cpp/install/pkg_test_cpp_msg/share/pkg_test_cpp_msg/srv/MultiSpawn_Response.msg\n'}
[0.377058] (pkg_test_cpp_msg) StdoutLine: {'line': b'-- Up-to-date: /home/hycon/workspace/ros2_study/pkg_cpp/install/pkg_test_cpp_msg/share/ament_index/resource_index/package_run_dependencies/pkg_test_cpp_msg\n'}
[0.377090] (pkg_test_cpp_msg) StdoutLine: {'line': b'-- Up-to-date: /home/hycon/workspace/ros2_study/pkg_cpp/install/pkg_test_cpp_msg/share/ament_index/resource_index/parent_prefix_path/pkg_test_cpp_msg\n'}
[0.377122] (pkg_test_cpp_msg) StdoutLine: {'line': b'-- Up-to-date: /home/hycon/workspace/ros2_study/pkg_cpp/install/pkg_test_cpp_msg/share/pkg_test_cpp_msg/environment/ament_prefix_path.sh\n'}
[0.377170] (pkg_test_cpp_msg) StdoutLine: {'line': b'-- Up-to-date: /home/hycon/workspace/ros2_study/pkg_cpp/install/pkg_test_cpp_msg/share/pkg_test_cpp_msg/environment/ament_prefix_path.dsv\n'}
[0.377235] (pkg_test_cpp_msg) StdoutLine: {'line': b'-- Up-to-date: /home/hycon/workspace/ros2_study/pkg_cpp/install/pkg_test_cpp_msg/share/pkg_test_cpp_msg/environment/path.sh\n'}
[0.377267] (pkg_test_cpp_msg) StdoutLine: {'line': b'-- Up-to-date: /home/hycon/workspace/ros2_study/pkg_cpp/install/pkg_test_cpp_msg/share/pkg_test_cpp_msg/environment/path.dsv\n'}
[0.377299] (pkg_test_cpp_msg) StdoutLine: {'line': b'-- Up-to-date: /home/hycon/workspace/ros2_study/pkg_cpp/install/pkg_test_cpp_msg/share/pkg_test_cpp_msg/local_setup.bash\n'}
[0.377330] (pkg_test_cpp_msg) StdoutLine: {'line': b'-- Up-to-date: /home/hycon/workspace/ros2_study/pkg_cpp/install/pkg_test_cpp_msg/share/pkg_test_cpp_msg/local_setup.sh\n'}
[0.377360] (pkg_test_cpp_msg) StdoutLine: {'line': b'-- Up-to-date: /home/hycon/workspace/ros2_study/pkg_cpp/install/pkg_test_cpp_msg/share/pkg_test_cpp_msg/local_setup.zsh\n'}
[0.377392] (pkg_test_cpp_msg) StdoutLine: {'line': b'-- Up-to-date: /home/hycon/workspace/ros2_study/pkg_cpp/install/pkg_test_cpp_msg/share/pkg_test_cpp_msg/local_setup.dsv\n'}
[0.377435] (pkg_test_cpp_msg) StdoutLine: {'line': b'-- Installing: /home/hycon/workspace/ros2_study/pkg_cpp/install/pkg_test_cpp_msg/share/pkg_test_cpp_msg/package.dsv\n'}
[0.377509] (pkg_test_cpp_msg) StdoutLine: {'line': b'-- Up-to-date: /home/hycon/workspace/ros2_study/pkg_cpp/install/pkg_test_cpp_msg/share/ament_index/resource_index/packages/pkg_test_cpp_msg\n'}
[0.377629] (pkg_test_cpp_msg) StdoutLine: {'line': b'-- Up-to-date: /home/hycon/workspace/ros2_study/pkg_cpp/install/pkg_test_cpp_msg/share/pkg_test_cpp_msg/cmake/export_pkg_test_cpp_msg__rosidl_generator_cExport.cmake\n'}
[0.377683] (pkg_test_cpp_msg) StdoutLine: {'line': b'-- Up-to-date: /home/hycon/workspace/ros2_study/pkg_cpp/install/pkg_test_cpp_msg/share/pkg_test_cpp_msg/cmake/export_pkg_test_cpp_msg__rosidl_generator_cExport-noconfig.cmake\n'}
[0.377791] (pkg_test_cpp_msg) StdoutLine: {'line': b'-- Up-to-date: /home/hycon/workspace/ros2_study/pkg_cpp/install/pkg_test_cpp_msg/share/pkg_test_cpp_msg/cmake/export_pkg_test_cpp_msg__rosidl_typesupport_fastrtps_cExport.cmake\n'}
[0.377841] (pkg_test_cpp_msg) StdoutLine: {'line': b'-- Up-to-date: /home/hycon/workspace/ros2_study/pkg_cpp/install/pkg_test_cpp_msg/share/pkg_test_cpp_msg/cmake/export_pkg_test_cpp_msg__rosidl_typesupport_fastrtps_cExport-noconfig.cmake\n'}
[0.377940] (pkg_test_cpp_msg) StdoutLine: {'line': b'-- Up-to-date: /home/hycon/workspace/ros2_study/pkg_cpp/install/pkg_test_cpp_msg/share/pkg_test_cpp_msg/cmake/pkg_test_cpp_msg__rosidl_typesupport_introspection_cExport.cmake\n'}
[0.377987] (pkg_test_cpp_msg) StdoutLine: {'line': b'-- Up-to-date: /home/hycon/workspace/ros2_study/pkg_cpp/install/pkg_test_cpp_msg/share/pkg_test_cpp_msg/cmake/pkg_test_cpp_msg__rosidl_typesupport_introspection_cExport-noconfig.cmake\n'}
[0.378086] (pkg_test_cpp_msg) StdoutLine: {'line': b'-- Up-to-date: /home/hycon/workspace/ros2_study/pkg_cpp/install/pkg_test_cpp_msg/share/pkg_test_cpp_msg/cmake/pkg_test_cpp_msg__rosidl_typesupport_cExport.cmake\n'}
[0.378132] (pkg_test_cpp_msg) StdoutLine: {'line': b'-- Up-to-date: /home/hycon/workspace/ros2_study/pkg_cpp/install/pkg_test_cpp_msg/share/pkg_test_cpp_msg/cmake/pkg_test_cpp_msg__rosidl_typesupport_cExport-noconfig.cmake\n'}
[0.378225] (pkg_test_cpp_msg) StdoutLine: {'line': b'-- Up-to-date: /home/hycon/workspace/ros2_study/pkg_cpp/install/pkg_test_cpp_msg/share/pkg_test_cpp_msg/cmake/export_pkg_test_cpp_msg__rosidl_generator_cppExport.cmake\n'}
[0.378318] (pkg_test_cpp_msg) StdoutLine: {'line': b'-- Up-to-date: /home/hycon/workspace/ros2_study/pkg_cpp/install/pkg_test_cpp_msg/share/pkg_test_cpp_msg/cmake/export_pkg_test_cpp_msg__rosidl_typesupport_fastrtps_cppExport.cmake\n'}
[0.378370] (pkg_test_cpp_msg) StdoutLine: {'line': b'-- Up-to-date: /home/hycon/workspace/ros2_study/pkg_cpp/install/pkg_test_cpp_msg/share/pkg_test_cpp_msg/cmake/export_pkg_test_cpp_msg__rosidl_typesupport_fastrtps_cppExport-noconfig.cmake\n'}
[0.378470] (pkg_test_cpp_msg) StdoutLine: {'line': b'-- Up-to-date: /home/hycon/workspace/ros2_study/pkg_cpp/install/pkg_test_cpp_msg/share/pkg_test_cpp_msg/cmake/pkg_test_cpp_msg__rosidl_typesupport_introspection_cppExport.cmake\n'}
[0.378522] (pkg_test_cpp_msg) StdoutLine: {'line': b'-- Up-to-date: /home/hycon/workspace/ros2_study/pkg_cpp/install/pkg_test_cpp_msg/share/pkg_test_cpp_msg/cmake/pkg_test_cpp_msg__rosidl_typesupport_introspection_cppExport-noconfig.cmake\n'}
[0.378618] (pkg_test_cpp_msg) StdoutLine: {'line': b'-- Up-to-date: /home/hycon/workspace/ros2_study/pkg_cpp/install/pkg_test_cpp_msg/share/pkg_test_cpp_msg/cmake/pkg_test_cpp_msg__rosidl_typesupport_cppExport.cmake\n'}
[0.378670] (pkg_test_cpp_msg) StdoutLine: {'line': b'-- Up-to-date: /home/hycon/workspace/ros2_study/pkg_cpp/install/pkg_test_cpp_msg/share/pkg_test_cpp_msg/cmake/pkg_test_cpp_msg__rosidl_typesupport_cppExport-noconfig.cmake\n'}
[0.378767] (pkg_test_cpp_msg) StdoutLine: {'line': b'-- Up-to-date: /home/hycon/workspace/ros2_study/pkg_cpp/install/pkg_test_cpp_msg/share/pkg_test_cpp_msg/cmake/export_pkg_test_cpp_msg__rosidl_generator_pyExport.cmake\n'}
[0.378815] (pkg_test_cpp_msg) StdoutLine: {'line': b'-- Up-to-date: /home/hycon/workspace/ros2_study/pkg_cpp/install/pkg_test_cpp_msg/share/pkg_test_cpp_msg/cmake/export_pkg_test_cpp_msg__rosidl_generator_pyExport-noconfig.cmake\n'}
[0.378862] (pkg_test_cpp_msg) StdoutLine: {'line': b'-- Up-to-date: /home/hycon/workspace/ros2_study/pkg_cpp/install/pkg_test_cpp_msg/share/pkg_test_cpp_msg/cmake/rosidl_cmake-extras.cmake\n'}
[0.378915] (pkg_test_cpp_msg) StdoutLine: {'line': b'-- Up-to-date: /home/hycon/workspace/ros2_study/pkg_cpp/install/pkg_test_cpp_msg/share/pkg_test_cpp_msg/cmake/ament_cmake_export_include_directories-extras.cmake\n'}
[0.378963] (pkg_test_cpp_msg) StdoutLine: {'line': b'-- Up-to-date: /home/hycon/workspace/ros2_study/pkg_cpp/install/pkg_test_cpp_msg/share/pkg_test_cpp_msg/cmake/ament_cmake_export_libraries-extras.cmake\n'}
[0.379010] (pkg_test_cpp_msg) StdoutLine: {'line': b'-- Up-to-date: /home/hycon/workspace/ros2_study/pkg_cpp/install/pkg_test_cpp_msg/share/pkg_test_cpp_msg/cmake/ament_cmake_export_targets-extras.cmake\n'}
[0.379059] (pkg_test_cpp_msg) StdoutLine: {'line': b'-- Up-to-date: /home/hycon/workspace/ros2_study/pkg_cpp/install/pkg_test_cpp_msg/share/pkg_test_cpp_msg/cmake/rosidl_cmake_export_typesupport_targets-extras.cmake\n'}
[0.379106] (pkg_test_cpp_msg) StdoutLine: {'line': b'-- Up-to-date: /home/hycon/workspace/ros2_study/pkg_cpp/install/pkg_test_cpp_msg/share/pkg_test_cpp_msg/cmake/ament_cmake_export_dependencies-extras.cmake\n'}
[0.379154] (pkg_test_cpp_msg) StdoutLine: {'line': b'-- Up-to-date: /home/hycon/workspace/ros2_study/pkg_cpp/install/pkg_test_cpp_msg/share/pkg_test_cpp_msg/cmake/rosidl_cmake_export_typesupport_libraries-extras.cmake\n'}
[0.379213] (pkg_test_cpp_msg) StdoutLine: {'line': b'-- Up-to-date: /home/hycon/workspace/ros2_study/pkg_cpp/install/pkg_test_cpp_msg/share/pkg_test_cpp_msg/cmake/pkg_test_cpp_msgConfig.cmake\n'}
[0.379259] (pkg_test_cpp_msg) StdoutLine: {'line': b'-- Up-to-date: /home/hycon/workspace/ros2_study/pkg_cpp/install/pkg_test_cpp_msg/share/pkg_test_cpp_msg/cmake/pkg_test_cpp_msgConfig-version.cmake\n'}
[0.379309] (pkg_test_cpp_msg) StdoutLine: {'line': b'-- Up-to-date: /home/hycon/workspace/ros2_study/pkg_cpp/install/pkg_test_cpp_msg/share/pkg_test_cpp_msg/package.xml\n'}
[0.382171] (pkg_test_cpp_msg) CommandEnded: {'returncode': 0}
[0.395811] (pkg_test_cpp_msg) JobEnded: {'identifier': 'pkg_test_cpp_msg', 'rc': 0}
[0.400107] (-) TimerEvent: {}
[0.500426] (-) TimerEvent: {}
[0.600800] (-) TimerEvent: {}
[0.701257] (-) TimerEvent: {}
[0.801839] (-) TimerEvent: {}
[0.902339] (-) TimerEvent: {}
[1.002718] (-) TimerEvent: {}
[1.094858] (pkg_test_cpp) StderrLine: {'line': b'\x1b[01m\x1b[K/home/hycon/workspace/ros2_study/pkg_cpp/src/pkg_test_cpp/src/turtlesim_service_server.cpp:\x1b[m\x1b[K In member function \xe2\x80\x98\x1b[01m\x1b[Kvoid TurtlesimMultiSpawning::callback_service(std::shared_ptr<pkg_test_cpp_msg::srv::MultiSpawn_Request_<std::allocator<void> > >, std::shared_ptr<pkg_test_cpp_msg::srv::MultiSpawn_Response_<std::allocator<void> > >)\x1b[m\x1b[K\xe2\x80\x99:\n'}
[1.095093] (pkg_test_cpp) StderrLine: {'line': b'\x1b[01m\x1b[K/home/hycon/workspace/ros2_study/pkg_cpp/src/pkg_test_cpp/src/turtlesim_service_server.cpp:32:26:\x1b[m\x1b[K \x1b[01;35m\x1b[Kwarning: \x1b[m\x1b[Kcomparison of integer expressions of different signedness: \xe2\x80\x98\x1b[01m\x1b[Ksize_t\x1b[m\x1b[K\xe2\x80\x99 {aka \xe2\x80\x98\x1b[01m\x1b[Klong unsigned int\x1b[m\x1b[K\xe2\x80\x99} and \xe2\x80\x98\x1b[01m\x1b[Kpkg_test_cpp_msg::srv::MultiSpawn_Request_<std::allocator<void> >::_num_type\x1b[m\x1b[K\xe2\x80\x99 {aka \xe2\x80\x98\x1b[01m\x1b[Klong int\x1b[m\x1b[K\xe2\x80\x99} [\x1b[01;35m\x1b[K\x1b]8;;https://gcc.gnu.org/onlinedocs/gcc/Warning-Options.html#index-Wsign-compare\x07-Wsign-compare\x1b]8;;\x07\x1b[m\x1b[K]\n'}
[1.095195] (pkg_test_cpp) StderrLine: {'line': b'   32 |     for (size_t i = 0; \x1b[01;35m\x1b[Ki < request_->num\x1b[m\x1b[K; ++i) {\n'}
[1.095283] (pkg_test_cpp) StderrLine: {'line': b'      |                        \x1b[01;35m\x1b[K~~^~~~~~~~~~~~~~~\x1b[m\x1b[K\n'}
[1.102889] (-) TimerEvent: {}
[1.105560] (pkg_test_cpp) StderrLine: {'line': b'In file included from \x1b[01m\x1b[K/opt/ros/humble/include/rclcpp/rclcpp/logging.hpp:24\x1b[m\x1b[K,\n'}
[1.105712] (pkg_test_cpp) StderrLine: {'line': b'                 from \x1b[01m\x1b[K/opt/ros/humble/include/rclcpp/rclcpp/client.hpp:40\x1b[m\x1b[K,\n'}
[1.105798] (pkg_test_cpp) StderrLine: {'line': b'                 from \x1b[01m\x1b[K/opt/ros/humble/include/rclcpp/rclcpp/callback_group.hpp:24\x1b[m\x1b[K,\n'}
[1.105888] (pkg_test_cpp) StderrLine: {'line': b'                 from \x1b[01m\x1b[K/opt/ros/humble/include/rclcpp/rclcpp/node.hpp:40\x1b[m\x1b[K,\n'}
[1.105965] (pkg_test_cpp) StderrLine: {'line': b'                 from \x1b[01m\x1b[K/home/hycon/workspace/ros2_study/pkg_cpp/src/pkg_test_cpp/include/pkg_test_cpp/turtlesim_service_server.hpp:4\x1b[m\x1b[K,\n'}
[1.106042] (pkg_test_cpp) StderrLine: {'line': b'                 from \x1b[01m\x1b[K/home/hycon/workspace/ros2_study/pkg_cpp/src/pkg_test_cpp/src/turtlesim_service_server.cpp:1\x1b[m\x1b[K:\n'}
[1.106116] (pkg_test_cpp) StderrLine: {'line': b'\x1b[01m\x1b[K/home/hycon/workspace/ros2_study/pkg_cpp/src/pkg_test_cpp/src/turtlesim_service_server.cpp:52:60:\x1b[m\x1b[K \x1b[01;31m\x1b[Kerror: \x1b[m\x1b[K\xe2\x80\x98\x1b[01m\x1b[Krequest\x1b[m\x1b[K\xe2\x80\x99 was not declared in this scope; did you mean \xe2\x80\x98\x1b[01m\x1b[Krequest_\x1b[m\x1b[K\xe2\x80\x99?\n'}
[1.106194] (pkg_test_cpp) StderrLine: {'line': b'   52 |     RCLCPP_INFO(this->get_logger(), "Spawned %d turtles.", \x1b[01;31m\x1b[Krequest\x1b[m\x1b[K->num);\n'}
[1.106269] (pkg_test_cpp) StderrLine: {'line': b'      |                                                            \x1b[01;31m\x1b[K^~~~~~~\x1b[m\x1b[K\n'}
[1.203016] (-) TimerEvent: {}
[1.303367] (-) TimerEvent: {}
[1.403706] (-) TimerEvent: {}
[1.504057] (-) TimerEvent: {}
[1.604489] (-) TimerEvent: {}
[1.704797] (-) TimerEvent: {}
[1.718254] (pkg_test_cpp) StderrLine: {'line': b'gmake[2]: *** [CMakeFiles/turtlesim_service_server.dir/build.make:90: CMakeFiles/turtlesim_service_server.dir/src/turtlesim_service_server.cpp.o] Error 1\n'}
[1.718580] (pkg_test_cpp) StderrLine: {'line': b'gmake[1]: *** [CMakeFiles/Makefile2:221: CMakeFiles/turtlesim_service_server.dir/all] Error 2\n'}
[1.718706] (pkg_test_cpp) StderrLine: {'line': b'gmake: *** [Makefile:146: all] Error 2\n'}
[1.720755] (pkg_test_cpp) CommandEnded: {'returncode': 2}
[1.726843] (pkg_test_cpp) JobEnded: {'identifier': 'pkg_test_cpp', 'rc': 2}
[1.737374] (-) EventReactorShutdown: {}
