[0.000000] (-) TimerEvent: {}
[0.000590] (pkg_test_cpp) JobQueued: {'identifier': 'pkg_test_cpp', 'dependencies': OrderedDict()}
[0.000690] (pkg_test_cpp_msg) JobQueued: {'identifier': 'pkg_test_cpp_msg', 'dependencies': OrderedDict()}
[0.000723] (pkg_test_cpp) JobStarted: {'identifier': 'pkg_test_cpp'}
[0.004189] (pkg_test_cpp_msg) JobStarted: {'identifier': 'pkg_test_cpp_msg'}
[0.006991] (pkg_test_cpp) JobProgress: {'identifier': 'pkg_test_cpp', 'progress': 'cmake'}
[0.007343] (pkg_test_cpp) JobProgress: {'identifier': 'pkg_test_cpp', 'progress': 'build'}
[0.007844] (pkg_test_cpp) Command: {'cmd': ['/usr/bin/cmake', '--build', '/home/hycon/workspace/ros2_study/pkg_cpp/build/pkg_test_cpp', '--', '-j16', '-l16'], 'cwd': '/home/hycon/workspace/ros2_study/pkg_cpp/build/pkg_test_cpp', 'env': OrderedDict([('LESSOPEN', '| /usr/bin/lesspipe %s'), ('LANGUAGE', 'en'), ('USER', 'hycon'), ('LC_TIME', 'ko_KR.UTF-8'), ('XDG_SESSION_TYPE', 'wayland'), ('GIT_ASKPASS', '/usr/share/code/resources/app/extensions/git/dist/askpass.sh'), ('SHLVL', '2'), ('LD_LIBRARY_PATH', '/home/hycon/workspace/ros2_study/pkg_cpp/install/pkg_test_cpp_msg/lib:/opt/ros/humble/opt/rviz_ogre_vendor/lib:/opt/ros/humble/lib/x86_64-linux-gnu:/opt/ros/humble/lib'), ('HOME', '/home/hycon'), ('CHROME_DESKTOP', 'code.desktop'), ('OLDPWD', '/home/hycon'), ('TERM_PROGRAM_VERSION', '1.97.1'), ('DESKTOP_SESSION', 'ubuntu'), ('DEBUGPY_ADAPTER_ENDPOINTS', '/home/hycon/.vscode/extensions/ms-python.debugpy-2025.0.1-linux-x64/.noConfigDebugAdapterEndpoints/endpoint-8e50f911d0d2098a.txt'), ('ROS_PYTHON_VERSION', '3'), ('GNOME_SHELL_SESSION_MODE', 'ubuntu'), ('GTK_MODULES', 'gail:atk-bridge'), ('VSCODE_GIT_ASKPASS_MAIN', '/usr/share/code/resources/app/extensions/git/dist/askpass-main.js'), ('LC_MONETARY', 'ko_KR.UTF-8'), ('VSCODE_GIT_ASKPASS_NODE', '/usr/share/code/code'), ('MANAGERPID', '999'), ('PYDEVD_DISABLE_FILE_VALIDATION', '1'), ('SYSTEMD_EXEC_PID', '1455'), ('BUNDLED_DEBUGPY_PATH', '/home/hycon/.vscode/extensions/ms-python.debugpy-2025.0.1-linux-x64/bundled/libs/debugpy'), ('DBUS_SESSION_BUS_ADDRESS', 'unix:path=/run/user/1000/bus'), ('COLORTERM', 'truecolor'), ('TERMINATOR_DBUS_NAME', 'net.tenshu.Terminator25ef4b219e3b005583550f2b0f9f990c3'), ('GIO_LAUNCHED_DESKTOP_FILE_PID', '1890'), ('IM_CONFIG_PHASE', '1'), ('WAYLAND_DISPLAY', 'wayland-0'), ('COLCON_PREFIX_PATH', '/home/hycon/workspace/ros2_study/pkg_cpp/install'), ('ROS_DISTRO', 'humble'), ('LOGNAME', 'hycon'), ('JOURNAL_STREAM', '8:14532'), ('_', '/usr/bin/colcon'), ('ROS_VERSION', '2'), ('XDG_SESSION_CLASS', 'user'), ('USERNAME', 'hycon'), ('TERM', 'xterm-256color'), ('GNOME_DESKTOP_SESSION_ID', 'this-is-deprecated'), ('ROS_LOCALHOST_ONLY', '0'), ('PATH', '/opt/ros/humble/bin:/home/hycon/.local/bin:/usr/local/sbin:/usr/local/bin:/usr/sbin:/usr/bin:/sbin:/bin:/usr/games:/usr/local/games:/snap/bin:/snap/bin:/home/hycon/.vscode/extensions/ms-python.debugpy-2025.0.1-linux-x64/bundled/scripts/noConfigScripts'), ('SESSION_MANAGER', 'local/hycon:@/tmp/.ICE-unix/1189,unix/hycon:/tmp/.ICE-unix/1189'), ('INVOCATION_ID', '800bec59ad42435cad9c33ffe001c5e6'), ('PAPERSIZE', 'a4'), ('XDG_MENU_PREFIX', 'gnome-'), ('LC_ADDRESS', 'ko_KR.UTF-8'), ('GNOME_SETUP_DISPLAY', ':1'), ('XDG_RUNTIME_DIR', '/run/user/1000'), ('GDK_BACKEND', 'x11'), ('DISPLAY', ':0'), ('TERMINATOR_DBUS_PATH', '/net/tenshu/Terminator2'), ('LANG', 'en_US.UTF-8'), ('XDG_CURRENT_DESKTOP', 'Unity'), ('IBUS_DISABLE_SNOOPER', '1'), ('LC_TELEPHONE', 'ko_KR.UTF-8'), ('XMODIFIERS', '@im=ibus'), ('XDG_SESSION_DESKTOP', 'ubuntu'), ('XAUTHORITY', '/run/user/1000/.mutter-Xwaylandauth.PHL712'), ('LS_COLORS', 'rs=0:di=01;34:ln=01;36:mh=00:pi=40;33:so=01;35:do=01;35:bd=40;33;01:cd=40;33;01:or=40;31;01:mi=00:su=37;41:sg=30;43:ca=30;41:tw=30;42:ow=34;42:st=37;44:ex=01;32:*.tar=01;31:*.tgz=01;31:*.arc=01;31:*.arj=01;31:*.taz=01;31:*.lha=01;31:*.lz4=01;31:*.lzh=01;31:*.lzma=01;31:*.tlz=01;31:*.txz=01;31:*.tzo=01;31:*.t7z=01;31:*.zip=01;31:*.z=01;31:*.dz=01;31:*.gz=01;31:*.lrz=01;31:*.lz=01;31:*.lzo=01;31:*.xz=01;31:*.zst=01;31:*.tzst=01;31:*.bz2=01;31:*.bz=01;31:*.tbz=01;31:*.tbz2=01;31:*.tz=01;31:*.deb=01;31:*.rpm=01;31:*.jar=01;31:*.war=01;31:*.ear=01;31:*.sar=01;31:*.rar=01;31:*.alz=01;31:*.ace=01;31:*.zoo=01;31:*.cpio=01;31:*.7z=01;31:*.rz=01;31:*.cab=01;31:*.wim=01;31:*.swm=01;31:*.dwm=01;31:*.esd=01;31:*.jpg=01;35:*.jpeg=01;35:*.mjpg=01;35:*.mjpeg=01;35:*.gif=01;35:*.bmp=01;35:*.pbm=01;35:*.pgm=01;35:*.ppm=01;35:*.tga=01;35:*.xbm=01;35:*.xpm=01;35:*.tif=01;35:*.tiff=01;35:*.png=01;35:*.svg=01;35:*.svgz=01;35:*.mng=01;35:*.pcx=01;35:*.mov=01;35:*.mpg=01;35:*.mpeg=01;35:*.m2v=01;35:*.mkv=01;35:*.webm=01;35:*.webp=01;35:*.ogm=01;35:*.mp4=01;35:*.m4v=01;35:*.mp4v=01;35:*.vob=01;35:*.qt=01;35:*.nuv=01;35:*.wmv=01;35:*.asf=01;35:*.rm=01;35:*.rmvb=01;35:*.flc=01;35:*.avi=01;35:*.fli=01;35:*.flv=01;35:*.gl=01;35:*.dl=01;35:*.xcf=01;35:*.xwd=01;35:*.yuv=01;35:*.cgm=01;35:*.emf=01;35:*.ogv=01;35:*.ogx=01;35:*.aac=00;36:*.au=00;36:*.flac=00;36:*.m4a=00;36:*.mid=00;36:*.midi=00;36:*.mka=00;36:*.mp3=00;36:*.mpc=00;36:*.ogg=00;36:*.ra=00;36:*.wav=00;36:*.oga=00;36:*.opus=00;36:*.spx=00;36:*.xspf=00;36:'), ('VSCODE_GIT_IPC_HANDLE', '/run/user/1000/vscode-git-2e607cfef9.sock'), ('TERM_PROGRAM', 'vscode'), ('SSH_AGENT_LAUNCHER', 'gnome-keyring'), ('SSH_AUTH_SOCK', '/run/user/1000/keyring/ssh'), ('ROS_DOMAIN_ID', '99'), ('AMENT_PREFIX_PATH', '/home/hycon/workspace/ros2_study/pkg_cpp/install/pkg_test_cpp_msg:/home/hycon/workspace/ros2_study/pkg_cpp/install/pkg_test_cpp:/opt/ros/humble'), ('ORIGINAL_XDG_CURRENT_DESKTOP', 'ubuntu:GNOME'), ('SHELL', '/bin/bash'), ('LC_NAME', 'ko_KR.UTF-8'), ('TERMINATOR_UUID', 'urn:uuid:8e944f54-8cde-45ee-a182-bd5657f3ab50'), ('QT_ACCESSIBILITY', '1'), ('GDMSESSION', 'ubuntu'), ('LESSCLOSE', '/usr/bin/lesspipe %s %s'), ('LC_MEASUREMENT', 'ko_KR.UTF-8'), ('LC_IDENTIFICATION', 'ko_KR.UTF-8'), ('VSCODE_GIT_ASKPASS_EXTRA_ARGS', ''), ('QT_IM_MODULE', 'ibus'), ('PWD', '/home/hycon/workspace/ros2_study/pkg_cpp/build/pkg_test_cpp'), ('LC_ALL', 'en_US.UTF-8'), ('XDG_CONFIG_DIRS', '/etc/xdg/xdg-ubuntu:/etc/xdg'), ('XDG_DATA_DIRS', '/usr/share/ubuntu:/usr/local/share/:/usr/share/:/var/lib/snapd/desktop'), ('PYTHONPATH', '/home/hycon/workspace/ros2_study/pkg_cpp/install/pkg_test_cpp_msg/local/lib/python3.10/dist-packages:/opt/ros/humble/lib/python3.10/site-packages:/opt/ros/humble/local/lib/python3.10/dist-packages'), ('LC_NUMERIC', 'ko_KR.UTF-8'), ('LC_PAPER', 'ko_KR.UTF-8'), ('COLCON', '1'), ('VTE_VERSION', '6800'), ('CMAKE_PREFIX_PATH', '/home/hycon/workspace/ros2_study/pkg_cpp/install/pkg_test_cpp_msg:/home/hycon/workspace/ros2_study/pkg_cpp/install/pkg_test_cpp:/opt/ros/humble')]), 'shell': False}
[0.010351] (pkg_test_cpp_msg) JobProgress: {'identifier': 'pkg_test_cpp_msg', 'progress': 'cmake'}
[0.010665] (pkg_test_cpp_msg) JobProgress: {'identifier': 'pkg_test_cpp_msg', 'progress': 'build'}
[0.011307] (pkg_test_cpp_msg) Command: {'cmd': ['/usr/bin/cmake', '--build', '/home/hycon/workspace/ros2_study/pkg_cpp/build/pkg_test_cpp_msg', '--', '-j16', '-l16'], 'cwd': '/home/hycon/workspace/ros2_study/pkg_cpp/build/pkg_test_cpp_msg', 'env': OrderedDict([('LESSOPEN', '| /usr/bin/lesspipe %s'), ('LANGUAGE', 'en'), ('USER', 'hycon'), ('LC_TIME', 'ko_KR.UTF-8'), ('XDG_SESSION_TYPE', 'wayland'), ('GIT_ASKPASS', '/usr/share/code/resources/app/extensions/git/dist/askpass.sh'), ('SHLVL', '2'), ('LD_LIBRARY_PATH', '/home/hycon/workspace/ros2_study/pkg_cpp/install/pkg_test_cpp_msg/lib:/opt/ros/humble/opt/rviz_ogre_vendor/lib:/opt/ros/humble/lib/x86_64-linux-gnu:/opt/ros/humble/lib'), ('HOME', '/home/hycon'), ('CHROME_DESKTOP', 'code.desktop'), ('OLDPWD', '/home/hycon'), ('TERM_PROGRAM_VERSION', '1.97.1'), ('DESKTOP_SESSION', 'ubuntu'), ('DEBUGPY_ADAPTER_ENDPOINTS', '/home/hycon/.vscode/extensions/ms-python.debugpy-2025.0.1-linux-x64/.noConfigDebugAdapterEndpoints/endpoint-8e50f911d0d2098a.txt'), ('ROS_PYTHON_VERSION', '3'), ('GNOME_SHELL_SESSION_MODE', 'ubuntu'), ('GTK_MODULES', 'gail:atk-bridge'), ('VSCODE_GIT_ASKPASS_MAIN', '/usr/share/code/resources/app/extensions/git/dist/askpass-main.js'), ('LC_MONETARY', 'ko_KR.UTF-8'), ('VSCODE_GIT_ASKPASS_NODE', '/usr/share/code/code'), ('MANAGERPID', '999'), ('PYDEVD_DISABLE_FILE_VALIDATION', '1'), ('SYSTEMD_EXEC_PID', '1455'), ('BUNDLED_DEBUGPY_PATH', '/home/hycon/.vscode/extensions/ms-python.debugpy-2025.0.1-linux-x64/bundled/libs/debugpy'), ('DBUS_SESSION_BUS_ADDRESS', 'unix:path=/run/user/1000/bus'), ('COLORTERM', 'truecolor'), ('TERMINATOR_DBUS_NAME', 'net.tenshu.Terminator25ef4b219e3b005583550f2b0f9f990c3'), ('GIO_LAUNCHED_DESKTOP_FILE_PID', '1890'), ('IM_CONFIG_PHASE', '1'), ('WAYLAND_DISPLAY', 'wayland-0'), ('COLCON_PREFIX_PATH', '/home/hycon/workspace/ros2_study/pkg_cpp/install'), ('ROS_DISTRO', 'humble'), ('LOGNAME', 'hycon'), ('JOURNAL_STREAM', '8:14532'), ('_', '/usr/bin/colcon'), ('ROS_VERSION', '2'), ('XDG_SESSION_CLASS', 'user'), ('USERNAME', 'hycon'), ('TERM', 'xterm-256color'), ('GNOME_DESKTOP_SESSION_ID', 'this-is-deprecated'), ('ROS_LOCALHOST_ONLY', '0'), ('PATH', '/opt/ros/humble/bin:/home/hycon/.local/bin:/usr/local/sbin:/usr/local/bin:/usr/sbin:/usr/bin:/sbin:/bin:/usr/games:/usr/local/games:/snap/bin:/snap/bin:/home/hycon/.vscode/extensions/ms-python.debugpy-2025.0.1-linux-x64/bundled/scripts/noConfigScripts'), ('SESSION_MANAGER', 'local/hycon:@/tmp/.ICE-unix/1189,unix/hycon:/tmp/.ICE-unix/1189'), ('INVOCATION_ID', '800bec59ad42435cad9c33ffe001c5e6'), ('PAPERSIZE', 'a4'), ('XDG_MENU_PREFIX', 'gnome-'), ('LC_ADDRESS', 'ko_KR.UTF-8'), ('GNOME_SETUP_DISPLAY', ':1'), ('XDG_RUNTIME_DIR', '/run/user/1000'), ('GDK_BACKEND', 'x11'), ('DISPLAY', ':0'), ('TERMINATOR_DBUS_PATH', '/net/tenshu/Terminator2'), ('LANG', 'en_US.UTF-8'), ('XDG_CURRENT_DESKTOP', 'Unity'), ('IBUS_DISABLE_SNOOPER', '1'), ('LC_TELEPHONE', 'ko_KR.UTF-8'), ('XMODIFIERS', '@im=ibus'), ('XDG_SESSION_DESKTOP', 'ubuntu'), ('XAUTHORITY', '/run/user/1000/.mutter-Xwaylandauth.PHL712'), ('LS_COLORS', 'rs=0:di=01;34:ln=01;36:mh=00:pi=40;33:so=01;35:do=01;35:bd=40;33;01:cd=40;33;01:or=40;31;01:mi=00:su=37;41:sg=30;43:ca=30;41:tw=30;42:ow=34;42:st=37;44:ex=01;32:*.tar=01;31:*.tgz=01;31:*.arc=01;31:*.arj=01;31:*.taz=01;31:*.lha=01;31:*.lz4=01;31:*.lzh=01;31:*.lzma=01;31:*.tlz=01;31:*.txz=01;31:*.tzo=01;31:*.t7z=01;31:*.zip=01;31:*.z=01;31:*.dz=01;31:*.gz=01;31:*.lrz=01;31:*.lz=01;31:*.lzo=01;31:*.xz=01;31:*.zst=01;31:*.tzst=01;31:*.bz2=01;31:*.bz=01;31:*.tbz=01;31:*.tbz2=01;31:*.tz=01;31:*.deb=01;31:*.rpm=01;31:*.jar=01;31:*.war=01;31:*.ear=01;31:*.sar=01;31:*.rar=01;31:*.alz=01;31:*.ace=01;31:*.zoo=01;31:*.cpio=01;31:*.7z=01;31:*.rz=01;31:*.cab=01;31:*.wim=01;31:*.swm=01;31:*.dwm=01;31:*.esd=01;31:*.jpg=01;35:*.jpeg=01;35:*.mjpg=01;35:*.mjpeg=01;35:*.gif=01;35:*.bmp=01;35:*.pbm=01;35:*.pgm=01;35:*.ppm=01;35:*.tga=01;35:*.xbm=01;35:*.xpm=01;35:*.tif=01;35:*.tiff=01;35:*.png=01;35:*.svg=01;35:*.svgz=01;35:*.mng=01;35:*.pcx=01;35:*.mov=01;35:*.mpg=01;35:*.mpeg=01;35:*.m2v=01;35:*.mkv=01;35:*.webm=01;35:*.webp=01;35:*.ogm=01;35:*.mp4=01;35:*.m4v=01;35:*.mp4v=01;35:*.vob=01;35:*.qt=01;35:*.nuv=01;35:*.wmv=01;35:*.asf=01;35:*.rm=01;35:*.rmvb=01;35:*.flc=01;35:*.avi=01;35:*.fli=01;35:*.flv=01;35:*.gl=01;35:*.dl=01;35:*.xcf=01;35:*.xwd=01;35:*.yuv=01;35:*.cgm=01;35:*.emf=01;35:*.ogv=01;35:*.ogx=01;35:*.aac=00;36:*.au=00;36:*.flac=00;36:*.m4a=00;36:*.mid=00;36:*.midi=00;36:*.mka=00;36:*.mp3=00;36:*.mpc=00;36:*.ogg=00;36:*.ra=00;36:*.wav=00;36:*.oga=00;36:*.opus=00;36:*.spx=00;36:*.xspf=00;36:'), ('VSCODE_GIT_IPC_HANDLE', '/run/user/1000/vscode-git-2e607cfef9.sock'), ('TERM_PROGRAM', 'vscode'), ('SSH_AGENT_LAUNCHER', 'gnome-keyring'), ('SSH_AUTH_SOCK', '/run/user/1000/keyring/ssh'), ('ROS_DOMAIN_ID', '99'), ('AMENT_PREFIX_PATH', '/home/hycon/workspace/ros2_study/pkg_cpp/install/pkg_test_cpp_msg:/home/hycon/workspace/ros2_study/pkg_cpp/install/pkg_test_cpp:/opt/ros/humble'), ('ORIGINAL_XDG_CURRENT_DESKTOP', 'ubuntu:GNOME'), ('SHELL', '/bin/bash'), ('LC_NAME', 'ko_KR.UTF-8'), ('TERMINATOR_UUID', 'urn:uuid:8e944f54-8cde-45ee-a182-bd5657f3ab50'), ('QT_ACCESSIBILITY', '1'), ('GDMSESSION', 'ubuntu'), ('LESSCLOSE', '/usr/bin/lesspipe %s %s'), ('LC_MEASUREMENT', 'ko_KR.UTF-8'), ('LC_IDENTIFICATION', 'ko_KR.UTF-8'), ('VSCODE_GIT_ASKPASS_EXTRA_ARGS', ''), ('QT_IM_MODULE', 'ibus'), ('PWD', '/home/hycon/workspace/ros2_study/pkg_cpp/build/pkg_test_cpp_msg'), ('LC_ALL', 'en_US.UTF-8'), ('XDG_CONFIG_DIRS', '/etc/xdg/xdg-ubuntu:/etc/xdg'), ('XDG_DATA_DIRS', '/usr/share/ubuntu:/usr/local/share/:/usr/share/:/var/lib/snapd/desktop'), ('PYTHONPATH', '/home/hycon/workspace/ros2_study/pkg_cpp/install/pkg_test_cpp_msg/local/lib/python3.10/dist-packages:/opt/ros/humble/lib/python3.10/site-packages:/opt/ros/humble/local/lib/python3.10/dist-packages'), ('LC_NUMERIC', 'ko_KR.UTF-8'), ('LC_PAPER', 'ko_KR.UTF-8'), ('COLCON', '1'), ('VTE_VERSION', '6800'), ('CMAKE_PREFIX_PATH', '/home/hycon/workspace/ros2_study/pkg_cpp/install/pkg_test_cpp_msg:/home/hycon/workspace/ros2_study/pkg_cpp/install/pkg_test_cpp:/opt/ros/humble')]), 'shell': False}
[0.072792] (pkg_test_cpp) StdoutLine: {'line': b'\x1b[35m\x1b[1mConsolidate compiler generated dependencies of target turtlesim_service_server\x1b[0m\n'}
[0.087690] (pkg_test_cpp) StdoutLine: {'line': b'[ 25%] Built target turtlesim_subscriber\n'}
[0.090374] (pkg_test_cpp_msg) StdoutLine: {'line': b'[  2%] Built target pkg_test_cpp_msg__cpp\n'}
[0.091557] (pkg_test_cpp) StdoutLine: {'line': b'[ 50%] Built target turtlesim_publisher\n'}
[0.092157] (pkg_test_cpp) StdoutLine: {'line': b'[ 75%] Built target turtlesim_cmd_and_pose\n'}
[0.093517] (pkg_test_cpp_msg) StdoutLine: {'line': b'[ 12%] Built target pkg_test_cpp_msg__rosidl_generator_c\n'}
[0.098955] (pkg_test_cpp_msg) StdoutLine: {'line': b'[ 12%] Built target ament_cmake_python_copy_pkg_test_cpp_msg\n'}
[0.099847] (-) TimerEvent: {}
[0.116173] (pkg_test_cpp) StdoutLine: {'line': b'[ 83%] \x1b[32mBuilding CXX object CMakeFiles/turtlesim_service_server.dir/src/turtlesim_service_server.cpp.o\x1b[0m\n'}
[0.116852] (pkg_test_cpp_msg) StdoutLine: {'line': b'[ 23%] Built target pkg_test_cpp_msg__rosidl_typesupport_cpp\n'}
[0.117738] (pkg_test_cpp_msg) StdoutLine: {'line': b'[ 33%] Built target pkg_test_cpp_msg__rosidl_typesupport_c\n'}
[0.122819] (pkg_test_cpp_msg) StdoutLine: {'line': b'[ 43%] Built target pkg_test_cpp_msg__rosidl_typesupport_fastrtps_c\n'}
[0.125102] (pkg_test_cpp_msg) StdoutLine: {'line': b'[ 53%] Built target pkg_test_cpp_msg__rosidl_typesupport_introspection_cpp\n'}
[0.126321] (pkg_test_cpp_msg) StdoutLine: {'line': b'[ 74%] Built target pkg_test_cpp_msg__rosidl_typesupport_fastrtps_cpp\n'}
[0.126413] (pkg_test_cpp_msg) StdoutLine: {'line': b'[ 74%] Built target pkg_test_cpp_msg__rosidl_typesupport_introspection_c\n'}
[0.142045] (pkg_test_cpp_msg) StdoutLine: {'line': b'[ 74%] Built target pkg_test_cpp_msg\n'}
[0.160563] (pkg_test_cpp_msg) StdoutLine: {'line': b'[ 76%] Built target pkg_test_cpp_msg__py\n'}
[0.181785] (pkg_test_cpp_msg) StdoutLine: {'line': b'[ 84%] Built target pkg_test_cpp_msg__rosidl_generator_py\n'}
[0.199993] (-) TimerEvent: {}
[0.204111] (pkg_test_cpp_msg) StdoutLine: {'line': b'[ 89%] Built target pkg_test_cpp_msg__rosidl_typesupport_c__pyext\n'}
[0.204325] (pkg_test_cpp_msg) StdoutLine: {'line': b'[ 94%] Built target pkg_test_cpp_msg__rosidl_typesupport_introspection_c__pyext\n'}
[0.204524] (pkg_test_cpp_msg) StdoutLine: {'line': b'[100%] Built target pkg_test_cpp_msg__rosidl_typesupport_fastrtps_c__pyext\n'}
[0.300054] (-) TimerEvent: {}
[0.307216] (pkg_test_cpp_msg) StdoutLine: {'line': b'running egg_info\n'}
[0.307726] (pkg_test_cpp_msg) StdoutLine: {'line': b'writing pkg_test_cpp_msg.egg-info/PKG-INFO\n'}
[0.307771] (pkg_test_cpp_msg) StdoutLine: {'line': b'writing dependency_links to pkg_test_cpp_msg.egg-info/dependency_links.txt\n'}
[0.307846] (pkg_test_cpp_msg) StdoutLine: {'line': b'writing top-level names to pkg_test_cpp_msg.egg-info/top_level.txt\n'}
[0.309392] (pkg_test_cpp_msg) StdoutLine: {'line': b"reading manifest file 'pkg_test_cpp_msg.egg-info/SOURCES.txt'\n"}
[0.309676] (pkg_test_cpp_msg) StdoutLine: {'line': b"writing manifest file 'pkg_test_cpp_msg.egg-info/SOURCES.txt'\n"}
[0.333144] (pkg_test_cpp_msg) StdoutLine: {'line': b'[100%] Built target ament_cmake_python_build_pkg_test_cpp_msg_egg\n'}
[0.345314] (pkg_test_cpp_msg) CommandEnded: {'returncode': 0}
[0.346186] (pkg_test_cpp_msg) JobProgress: {'identifier': 'pkg_test_cpp_msg', 'progress': 'install'}
[0.353151] (pkg_test_cpp_msg) Command: {'cmd': ['/usr/bin/cmake', '--install', '/home/hycon/workspace/ros2_study/pkg_cpp/build/pkg_test_cpp_msg'], 'cwd': '/home/hycon/workspace/ros2_study/pkg_cpp/build/pkg_test_cpp_msg', 'env': OrderedDict([('LESSOPEN', '| /usr/bin/lesspipe %s'), ('LANGUAGE', 'en'), ('USER', 'hycon'), ('LC_TIME', 'ko_KR.UTF-8'), ('XDG_SESSION_TYPE', 'wayland'), ('GIT_ASKPASS', '/usr/share/code/resources/app/extensions/git/dist/askpass.sh'), ('SHLVL', '2'), ('LD_LIBRARY_PATH', '/home/hycon/workspace/ros2_study/pkg_cpp/install/pkg_test_cpp_msg/lib:/opt/ros/humble/opt/rviz_ogre_vendor/lib:/opt/ros/humble/lib/x86_64-linux-gnu:/opt/ros/humble/lib'), ('HOME', '/home/hycon'), ('CHROME_DESKTOP', 'code.desktop'), ('OLDPWD', '/home/hycon'), ('TERM_PROGRAM_VERSION', '1.97.1'), ('DESKTOP_SESSION', 'ubuntu'), ('DEBUGPY_ADAPTER_ENDPOINTS', '/home/hycon/.vscode/extensions/ms-python.debugpy-2025.0.1-linux-x64/.noConfigDebugAdapterEndpoints/endpoint-8e50f911d0d2098a.txt'), ('ROS_PYTHON_VERSION', '3'), ('GNOME_SHELL_SESSION_MODE', 'ubuntu'), ('GTK_MODULES', 'gail:atk-bridge'), ('VSCODE_GIT_ASKPASS_MAIN', '/usr/share/code/resources/app/extensions/git/dist/askpass-main.js'), ('LC_MONETARY', 'ko_KR.UTF-8'), ('VSCODE_GIT_ASKPASS_NODE', '/usr/share/code/code'), ('MANAGERPID', '999'), ('PYDEVD_DISABLE_FILE_VALIDATION', '1'), ('SYSTEMD_EXEC_PID', '1455'), ('BUNDLED_DEBUGPY_PATH', '/home/hycon/.vscode/extensions/ms-python.debugpy-2025.0.1-linux-x64/bundled/libs/debugpy'), ('DBUS_SESSION_BUS_ADDRESS', 'unix:path=/run/user/1000/bus'), ('COLORTERM', 'truecolor'), ('TERMINATOR_DBUS_NAME', 'net.tenshu.Terminator25ef4b219e3b005583550f2b0f9f990c3'), ('GIO_LAUNCHED_DESKTOP_FILE_PID', '1890'), ('IM_CONFIG_PHASE', '1'), ('WAYLAND_DISPLAY', 'wayland-0'), ('COLCON_PREFIX_PATH', '/home/hycon/workspace/ros2_study/pkg_cpp/install'), ('ROS_DISTRO', 'humble'), ('LOGNAME', 'hycon'), ('JOURNAL_STREAM', '8:14532'), ('_', '/usr/bin/colcon'), ('ROS_VERSION', '2'), ('XDG_SESSION_CLASS', 'user'), ('USERNAME', 'hycon'), ('TERM', 'xterm-256color'), ('GNOME_DESKTOP_SESSION_ID', 'this-is-deprecated'), ('ROS_LOCALHOST_ONLY', '0'), ('PATH', '/opt/ros/humble/bin:/home/hycon/.local/bin:/usr/local/sbin:/usr/local/bin:/usr/sbin:/usr/bin:/sbin:/bin:/usr/games:/usr/local/games:/snap/bin:/snap/bin:/home/hycon/.vscode/extensions/ms-python.debugpy-2025.0.1-linux-x64/bundled/scripts/noConfigScripts'), ('SESSION_MANAGER', 'local/hycon:@/tmp/.ICE-unix/1189,unix/hycon:/tmp/.ICE-unix/1189'), ('INVOCATION_ID', '800bec59ad42435cad9c33ffe001c5e6'), ('PAPERSIZE', 'a4'), ('XDG_MENU_PREFIX', 'gnome-'), ('LC_ADDRESS', 'ko_KR.UTF-8'), ('GNOME_SETUP_DISPLAY', ':1'), ('XDG_RUNTIME_DIR', '/run/user/1000'), ('GDK_BACKEND', 'x11'), ('DISPLAY', ':0'), ('TERMINATOR_DBUS_PATH', '/net/tenshu/Terminator2'), ('LANG', 'en_US.UTF-8'), ('XDG_CURRENT_DESKTOP', 'Unity'), ('IBUS_DISABLE_SNOOPER', '1'), ('LC_TELEPHONE', 'ko_KR.UTF-8'), ('XMODIFIERS', '@im=ibus'), ('XDG_SESSION_DESKTOP', 'ubuntu'), ('XAUTHORITY', '/run/user/1000/.mutter-Xwaylandauth.PHL712'), ('LS_COLORS', 'rs=0:di=01;34:ln=01;36:mh=00:pi=40;33:so=01;35:do=01;35:bd=40;33;01:cd=40;33;01:or=40;31;01:mi=00:su=37;41:sg=30;43:ca=30;41:tw=30;42:ow=34;42:st=37;44:ex=01;32:*.tar=01;31:*.tgz=01;31:*.arc=01;31:*.arj=01;31:*.taz=01;31:*.lha=01;31:*.lz4=01;31:*.lzh=01;31:*.lzma=01;31:*.tlz=01;31:*.txz=01;31:*.tzo=01;31:*.t7z=01;31:*.zip=01;31:*.z=01;31:*.dz=01;31:*.gz=01;31:*.lrz=01;31:*.lz=01;31:*.lzo=01;31:*.xz=01;31:*.zst=01;31:*.tzst=01;31:*.bz2=01;31:*.bz=01;31:*.tbz=01;31:*.tbz2=01;31:*.tz=01;31:*.deb=01;31:*.rpm=01;31:*.jar=01;31:*.war=01;31:*.ear=01;31:*.sar=01;31:*.rar=01;31:*.alz=01;31:*.ace=01;31:*.zoo=01;31:*.cpio=01;31:*.7z=01;31:*.rz=01;31:*.cab=01;31:*.wim=01;31:*.swm=01;31:*.dwm=01;31:*.esd=01;31:*.jpg=01;35:*.jpeg=01;35:*.mjpg=01;35:*.mjpeg=01;35:*.gif=01;35:*.bmp=01;35:*.pbm=01;35:*.pgm=01;35:*.ppm=01;35:*.tga=01;35:*.xbm=01;35:*.xpm=01;35:*.tif=01;35:*.tiff=01;35:*.png=01;35:*.svg=01;35:*.svgz=01;35:*.mng=01;35:*.pcx=01;35:*.mov=01;35:*.mpg=01;35:*.mpeg=01;35:*.m2v=01;35:*.mkv=01;35:*.webm=01;35:*.webp=01;35:*.ogm=01;35:*.mp4=01;35:*.m4v=01;35:*.mp4v=01;35:*.vob=01;35:*.qt=01;35:*.nuv=01;35:*.wmv=01;35:*.asf=01;35:*.rm=01;35:*.rmvb=01;35:*.flc=01;35:*.avi=01;35:*.fli=01;35:*.flv=01;35:*.gl=01;35:*.dl=01;35:*.xcf=01;35:*.xwd=01;35:*.yuv=01;35:*.cgm=01;35:*.emf=01;35:*.ogv=01;35:*.ogx=01;35:*.aac=00;36:*.au=00;36:*.flac=00;36:*.m4a=00;36:*.mid=00;36:*.midi=00;36:*.mka=00;36:*.mp3=00;36:*.mpc=00;36:*.ogg=00;36:*.ra=00;36:*.wav=00;36:*.oga=00;36:*.opus=00;36:*.spx=00;36:*.xspf=00;36:'), ('VSCODE_GIT_IPC_HANDLE', '/run/user/1000/vscode-git-2e607cfef9.sock'), ('TERM_PROGRAM', 'vscode'), ('SSH_AGENT_LAUNCHER', 'gnome-keyring'), ('SSH_AUTH_SOCK', '/run/user/1000/keyring/ssh'), ('ROS_DOMAIN_ID', '99'), ('AMENT_PREFIX_PATH', '/home/hycon/workspace/ros2_study/pkg_cpp/install/pkg_test_cpp_msg:/home/hycon/workspace/ros2_study/pkg_cpp/install/pkg_test_cpp:/opt/ros/humble'), ('ORIGINAL_XDG_CURRENT_DESKTOP', 'ubuntu:GNOME'), ('SHELL', '/bin/bash'), ('LC_NAME', 'ko_KR.UTF-8'), ('TERMINATOR_UUID', 'urn:uuid:8e944f54-8cde-45ee-a182-bd5657f3ab50'), ('QT_ACCESSIBILITY', '1'), ('GDMSESSION', 'ubuntu'), ('LESSCLOSE', '/usr/bin/lesspipe %s %s'), ('LC_MEASUREMENT', 'ko_KR.UTF-8'), ('LC_IDENTIFICATION', 'ko_KR.UTF-8'), ('VSCODE_GIT_ASKPASS_EXTRA_ARGS', ''), ('QT_IM_MODULE', 'ibus'), ('PWD', '/home/hycon/workspace/ros2_study/pkg_cpp/build/pkg_test_cpp_msg'), ('LC_ALL', 'en_US.UTF-8'), ('XDG_CONFIG_DIRS', '/etc/xdg/xdg-ubuntu:/etc/xdg'), ('XDG_DATA_DIRS', '/usr/share/ubuntu:/usr/local/share/:/usr/share/:/var/lib/snapd/desktop'), ('PYTHONPATH', '/home/hycon/workspace/ros2_study/pkg_cpp/install/pkg_test_cpp_msg/local/lib/python3.10/dist-packages:/opt/ros/humble/lib/python3.10/site-packages:/opt/ros/humble/local/lib/python3.10/dist-packages'), ('LC_NUMERIC', 'ko_KR.UTF-8'), ('LC_PAPER', 'ko_KR.UTF-8'), ('COLCON', '1'), ('VTE_VERSION', '6800'), ('CMAKE_PREFIX_PATH', '/home/hycon/workspace/ros2_study/pkg_cpp/install/pkg_test_cpp_msg:/home/hycon/workspace/ros2_study/pkg_cpp/install/pkg_test_cpp:/opt/ros/humble')]), 'shell': False}
[0.363308] (pkg_test_cpp_msg) StdoutLine: {'line': b'-- Install configuration: ""\n'}
[0.363651] (pkg_test_cpp_msg) StdoutLine: {'line': b'-- Up-to-date: /home/hycon/workspace/ros2_study/pkg_cpp/install/pkg_test_cpp_msg/share/ament_index/resource_index/rosidl_interfaces/pkg_test_cpp_msg\n'}
[0.363762] (pkg_test_cpp_msg) StdoutLine: {'line': b'-- Up-to-date: /home/hycon/workspace/ros2_study/pkg_cpp/install/pkg_test_cpp_msg/include/pkg_test_cpp_msg/pkg_test_cpp_msg\n'}
[0.363865] (pkg_test_cpp_msg) StdoutLine: {'line': b'-- Up-to-date: /home/hycon/workspace/ros2_study/pkg_cpp/install/pkg_test_cpp_msg/include/pkg_test_cpp_msg/pkg_test_cpp_msg/msg\n'}
[0.363952] (pkg_test_cpp_msg) StdoutLine: {'line': b'-- Up-to-date: /home/hycon/workspace/ros2_study/pkg_cpp/install/pkg_test_cpp_msg/include/pkg_test_cpp_msg/pkg_test_cpp_msg/msg/detail\n'}
[0.364035] (pkg_test_cpp_msg) StdoutLine: {'line': b'-- Up-to-date: /home/hycon/workspace/ros2_study/pkg_cpp/install/pkg_test_cpp_msg/include/pkg_test_cpp_msg/pkg_test_cpp_msg/msg/detail/cmd_and_pose_vel__functions.c\n'}
[0.364163] (pkg_test_cpp_msg) StdoutLine: {'line': b'-- Up-to-date: /home/hycon/workspace/ros2_study/pkg_cpp/install/pkg_test_cpp_msg/include/pkg_test_cpp_msg/pkg_test_cpp_msg/msg/detail/cmd_and_pose_vel__functions.h\n'}
[0.364338] (pkg_test_cpp_msg) StdoutLine: {'line': b'-- Up-to-date: /home/hycon/workspace/ros2_study/pkg_cpp/install/pkg_test_cpp_msg/include/pkg_test_cpp_msg/pkg_test_cpp_msg/msg/detail/cmd_and_pose_vel__type_support.h\n'}
[0.364419] (pkg_test_cpp_msg) StdoutLine: {'line': b'-- Up-to-date: /home/hycon/workspace/ros2_study/pkg_cpp/install/pkg_test_cpp_msg/include/pkg_test_cpp_msg/pkg_test_cpp_msg/msg/detail/cmd_and_pose_vel__struct.h\n'}
[0.364499] (pkg_test_cpp_msg) StdoutLine: {'line': b'-- Up-to-date: /home/hycon/workspace/ros2_study/pkg_cpp/install/pkg_test_cpp_msg/include/pkg_test_cpp_msg/pkg_test_cpp_msg/msg/rosidl_generator_c__visibility_control.h\n'}
[0.364578] (pkg_test_cpp_msg) StdoutLine: {'line': b'-- Up-to-date: /home/hycon/workspace/ros2_study/pkg_cpp/install/pkg_test_cpp_msg/include/pkg_test_cpp_msg/pkg_test_cpp_msg/msg/cmd_and_pose_vel.h\n'}
[0.364673] (pkg_test_cpp_msg) StdoutLine: {'line': b'-- Up-to-date: /home/hycon/workspace/ros2_study/pkg_cpp/install/pkg_test_cpp_msg/include/pkg_test_cpp_msg/pkg_test_cpp_msg/srv\n'}
[0.364753] (pkg_test_cpp_msg) StdoutLine: {'line': b'-- Up-to-date: /home/hycon/workspace/ros2_study/pkg_cpp/install/pkg_test_cpp_msg/include/pkg_test_cpp_msg/pkg_test_cpp_msg/srv/detail\n'}
[0.364977] (pkg_test_cpp_msg) StdoutLine: {'line': b'-- Up-to-date: /home/hycon/workspace/ros2_study/pkg_cpp/install/pkg_test_cpp_msg/include/pkg_test_cpp_msg/pkg_test_cpp_msg/srv/detail/multi_spawn__functions.h\n'}
[0.365069] (pkg_test_cpp_msg) StdoutLine: {'line': b'-- Up-to-date: /home/hycon/workspace/ros2_study/pkg_cpp/install/pkg_test_cpp_msg/include/pkg_test_cpp_msg/pkg_test_cpp_msg/srv/detail/multi_spawn__type_support.h\n'}
[0.365177] (pkg_test_cpp_msg) StdoutLine: {'line': b'-- Up-to-date: /home/hycon/workspace/ros2_study/pkg_cpp/install/pkg_test_cpp_msg/include/pkg_test_cpp_msg/pkg_test_cpp_msg/srv/detail/multi_spawn__functions.c\n'}
[0.365258] (pkg_test_cpp_msg) StdoutLine: {'line': b'-- Up-to-date: /home/hycon/workspace/ros2_study/pkg_cpp/install/pkg_test_cpp_msg/include/pkg_test_cpp_msg/pkg_test_cpp_msg/srv/detail/multi_spawn__struct.h\n'}
[0.365337] (pkg_test_cpp_msg) StdoutLine: {'line': b'-- Up-to-date: /home/hycon/workspace/ros2_study/pkg_cpp/install/pkg_test_cpp_msg/include/pkg_test_cpp_msg/pkg_test_cpp_msg/srv/multi_spawn.h\n'}
[0.365416] (pkg_test_cpp_msg) StdoutLine: {'line': b'-- Up-to-date: /home/hycon/workspace/ros2_study/pkg_cpp/install/pkg_test_cpp_msg/share/pkg_test_cpp_msg/environment/library_path.sh\n'}
[0.365494] (pkg_test_cpp_msg) StdoutLine: {'line': b'-- Up-to-date: /home/hycon/workspace/ros2_study/pkg_cpp/install/pkg_test_cpp_msg/share/pkg_test_cpp_msg/environment/library_path.dsv\n'}
[0.365621] (pkg_test_cpp_msg) StdoutLine: {'line': b'-- Up-to-date: /home/hycon/workspace/ros2_study/pkg_cpp/install/pkg_test_cpp_msg/lib/libpkg_test_cpp_msg__rosidl_generator_c.so\n'}
[0.365700] (pkg_test_cpp_msg) StdoutLine: {'line': b'-- Up-to-date: /home/hycon/workspace/ros2_study/pkg_cpp/install/pkg_test_cpp_msg/include/pkg_test_cpp_msg/pkg_test_cpp_msg\n'}
[0.365779] (pkg_test_cpp_msg) StdoutLine: {'line': b'-- Up-to-date: /home/hycon/workspace/ros2_study/pkg_cpp/install/pkg_test_cpp_msg/include/pkg_test_cpp_msg/pkg_test_cpp_msg/msg\n'}
[0.365857] (pkg_test_cpp_msg) StdoutLine: {'line': b'-- Up-to-date: /home/hycon/workspace/ros2_study/pkg_cpp/install/pkg_test_cpp_msg/include/pkg_test_cpp_msg/pkg_test_cpp_msg/msg/detail\n'}
[0.365935] (pkg_test_cpp_msg) StdoutLine: {'line': b'-- Up-to-date: /home/hycon/workspace/ros2_study/pkg_cpp/install/pkg_test_cpp_msg/include/pkg_test_cpp_msg/pkg_test_cpp_msg/msg/detail/cmd_and_pose_vel__rosidl_typesupport_fastrtps_c.h\n'}
[0.366013] (pkg_test_cpp_msg) StdoutLine: {'line': b'-- Up-to-date: /home/hycon/workspace/ros2_study/pkg_cpp/install/pkg_test_cpp_msg/include/pkg_test_cpp_msg/pkg_test_cpp_msg/msg/rosidl_typesupport_fastrtps_c__visibility_control.h\n'}
[0.366218] (pkg_test_cpp_msg) StdoutLine: {'line': b'-- Up-to-date: /home/hycon/workspace/ros2_study/pkg_cpp/install/pkg_test_cpp_msg/include/pkg_test_cpp_msg/pkg_test_cpp_msg/srv\n'}
[0.366469] (pkg_test_cpp_msg) StdoutLine: {'line': b'-- Up-to-date: /home/hycon/workspace/ros2_study/pkg_cpp/install/pkg_test_cpp_msg/include/pkg_test_cpp_msg/pkg_test_cpp_msg/srv/detail\n'}
[0.366576] (pkg_test_cpp_msg) StdoutLine: {'line': b'-- Up-to-date: /home/hycon/workspace/ros2_study/pkg_cpp/install/pkg_test_cpp_msg/include/pkg_test_cpp_msg/pkg_test_cpp_msg/srv/detail/multi_spawn__rosidl_typesupport_fastrtps_c.h\n'}
[0.366671] (pkg_test_cpp_msg) StdoutLine: {'line': b'-- Up-to-date: /home/hycon/workspace/ros2_study/pkg_cpp/install/pkg_test_cpp_msg/lib/libpkg_test_cpp_msg__rosidl_typesupport_fastrtps_c.so\n'}
[0.366763] (pkg_test_cpp_msg) StdoutLine: {'line': b'-- Up-to-date: /home/hycon/workspace/ros2_study/pkg_cpp/install/pkg_test_cpp_msg/include/pkg_test_cpp_msg/pkg_test_cpp_msg\n'}
[0.366863] (pkg_test_cpp_msg) StdoutLine: {'line': b'-- Up-to-date: /home/hycon/workspace/ros2_study/pkg_cpp/install/pkg_test_cpp_msg/include/pkg_test_cpp_msg/pkg_test_cpp_msg/msg\n'}
[0.366952] (pkg_test_cpp_msg) StdoutLine: {'line': b'-- Up-to-date: /home/hycon/workspace/ros2_study/pkg_cpp/install/pkg_test_cpp_msg/include/pkg_test_cpp_msg/pkg_test_cpp_msg/msg/detail\n'}
[0.367038] (pkg_test_cpp_msg) StdoutLine: {'line': b'-- Up-to-date: /home/hycon/workspace/ros2_study/pkg_cpp/install/pkg_test_cpp_msg/include/pkg_test_cpp_msg/pkg_test_cpp_msg/msg/detail/cmd_and_pose_vel__rosidl_typesupport_introspection_c.h\n'}
[0.367140] (pkg_test_cpp_msg) StdoutLine: {'line': b'-- Up-to-date: /home/hycon/workspace/ros2_study/pkg_cpp/install/pkg_test_cpp_msg/include/pkg_test_cpp_msg/pkg_test_cpp_msg/msg/detail/cmd_and_pose_vel__type_support.c\n'}
[0.367229] (pkg_test_cpp_msg) StdoutLine: {'line': b'-- Up-to-date: /home/hycon/workspace/ros2_study/pkg_cpp/install/pkg_test_cpp_msg/include/pkg_test_cpp_msg/pkg_test_cpp_msg/msg/rosidl_typesupport_introspection_c__visibility_control.h\n'}
[0.367316] (pkg_test_cpp_msg) StdoutLine: {'line': b'-- Up-to-date: /home/hycon/workspace/ros2_study/pkg_cpp/install/pkg_test_cpp_msg/include/pkg_test_cpp_msg/pkg_test_cpp_msg/srv\n'}
[0.367402] (pkg_test_cpp_msg) StdoutLine: {'line': b'-- Up-to-date: /home/hycon/workspace/ros2_study/pkg_cpp/install/pkg_test_cpp_msg/include/pkg_test_cpp_msg/pkg_test_cpp_msg/srv/detail\n'}
[0.367487] (pkg_test_cpp_msg) StdoutLine: {'line': b'-- Up-to-date: /home/hycon/workspace/ros2_study/pkg_cpp/install/pkg_test_cpp_msg/include/pkg_test_cpp_msg/pkg_test_cpp_msg/srv/detail/multi_spawn__rosidl_typesupport_introspection_c.h\n'}
[0.367578] (pkg_test_cpp_msg) StdoutLine: {'line': b'-- Up-to-date: /home/hycon/workspace/ros2_study/pkg_cpp/install/pkg_test_cpp_msg/include/pkg_test_cpp_msg/pkg_test_cpp_msg/srv/detail/multi_spawn__type_support.c\n'}
[0.367665] (pkg_test_cpp_msg) StdoutLine: {'line': b'-- Up-to-date: /home/hycon/workspace/ros2_study/pkg_cpp/install/pkg_test_cpp_msg/lib/libpkg_test_cpp_msg__rosidl_typesupport_introspection_c.so\n'}
[0.367753] (pkg_test_cpp_msg) StdoutLine: {'line': b'-- Up-to-date: /home/hycon/workspace/ros2_study/pkg_cpp/install/pkg_test_cpp_msg/lib/libpkg_test_cpp_msg__rosidl_typesupport_c.so\n'}
[0.367840] (pkg_test_cpp_msg) StdoutLine: {'line': b'-- Up-to-date: /home/hycon/workspace/ros2_study/pkg_cpp/install/pkg_test_cpp_msg/include/pkg_test_cpp_msg/pkg_test_cpp_msg\n'}
[0.367930] (pkg_test_cpp_msg) StdoutLine: {'line': b'-- Up-to-date: /home/hycon/workspace/ros2_study/pkg_cpp/install/pkg_test_cpp_msg/include/pkg_test_cpp_msg/pkg_test_cpp_msg/msg\n'}
[0.368018] (pkg_test_cpp_msg) StdoutLine: {'line': b'-- Up-to-date: /home/hycon/workspace/ros2_study/pkg_cpp/install/pkg_test_cpp_msg/include/pkg_test_cpp_msg/pkg_test_cpp_msg/msg/rosidl_generator_cpp__visibility_control.hpp\n'}
[0.368116] (pkg_test_cpp_msg) StdoutLine: {'line': b'-- Up-to-date: /home/hycon/workspace/ros2_study/pkg_cpp/install/pkg_test_cpp_msg/include/pkg_test_cpp_msg/pkg_test_cpp_msg/msg/detail\n'}
[0.368202] (pkg_test_cpp_msg) StdoutLine: {'line': b'-- Up-to-date: /home/hycon/workspace/ros2_study/pkg_cpp/install/pkg_test_cpp_msg/include/pkg_test_cpp_msg/pkg_test_cpp_msg/msg/detail/cmd_and_pose_vel__builder.hpp\n'}
[0.368287] (pkg_test_cpp_msg) StdoutLine: {'line': b'-- Up-to-date: /home/hycon/workspace/ros2_study/pkg_cpp/install/pkg_test_cpp_msg/include/pkg_test_cpp_msg/pkg_test_cpp_msg/msg/detail/cmd_and_pose_vel__traits.hpp\n'}
[0.368382] (pkg_test_cpp_msg) StdoutLine: {'line': b'-- Up-to-date: /home/hycon/workspace/ros2_study/pkg_cpp/install/pkg_test_cpp_msg/include/pkg_test_cpp_msg/pkg_test_cpp_msg/msg/detail/cmd_and_pose_vel__type_support.hpp\n'}
[0.368472] (pkg_test_cpp_msg) StdoutLine: {'line': b'-- Up-to-date: /home/hycon/workspace/ros2_study/pkg_cpp/install/pkg_test_cpp_msg/include/pkg_test_cpp_msg/pkg_test_cpp_msg/msg/detail/cmd_and_pose_vel__struct.hpp\n'}
[0.368561] (pkg_test_cpp_msg) StdoutLine: {'line': b'-- Up-to-date: /home/hycon/workspace/ros2_study/pkg_cpp/install/pkg_test_cpp_msg/include/pkg_test_cpp_msg/pkg_test_cpp_msg/msg/cmd_and_pose_vel.hpp\n'}
[0.368664] (pkg_test_cpp_msg) StdoutLine: {'line': b'-- Up-to-date: /home/hycon/workspace/ros2_study/pkg_cpp/install/pkg_test_cpp_msg/include/pkg_test_cpp_msg/pkg_test_cpp_msg/srv\n'}
[0.368752] (pkg_test_cpp_msg) StdoutLine: {'line': b'-- Up-to-date: /home/hycon/workspace/ros2_study/pkg_cpp/install/pkg_test_cpp_msg/include/pkg_test_cpp_msg/pkg_test_cpp_msg/srv/detail\n'}
[0.368842] (pkg_test_cpp_msg) StdoutLine: {'line': b'-- Up-to-date: /home/hycon/workspace/ros2_study/pkg_cpp/install/pkg_test_cpp_msg/include/pkg_test_cpp_msg/pkg_test_cpp_msg/srv/detail/multi_spawn__struct.hpp\n'}
[0.368926] (pkg_test_cpp_msg) StdoutLine: {'line': b'-- Up-to-date: /home/hycon/workspace/ros2_study/pkg_cpp/install/pkg_test_cpp_msg/include/pkg_test_cpp_msg/pkg_test_cpp_msg/srv/detail/multi_spawn__type_support.hpp\n'}
[0.369012] (pkg_test_cpp_msg) StdoutLine: {'line': b'-- Up-to-date: /home/hycon/workspace/ros2_study/pkg_cpp/install/pkg_test_cpp_msg/include/pkg_test_cpp_msg/pkg_test_cpp_msg/srv/detail/multi_spawn__traits.hpp\n'}
[0.369120] (pkg_test_cpp_msg) StdoutLine: {'line': b'-- Up-to-date: /home/hycon/workspace/ros2_study/pkg_cpp/install/pkg_test_cpp_msg/include/pkg_test_cpp_msg/pkg_test_cpp_msg/srv/detail/multi_spawn__builder.hpp\n'}
[0.369219] (pkg_test_cpp_msg) StdoutLine: {'line': b'-- Up-to-date: /home/hycon/workspace/ros2_study/pkg_cpp/install/pkg_test_cpp_msg/include/pkg_test_cpp_msg/pkg_test_cpp_msg/srv/multi_spawn.hpp\n'}
[0.369313] (pkg_test_cpp_msg) StdoutLine: {'line': b'-- Up-to-date: /home/hycon/workspace/ros2_study/pkg_cpp/install/pkg_test_cpp_msg/include/pkg_test_cpp_msg/pkg_test_cpp_msg\n'}
[0.369403] (pkg_test_cpp_msg) StdoutLine: {'line': b'-- Up-to-date: /home/hycon/workspace/ros2_study/pkg_cpp/install/pkg_test_cpp_msg/include/pkg_test_cpp_msg/pkg_test_cpp_msg/msg\n'}
[0.369490] (pkg_test_cpp_msg) StdoutLine: {'line': b'-- Up-to-date: /home/hycon/workspace/ros2_study/pkg_cpp/install/pkg_test_cpp_msg/include/pkg_test_cpp_msg/pkg_test_cpp_msg/msg/rosidl_typesupport_fastrtps_cpp__visibility_control.h\n'}
[0.369581] (pkg_test_cpp_msg) StdoutLine: {'line': b'-- Up-to-date: /home/hycon/workspace/ros2_study/pkg_cpp/install/pkg_test_cpp_msg/include/pkg_test_cpp_msg/pkg_test_cpp_msg/msg/detail\n'}
[0.369667] (pkg_test_cpp_msg) StdoutLine: {'line': b'-- Up-to-date: /home/hycon/workspace/ros2_study/pkg_cpp/install/pkg_test_cpp_msg/include/pkg_test_cpp_msg/pkg_test_cpp_msg/msg/detail/dds_fastrtps\n'}
[0.369751] (pkg_test_cpp_msg) StdoutLine: {'line': b'-- Up-to-date: /home/hycon/workspace/ros2_study/pkg_cpp/install/pkg_test_cpp_msg/include/pkg_test_cpp_msg/pkg_test_cpp_msg/msg/detail/cmd_and_pose_vel__rosidl_typesupport_fastrtps_cpp.hpp\n'}
[0.369842] (pkg_test_cpp_msg) StdoutLine: {'line': b'-- Up-to-date: /home/hycon/workspace/ros2_study/pkg_cpp/install/pkg_test_cpp_msg/include/pkg_test_cpp_msg/pkg_test_cpp_msg/srv\n'}
[0.369946] (pkg_test_cpp_msg) StdoutLine: {'line': b'-- Up-to-date: /home/hycon/workspace/ros2_study/pkg_cpp/install/pkg_test_cpp_msg/include/pkg_test_cpp_msg/pkg_test_cpp_msg/srv/detail\n'}
[0.370039] (pkg_test_cpp_msg) StdoutLine: {'line': b'-- Up-to-date: /home/hycon/workspace/ros2_study/pkg_cpp/install/pkg_test_cpp_msg/include/pkg_test_cpp_msg/pkg_test_cpp_msg/srv/detail/dds_fastrtps\n'}
[0.370146] (pkg_test_cpp_msg) StdoutLine: {'line': b'-- Up-to-date: /home/hycon/workspace/ros2_study/pkg_cpp/install/pkg_test_cpp_msg/include/pkg_test_cpp_msg/pkg_test_cpp_msg/srv/detail/multi_spawn__rosidl_typesupport_fastrtps_cpp.hpp\n'}
[0.370244] (pkg_test_cpp_msg) StdoutLine: {'line': b'-- Up-to-date: /home/hycon/workspace/ros2_study/pkg_cpp/install/pkg_test_cpp_msg/lib/libpkg_test_cpp_msg__rosidl_typesupport_fastrtps_cpp.so\n'}
[0.370340] (pkg_test_cpp_msg) StdoutLine: {'line': b'-- Up-to-date: /home/hycon/workspace/ros2_study/pkg_cpp/install/pkg_test_cpp_msg/include/pkg_test_cpp_msg/pkg_test_cpp_msg\n'}
[0.370434] (pkg_test_cpp_msg) StdoutLine: {'line': b'-- Up-to-date: /home/hycon/workspace/ros2_study/pkg_cpp/install/pkg_test_cpp_msg/include/pkg_test_cpp_msg/pkg_test_cpp_msg/msg\n'}
[0.370544] (pkg_test_cpp_msg) StdoutLine: {'line': b'-- Up-to-date: /home/hycon/workspace/ros2_study/pkg_cpp/install/pkg_test_cpp_msg/include/pkg_test_cpp_msg/pkg_test_cpp_msg/msg/detail\n'}
[0.370639] (pkg_test_cpp_msg) StdoutLine: {'line': b'-- Up-to-date: /home/hycon/workspace/ros2_study/pkg_cpp/install/pkg_test_cpp_msg/include/pkg_test_cpp_msg/pkg_test_cpp_msg/msg/detail/cmd_and_pose_vel__type_support.cpp\n'}
[0.370733] (pkg_test_cpp_msg) StdoutLine: {'line': b'-- Up-to-date: /home/hycon/workspace/ros2_study/pkg_cpp/install/pkg_test_cpp_msg/include/pkg_test_cpp_msg/pkg_test_cpp_msg/msg/detail/cmd_and_pose_vel__rosidl_typesupport_introspection_cpp.hpp\n'}
[0.370822] (pkg_test_cpp_msg) StdoutLine: {'line': b'-- Up-to-date: /home/hycon/workspace/ros2_study/pkg_cpp/install/pkg_test_cpp_msg/include/pkg_test_cpp_msg/pkg_test_cpp_msg/srv\n'}
[0.370922] (pkg_test_cpp_msg) StdoutLine: {'line': b'-- Up-to-date: /home/hycon/workspace/ros2_study/pkg_cpp/install/pkg_test_cpp_msg/include/pkg_test_cpp_msg/pkg_test_cpp_msg/srv/detail\n'}
[0.371012] (pkg_test_cpp_msg) StdoutLine: {'line': b'-- Up-to-date: /home/hycon/workspace/ros2_study/pkg_cpp/install/pkg_test_cpp_msg/include/pkg_test_cpp_msg/pkg_test_cpp_msg/srv/detail/multi_spawn__type_support.cpp\n'}
[0.371110] (pkg_test_cpp_msg) StdoutLine: {'line': b'-- Up-to-date: /home/hycon/workspace/ros2_study/pkg_cpp/install/pkg_test_cpp_msg/include/pkg_test_cpp_msg/pkg_test_cpp_msg/srv/detail/multi_spawn__rosidl_typesupport_introspection_cpp.hpp\n'}
[0.371199] (pkg_test_cpp_msg) StdoutLine: {'line': b'-- Up-to-date: /home/hycon/workspace/ros2_study/pkg_cpp/install/pkg_test_cpp_msg/lib/libpkg_test_cpp_msg__rosidl_typesupport_introspection_cpp.so\n'}
[0.371280] (pkg_test_cpp_msg) StdoutLine: {'line': b'-- Up-to-date: /home/hycon/workspace/ros2_study/pkg_cpp/install/pkg_test_cpp_msg/lib/libpkg_test_cpp_msg__rosidl_typesupport_cpp.so\n'}
[0.371367] (pkg_test_cpp_msg) StdoutLine: {'line': b'-- Up-to-date: /home/hycon/workspace/ros2_study/pkg_cpp/install/pkg_test_cpp_msg/share/pkg_test_cpp_msg/environment/pythonpath.sh\n'}
[0.371456] (pkg_test_cpp_msg) StdoutLine: {'line': b'-- Up-to-date: /home/hycon/workspace/ros2_study/pkg_cpp/install/pkg_test_cpp_msg/share/pkg_test_cpp_msg/environment/pythonpath.dsv\n'}
[0.371546] (pkg_test_cpp_msg) StdoutLine: {'line': b'-- Up-to-date: /home/hycon/workspace/ros2_study/pkg_cpp/install/pkg_test_cpp_msg/local/lib/python3.10/dist-packages/pkg_test_cpp_msg-0.0.0-py3.10.egg-info\n'}
[0.371639] (pkg_test_cpp_msg) StdoutLine: {'line': b'-- Installing: /home/hycon/workspace/ros2_study/pkg_cpp/install/pkg_test_cpp_msg/local/lib/python3.10/dist-packages/pkg_test_cpp_msg-0.0.0-py3.10.egg-info/dependency_links.txt\n'}
[0.371731] (pkg_test_cpp_msg) StdoutLine: {'line': b'-- Installing: /home/hycon/workspace/ros2_study/pkg_cpp/install/pkg_test_cpp_msg/local/lib/python3.10/dist-packages/pkg_test_cpp_msg-0.0.0-py3.10.egg-info/SOURCES.txt\n'}
[0.371819] (pkg_test_cpp_msg) StdoutLine: {'line': b'-- Installing: /home/hycon/workspace/ros2_study/pkg_cpp/install/pkg_test_cpp_msg/local/lib/python3.10/dist-packages/pkg_test_cpp_msg-0.0.0-py3.10.egg-info/top_level.txt\n'}
[0.371906] (pkg_test_cpp_msg) StdoutLine: {'line': b'-- Installing: /home/hycon/workspace/ros2_study/pkg_cpp/install/pkg_test_cpp_msg/local/lib/python3.10/dist-packages/pkg_test_cpp_msg-0.0.0-py3.10.egg-info/PKG-INFO\n'}
[0.371991] (pkg_test_cpp_msg) StdoutLine: {'line': b'-- Up-to-date: /home/hycon/workspace/ros2_study/pkg_cpp/install/pkg_test_cpp_msg/local/lib/python3.10/dist-packages/pkg_test_cpp_msg\n'}
[0.372082] (pkg_test_cpp_msg) StdoutLine: {'line': b'-- Up-to-date: /home/hycon/workspace/ros2_study/pkg_cpp/install/pkg_test_cpp_msg/local/lib/python3.10/dist-packages/pkg_test_cpp_msg/libpkg_test_cpp_msg__rosidl_generator_py.so\n'}
[0.372174] (pkg_test_cpp_msg) StdoutLine: {'line': b'-- Up-to-date: /home/hycon/workspace/ros2_study/pkg_cpp/install/pkg_test_cpp_msg/local/lib/python3.10/dist-packages/pkg_test_cpp_msg/pkg_test_cpp_msg_s__rosidl_typesupport_introspection_c.cpython-310-x86_64-linux-gnu.so\n'}
[0.372268] (pkg_test_cpp_msg) StdoutLine: {'line': b'-- Up-to-date: /home/hycon/workspace/ros2_study/pkg_cpp/install/pkg_test_cpp_msg/local/lib/python3.10/dist-packages/pkg_test_cpp_msg/__init__.py\n'}
[0.372351] (pkg_test_cpp_msg) StdoutLine: {'line': b'-- Up-to-date: /home/hycon/workspace/ros2_study/pkg_cpp/install/pkg_test_cpp_msg/local/lib/python3.10/dist-packages/pkg_test_cpp_msg/pkg_test_cpp_msg_s__rosidl_typesupport_fastrtps_c.cpython-310-x86_64-linux-gnu.so\n'}
[0.372434] (pkg_test_cpp_msg) StdoutLine: {'line': b'-- Up-to-date: /home/hycon/workspace/ros2_study/pkg_cpp/install/pkg_test_cpp_msg/local/lib/python3.10/dist-packages/pkg_test_cpp_msg/_pkg_test_cpp_msg_s.ep.rosidl_typesupport_fastrtps_c.c\n'}
[0.372515] (pkg_test_cpp_msg) StdoutLine: {'line': b'-- Up-to-date: /home/hycon/workspace/ros2_study/pkg_cpp/install/pkg_test_cpp_msg/local/lib/python3.10/dist-packages/pkg_test_cpp_msg/_pkg_test_cpp_msg_s.ep.rosidl_typesupport_introspection_c.c\n'}
[0.372596] (pkg_test_cpp_msg) StdoutLine: {'line': b'-- Up-to-date: /home/hycon/workspace/ros2_study/pkg_cpp/install/pkg_test_cpp_msg/local/lib/python3.10/dist-packages/pkg_test_cpp_msg/pkg_test_cpp_msg_s__rosidl_typesupport_c.cpython-310-x86_64-linux-gnu.so\n'}
[0.372678] (pkg_test_cpp_msg) StdoutLine: {'line': b'-- Up-to-date: /home/hycon/workspace/ros2_study/pkg_cpp/install/pkg_test_cpp_msg/local/lib/python3.10/dist-packages/pkg_test_cpp_msg/_pkg_test_cpp_msg_s.ep.rosidl_typesupport_c.c\n'}
[0.372759] (pkg_test_cpp_msg) StdoutLine: {'line': b'-- Up-to-date: /home/hycon/workspace/ros2_study/pkg_cpp/install/pkg_test_cpp_msg/local/lib/python3.10/dist-packages/pkg_test_cpp_msg/msg\n'}
[0.372840] (pkg_test_cpp_msg) StdoutLine: {'line': b'-- Up-to-date: /home/hycon/workspace/ros2_study/pkg_cpp/install/pkg_test_cpp_msg/local/lib/python3.10/dist-packages/pkg_test_cpp_msg/msg/_cmd_and_pose_vel_s.c\n'}
[0.372919] (pkg_test_cpp_msg) StdoutLine: {'line': b'-- Up-to-date: /home/hycon/workspace/ros2_study/pkg_cpp/install/pkg_test_cpp_msg/local/lib/python3.10/dist-packages/pkg_test_cpp_msg/msg/__init__.py\n'}
[0.372998] (pkg_test_cpp_msg) StdoutLine: {'line': b'-- Up-to-date: /home/hycon/workspace/ros2_study/pkg_cpp/install/pkg_test_cpp_msg/local/lib/python3.10/dist-packages/pkg_test_cpp_msg/msg/_cmd_and_pose_vel.py\n'}
[0.373089] (pkg_test_cpp_msg) StdoutLine: {'line': b'-- Up-to-date: /home/hycon/workspace/ros2_study/pkg_cpp/install/pkg_test_cpp_msg/local/lib/python3.10/dist-packages/pkg_test_cpp_msg/srv\n'}
[0.373171] (pkg_test_cpp_msg) StdoutLine: {'line': b'-- Up-to-date: /home/hycon/workspace/ros2_study/pkg_cpp/install/pkg_test_cpp_msg/local/lib/python3.10/dist-packages/pkg_test_cpp_msg/srv/_multi_spawn_s.c\n'}
[0.373249] (pkg_test_cpp_msg) StdoutLine: {'line': b'-- Up-to-date: /home/hycon/workspace/ros2_study/pkg_cpp/install/pkg_test_cpp_msg/local/lib/python3.10/dist-packages/pkg_test_cpp_msg/srv/__init__.py\n'}
[0.373325] (pkg_test_cpp_msg) StdoutLine: {'line': b'-- Up-to-date: /home/hycon/workspace/ros2_study/pkg_cpp/install/pkg_test_cpp_msg/local/lib/python3.10/dist-packages/pkg_test_cpp_msg/srv/_multi_spawn.py\n'}
[0.389011] (pkg_test_cpp_msg) StdoutLine: {'line': b"Listing '/home/hycon/workspace/ros2_study/pkg_cpp/install/pkg_test_cpp_msg/local/lib/python3.10/dist-packages/pkg_test_cpp_msg'...\n"}
[0.389261] (pkg_test_cpp_msg) StdoutLine: {'line': b"Listing '/home/hycon/workspace/ros2_study/pkg_cpp/install/pkg_test_cpp_msg/local/lib/python3.10/dist-packages/pkg_test_cpp_msg/msg'...\n"}
[0.389363] (pkg_test_cpp_msg) StdoutLine: {'line': b"Listing '/home/hycon/workspace/ros2_study/pkg_cpp/install/pkg_test_cpp_msg/local/lib/python3.10/dist-packages/pkg_test_cpp_msg/srv'...\n"}
[0.392580] (pkg_test_cpp_msg) StdoutLine: {'line': b'-- Up-to-date: /home/hycon/workspace/ros2_study/pkg_cpp/install/pkg_test_cpp_msg/local/lib/python3.10/dist-packages/pkg_test_cpp_msg/pkg_test_cpp_msg_s__rosidl_typesupport_fastrtps_c.cpython-310-x86_64-linux-gnu.so\n'}
[0.392861] (pkg_test_cpp_msg) StdoutLine: {'line': b'-- Up-to-date: /home/hycon/workspace/ros2_study/pkg_cpp/install/pkg_test_cpp_msg/local/lib/python3.10/dist-packages/pkg_test_cpp_msg/pkg_test_cpp_msg_s__rosidl_typesupport_introspection_c.cpython-310-x86_64-linux-gnu.so\n'}
[0.393194] (pkg_test_cpp_msg) StdoutLine: {'line': b'-- Up-to-date: /home/hycon/workspace/ros2_study/pkg_cpp/install/pkg_test_cpp_msg/local/lib/python3.10/dist-packages/pkg_test_cpp_msg/pkg_test_cpp_msg_s__rosidl_typesupport_c.cpython-310-x86_64-linux-gnu.so\n'}
[0.393514] (pkg_test_cpp_msg) StdoutLine: {'line': b'-- Up-to-date: /home/hycon/workspace/ros2_study/pkg_cpp/install/pkg_test_cpp_msg/lib/libpkg_test_cpp_msg__rosidl_generator_py.so\n'}
[0.393689] (pkg_test_cpp_msg) StdoutLine: {'line': b'-- Up-to-date: /home/hycon/workspace/ros2_study/pkg_cpp/install/pkg_test_cpp_msg/share/pkg_test_cpp_msg/msg/CmdAndPoseVel.idl\n'}
[0.393806] (pkg_test_cpp_msg) StdoutLine: {'line': b'-- Up-to-date: /home/hycon/workspace/ros2_study/pkg_cpp/install/pkg_test_cpp_msg/share/pkg_test_cpp_msg/srv/MultiSpawn.idl\n'}
[0.393918] (pkg_test_cpp_msg) StdoutLine: {'line': b'-- Up-to-date: /home/hycon/workspace/ros2_study/pkg_cpp/install/pkg_test_cpp_msg/share/pkg_test_cpp_msg/msg/CmdAndPoseVel.msg\n'}
[0.394066] (pkg_test_cpp_msg) StdoutLine: {'line': b'-- Up-to-date: /home/hycon/workspace/ros2_study/pkg_cpp/install/pkg_test_cpp_msg/share/pkg_test_cpp_msg/srv/MultiSpawn.srv\n'}
[0.394191] (pkg_test_cpp_msg) StdoutLine: {'line': b'-- Up-to-date: /home/hycon/workspace/ros2_study/pkg_cpp/install/pkg_test_cpp_msg/share/pkg_test_cpp_msg/srv/MultiSpawn_Request.msg\n'}
[0.394278] (pkg_test_cpp_msg) StdoutLine: {'line': b'-- Up-to-date: /home/hycon/workspace/ros2_study/pkg_cpp/install/pkg_test_cpp_msg/share/pkg_test_cpp_msg/srv/MultiSpawn_Response.msg\n'}
[0.394364] (pkg_test_cpp_msg) StdoutLine: {'line': b'-- Up-to-date: /home/hycon/workspace/ros2_study/pkg_cpp/install/pkg_test_cpp_msg/share/ament_index/resource_index/package_run_dependencies/pkg_test_cpp_msg\n'}
[0.394446] (pkg_test_cpp_msg) StdoutLine: {'line': b'-- Up-to-date: /home/hycon/workspace/ros2_study/pkg_cpp/install/pkg_test_cpp_msg/share/ament_index/resource_index/parent_prefix_path/pkg_test_cpp_msg\n'}
[0.394532] (pkg_test_cpp_msg) StdoutLine: {'line': b'-- Up-to-date: /home/hycon/workspace/ros2_study/pkg_cpp/install/pkg_test_cpp_msg/share/pkg_test_cpp_msg/environment/ament_prefix_path.sh\n'}
[0.394616] (pkg_test_cpp_msg) StdoutLine: {'line': b'-- Up-to-date: /home/hycon/workspace/ros2_study/pkg_cpp/install/pkg_test_cpp_msg/share/pkg_test_cpp_msg/environment/ament_prefix_path.dsv\n'}
[0.394758] (pkg_test_cpp_msg) StdoutLine: {'line': b'-- Up-to-date: /home/hycon/workspace/ros2_study/pkg_cpp/install/pkg_test_cpp_msg/share/pkg_test_cpp_msg/environment/path.sh\n'}
[0.394844] (pkg_test_cpp_msg) StdoutLine: {'line': b'-- Up-to-date: /home/hycon/workspace/ros2_study/pkg_cpp/install/pkg_test_cpp_msg/share/pkg_test_cpp_msg/environment/path.dsv\n'}
[0.394934] (pkg_test_cpp_msg) StdoutLine: {'line': b'-- Up-to-date: /home/hycon/workspace/ros2_study/pkg_cpp/install/pkg_test_cpp_msg/share/pkg_test_cpp_msg/local_setup.bash\n'}
[0.395119] (pkg_test_cpp_msg) StdoutLine: {'line': b'-- Up-to-date: /home/hycon/workspace/ros2_study/pkg_cpp/install/pkg_test_cpp_msg/share/pkg_test_cpp_msg/local_setup.sh\n'}
[0.395241] (pkg_test_cpp_msg) StdoutLine: {'line': b'-- Up-to-date: /home/hycon/workspace/ros2_study/pkg_cpp/install/pkg_test_cpp_msg/share/pkg_test_cpp_msg/local_setup.zsh\n'}
[0.395323] (pkg_test_cpp_msg) StdoutLine: {'line': b'-- Up-to-date: /home/hycon/workspace/ros2_study/pkg_cpp/install/pkg_test_cpp_msg/share/pkg_test_cpp_msg/local_setup.dsv\n'}
[0.395407] (pkg_test_cpp_msg) StdoutLine: {'line': b'-- Installing: /home/hycon/workspace/ros2_study/pkg_cpp/install/pkg_test_cpp_msg/share/pkg_test_cpp_msg/package.dsv\n'}
[0.395490] (pkg_test_cpp_msg) StdoutLine: {'line': b'-- Up-to-date: /home/hycon/workspace/ros2_study/pkg_cpp/install/pkg_test_cpp_msg/share/ament_index/resource_index/packages/pkg_test_cpp_msg\n'}
[0.395625] (pkg_test_cpp_msg) StdoutLine: {'line': b'-- Up-to-date: /home/hycon/workspace/ros2_study/pkg_cpp/install/pkg_test_cpp_msg/share/pkg_test_cpp_msg/cmake/export_pkg_test_cpp_msg__rosidl_generator_cExport.cmake\n'}
[0.395740] (pkg_test_cpp_msg) StdoutLine: {'line': b'-- Up-to-date: /home/hycon/workspace/ros2_study/pkg_cpp/install/pkg_test_cpp_msg/share/pkg_test_cpp_msg/cmake/export_pkg_test_cpp_msg__rosidl_generator_cExport-noconfig.cmake\n'}
[0.395825] (pkg_test_cpp_msg) StdoutLine: {'line': b'-- Up-to-date: /home/hycon/workspace/ros2_study/pkg_cpp/install/pkg_test_cpp_msg/share/pkg_test_cpp_msg/cmake/export_pkg_test_cpp_msg__rosidl_typesupport_fastrtps_cExport.cmake\n'}
[0.395907] (pkg_test_cpp_msg) StdoutLine: {'line': b'-- Up-to-date: /home/hycon/workspace/ros2_study/pkg_cpp/install/pkg_test_cpp_msg/share/pkg_test_cpp_msg/cmake/export_pkg_test_cpp_msg__rosidl_typesupport_fastrtps_cExport-noconfig.cmake\n'}
[0.395989] (pkg_test_cpp_msg) StdoutLine: {'line': b'-- Up-to-date: /home/hycon/workspace/ros2_study/pkg_cpp/install/pkg_test_cpp_msg/share/pkg_test_cpp_msg/cmake/pkg_test_cpp_msg__rosidl_typesupport_introspection_cExport.cmake\n'}
[0.396077] (pkg_test_cpp_msg) StdoutLine: {'line': b'-- Up-to-date: /home/hycon/workspace/ros2_study/pkg_cpp/install/pkg_test_cpp_msg/share/pkg_test_cpp_msg/cmake/pkg_test_cpp_msg__rosidl_typesupport_introspection_cExport-noconfig.cmake\n'}
[0.396232] (pkg_test_cpp_msg) StdoutLine: {'line': b'-- Up-to-date: /home/hycon/workspace/ros2_study/pkg_cpp/install/pkg_test_cpp_msg/share/pkg_test_cpp_msg/cmake/pkg_test_cpp_msg__rosidl_typesupport_cExport.cmake\n'}
[0.396317] (pkg_test_cpp_msg) StdoutLine: {'line': b'-- Up-to-date: /home/hycon/workspace/ros2_study/pkg_cpp/install/pkg_test_cpp_msg/share/pkg_test_cpp_msg/cmake/pkg_test_cpp_msg__rosidl_typesupport_cExport-noconfig.cmake\n'}
[0.396399] (pkg_test_cpp_msg) StdoutLine: {'line': b'-- Up-to-date: /home/hycon/workspace/ros2_study/pkg_cpp/install/pkg_test_cpp_msg/share/pkg_test_cpp_msg/cmake/export_pkg_test_cpp_msg__rosidl_generator_cppExport.cmake\n'}
[0.396482] (pkg_test_cpp_msg) StdoutLine: {'line': b'-- Up-to-date: /home/hycon/workspace/ros2_study/pkg_cpp/install/pkg_test_cpp_msg/share/pkg_test_cpp_msg/cmake/export_pkg_test_cpp_msg__rosidl_typesupport_fastrtps_cppExport.cmake\n'}
[0.396563] (pkg_test_cpp_msg) StdoutLine: {'line': b'-- Up-to-date: /home/hycon/workspace/ros2_study/pkg_cpp/install/pkg_test_cpp_msg/share/pkg_test_cpp_msg/cmake/export_pkg_test_cpp_msg__rosidl_typesupport_fastrtps_cppExport-noconfig.cmake\n'}
[0.396691] (pkg_test_cpp_msg) StdoutLine: {'line': b'-- Up-to-date: /home/hycon/workspace/ros2_study/pkg_cpp/install/pkg_test_cpp_msg/share/pkg_test_cpp_msg/cmake/pkg_test_cpp_msg__rosidl_typesupport_introspection_cppExport.cmake\n'}
[0.396773] (pkg_test_cpp_msg) StdoutLine: {'line': b'-- Up-to-date: /home/hycon/workspace/ros2_study/pkg_cpp/install/pkg_test_cpp_msg/share/pkg_test_cpp_msg/cmake/pkg_test_cpp_msg__rosidl_typesupport_introspection_cppExport-noconfig.cmake\n'}
[0.396851] (pkg_test_cpp_msg) StdoutLine: {'line': b'-- Up-to-date: /home/hycon/workspace/ros2_study/pkg_cpp/install/pkg_test_cpp_msg/share/pkg_test_cpp_msg/cmake/pkg_test_cpp_msg__rosidl_typesupport_cppExport.cmake\n'}
[0.396926] (pkg_test_cpp_msg) StdoutLine: {'line': b'-- Up-to-date: /home/hycon/workspace/ros2_study/pkg_cpp/install/pkg_test_cpp_msg/share/pkg_test_cpp_msg/cmake/pkg_test_cpp_msg__rosidl_typesupport_cppExport-noconfig.cmake\n'}
[0.397004] (pkg_test_cpp_msg) StdoutLine: {'line': b'-- Up-to-date: /home/hycon/workspace/ros2_study/pkg_cpp/install/pkg_test_cpp_msg/share/pkg_test_cpp_msg/cmake/export_pkg_test_cpp_msg__rosidl_generator_pyExport.cmake\n'}
[0.397094] (pkg_test_cpp_msg) StdoutLine: {'line': b'-- Up-to-date: /home/hycon/workspace/ros2_study/pkg_cpp/install/pkg_test_cpp_msg/share/pkg_test_cpp_msg/cmake/export_pkg_test_cpp_msg__rosidl_generator_pyExport-noconfig.cmake\n'}
[0.397200] (pkg_test_cpp_msg) StdoutLine: {'line': b'-- Up-to-date: /home/hycon/workspace/ros2_study/pkg_cpp/install/pkg_test_cpp_msg/share/pkg_test_cpp_msg/cmake/rosidl_cmake-extras.cmake\n'}
[0.397283] (pkg_test_cpp_msg) StdoutLine: {'line': b'-- Up-to-date: /home/hycon/workspace/ros2_study/pkg_cpp/install/pkg_test_cpp_msg/share/pkg_test_cpp_msg/cmake/ament_cmake_export_include_directories-extras.cmake\n'}
[0.397368] (pkg_test_cpp_msg) StdoutLine: {'line': b'-- Up-to-date: /home/hycon/workspace/ros2_study/pkg_cpp/install/pkg_test_cpp_msg/share/pkg_test_cpp_msg/cmake/ament_cmake_export_libraries-extras.cmake\n'}
[0.397445] (pkg_test_cpp_msg) StdoutLine: {'line': b'-- Up-to-date: /home/hycon/workspace/ros2_study/pkg_cpp/install/pkg_test_cpp_msg/share/pkg_test_cpp_msg/cmake/ament_cmake_export_targets-extras.cmake\n'}
[0.397521] (pkg_test_cpp_msg) StdoutLine: {'line': b'-- Up-to-date: /home/hycon/workspace/ros2_study/pkg_cpp/install/pkg_test_cpp_msg/share/pkg_test_cpp_msg/cmake/rosidl_cmake_export_typesupport_targets-extras.cmake\n'}
[0.397598] (pkg_test_cpp_msg) StdoutLine: {'line': b'-- Up-to-date: /home/hycon/workspace/ros2_study/pkg_cpp/install/pkg_test_cpp_msg/share/pkg_test_cpp_msg/cmake/ament_cmake_export_dependencies-extras.cmake\n'}
[0.397674] (pkg_test_cpp_msg) StdoutLine: {'line': b'-- Up-to-date: /home/hycon/workspace/ros2_study/pkg_cpp/install/pkg_test_cpp_msg/share/pkg_test_cpp_msg/cmake/rosidl_cmake_export_typesupport_libraries-extras.cmake\n'}
[0.397761] (pkg_test_cpp_msg) StdoutLine: {'line': b'-- Up-to-date: /home/hycon/workspace/ros2_study/pkg_cpp/install/pkg_test_cpp_msg/share/pkg_test_cpp_msg/cmake/pkg_test_cpp_msgConfig.cmake\n'}
[0.397844] (pkg_test_cpp_msg) StdoutLine: {'line': b'-- Up-to-date: /home/hycon/workspace/ros2_study/pkg_cpp/install/pkg_test_cpp_msg/share/pkg_test_cpp_msg/cmake/pkg_test_cpp_msgConfig-version.cmake\n'}
[0.397925] (pkg_test_cpp_msg) StdoutLine: {'line': b'-- Up-to-date: /home/hycon/workspace/ros2_study/pkg_cpp/install/pkg_test_cpp_msg/share/pkg_test_cpp_msg/package.xml\n'}
[0.398899] (pkg_test_cpp_msg) CommandEnded: {'returncode': 0}
[0.400169] (-) TimerEvent: {}
[0.416403] (pkg_test_cpp_msg) JobEnded: {'identifier': 'pkg_test_cpp_msg', 'rc': 0}
[0.500330] (-) TimerEvent: {}
[0.600688] (-) TimerEvent: {}
[0.701143] (-) TimerEvent: {}
[0.801637] (-) TimerEvent: {}
[0.902006] (-) TimerEvent: {}
[1.002355] (-) TimerEvent: {}
[1.101834] (pkg_test_cpp) StderrLine: {'line': b'\x1b[01m\x1b[K/home/hycon/workspace/ros2_study/pkg_cpp/src/pkg_test_cpp/src/turtlesim_service_server.cpp:\x1b[m\x1b[K In member function \xe2\x80\x98\x1b[01m\x1b[Kvoid TurtlesimMultiSpawning::callback_service(std::shared_ptr<pkg_test_cpp_msg::srv::MultiSpawn_Request_<std::allocator<void> > >, std::shared_ptr<pkg_test_cpp_msg::srv::MultiSpawn_Response_<std::allocator<void> > >)\x1b[m\x1b[K\xe2\x80\x99:\n'}
[1.102078] (pkg_test_cpp) StderrLine: {'line': b'\x1b[01m\x1b[K/home/hycon/workspace/ros2_study/pkg_cpp/src/pkg_test_cpp/src/turtlesim_service_server.cpp:30:19:\x1b[m\x1b[K \x1b[01;31m\x1b[Kerror: \x1b[m\x1b[Kmissing template arguments after \xe2\x80\x98\x1b[01m\x1b[Kctype<...auto...>\x1b[m\x1b[K\xe2\x80\x99\n'}
[1.102182] (pkg_test_cpp) StderrLine: {'line': b'   30 |     std::cout << (\x1b[01;31m\x1b[Kstd\x1b[m\x1b[K::ctype)(request_->num) << "  " << request_->num << " || " << x_vec.size() << std::endl;\n'}
[1.102271] (pkg_test_cpp) StderrLine: {'line': b'      |                   \x1b[01;31m\x1b[K^~~\x1b[m\x1b[K\n'}
[1.102350] (-) TimerEvent: {}
[1.102485] (pkg_test_cpp) StderrLine: {'line': b'In file included from \x1b[01m\x1b[K/usr/include/c++/11/string:43\x1b[m\x1b[K,\n'}
[1.102579] (pkg_test_cpp) StderrLine: {'line': b'                 from \x1b[01m\x1b[K/usr/include/c++/11/stdexcept:39\x1b[m\x1b[K,\n'}
[1.102656] (pkg_test_cpp) StderrLine: {'line': b'                 from \x1b[01m\x1b[K/usr/include/c++/11/system_error:41\x1b[m\x1b[K,\n'}
[1.102732] (pkg_test_cpp) StderrLine: {'line': b'                 from \x1b[01m\x1b[K/usr/include/c++/11/bits/std_mutex.h:39\x1b[m\x1b[K,\n'}
[1.102811] (pkg_test_cpp) StderrLine: {'line': b'                 from \x1b[01m\x1b[K/usr/include/c++/11/condition_variable:40\x1b[m\x1b[K,\n'}
[1.102893] (pkg_test_cpp) StderrLine: {'line': b'                 from \x1b[01m\x1b[K/opt/ros/humble/include/rclcpp/rclcpp/node.hpp:19\x1b[m\x1b[K,\n'}
[1.102983] (pkg_test_cpp) StderrLine: {'line': b'                 from \x1b[01m\x1b[K/home/hycon/workspace/ros2_study/pkg_cpp/src/pkg_test_cpp/include/pkg_test_cpp/turtlesim_service_server.hpp:4\x1b[m\x1b[K,\n'}
[1.103073] (pkg_test_cpp) StderrLine: {'line': b'                 from \x1b[01m\x1b[K/home/hycon/workspace/ros2_study/pkg_cpp/src/pkg_test_cpp/src/turtlesim_service_server.cpp:1\x1b[m\x1b[K:\n'}
[1.103160] (pkg_test_cpp) StderrLine: {'line': b'\x1b[01m\x1b[K/usr/include/c++/11/bits/localefwd.h:127:11:\x1b[m\x1b[K \x1b[01;36m\x1b[Knote: \x1b[m\x1b[K\xe2\x80\x98\x1b[01m\x1b[Ktemplate<class _CharT> class std::ctype\x1b[m\x1b[K\xe2\x80\x99 declared here\n'}
[1.103243] (pkg_test_cpp) StderrLine: {'line': b'  127 |     class \x1b[01;36m\x1b[Kctype\x1b[m\x1b[K;\n'}
[1.103324] (pkg_test_cpp) StderrLine: {'line': b'      |           \x1b[01;36m\x1b[K^~~~~\x1b[m\x1b[K\n'}
[1.103404] (pkg_test_cpp) StderrLine: {'line': b'\x1b[01m\x1b[K/home/hycon/workspace/ros2_study/pkg_cpp/src/pkg_test_cpp/src/turtlesim_service_server.cpp:32:26:\x1b[m\x1b[K \x1b[01;35m\x1b[Kwarning: \x1b[m\x1b[Kcomparison of integer expressions of different signedness: \xe2\x80\x98\x1b[01m\x1b[Ksize_t\x1b[m\x1b[K\xe2\x80\x99 {aka \xe2\x80\x98\x1b[01m\x1b[Klong unsigned int\x1b[m\x1b[K\xe2\x80\x99} and \xe2\x80\x98\x1b[01m\x1b[Kpkg_test_cpp_msg::srv::MultiSpawn_Request_<std::allocator<void> >::_num_type\x1b[m\x1b[K\xe2\x80\x99 {aka \xe2\x80\x98\x1b[01m\x1b[Klong int\x1b[m\x1b[K\xe2\x80\x99} [\x1b[01;35m\x1b[K\x1b]8;;https://gcc.gnu.org/onlinedocs/gcc/Warning-Options.html#index-Wsign-compare\x07-Wsign-compare\x1b]8;;\x07\x1b[m\x1b[K]\n'}
[1.103493] (pkg_test_cpp) StderrLine: {'line': b'   32 |     for (size_t i = 0; \x1b[01;35m\x1b[Ki < request_->num\x1b[m\x1b[K; ++i) {\n'}
[1.103811] (pkg_test_cpp) StderrLine: {'line': b'      |                        \x1b[01;35m\x1b[K~~^~~~~~~~~~~~~~~\x1b[m\x1b[K\n'}
[1.103932] (pkg_test_cpp) StderrLine: {'line': b'In file included from \x1b[01m\x1b[K/opt/ros/humble/include/rclcpp/rclcpp/logging.hpp:24\x1b[m\x1b[K,\n'}
[1.104021] (pkg_test_cpp) StderrLine: {'line': b'                 from \x1b[01m\x1b[K/opt/ros/humble/include/rclcpp/rclcpp/client.hpp:40\x1b[m\x1b[K,\n'}
[1.104111] (pkg_test_cpp) StderrLine: {'line': b'                 from \x1b[01m\x1b[K/opt/ros/humble/include/rclcpp/rclcpp/callback_group.hpp:24\x1b[m\x1b[K,\n'}
[1.104192] (pkg_test_cpp) StderrLine: {'line': b'                 from \x1b[01m\x1b[K/opt/ros/humble/include/rclcpp/rclcpp/node.hpp:40\x1b[m\x1b[K,\n'}
[1.104270] (pkg_test_cpp) StderrLine: {'line': b'                 from \x1b[01m\x1b[K/home/hycon/workspace/ros2_study/pkg_cpp/src/pkg_test_cpp/include/pkg_test_cpp/turtlesim_service_server.hpp:4\x1b[m\x1b[K,\n'}
[1.104347] (pkg_test_cpp) StderrLine: {'line': b'                 from \x1b[01m\x1b[K/home/hycon/workspace/ros2_study/pkg_cpp/src/pkg_test_cpp/src/turtlesim_service_server.cpp:1\x1b[m\x1b[K:\n'}
[1.104423] (pkg_test_cpp) StderrLine: {'line': b'\x1b[01m\x1b[K/home/hycon/workspace/ros2_study/pkg_cpp/src/pkg_test_cpp/src/turtlesim_service_server.cpp:39:41:\x1b[m\x1b[K \x1b[01;35m\x1b[Kwarning: \x1b[m\x1b[Kformat \xe2\x80\x98\x1b[01m\x1b[K%f\x1b[m\x1b[K\xe2\x80\x99 expects argument of type \xe2\x80\x98\x1b[01m\x1b[Kdouble\x1b[m\x1b[K\xe2\x80\x99, but argument 5 has type \xe2\x80\x98\x1b[01m\x1b[Kpkg_test_cpp_msg::srv::MultiSpawn_Response_<std::allocator<void> >::_x_type\x1b[m\x1b[K\xe2\x80\x99 {aka \xe2\x80\x98\x1b[01m\x1b[Kstd::vector<double, std::allocator<double> >\x1b[m\x1b[K\xe2\x80\x99} [\x1b[01;35m\x1b[K\x1b]8;;https://gcc.gnu.org/onlinedocs/gcc/Warning-Options.html#index-Wformat=\x07-Wformat=\x1b]8;;\x07\x1b[m\x1b[K]\n'}
[1.104516] (pkg_test_cpp) StderrLine: {'line': b'   39 |         RCLCPP_INFO(this->get_logger(), \x1b[01;35m\x1b[K"turtle spawn [x : %.2f y : %.2f theta : %.2f ]"\x1b[m\x1b[K, response_->x, response_->y, response_->theta);\n'}
[1.104595] (pkg_test_cpp) StderrLine: {'line': b'      |                                         \x1b[01;35m\x1b[K^~~~~~~~~~~~~~~~~~~~~~~~~~~~~~~~~~~~~~~~~~~~~~~~\x1b[m\x1b[K\n'}
[1.104678] (pkg_test_cpp) StderrLine: {'line': b'\x1b[01m\x1b[K/home/hycon/workspace/ros2_study/pkg_cpp/src/pkg_test_cpp/src/turtlesim_service_server.cpp:39:63:\x1b[m\x1b[K \x1b[01;36m\x1b[Knote: \x1b[m\x1b[Kformat string is defined here\n'}
[1.104752] (pkg_test_cpp) StderrLine: {'line': b'   39 |         RCLCPP_INFO(this->get_logger(), "turtle spawn [x : \x1b[01;36m\x1b[K%.2f\x1b[m\x1b[K y : %.2f theta : %.2f ]", response_->x, response_->y, response_->theta);\n'}
[1.104830] (pkg_test_cpp) StderrLine: {'line': b'      |                                                            \x1b[01;36m\x1b[K~~~^\x1b[m\x1b[K\n'}
[1.104903] (pkg_test_cpp) StderrLine: {'line': b'      |                                                               \x1b[01;36m\x1b[K|\x1b[m\x1b[K\n'}
[1.104976] (pkg_test_cpp) StderrLine: {'line': b'      |                                                               \x1b[01;36m\x1b[Kdouble\x1b[m\x1b[K\n'}
[1.105049] (pkg_test_cpp) StderrLine: {'line': b'In file included from \x1b[01m\x1b[K/opt/ros/humble/include/rclcpp/rclcpp/logging.hpp:24\x1b[m\x1b[K,\n'}
[1.105131] (pkg_test_cpp) StderrLine: {'line': b'                 from \x1b[01m\x1b[K/opt/ros/humble/include/rclcpp/rclcpp/client.hpp:40\x1b[m\x1b[K,\n'}
[1.105206] (pkg_test_cpp) StderrLine: {'line': b'                 from \x1b[01m\x1b[K/opt/ros/humble/include/rclcpp/rclcpp/callback_group.hpp:24\x1b[m\x1b[K,\n'}
[1.105279] (pkg_test_cpp) StderrLine: {'line': b'                 from \x1b[01m\x1b[K/opt/ros/humble/include/rclcpp/rclcpp/node.hpp:40\x1b[m\x1b[K,\n'}
[1.105351] (pkg_test_cpp) StderrLine: {'line': b'                 from \x1b[01m\x1b[K/home/hycon/workspace/ros2_study/pkg_cpp/src/pkg_test_cpp/include/pkg_test_cpp/turtlesim_service_server.hpp:4\x1b[m\x1b[K,\n'}
[1.105425] (pkg_test_cpp) StderrLine: {'line': b'                 from \x1b[01m\x1b[K/home/hycon/workspace/ros2_study/pkg_cpp/src/pkg_test_cpp/src/turtlesim_service_server.cpp:1\x1b[m\x1b[K:\n'}
[1.105498] (pkg_test_cpp) StderrLine: {'line': b'\x1b[01m\x1b[K/home/hycon/workspace/ros2_study/pkg_cpp/src/pkg_test_cpp/src/turtlesim_service_server.cpp:39:41:\x1b[m\x1b[K \x1b[01;35m\x1b[Kwarning: \x1b[m\x1b[Kformat \xe2\x80\x98\x1b[01m\x1b[K%f\x1b[m\x1b[K\xe2\x80\x99 expects argument of type \xe2\x80\x98\x1b[01m\x1b[Kdouble\x1b[m\x1b[K\xe2\x80\x99, but argument 6 has type \xe2\x80\x98\x1b[01m\x1b[Kpkg_test_cpp_msg::srv::MultiSpawn_Response_<std::allocator<void> >::_y_type\x1b[m\x1b[K\xe2\x80\x99 {aka \xe2\x80\x98\x1b[01m\x1b[Kstd::vector<double, std::allocator<double> >\x1b[m\x1b[K\xe2\x80\x99} [\x1b[01;35m\x1b[K\x1b]8;;https://gcc.gnu.org/onlinedocs/gcc/Warning-Options.html#index-Wformat=\x07-Wformat=\x1b]8;;\x07\x1b[m\x1b[K]\n'}
[1.105574] (pkg_test_cpp) StderrLine: {'line': b'   39 |         RCLCPP_INFO(this->get_logger(), \x1b[01;35m\x1b[K"turtle spawn [x : %.2f y : %.2f theta : %.2f ]"\x1b[m\x1b[K, response_->x, response_->y, response_->theta);\n'}
[1.105647] (pkg_test_cpp) StderrLine: {'line': b'      |                                         \x1b[01;35m\x1b[K^~~~~~~~~~~~~~~~~~~~~~~~~~~~~~~~~~~~~~~~~~~~~~~~\x1b[m\x1b[K\n'}
[1.105719] (pkg_test_cpp) StderrLine: {'line': b'\x1b[01m\x1b[K/home/hycon/workspace/ros2_study/pkg_cpp/src/pkg_test_cpp/src/turtlesim_service_server.cpp:39:72:\x1b[m\x1b[K \x1b[01;36m\x1b[Knote: \x1b[m\x1b[Kformat string is defined here\n'}
[1.105791] (pkg_test_cpp) StderrLine: {'line': b'   39 |         RCLCPP_INFO(this->get_logger(), "turtle spawn [x : %.2f y : \x1b[01;36m\x1b[K%.2f\x1b[m\x1b[K theta : %.2f ]", response_->x, response_->y, response_->theta);\n'}
[1.105865] (pkg_test_cpp) StderrLine: {'line': b'      |                                                                     \x1b[01;36m\x1b[K~~~^\x1b[m\x1b[K\n'}
[1.105937] (pkg_test_cpp) StderrLine: {'line': b'      |                                                                        \x1b[01;36m\x1b[K|\x1b[m\x1b[K\n'}
[1.106010] (pkg_test_cpp) StderrLine: {'line': b'      |                                                                        \x1b[01;36m\x1b[Kdouble\x1b[m\x1b[K\n'}
[1.106092] (pkg_test_cpp) StderrLine: {'line': b'In file included from \x1b[01m\x1b[K/opt/ros/humble/include/rclcpp/rclcpp/logging.hpp:24\x1b[m\x1b[K,\n'}
[1.106169] (pkg_test_cpp) StderrLine: {'line': b'                 from \x1b[01m\x1b[K/opt/ros/humble/include/rclcpp/rclcpp/client.hpp:40\x1b[m\x1b[K,\n'}
[1.106240] (pkg_test_cpp) StderrLine: {'line': b'                 from \x1b[01m\x1b[K/opt/ros/humble/include/rclcpp/rclcpp/callback_group.hpp:24\x1b[m\x1b[K,\n'}
[1.106312] (pkg_test_cpp) StderrLine: {'line': b'                 from \x1b[01m\x1b[K/opt/ros/humble/include/rclcpp/rclcpp/node.hpp:40\x1b[m\x1b[K,\n'}
[1.106385] (pkg_test_cpp) StderrLine: {'line': b'                 from \x1b[01m\x1b[K/home/hycon/workspace/ros2_study/pkg_cpp/src/pkg_test_cpp/include/pkg_test_cpp/turtlesim_service_server.hpp:4\x1b[m\x1b[K,\n'}
[1.106457] (pkg_test_cpp) StderrLine: {'line': b'                 from \x1b[01m\x1b[K/home/hycon/workspace/ros2_study/pkg_cpp/src/pkg_test_cpp/src/turtlesim_service_server.cpp:1\x1b[m\x1b[K:\n'}
[1.106534] (pkg_test_cpp) StderrLine: {'line': b'\x1b[01m\x1b[K/home/hycon/workspace/ros2_study/pkg_cpp/src/pkg_test_cpp/src/turtlesim_service_server.cpp:39:41:\x1b[m\x1b[K \x1b[01;35m\x1b[Kwarning: \x1b[m\x1b[Kformat \xe2\x80\x98\x1b[01m\x1b[K%f\x1b[m\x1b[K\xe2\x80\x99 expects argument of type \xe2\x80\x98\x1b[01m\x1b[Kdouble\x1b[m\x1b[K\xe2\x80\x99, but argument 7 has type \xe2\x80\x98\x1b[01m\x1b[Kpkg_test_cpp_msg::srv::MultiSpawn_Response_<std::allocator<void> >::_theta_type\x1b[m\x1b[K\xe2\x80\x99 {aka \xe2\x80\x98\x1b[01m\x1b[Kstd::vector<double, std::allocator<double> >\x1b[m\x1b[K\xe2\x80\x99} [\x1b[01;35m\x1b[K\x1b]8;;https://gcc.gnu.org/onlinedocs/gcc/Warning-Options.html#index-Wformat=\x07-Wformat=\x1b]8;;\x07\x1b[m\x1b[K]\n'}
[1.106612] (pkg_test_cpp) StderrLine: {'line': b'   39 |         RCLCPP_INFO(this->get_logger(), \x1b[01;35m\x1b[K"turtle spawn [x : %.2f y : %.2f theta : %.2f ]"\x1b[m\x1b[K, response_->x, response_->y, response_->theta);\n'}
[1.106684] (pkg_test_cpp) StderrLine: {'line': b'      |                                         \x1b[01;35m\x1b[K^~~~~~~~~~~~~~~~~~~~~~~~~~~~~~~~~~~~~~~~~~~~~~~~\x1b[m\x1b[K\n'}
[1.106759] (pkg_test_cpp) StderrLine: {'line': b'\x1b[01m\x1b[K/home/hycon/workspace/ros2_study/pkg_cpp/src/pkg_test_cpp/src/turtlesim_service_server.cpp:39:85:\x1b[m\x1b[K \x1b[01;36m\x1b[Knote: \x1b[m\x1b[Kformat string is defined here\n'}
[1.106832] (pkg_test_cpp) StderrLine: {'line': b'   39 |         RCLCPP_INFO(this->get_logger(), "turtle spawn [x : %.2f y : %.2f theta : \x1b[01;36m\x1b[K%.2f\x1b[m\x1b[K ]", response_->x, response_->y, response_->theta);\n'}
[1.106908] (pkg_test_cpp) StderrLine: {'line': b'      |                                                                                  \x1b[01;36m\x1b[K~~~^\x1b[m\x1b[K\n'}
[1.106979] (pkg_test_cpp) StderrLine: {'line': b'      |                                                                                     \x1b[01;36m\x1b[K|\x1b[m\x1b[K\n'}
[1.107049] (pkg_test_cpp) StderrLine: {'line': b'      |                                                                                     \x1b[01;36m\x1b[Kdouble\x1b[m\x1b[K\n'}
[1.202525] (-) TimerEvent: {}
[1.302876] (-) TimerEvent: {}
[1.403135] (-) TimerEvent: {}
[1.503439] (-) TimerEvent: {}
[1.603775] (-) TimerEvent: {}
[1.677312] (pkg_test_cpp) StderrLine: {'line': b'gmake[2]: *** [CMakeFiles/turtlesim_service_server.dir/build.make:90: CMakeFiles/turtlesim_service_server.dir/src/turtlesim_service_server.cpp.o] Error 1\n'}
[1.677541] (pkg_test_cpp) StderrLine: {'line': b'gmake[1]: *** [CMakeFiles/Makefile2:221: CMakeFiles/turtlesim_service_server.dir/all] Error 2\n'}
[1.677818] (pkg_test_cpp) StderrLine: {'line': b'gmake: *** [Makefile:146: all] Error 2\n'}
[1.679557] (pkg_test_cpp) CommandEnded: {'returncode': 2}
[1.685291] (pkg_test_cpp) JobEnded: {'identifier': 'pkg_test_cpp', 'rc': 2}
[1.695944] (-) EventReactorShutdown: {}
