[35m[1mConsolidate compiler generated dependencies of target turtlesim_action_server[0m
[ 20%] Built target turtlesim_subscriber
[ 40%] Built target turtlesim_publisher
[ 60%] Built target turtlesim_cmd_and_pose
[ 80%] Built target turtlesim_service_server
[ 86%] [32mBuilding CXX object CMakeFiles/turtlesim_action_server.dir/src/turtlesim_action_server.cpp.o[0m
[01m[K/home/hycon/workspace/hycon_git/ros2_study_jh/pkg_cpp/src/pkg_test_cpp/src/turtlesim_action_server.cpp:[m[K In member function â€˜[01m[Kvoid TurtlesimActionServer::execute_callback(std::shared_ptr<rclcpp_action::ServerGoalHandle<pkg_test_cpp_msg::action::DistTurtle> >)[m[Kâ€™:
[01m[K/home/hycon/workspace/hycon_git/ros2_study_jh/pkg_cpp/src/pkg_test_cpp/src/turtlesim_action_server.cpp:24:29:[m[K [01;31m[Kerror: [m[Kno matching function for call to â€˜[01m[Krclcpp_action::ServerGoalHandle<pkg_test_cpp_msg::action::DistTurtle>::succeed()[m[Kâ€™
   24 |         [01;31m[Kgoal_handle->succeed()[m[K;
      |         [01;31m[K~~~~~~~~~~~~~~~~~~~~^~[m[K
In file included from [01m[K/opt/ros/humble/include/rclcpp_action/rclcpp_action/server.hpp:35[m[K,
                 from [01m[K/opt/ros/humble/include/rclcpp_action/rclcpp_action/create_server.hpp:29[m[K,
                 from [01m[K/opt/ros/humble/include/rclcpp_action/rclcpp_action/rclcpp_action.hpp:39[m[K,
                 from [01m[K/home/hycon/workspace/hycon_git/ros2_study_jh/pkg_cpp/src/pkg_test_cpp/include/pkg_test_cpp/turtlesim_action_server.hpp:5[m[K,
                 from [01m[K/home/hycon/workspace/hycon_git/ros2_study_jh/pkg_cpp/src/pkg_test_cpp/src/turtlesim_action_server.cpp:1[m[K:
[01m[K/opt/ros/humble/include/rclcpp_action/rclcpp_action/server_goal_handle.hpp:188:3:[m[K [01;36m[Knote: [m[Kcandidate: â€˜[01m[Kvoid rclcpp_action::ServerGoalHandle<ActionT>::succeed(typename ActionT::Result::SharedPtr) [with ActionT = pkg_test_cpp_msg::action::DistTurtle; typename ActionT::Result::SharedPtr = std::shared_ptr<pkg_test_cpp_msg::action::DistTurtle_Result_<std::allocator<void> > >; typename ActionT::Result = pkg_test_cpp_msg::action::DistTurtle_Result_<std::allocator<void> >][m[Kâ€™
  188 |   [01;36m[Ksucceed[m[K(typename ActionT::Result::SharedPtr result_msg)
      |   [01;36m[K^~~~~~~[m[K
[01m[K/opt/ros/humble/include/rclcpp_action/rclcpp_action/server_goal_handle.hpp:188:3:[m[K [01;36m[Knote: [m[K  candidate expects 1 argument, 0 provided
gmake[2]: *** [CMakeFiles/turtlesim_action_server.dir/build.make:90: CMakeFiles/turtlesim_action_server.dir/src/turtlesim_action_server.cpp.o] Error 1
gmake[1]: *** [CMakeFiles/Makefile2:249: CMakeFiles/turtlesim_action_server.dir/all] Error 2
gmake: *** [Makefile:146: all] Error 2
