[0.184s] Invoking command in '/home/hycon/workspace/hycon_git/ros2_study_jh/build/pkg_test_cpp': CMAKE_PREFIX_PATH=${CMAKE_PREFIX_PATH}:/opt/ros/humble /usr/bin/cmake --build /home/hycon/workspace/hycon_git/ros2_study_jh/build/pkg_test_cpp -- -j16 -l16
[0.240s] [35m[1mConsolidate compiler generated dependencies of target turtlesim_publisher[0m
[0.240s] [35m[1mConsolidate compiler generated dependencies of target turtlesim_service_server[0m
[0.240s] [35m[1mConsolidate compiler generated dependencies of target turtlesim_subscriber[0m
[0.240s] [35m[1mConsolidate compiler generated dependencies of target turtlesim_action_server[0m
[0.240s] [35m[1mConsolidate compiler generated dependencies of target turtlesim_cmd_and_pose[0m
[0.269s] [ 20%] Built target turtlesim_publisher
[0.269s] [ 40%] Built target turtlesim_subscriber
[0.277s] [ 73%] Built target turtlesim_cmd_and_pose
[0.277s] [ 80%] Built target turtlesim_service_server
[0.278s] [ 86%] [32mBuilding CXX object CMakeFiles/turtlesim_action_server.dir/src/main_action_server.cpp.o[0m
[0.280s] [ 93%] [32mBuilding CXX object CMakeFiles/turtlesim_action_server.dir/src/turtlesim_action_server.cpp.o[0m
[1.349s] In file included from [01m[K/home/hycon/workspace/hycon_git/ros2_study_jh/pkg_cpp/src/pkg_test_cpp/src/turtlesim_action_server.cpp:1[m[K:
[1.349s] [01m[K/home/hycon/workspace/hycon_git/ros2_study_jh/pkg_cpp/src/pkg_test_cpp/include/pkg_test_cpp/turtlesim_action_server.hpp:11:70:[m[K [01;31m[Kerror: [m[Kâ€˜[01m[KDistTrutle[m[Kâ€™ was not declared in this scope; did you mean â€˜[01m[KDistTurtle[m[Kâ€™?
[1.349s]    11 |         using GoalHandleDistTurtle = rclcpp_action::ServerGoalHandle<[01;31m[KDistTrutle[m[K>;
[1.349s]       |                                                                      [01;31m[K^~~~~~~~~~[m[K
[1.349s]       |                                                                      [32m[KDistTurtle[m[K
[1.350s] [01m[K/home/hycon/workspace/hycon_git/ros2_study_jh/pkg_cpp/src/pkg_test_cpp/include/pkg_test_cpp/turtlesim_action_server.hpp:11:80:[m[K [01;31m[Kerror: [m[Ktemplate argument 1 is invalid
[1.350s]    11 |         using GoalHandleDistTurtle = rclcpp_action::ServerGoalHandle<DistTrutle[01;31m[K>[m[K;
[1.350s]       |                                                                                [01;31m[K^[m[K
[1.368s] [01m[K/home/hycon/workspace/hycon_git/ros2_study_jh/pkg_cpp/src/pkg_test_cpp/include/pkg_test_cpp/turtlesim_action_server.hpp:20:35:[m[K [01;31m[Kerror: [m[Kâ€˜[01m[KGoalHandleDistTurtle[m[Kâ€™ was not declared in this scope
[1.368s]    20 |             const std::shared_ptr<[01;31m[KGoalHandleDistTurtle[m[K> goal_handle
[1.368s]       |                                   [01;31m[K^~~~~~~~~~~~~~~~~~~~[m[K
[1.368s] [01m[K/home/hycon/workspace/hycon_git/ros2_study_jh/pkg_cpp/src/pkg_test_cpp/include/pkg_test_cpp/turtlesim_action_server.hpp:20:55:[m[K [01;31m[Kerror: [m[Ktemplate argument 1 is invalid
[1.368s]    20 |             const std::shared_ptr<GoalHandleDistTurtle[01;31m[K>[m[K goal_handle
[1.368s]       |                                                       [01;31m[K^[m[K
[1.368s] [01m[K/home/hycon/workspace/hycon_git/ros2_study_jh/pkg_cpp/src/pkg_test_cpp/include/pkg_test_cpp/turtlesim_action_server.hpp:8:1:[m[K [01;31m[Kerror: [m[Knew types may not be defined in a return type
[1.368s]     8 | [01;31m[Kclass[m[K TurtlesimActionServer : public rclcpp::Node {
[1.368s]       | [01;31m[K^~~~~[m[K
[1.368s] [01m[K/home/hycon/workspace/hycon_git/ros2_study_jh/pkg_cpp/src/pkg_test_cpp/include/pkg_test_cpp/turtlesim_action_server.hpp:8:1:[m[K [01;36m[Knote: [m[K(perhaps a semicolon is missing after the definition of â€˜[01m[KTurtlesimActionServer[m[Kâ€™)
[1.369s] [01m[K/home/hycon/workspace/hycon_git/ros2_study_jh/pkg_cpp/src/pkg_test_cpp/include/pkg_test_cpp/turtlesim_action_server.hpp:8:1:[m[K [01;31m[Kerror: [m[Kreturn type specification for constructor invalid
[1.369s] [01m[K/home/hycon/workspace/hycon_git/ros2_study_jh/pkg_cpp/src/pkg_test_cpp/src/turtlesim_action_server.cpp:[m[K In constructor â€˜[01m[KTurtlesimActionServer::TurtlesimActionServer()[m[Kâ€™:
[1.369s] [01m[K/home/hycon/workspace/hycon_git/ros2_study_jh/pkg_cpp/src/pkg_test_cpp/src/turtlesim_action_server.cpp:4:28:[m[K [01;31m[Kerror: [m[Kexpected primary-expression before â€˜[01m[K.[m[Kâ€™ token
[1.369s]     4 |     action_server_ = rclcpp[01;31m[K.[m[Kaction::create_server<DistTurtle>(
[1.369s]       |                            [01;31m[K^[m[K
[1.374s] [01m[K/home/hycon/workspace/hycon_git/ros2_study_jh/pkg_cpp/src/pkg_test_cpp/src/turtlesim_action_server.cpp:4:29:[m[K [01;31m[Kerror: [m[Krequest for member â€˜[01m[Kaction[m[Kâ€™ in non-class type â€˜[01m[K<type error>[m[Kâ€™
[1.374s]     4 |     action_server_ = rclcpp.[01;31m[Kaction[m[K::create_server<DistTurtle>(
[1.374s]       |                             [01;31m[K^~~~~~[m[K
[1.374s] [01m[K/home/hycon/workspace/hycon_git/ros2_study_jh/pkg_cpp/src/pkg_test_cpp/src/turtlesim_action_server.cpp:4:61:[m[K [01;31m[Kerror: [m[Kexpected primary-expression before â€˜[01m[K>[m[Kâ€™ token
[1.374s]     4 |     action_server_ = rclcpp.action::create_server<DistTurtle[01;31m[K>[m[K(
[1.374s]       |                                                             [01;31m[K^[m[K
[1.374s] [01m[K/home/hycon/workspace/hycon_git/ros2_study_jh/pkg_cpp/src/pkg_test_cpp/src/turtlesim_action_server.cpp:5:9:[m[K [01;35m[Kwarning: [m[Kleft operand of comma operator has no effect [[01;35m[K]8;;https://gcc.gnu.org/onlinedocs/gcc/Warning-Options.html#index-Wunused-value-Wunused-value]8;;[m[K]
[1.375s]     5 |         [01;35m[Kthis[m[K,
[1.375s]       |         [01;35m[K^~~~[m[K
[1.375s] [01m[K/home/hycon/workspace/hycon_git/ros2_study_jh/pkg_cpp/src/pkg_test_cpp/src/turtlesim_action_server.cpp:9:9:[m[K [01;35m[Kwarning: [m[Kright operand of comma operator has no effect [[01;35m[K]8;;https://gcc.gnu.org/onlinedocs/gcc/Warning-Options.html#index-Wunused-value-Wunused-value]8;;[m[K]
[1.376s]     9 |         [01;35m[K}[m[K,
[1.376s]       |         [01;35m[K^[m[K
[1.384s] [01m[K/home/hycon/workspace/hycon_git/ros2_study_jh/pkg_cpp/src/pkg_test_cpp/src/turtlesim_action_server.cpp:10:34:[m[K [01;31m[Kerror: [m[Kâ€˜[01m[KGoalHandleDistTurtle[m[Kâ€™ was not declared in this scope
[1.384s]    10 |         [](const std::shared_ptr<[01;31m[KGoalHandleDistTurtle[m[K>) {
[1.384s]       |                                  [01;31m[K^~~~~~~~~~~~~~~~~~~~[m[K
[1.384s] [01m[K/home/hycon/workspace/hycon_git/ros2_study_jh/pkg_cpp/src/pkg_test_cpp/src/turtlesim_action_server.cpp:10:54:[m[K [01;31m[Kerror: [m[Ktemplate argument 1 is invalid
[1.384s]    10 |         [](const std::shared_ptr<GoalHandleDistTurtle[01;31m[K>[m[K) {
[1.384s]       |                                                      [01;31m[K^[m[K
[1.397s] [01m[K/home/hycon/workspace/hycon_git/ros2_study_jh/pkg_cpp/src/pkg_test_cpp/src/turtlesim_action_server.cpp:[m[K At global scope:
[1.397s] [01m[K/home/hycon/workspace/hycon_git/ros2_study_jh/pkg_cpp/src/pkg_test_cpp/src/turtlesim_action_server.cpp:20:27:[m[K [01;31m[Kerror: [m[Kâ€˜[01m[KGoalHandleDistTurtle[m[Kâ€™ was not declared in this scope
[1.397s]    20 |     const std::shared_ptr<[01;31m[KGoalHandleDistTurtle[m[K> goal_handle) {
[1.397s]       |                           [01;31m[K^~~~~~~~~~~~~~~~~~~~[m[K
[1.397s] [01m[K/home/hycon/workspace/hycon_git/ros2_study_jh/pkg_cpp/src/pkg_test_cpp/src/turtlesim_action_server.cpp:20:47:[m[K [01;31m[Kerror: [m[Ktemplate argument 1 is invalid
[1.397s]    20 |     const std::shared_ptr<GoalHandleDistTurtle[01;31m[K>[m[K goal_handle) {
[1.397s]       |                                               [01;31m[K^[m[K
[1.397s] [01m[K/home/hycon/workspace/hycon_git/ros2_study_jh/pkg_cpp/src/pkg_test_cpp/src/turtlesim_action_server.cpp:[m[K In member function â€˜[01m[Kvoid TurtlesimActionServer::execute_callback(int)[m[Kâ€™:
[1.397s] [01m[K/home/hycon/workspace/hycon_git/ros2_study_jh/pkg_cpp/src/pkg_test_cpp/src/turtlesim_action_server.cpp:24:20:[m[K [01;31m[Kerror: [m[Kbase operand of â€˜[01m[K->[m[Kâ€™ is not a pointer
[1.397s]    24 |         goal_handle[01;31m[K->[m[Ksucced();
[1.397s]       |                    [01;31m[K^~[m[K
[1.599s] gmake[2]: *** [CMakeFiles/turtlesim_action_server.dir/build.make:90: CMakeFiles/turtlesim_action_server.dir/src/turtlesim_action_server.cpp.o] Error 1
[1.599s] gmake[2]: *** Waiting for unfinished jobs....
[1.919s] In file included from [01m[K/home/hycon/workspace/hycon_git/ros2_study_jh/pkg_cpp/src/pkg_test_cpp/src/main_action_server.cpp:2[m[K:
[1.919s] [01m[K/home/hycon/workspace/hycon_git/ros2_study_jh/pkg_cpp/src/pkg_test_cpp/include/pkg_test_cpp/turtlesim_action_server.hpp:11:70:[m[K [01;31m[Kerror: [m[Kâ€˜[01m[KDistTrutle[m[Kâ€™ was not declared in this scope; did you mean â€˜[01m[KDistTurtle[m[Kâ€™?
[1.919s]    11 |         using GoalHandleDistTurtle = rclcpp_action::ServerGoalHandle<[01;31m[KDistTrutle[m[K>;
[1.920s]       |                                                                      [01;31m[K^~~~~~~~~~[m[K
[1.920s]       |                                                                      [32m[KDistTurtle[m[K
[1.920s] [01m[K/home/hycon/workspace/hycon_git/ros2_study_jh/pkg_cpp/src/pkg_test_cpp/include/pkg_test_cpp/turtlesim_action_server.hpp:11:80:[m[K [01;31m[Kerror: [m[Ktemplate argument 1 is invalid
[1.920s]    11 |         using GoalHandleDistTurtle = rclcpp_action::ServerGoalHandle<DistTrutle[01;31m[K>[m[K;
[1.920s]       |                                                                                [01;31m[K^[m[K
[1.939s] [01m[K/home/hycon/workspace/hycon_git/ros2_study_jh/pkg_cpp/src/pkg_test_cpp/include/pkg_test_cpp/turtlesim_action_server.hpp:20:35:[m[K [01;31m[Kerror: [m[Kâ€˜[01m[KGoalHandleDistTurtle[m[Kâ€™ was not declared in this scope
[1.939s]    20 |             const std::shared_ptr<[01;31m[KGoalHandleDistTurtle[m[K> goal_handle
[1.939s]       |                                   [01;31m[K^~~~~~~~~~~~~~~~~~~~[m[K
[1.939s] [01m[K/home/hycon/workspace/hycon_git/ros2_study_jh/pkg_cpp/src/pkg_test_cpp/include/pkg_test_cpp/turtlesim_action_server.hpp:20:55:[m[K [01;31m[Kerror: [m[Ktemplate argument 1 is invalid
[1.939s]    20 |             const std::shared_ptr<GoalHandleDistTurtle[01;31m[K>[m[K goal_handle
[1.939s]       |                                                       [01;31m[K^[m[K
[1.939s] [01m[K/home/hycon/workspace/hycon_git/ros2_study_jh/pkg_cpp/src/pkg_test_cpp/include/pkg_test_cpp/turtlesim_action_server.hpp:23:2:[m[K [01;31m[Kerror: [m[Kexpected â€˜[01m[K;[m[Kâ€™ after class definition
[1.939s]    23 | }
[1.939s]       |  [01;31m[K^[m[K
[1.939s]       |  [32m[K;[m[K
[2.243s] gmake[2]: *** [CMakeFiles/turtlesim_action_server.dir/build.make:76: CMakeFiles/turtlesim_action_server.dir/src/main_action_server.cpp.o] Error 1
[2.243s] gmake[1]: *** [CMakeFiles/Makefile2:249: CMakeFiles/turtlesim_action_server.dir/all] Error 2
[2.243s] gmake: *** [Makefile:146: all] Error 2
[2.246s] Invoked command in '/home/hycon/workspace/hycon_git/ros2_study_jh/build/pkg_test_cpp' returned '2': CMAKE_PREFIX_PATH=${CMAKE_PREFIX_PATH}:/opt/ros/humble /usr/bin/cmake --build /home/hycon/workspace/hycon_git/ros2_study_jh/build/pkg_test_cpp -- -j16 -l16
