[0.011s] Invoking command in '/home/hycon/workspace/ros2_study/pkg_cpp/build/pkg_test_cpp': CMAKE_PREFIX_PATH=${CMAKE_PREFIX_PATH}:/opt/ros/humble /usr/bin/cmake --build /home/hycon/workspace/ros2_study/pkg_cpp/build/pkg_test_cpp -- -j16 -l16
[0.087s] [35m[1mConsolidate compiler generated dependencies of target turtlesim_service_server[0m
[0.135s] [ 25%] Built target turtlesim_publisher
[0.135s] [ 33%] [32mBuilding CXX object CMakeFiles/turtlesim_service_server.dir/src/main_service_server.cpp.o[0m
[0.138s] [ 58%] Built target turtlesim_cmd_and_pose
[0.139s] [ 83%] Built target turtlesim_subscriber
[0.140s] [ 91%] [32mBuilding CXX object CMakeFiles/turtlesim_service_server.dir/src/turtlesim_service_server.cpp.o[0m
[1.220s] [01m[K/home/hycon/workspace/ros2_study/pkg_cpp/src/pkg_test_cpp/src/turtlesim_service_server.cpp:[m[K In constructor â€˜[01m[KTurtlesimMultiSpawning::TurtlesimMultiSpawning()[m[Kâ€™:
[1.220s] [01m[K/home/hycon/workspace/ros2_study/pkg_cpp/src/pkg_test_cpp/src/turtlesim_service_server.cpp:11:5:[m[K [01;31m[Kerror: [m[Kâ€˜[01m[Kwait_for_services[m[Kâ€™ was not declared in this scope; did you mean â€˜[01m[Kwait_for_service[m[Kâ€™?
[1.220s]    11 |     [01;31m[Kwait_for_services[m[K();
[1.220s]       |     [01;31m[K^~~~~~~~~~~~~~~~~[m[K
[1.220s]       |     [32m[Kwait_for_service[m[K
[1.221s] [01m[K/home/hycon/workspace/ros2_study/pkg_cpp/src/pkg_test_cpp/src/turtlesim_service_server.cpp:[m[K At global scope:
[1.221s] [01m[K/home/hycon/workspace/ros2_study/pkg_cpp/src/pkg_test_cpp/src/turtlesim_service_server.cpp:16:6:[m[K [01;31m[Kerror: [m[Kno declaration matches â€˜[01m[Kvoid TurtlesimMultiSpawning::wait_for_services()[m[Kâ€™
[1.221s]    16 | void [01;31m[KTurtlesimMultiSpawning[m[K::wait_for_services() {
[1.221s]       |      [01;31m[K^~~~~~~~~~~~~~~~~~~~~~[m[K
[1.221s] [01m[K/home/hycon/workspace/ros2_study/pkg_cpp/src/pkg_test_cpp/src/turtlesim_service_server.cpp:16:6:[m[K [01;36m[Knote: [m[Kno functions named â€˜[01m[Kvoid TurtlesimMultiSpawning::wait_for_services()[m[Kâ€™
[1.221s] In file included from [01m[K/home/hycon/workspace/ros2_study/pkg_cpp/src/pkg_test_cpp/src/turtlesim_service_server.cpp:1[m[K:
[1.221s] [01m[K/home/hycon/workspace/ros2_study/pkg_cpp/src/pkg_test_cpp/include/pkg_test_cpp/turtlesim_service_server.hpp:13:7:[m[K [01;36m[Knote: [m[Kâ€˜[01m[Kclass TurtlesimMultiSpawning[m[Kâ€™ defined here
[1.221s]    13 | class [01;36m[KTurtlesimMultiSpawning[m[K : public rclcpp::Node {
[1.221s]       |       [01;36m[K^~~~~~~~~~~~~~~~~~~~~~[m[K
[1.227s] [01m[K/home/hycon/workspace/ros2_study/pkg_cpp/src/pkg_test_cpp/src/turtlesim_service_server.cpp:[m[K In member function â€˜[01m[Kvoid TurtlesimMultiSpawning::callback_service(std::shared_ptr<pkg_test_cpp_msg::srv::MultiSpawn_Request_<std::allocator<void> > >, std::shared_ptr<pkg_test_cpp_msg::srv::MultiSpawn_Response_<std::allocator<void> > >)[m[Kâ€™:
[1.227s] [01m[K/home/hycon/workspace/ros2_study/pkg_cpp/src/pkg_test_cpp/src/turtlesim_service_server.cpp:54:26:[m[K [01;35m[Kwarning: [m[Kcomparison of integer expressions of different signedness: â€˜[01m[Ksize_t[m[Kâ€™ {aka â€˜[01m[Klong unsigned int[m[Kâ€™} and â€˜[01m[Kpkg_test_cpp_msg::srv::MultiSpawn_Request_<std::allocator<void> >::_num_type[m[Kâ€™ {aka â€˜[01m[Klong int[m[Kâ€™} [[01;35m[K]8;;https://gcc.gnu.org/onlinedocs/gcc/Warning-Options.html#index-Wsign-compare-Wsign-compare]8;;[m[K]
[1.227s]    54 |     for (size_t i = 0; [01;35m[Ki < request_->num[m[K; ++i) {
[1.227s]       |                        [01;35m[K~~^~~~~~~~~~~~~~~[m[K
[1.227s] In file included from [01m[K/opt/ros/humble/include/rclcpp/rclcpp/logging.hpp:24[m[K,
[1.227s]                  from [01m[K/opt/ros/humble/include/rclcpp/rclcpp/client.hpp:40[m[K,
[1.227s]                  from [01m[K/opt/ros/humble/include/rclcpp/rclcpp/callback_group.hpp:24[m[K,
[1.227s]                  from [01m[K/opt/ros/humble/include/rclcpp/rclcpp/node.hpp:40[m[K,
[1.227s]                  from [01m[K/home/hycon/workspace/ros2_study/pkg_cpp/src/pkg_test_cpp/include/pkg_test_cpp/turtlesim_service_server.hpp:4[m[K,
[1.228s]                  from [01m[K/home/hycon/workspace/ros2_study/pkg_cpp/src/pkg_test_cpp/src/turtlesim_service_server.cpp:1[m[K:
[1.228s] [01m[K/home/hycon/workspace/ros2_study/pkg_cpp/src/pkg_test_cpp/src/turtlesim_service_server.cpp:65:37:[m[K [01;35m[Kwarning: [m[Kformat â€˜[01m[K%d[m[Kâ€™ expects argument of type â€˜[01m[Kint[m[Kâ€™, but argument 5 has type â€˜[01m[Kpkg_test_cpp_msg::srv::MultiSpawn_Request_<std::allocator<void> >::_num_type[m[Kâ€™ {aka â€˜[01m[Klong int[m[Kâ€™} [[01;35m[K]8;;https://gcc.gnu.org/onlinedocs/gcc/Warning-Options.html#index-Wformat=-Wformat=]8;;[m[K]
[1.228s]    65 |     RCLCPP_INFO(this->get_logger(), [01;35m[K"Spawned %d turtles."[m[K, [32m[Krequest_->num[m[K);
[1.228s]       |                                     [01;35m[K^~~~~~~~~~~~~~~~~~~~~[m[K  [32m[K~~~~~~~~~~~~~[m[K
[1.228s]       |                                                                      [32m[K|[m[K
[1.228s]       |                                                                      [32m[Kpkg_test_cpp_msg::srv::MultiSpawn_Request_<std::allocator<void> >::_num_type {aka long int}[m[K
[1.228s] [01m[K/home/hycon/workspace/ros2_study/pkg_cpp/src/pkg_test_cpp/src/turtlesim_service_server.cpp:65:47:[m[K [01;36m[Knote: [m[Kformat string is defined here
[1.228s]    65 |     RCLCPP_INFO(this->get_logger(), "Spawned [01;36m[K%d[m[K turtles.", request_->num);
[1.228s]       |                                              [01;36m[K~^[m[K
[1.228s]       |                                               [01;36m[K|[m[K
[1.229s]       |                                               [01;36m[Kint[m[K
[1.229s]       |                                              [32m[K%ld[m[K
[1.926s] gmake[2]: *** [CMakeFiles/turtlesim_service_server.dir/build.make:90: CMakeFiles/turtlesim_service_server.dir/src/turtlesim_service_server.cpp.o] Error 1
[1.926s] gmake[2]: *** Waiting for unfinished jobs....
[2.406s] gmake[1]: *** [CMakeFiles/Makefile2:221: CMakeFiles/turtlesim_service_server.dir/all] Error 2
[2.406s] gmake: *** [Makefile:146: all] Error 2
[2.411s] Invoked command in '/home/hycon/workspace/ros2_study/pkg_cpp/build/pkg_test_cpp' returned '2': CMAKE_PREFIX_PATH=${CMAKE_PREFIX_PATH}:/opt/ros/humble /usr/bin/cmake --build /home/hycon/workspace/ros2_study/pkg_cpp/build/pkg_test_cpp -- -j16 -l16
