[0.000000] (-) TimerEvent: {}
[0.000305] (pkg_test_cpp) JobQueued: {'identifier': 'pkg_test_cpp', 'dependencies': OrderedDict()}
[0.000342] (pkg_test_cpp_msg) JobQueued: {'identifier': 'pkg_test_cpp_msg', 'dependencies': OrderedDict()}
[0.000382] (pkg_test_cpp) JobStarted: {'identifier': 'pkg_test_cpp'}
[0.005092] (pkg_test_cpp_msg) JobStarted: {'identifier': 'pkg_test_cpp_msg'}
[0.008226] (pkg_test_cpp) JobProgress: {'identifier': 'pkg_test_cpp', 'progress': 'cmake'}
[0.008761] (pkg_test_cpp) JobProgress: {'identifier': 'pkg_test_cpp', 'progress': 'build'}
[0.009294] (pkg_test_cpp) Command: {'cmd': ['/usr/bin/cmake', '--build', '/home/hycon/workspace/ros2_study/pkg_cpp/build/pkg_test_cpp', '--', '-j16', '-l16'], 'cwd': '/home/hycon/workspace/ros2_study/pkg_cpp/build/pkg_test_cpp', 'env': OrderedDict([('LESSOPEN', '| /usr/bin/lesspipe %s'), ('LANGUAGE', 'en'), ('USER', 'hycon'), ('LC_TIME', 'ko_KR.UTF-8'), ('XDG_SESSION_TYPE', 'wayland'), ('GIT_ASKPASS', '/usr/share/code/resources/app/extensions/git/dist/askpass.sh'), ('SHLVL', '2'), ('LD_LIBRARY_PATH', '/home/hycon/workspace/ros2_study/pkg_cpp/install/pkg_test_cpp_msg/lib:/opt/ros/humble/opt/rviz_ogre_vendor/lib:/opt/ros/humble/lib/x86_64-linux-gnu:/opt/ros/humble/lib'), ('HOME', '/home/hycon'), ('CHROME_DESKTOP', 'code.desktop'), ('TERM_PROGRAM_VERSION', '1.97.1'), ('DESKTOP_SESSION', 'ubuntu'), ('DEBUGPY_ADAPTER_ENDPOINTS', '/home/hycon/.vscode/extensions/ms-python.debugpy-2025.0.1-linux-x64/.noConfigDebugAdapterEndpoints/endpoint-8e50f911d0d2098a.txt'), ('ROS_PYTHON_VERSION', '3'), ('GNOME_SHELL_SESSION_MODE', 'ubuntu'), ('GTK_MODULES', 'gail:atk-bridge'), ('VSCODE_GIT_ASKPASS_MAIN', '/usr/share/code/resources/app/extensions/git/dist/askpass-main.js'), ('LC_MONETARY', 'ko_KR.UTF-8'), ('VSCODE_GIT_ASKPASS_NODE', '/usr/share/code/code'), ('MANAGERPID', '992'), ('PYDEVD_DISABLE_FILE_VALIDATION', '1'), ('SYSTEMD_EXEC_PID', '1455'), ('BUNDLED_DEBUGPY_PATH', '/home/hycon/.vscode/extensions/ms-python.debugpy-2025.0.1-linux-x64/bundled/libs/debugpy'), ('DBUS_SESSION_BUS_ADDRESS', 'unix:path=/run/user/1000/bus'), ('COLORTERM', 'truecolor'), ('TERMINATOR_DBUS_NAME', 'net.tenshu.Terminator25ef4b219e3b005583550f2b0f9f990c3'), ('GIO_LAUNCHED_DESKTOP_FILE_PID', '1882'), ('IM_CONFIG_PHASE', '1'), ('WAYLAND_DISPLAY', 'wayland-0'), ('COLCON_PREFIX_PATH', '/home/hycon/workspace/ros2_study/pkg_cpp/install'), ('ROS_DISTRO', 'humble'), ('LOGNAME', 'hycon'), ('JOURNAL_STREAM', '8:7426'), ('_', '/usr/bin/colcon'), ('ROS_VERSION', '2'), ('XDG_SESSION_CLASS', 'user'), ('USERNAME', 'hycon'), ('TERM', 'xterm-256color'), ('GNOME_DESKTOP_SESSION_ID', 'this-is-deprecated'), ('ROS_LOCALHOST_ONLY', '0'), ('PATH', '/opt/ros/humble/bin:/home/hycon/.local/bin:/usr/local/sbin:/usr/local/bin:/usr/sbin:/usr/bin:/sbin:/bin:/usr/games:/usr/local/games:/snap/bin:/snap/bin:/home/hycon/.vscode/extensions/ms-python.debugpy-2025.0.1-linux-x64/bundled/scripts/noConfigScripts'), ('SESSION_MANAGER', 'local/hycon:@/tmp/.ICE-unix/1186,unix/hycon:/tmp/.ICE-unix/1186'), ('INVOCATION_ID', 'd9b9fc39ad2b407ca06b4fee8ea09f06'), ('PAPERSIZE', 'a4'), ('XDG_MENU_PREFIX', 'gnome-'), ('LC_ADDRESS', 'ko_KR.UTF-8'), ('GNOME_SETUP_DISPLAY', ':1'), ('XDG_RUNTIME_DIR', '/run/user/1000'), ('GDK_BACKEND', 'x11'), ('DISPLAY', ':0'), ('TERMINATOR_DBUS_PATH', '/net/tenshu/Terminator2'), ('LANG', 'en_US.UTF-8'), ('XDG_CURRENT_DESKTOP', 'Unity'), ('IBUS_DISABLE_SNOOPER', '1'), ('LC_TELEPHONE', 'ko_KR.UTF-8'), ('XMODIFIERS', '@im=ibus'), ('XDG_SESSION_DESKTOP', 'ubuntu'), ('XAUTHORITY', '/run/user/1000/.mutter-Xwaylandauth.82P912'), ('LS_COLORS', 'rs=0:di=01;34:ln=01;36:mh=00:pi=40;33:so=01;35:do=01;35:bd=40;33;01:cd=40;33;01:or=40;31;01:mi=00:su=37;41:sg=30;43:ca=30;41:tw=30;42:ow=34;42:st=37;44:ex=01;32:*.tar=01;31:*.tgz=01;31:*.arc=01;31:*.arj=01;31:*.taz=01;31:*.lha=01;31:*.lz4=01;31:*.lzh=01;31:*.lzma=01;31:*.tlz=01;31:*.txz=01;31:*.tzo=01;31:*.t7z=01;31:*.zip=01;31:*.z=01;31:*.dz=01;31:*.gz=01;31:*.lrz=01;31:*.lz=01;31:*.lzo=01;31:*.xz=01;31:*.zst=01;31:*.tzst=01;31:*.bz2=01;31:*.bz=01;31:*.tbz=01;31:*.tbz2=01;31:*.tz=01;31:*.deb=01;31:*.rpm=01;31:*.jar=01;31:*.war=01;31:*.ear=01;31:*.sar=01;31:*.rar=01;31:*.alz=01;31:*.ace=01;31:*.zoo=01;31:*.cpio=01;31:*.7z=01;31:*.rz=01;31:*.cab=01;31:*.wim=01;31:*.swm=01;31:*.dwm=01;31:*.esd=01;31:*.jpg=01;35:*.jpeg=01;35:*.mjpg=01;35:*.mjpeg=01;35:*.gif=01;35:*.bmp=01;35:*.pbm=01;35:*.pgm=01;35:*.ppm=01;35:*.tga=01;35:*.xbm=01;35:*.xpm=01;35:*.tif=01;35:*.tiff=01;35:*.png=01;35:*.svg=01;35:*.svgz=01;35:*.mng=01;35:*.pcx=01;35:*.mov=01;35:*.mpg=01;35:*.mpeg=01;35:*.m2v=01;35:*.mkv=01;35:*.webm=01;35:*.webp=01;35:*.ogm=01;35:*.mp4=01;35:*.m4v=01;35:*.mp4v=01;35:*.vob=01;35:*.qt=01;35:*.nuv=01;35:*.wmv=01;35:*.asf=01;35:*.rm=01;35:*.rmvb=01;35:*.flc=01;35:*.avi=01;35:*.fli=01;35:*.flv=01;35:*.gl=01;35:*.dl=01;35:*.xcf=01;35:*.xwd=01;35:*.yuv=01;35:*.cgm=01;35:*.emf=01;35:*.ogv=01;35:*.ogx=01;35:*.aac=00;36:*.au=00;36:*.flac=00;36:*.m4a=00;36:*.mid=00;36:*.midi=00;36:*.mka=00;36:*.mp3=00;36:*.mpc=00;36:*.ogg=00;36:*.ra=00;36:*.wav=00;36:*.oga=00;36:*.opus=00;36:*.spx=00;36:*.xspf=00;36:'), ('VSCODE_GIT_IPC_HANDLE', '/run/user/1000/vscode-git-2e607cfef9.sock'), ('TERM_PROGRAM', 'vscode'), ('SSH_AGENT_LAUNCHER', 'gnome-keyring'), ('SSH_AUTH_SOCK', '/run/user/1000/keyring/ssh'), ('ROS_DOMAIN_ID', '99'), ('AMENT_PREFIX_PATH', '/home/hycon/workspace/ros2_study/pkg_cpp/install/pkg_test_cpp_msg:/home/hycon/workspace/ros2_study/pkg_cpp/install/pkg_test_cpp:/opt/ros/humble'), ('ORIGINAL_XDG_CURRENT_DESKTOP', 'ubuntu:GNOME'), ('SHELL', '/bin/bash'), ('LC_NAME', 'ko_KR.UTF-8'), ('TERMINATOR_UUID', 'urn:uuid:0583fdbf-afe0-4b76-b6a2-bd97d41d6229'), ('QT_ACCESSIBILITY', '1'), ('GDMSESSION', 'ubuntu'), ('LESSCLOSE', '/usr/bin/lesspipe %s %s'), ('LC_MEASUREMENT', 'ko_KR.UTF-8'), ('LC_IDENTIFICATION', 'ko_KR.UTF-8'), ('VSCODE_GIT_ASKPASS_EXTRA_ARGS', ''), ('QT_IM_MODULE', 'ibus'), ('PWD', '/home/hycon/workspace/ros2_study/pkg_cpp/build/pkg_test_cpp'), ('LC_ALL', 'en_US.UTF-8'), ('XDG_CONFIG_DIRS', '/etc/xdg/xdg-ubuntu:/etc/xdg'), ('XDG_DATA_DIRS', '/usr/share/ubuntu:/usr/local/share/:/usr/share/:/var/lib/snapd/desktop'), ('PYTHONPATH', '/home/hycon/workspace/ros2_study/pkg_cpp/install/pkg_test_cpp_msg/local/lib/python3.10/dist-packages:/opt/ros/humble/lib/python3.10/site-packages:/opt/ros/humble/local/lib/python3.10/dist-packages'), ('LC_NUMERIC', 'ko_KR.UTF-8'), ('LC_PAPER', 'ko_KR.UTF-8'), ('COLCON', '1'), ('VTE_VERSION', '6800'), ('CMAKE_PREFIX_PATH', '/home/hycon/workspace/ros2_study/pkg_cpp/install/pkg_test_cpp_msg:/home/hycon/workspace/ros2_study/pkg_cpp/install/pkg_test_cpp:/opt/ros/humble')]), 'shell': False}
[0.012152] (pkg_test_cpp_msg) JobProgress: {'identifier': 'pkg_test_cpp_msg', 'progress': 'cmake'}
[0.012910] (pkg_test_cpp_msg) JobProgress: {'identifier': 'pkg_test_cpp_msg', 'progress': 'build'}
[0.013336] (pkg_test_cpp_msg) Command: {'cmd': ['/usr/bin/cmake', '--build', '/home/hycon/workspace/ros2_study/pkg_cpp/build/pkg_test_cpp_msg', '--', '-j16', '-l16'], 'cwd': '/home/hycon/workspace/ros2_study/pkg_cpp/build/pkg_test_cpp_msg', 'env': OrderedDict([('LESSOPEN', '| /usr/bin/lesspipe %s'), ('LANGUAGE', 'en'), ('USER', 'hycon'), ('LC_TIME', 'ko_KR.UTF-8'), ('XDG_SESSION_TYPE', 'wayland'), ('GIT_ASKPASS', '/usr/share/code/resources/app/extensions/git/dist/askpass.sh'), ('SHLVL', '2'), ('LD_LIBRARY_PATH', '/home/hycon/workspace/ros2_study/pkg_cpp/install/pkg_test_cpp_msg/lib:/opt/ros/humble/opt/rviz_ogre_vendor/lib:/opt/ros/humble/lib/x86_64-linux-gnu:/opt/ros/humble/lib'), ('HOME', '/home/hycon'), ('CHROME_DESKTOP', 'code.desktop'), ('TERM_PROGRAM_VERSION', '1.97.1'), ('DESKTOP_SESSION', 'ubuntu'), ('DEBUGPY_ADAPTER_ENDPOINTS', '/home/hycon/.vscode/extensions/ms-python.debugpy-2025.0.1-linux-x64/.noConfigDebugAdapterEndpoints/endpoint-8e50f911d0d2098a.txt'), ('ROS_PYTHON_VERSION', '3'), ('GNOME_SHELL_SESSION_MODE', 'ubuntu'), ('GTK_MODULES', 'gail:atk-bridge'), ('VSCODE_GIT_ASKPASS_MAIN', '/usr/share/code/resources/app/extensions/git/dist/askpass-main.js'), ('LC_MONETARY', 'ko_KR.UTF-8'), ('VSCODE_GIT_ASKPASS_NODE', '/usr/share/code/code'), ('MANAGERPID', '992'), ('PYDEVD_DISABLE_FILE_VALIDATION', '1'), ('SYSTEMD_EXEC_PID', '1455'), ('BUNDLED_DEBUGPY_PATH', '/home/hycon/.vscode/extensions/ms-python.debugpy-2025.0.1-linux-x64/bundled/libs/debugpy'), ('DBUS_SESSION_BUS_ADDRESS', 'unix:path=/run/user/1000/bus'), ('COLORTERM', 'truecolor'), ('TERMINATOR_DBUS_NAME', 'net.tenshu.Terminator25ef4b219e3b005583550f2b0f9f990c3'), ('GIO_LAUNCHED_DESKTOP_FILE_PID', '1882'), ('IM_CONFIG_PHASE', '1'), ('WAYLAND_DISPLAY', 'wayland-0'), ('COLCON_PREFIX_PATH', '/home/hycon/workspace/ros2_study/pkg_cpp/install'), ('ROS_DISTRO', 'humble'), ('LOGNAME', 'hycon'), ('JOURNAL_STREAM', '8:7426'), ('_', '/usr/bin/colcon'), ('ROS_VERSION', '2'), ('XDG_SESSION_CLASS', 'user'), ('USERNAME', 'hycon'), ('TERM', 'xterm-256color'), ('GNOME_DESKTOP_SESSION_ID', 'this-is-deprecated'), ('ROS_LOCALHOST_ONLY', '0'), ('PATH', '/opt/ros/humble/bin:/home/hycon/.local/bin:/usr/local/sbin:/usr/local/bin:/usr/sbin:/usr/bin:/sbin:/bin:/usr/games:/usr/local/games:/snap/bin:/snap/bin:/home/hycon/.vscode/extensions/ms-python.debugpy-2025.0.1-linux-x64/bundled/scripts/noConfigScripts'), ('SESSION_MANAGER', 'local/hycon:@/tmp/.ICE-unix/1186,unix/hycon:/tmp/.ICE-unix/1186'), ('INVOCATION_ID', 'd9b9fc39ad2b407ca06b4fee8ea09f06'), ('PAPERSIZE', 'a4'), ('XDG_MENU_PREFIX', 'gnome-'), ('LC_ADDRESS', 'ko_KR.UTF-8'), ('GNOME_SETUP_DISPLAY', ':1'), ('XDG_RUNTIME_DIR', '/run/user/1000'), ('GDK_BACKEND', 'x11'), ('DISPLAY', ':0'), ('TERMINATOR_DBUS_PATH', '/net/tenshu/Terminator2'), ('LANG', 'en_US.UTF-8'), ('XDG_CURRENT_DESKTOP', 'Unity'), ('IBUS_DISABLE_SNOOPER', '1'), ('LC_TELEPHONE', 'ko_KR.UTF-8'), ('XMODIFIERS', '@im=ibus'), ('XDG_SESSION_DESKTOP', 'ubuntu'), ('XAUTHORITY', '/run/user/1000/.mutter-Xwaylandauth.82P912'), ('LS_COLORS', 'rs=0:di=01;34:ln=01;36:mh=00:pi=40;33:so=01;35:do=01;35:bd=40;33;01:cd=40;33;01:or=40;31;01:mi=00:su=37;41:sg=30;43:ca=30;41:tw=30;42:ow=34;42:st=37;44:ex=01;32:*.tar=01;31:*.tgz=01;31:*.arc=01;31:*.arj=01;31:*.taz=01;31:*.lha=01;31:*.lz4=01;31:*.lzh=01;31:*.lzma=01;31:*.tlz=01;31:*.txz=01;31:*.tzo=01;31:*.t7z=01;31:*.zip=01;31:*.z=01;31:*.dz=01;31:*.gz=01;31:*.lrz=01;31:*.lz=01;31:*.lzo=01;31:*.xz=01;31:*.zst=01;31:*.tzst=01;31:*.bz2=01;31:*.bz=01;31:*.tbz=01;31:*.tbz2=01;31:*.tz=01;31:*.deb=01;31:*.rpm=01;31:*.jar=01;31:*.war=01;31:*.ear=01;31:*.sar=01;31:*.rar=01;31:*.alz=01;31:*.ace=01;31:*.zoo=01;31:*.cpio=01;31:*.7z=01;31:*.rz=01;31:*.cab=01;31:*.wim=01;31:*.swm=01;31:*.dwm=01;31:*.esd=01;31:*.jpg=01;35:*.jpeg=01;35:*.mjpg=01;35:*.mjpeg=01;35:*.gif=01;35:*.bmp=01;35:*.pbm=01;35:*.pgm=01;35:*.ppm=01;35:*.tga=01;35:*.xbm=01;35:*.xpm=01;35:*.tif=01;35:*.tiff=01;35:*.png=01;35:*.svg=01;35:*.svgz=01;35:*.mng=01;35:*.pcx=01;35:*.mov=01;35:*.mpg=01;35:*.mpeg=01;35:*.m2v=01;35:*.mkv=01;35:*.webm=01;35:*.webp=01;35:*.ogm=01;35:*.mp4=01;35:*.m4v=01;35:*.mp4v=01;35:*.vob=01;35:*.qt=01;35:*.nuv=01;35:*.wmv=01;35:*.asf=01;35:*.rm=01;35:*.rmvb=01;35:*.flc=01;35:*.avi=01;35:*.fli=01;35:*.flv=01;35:*.gl=01;35:*.dl=01;35:*.xcf=01;35:*.xwd=01;35:*.yuv=01;35:*.cgm=01;35:*.emf=01;35:*.ogv=01;35:*.ogx=01;35:*.aac=00;36:*.au=00;36:*.flac=00;36:*.m4a=00;36:*.mid=00;36:*.midi=00;36:*.mka=00;36:*.mp3=00;36:*.mpc=00;36:*.ogg=00;36:*.ra=00;36:*.wav=00;36:*.oga=00;36:*.opus=00;36:*.spx=00;36:*.xspf=00;36:'), ('VSCODE_GIT_IPC_HANDLE', '/run/user/1000/vscode-git-2e607cfef9.sock'), ('TERM_PROGRAM', 'vscode'), ('SSH_AGENT_LAUNCHER', 'gnome-keyring'), ('SSH_AUTH_SOCK', '/run/user/1000/keyring/ssh'), ('ROS_DOMAIN_ID', '99'), ('AMENT_PREFIX_PATH', '/home/hycon/workspace/ros2_study/pkg_cpp/install/pkg_test_cpp_msg:/home/hycon/workspace/ros2_study/pkg_cpp/install/pkg_test_cpp:/opt/ros/humble'), ('ORIGINAL_XDG_CURRENT_DESKTOP', 'ubuntu:GNOME'), ('SHELL', '/bin/bash'), ('LC_NAME', 'ko_KR.UTF-8'), ('TERMINATOR_UUID', 'urn:uuid:0583fdbf-afe0-4b76-b6a2-bd97d41d6229'), ('QT_ACCESSIBILITY', '1'), ('GDMSESSION', 'ubuntu'), ('LESSCLOSE', '/usr/bin/lesspipe %s %s'), ('LC_MEASUREMENT', 'ko_KR.UTF-8'), ('LC_IDENTIFICATION', 'ko_KR.UTF-8'), ('VSCODE_GIT_ASKPASS_EXTRA_ARGS', ''), ('QT_IM_MODULE', 'ibus'), ('PWD', '/home/hycon/workspace/ros2_study/pkg_cpp/build/pkg_test_cpp_msg'), ('LC_ALL', 'en_US.UTF-8'), ('XDG_CONFIG_DIRS', '/etc/xdg/xdg-ubuntu:/etc/xdg'), ('XDG_DATA_DIRS', '/usr/share/ubuntu:/usr/local/share/:/usr/share/:/var/lib/snapd/desktop'), ('PYTHONPATH', '/home/hycon/workspace/ros2_study/pkg_cpp/install/pkg_test_cpp_msg/local/lib/python3.10/dist-packages:/opt/ros/humble/lib/python3.10/site-packages:/opt/ros/humble/local/lib/python3.10/dist-packages'), ('LC_NUMERIC', 'ko_KR.UTF-8'), ('LC_PAPER', 'ko_KR.UTF-8'), ('COLCON', '1'), ('VTE_VERSION', '6800'), ('CMAKE_PREFIX_PATH', '/home/hycon/workspace/ros2_study/pkg_cpp/install/pkg_test_cpp_msg:/home/hycon/workspace/ros2_study/pkg_cpp/install/pkg_test_cpp:/opt/ros/humble')]), 'shell': False}
[0.086831] (pkg_test_cpp) StdoutLine: {'line': b'\x1b[35m\x1b[1mConsolidate compiler generated dependencies of target turtlesim_service_server\x1b[0m\n'}
[0.099802] (-) TimerEvent: {}
[0.109490] (pkg_test_cpp_msg) StdoutLine: {'line': b'[  2%] Built target pkg_test_cpp_msg__cpp\n'}
[0.124532] (pkg_test_cpp_msg) StdoutLine: {'line': b'[ 12%] Built target pkg_test_cpp_msg__rosidl_generator_c\n'}
[0.135172] (pkg_test_cpp) StdoutLine: {'line': b'[ 25%] Built target turtlesim_publisher\n'}
[0.135694] (pkg_test_cpp) StdoutLine: {'line': b'[ 33%] \x1b[32mBuilding CXX object CMakeFiles/turtlesim_service_server.dir/src/main_service_server.cpp.o\x1b[0m\n'}
[0.137707] (pkg_test_cpp) StdoutLine: {'line': b'[ 58%] Built target turtlesim_cmd_and_pose\n'}
[0.138634] (pkg_test_cpp_msg) StdoutLine: {'line': b'[ 12%] Built target ament_cmake_python_copy_pkg_test_cpp_msg\n'}
[0.139751] (pkg_test_cpp) StdoutLine: {'line': b'[ 83%] Built target turtlesim_subscriber\n'}
[0.140417] (pkg_test_cpp) StdoutLine: {'line': b'[ 91%] \x1b[32mBuilding CXX object CMakeFiles/turtlesim_service_server.dir/src/turtlesim_service_server.cpp.o\x1b[0m\n'}
[0.156826] (pkg_test_cpp_msg) StdoutLine: {'line': b'[ 23%] Built target pkg_test_cpp_msg__rosidl_typesupport_cpp\n'}
[0.160137] (pkg_test_cpp_msg) StdoutLine: {'line': b'[ 33%] Built target pkg_test_cpp_msg__rosidl_typesupport_fastrtps_c\n'}
[0.160439] (pkg_test_cpp_msg) StdoutLine: {'line': b'[ 43%] Built target pkg_test_cpp_msg__rosidl_typesupport_fastrtps_cpp\n'}
[0.162006] (pkg_test_cpp_msg) StdoutLine: {'line': b'[ 53%] Built target pkg_test_cpp_msg__rosidl_typesupport_introspection_c\n'}
[0.164741] (pkg_test_cpp_msg) StdoutLine: {'line': b'[ 64%] Built target pkg_test_cpp_msg__rosidl_typesupport_introspection_cpp\n'}
[0.165086] (pkg_test_cpp_msg) StdoutLine: {'line': b'[ 74%] Built target pkg_test_cpp_msg__rosidl_typesupport_c\n'}
[0.186189] (pkg_test_cpp_msg) StdoutLine: {'line': b'[ 74%] Built target pkg_test_cpp_msg\n'}
[0.199944] (-) TimerEvent: {}
[0.207395] (pkg_test_cpp_msg) StdoutLine: {'line': b'[ 76%] Built target pkg_test_cpp_msg__py\n'}
[0.231751] (pkg_test_cpp_msg) StdoutLine: {'line': b'[ 84%] Built target pkg_test_cpp_msg__rosidl_generator_py\n'}
[0.254829] (pkg_test_cpp_msg) StdoutLine: {'line': b'[ 89%] Built target pkg_test_cpp_msg__rosidl_typesupport_introspection_c__pyext\n'}
[0.255975] (pkg_test_cpp_msg) StdoutLine: {'line': b'[ 94%] Built target pkg_test_cpp_msg__rosidl_typesupport_c__pyext\n'}
[0.256136] (pkg_test_cpp_msg) StdoutLine: {'line': b'[100%] Built target pkg_test_cpp_msg__rosidl_typesupport_fastrtps_c__pyext\n'}
[0.300082] (-) TimerEvent: {}
[0.312899] (pkg_test_cpp_msg) StdoutLine: {'line': b'running egg_info\n'}
[0.313557] (pkg_test_cpp_msg) StdoutLine: {'line': b'writing pkg_test_cpp_msg.egg-info/PKG-INFO\n'}
[0.313771] (pkg_test_cpp_msg) StdoutLine: {'line': b'writing dependency_links to pkg_test_cpp_msg.egg-info/dependency_links.txt\n'}
[0.313929] (pkg_test_cpp_msg) StdoutLine: {'line': b'writing top-level names to pkg_test_cpp_msg.egg-info/top_level.txt\n'}
[0.316141] (pkg_test_cpp_msg) StdoutLine: {'line': b"reading manifest file 'pkg_test_cpp_msg.egg-info/SOURCES.txt'\n"}
[0.316550] (pkg_test_cpp_msg) StdoutLine: {'line': b"writing manifest file 'pkg_test_cpp_msg.egg-info/SOURCES.txt'\n"}
[0.339965] (pkg_test_cpp_msg) StdoutLine: {'line': b'[100%] Built target ament_cmake_python_build_pkg_test_cpp_msg_egg\n'}
[0.351526] (pkg_test_cpp_msg) CommandEnded: {'returncode': 0}
[0.352514] (pkg_test_cpp_msg) JobProgress: {'identifier': 'pkg_test_cpp_msg', 'progress': 'install'}
[0.360856] (pkg_test_cpp_msg) Command: {'cmd': ['/usr/bin/cmake', '--install', '/home/hycon/workspace/ros2_study/pkg_cpp/build/pkg_test_cpp_msg'], 'cwd': '/home/hycon/workspace/ros2_study/pkg_cpp/build/pkg_test_cpp_msg', 'env': OrderedDict([('LESSOPEN', '| /usr/bin/lesspipe %s'), ('LANGUAGE', 'en'), ('USER', 'hycon'), ('LC_TIME', 'ko_KR.UTF-8'), ('XDG_SESSION_TYPE', 'wayland'), ('GIT_ASKPASS', '/usr/share/code/resources/app/extensions/git/dist/askpass.sh'), ('SHLVL', '2'), ('LD_LIBRARY_PATH', '/home/hycon/workspace/ros2_study/pkg_cpp/install/pkg_test_cpp_msg/lib:/opt/ros/humble/opt/rviz_ogre_vendor/lib:/opt/ros/humble/lib/x86_64-linux-gnu:/opt/ros/humble/lib'), ('HOME', '/home/hycon'), ('CHROME_DESKTOP', 'code.desktop'), ('TERM_PROGRAM_VERSION', '1.97.1'), ('DESKTOP_SESSION', 'ubuntu'), ('DEBUGPY_ADAPTER_ENDPOINTS', '/home/hycon/.vscode/extensions/ms-python.debugpy-2025.0.1-linux-x64/.noConfigDebugAdapterEndpoints/endpoint-8e50f911d0d2098a.txt'), ('ROS_PYTHON_VERSION', '3'), ('GNOME_SHELL_SESSION_MODE', 'ubuntu'), ('GTK_MODULES', 'gail:atk-bridge'), ('VSCODE_GIT_ASKPASS_MAIN', '/usr/share/code/resources/app/extensions/git/dist/askpass-main.js'), ('LC_MONETARY', 'ko_KR.UTF-8'), ('VSCODE_GIT_ASKPASS_NODE', '/usr/share/code/code'), ('MANAGERPID', '992'), ('PYDEVD_DISABLE_FILE_VALIDATION', '1'), ('SYSTEMD_EXEC_PID', '1455'), ('BUNDLED_DEBUGPY_PATH', '/home/hycon/.vscode/extensions/ms-python.debugpy-2025.0.1-linux-x64/bundled/libs/debugpy'), ('DBUS_SESSION_BUS_ADDRESS', 'unix:path=/run/user/1000/bus'), ('COLORTERM', 'truecolor'), ('TERMINATOR_DBUS_NAME', 'net.tenshu.Terminator25ef4b219e3b005583550f2b0f9f990c3'), ('GIO_LAUNCHED_DESKTOP_FILE_PID', '1882'), ('IM_CONFIG_PHASE', '1'), ('WAYLAND_DISPLAY', 'wayland-0'), ('COLCON_PREFIX_PATH', '/home/hycon/workspace/ros2_study/pkg_cpp/install'), ('ROS_DISTRO', 'humble'), ('LOGNAME', 'hycon'), ('JOURNAL_STREAM', '8:7426'), ('_', '/usr/bin/colcon'), ('ROS_VERSION', '2'), ('XDG_SESSION_CLASS', 'user'), ('USERNAME', 'hycon'), ('TERM', 'xterm-256color'), ('GNOME_DESKTOP_SESSION_ID', 'this-is-deprecated'), ('ROS_LOCALHOST_ONLY', '0'), ('PATH', '/opt/ros/humble/bin:/home/hycon/.local/bin:/usr/local/sbin:/usr/local/bin:/usr/sbin:/usr/bin:/sbin:/bin:/usr/games:/usr/local/games:/snap/bin:/snap/bin:/home/hycon/.vscode/extensions/ms-python.debugpy-2025.0.1-linux-x64/bundled/scripts/noConfigScripts'), ('SESSION_MANAGER', 'local/hycon:@/tmp/.ICE-unix/1186,unix/hycon:/tmp/.ICE-unix/1186'), ('INVOCATION_ID', 'd9b9fc39ad2b407ca06b4fee8ea09f06'), ('PAPERSIZE', 'a4'), ('XDG_MENU_PREFIX', 'gnome-'), ('LC_ADDRESS', 'ko_KR.UTF-8'), ('GNOME_SETUP_DISPLAY', ':1'), ('XDG_RUNTIME_DIR', '/run/user/1000'), ('GDK_BACKEND', 'x11'), ('DISPLAY', ':0'), ('TERMINATOR_DBUS_PATH', '/net/tenshu/Terminator2'), ('LANG', 'en_US.UTF-8'), ('XDG_CURRENT_DESKTOP', 'Unity'), ('IBUS_DISABLE_SNOOPER', '1'), ('LC_TELEPHONE', 'ko_KR.UTF-8'), ('XMODIFIERS', '@im=ibus'), ('XDG_SESSION_DESKTOP', 'ubuntu'), ('XAUTHORITY', '/run/user/1000/.mutter-Xwaylandauth.82P912'), ('LS_COLORS', 'rs=0:di=01;34:ln=01;36:mh=00:pi=40;33:so=01;35:do=01;35:bd=40;33;01:cd=40;33;01:or=40;31;01:mi=00:su=37;41:sg=30;43:ca=30;41:tw=30;42:ow=34;42:st=37;44:ex=01;32:*.tar=01;31:*.tgz=01;31:*.arc=01;31:*.arj=01;31:*.taz=01;31:*.lha=01;31:*.lz4=01;31:*.lzh=01;31:*.lzma=01;31:*.tlz=01;31:*.txz=01;31:*.tzo=01;31:*.t7z=01;31:*.zip=01;31:*.z=01;31:*.dz=01;31:*.gz=01;31:*.lrz=01;31:*.lz=01;31:*.lzo=01;31:*.xz=01;31:*.zst=01;31:*.tzst=01;31:*.bz2=01;31:*.bz=01;31:*.tbz=01;31:*.tbz2=01;31:*.tz=01;31:*.deb=01;31:*.rpm=01;31:*.jar=01;31:*.war=01;31:*.ear=01;31:*.sar=01;31:*.rar=01;31:*.alz=01;31:*.ace=01;31:*.zoo=01;31:*.cpio=01;31:*.7z=01;31:*.rz=01;31:*.cab=01;31:*.wim=01;31:*.swm=01;31:*.dwm=01;31:*.esd=01;31:*.jpg=01;35:*.jpeg=01;35:*.mjpg=01;35:*.mjpeg=01;35:*.gif=01;35:*.bmp=01;35:*.pbm=01;35:*.pgm=01;35:*.ppm=01;35:*.tga=01;35:*.xbm=01;35:*.xpm=01;35:*.tif=01;35:*.tiff=01;35:*.png=01;35:*.svg=01;35:*.svgz=01;35:*.mng=01;35:*.pcx=01;35:*.mov=01;35:*.mpg=01;35:*.mpeg=01;35:*.m2v=01;35:*.mkv=01;35:*.webm=01;35:*.webp=01;35:*.ogm=01;35:*.mp4=01;35:*.m4v=01;35:*.mp4v=01;35:*.vob=01;35:*.qt=01;35:*.nuv=01;35:*.wmv=01;35:*.asf=01;35:*.rm=01;35:*.rmvb=01;35:*.flc=01;35:*.avi=01;35:*.fli=01;35:*.flv=01;35:*.gl=01;35:*.dl=01;35:*.xcf=01;35:*.xwd=01;35:*.yuv=01;35:*.cgm=01;35:*.emf=01;35:*.ogv=01;35:*.ogx=01;35:*.aac=00;36:*.au=00;36:*.flac=00;36:*.m4a=00;36:*.mid=00;36:*.midi=00;36:*.mka=00;36:*.mp3=00;36:*.mpc=00;36:*.ogg=00;36:*.ra=00;36:*.wav=00;36:*.oga=00;36:*.opus=00;36:*.spx=00;36:*.xspf=00;36:'), ('VSCODE_GIT_IPC_HANDLE', '/run/user/1000/vscode-git-2e607cfef9.sock'), ('TERM_PROGRAM', 'vscode'), ('SSH_AGENT_LAUNCHER', 'gnome-keyring'), ('SSH_AUTH_SOCK', '/run/user/1000/keyring/ssh'), ('ROS_DOMAIN_ID', '99'), ('AMENT_PREFIX_PATH', '/home/hycon/workspace/ros2_study/pkg_cpp/install/pkg_test_cpp_msg:/home/hycon/workspace/ros2_study/pkg_cpp/install/pkg_test_cpp:/opt/ros/humble'), ('ORIGINAL_XDG_CURRENT_DESKTOP', 'ubuntu:GNOME'), ('SHELL', '/bin/bash'), ('LC_NAME', 'ko_KR.UTF-8'), ('TERMINATOR_UUID', 'urn:uuid:0583fdbf-afe0-4b76-b6a2-bd97d41d6229'), ('QT_ACCESSIBILITY', '1'), ('GDMSESSION', 'ubuntu'), ('LESSCLOSE', '/usr/bin/lesspipe %s %s'), ('LC_MEASUREMENT', 'ko_KR.UTF-8'), ('LC_IDENTIFICATION', 'ko_KR.UTF-8'), ('VSCODE_GIT_ASKPASS_EXTRA_ARGS', ''), ('QT_IM_MODULE', 'ibus'), ('PWD', '/home/hycon/workspace/ros2_study/pkg_cpp/build/pkg_test_cpp_msg'), ('LC_ALL', 'en_US.UTF-8'), ('XDG_CONFIG_DIRS', '/etc/xdg/xdg-ubuntu:/etc/xdg'), ('XDG_DATA_DIRS', '/usr/share/ubuntu:/usr/local/share/:/usr/share/:/var/lib/snapd/desktop'), ('PYTHONPATH', '/home/hycon/workspace/ros2_study/pkg_cpp/install/pkg_test_cpp_msg/local/lib/python3.10/dist-packages:/opt/ros/humble/lib/python3.10/site-packages:/opt/ros/humble/local/lib/python3.10/dist-packages'), ('LC_NUMERIC', 'ko_KR.UTF-8'), ('LC_PAPER', 'ko_KR.UTF-8'), ('COLCON', '1'), ('VTE_VERSION', '6800'), ('CMAKE_PREFIX_PATH', '/home/hycon/workspace/ros2_study/pkg_cpp/install/pkg_test_cpp_msg:/home/hycon/workspace/ros2_study/pkg_cpp/install/pkg_test_cpp:/opt/ros/humble')]), 'shell': False}
[0.369865] (pkg_test_cpp_msg) StdoutLine: {'line': b'-- Install configuration: ""\n'}
[0.370099] (pkg_test_cpp_msg) StdoutLine: {'line': b'-- Up-to-date: /home/hycon/workspace/ros2_study/pkg_cpp/install/pkg_test_cpp_msg/share/ament_index/resource_index/rosidl_interfaces/pkg_test_cpp_msg\n'}
[0.370256] (pkg_test_cpp_msg) StdoutLine: {'line': b'-- Up-to-date: /home/hycon/workspace/ros2_study/pkg_cpp/install/pkg_test_cpp_msg/include/pkg_test_cpp_msg/pkg_test_cpp_msg\n'}
[0.370394] (pkg_test_cpp_msg) StdoutLine: {'line': b'-- Up-to-date: /home/hycon/workspace/ros2_study/pkg_cpp/install/pkg_test_cpp_msg/include/pkg_test_cpp_msg/pkg_test_cpp_msg/msg\n'}
[0.370480] (pkg_test_cpp_msg) StdoutLine: {'line': b'-- Up-to-date: /home/hycon/workspace/ros2_study/pkg_cpp/install/pkg_test_cpp_msg/include/pkg_test_cpp_msg/pkg_test_cpp_msg/msg/detail\n'}
[0.370561] (pkg_test_cpp_msg) StdoutLine: {'line': b'-- Up-to-date: /home/hycon/workspace/ros2_study/pkg_cpp/install/pkg_test_cpp_msg/include/pkg_test_cpp_msg/pkg_test_cpp_msg/msg/detail/cmd_and_pose_vel__functions.c\n'}
[0.370656] (pkg_test_cpp_msg) StdoutLine: {'line': b'-- Up-to-date: /home/hycon/workspace/ros2_study/pkg_cpp/install/pkg_test_cpp_msg/include/pkg_test_cpp_msg/pkg_test_cpp_msg/msg/detail/cmd_and_pose_vel__functions.h\n'}
[0.370772] (pkg_test_cpp_msg) StdoutLine: {'line': b'-- Up-to-date: /home/hycon/workspace/ros2_study/pkg_cpp/install/pkg_test_cpp_msg/include/pkg_test_cpp_msg/pkg_test_cpp_msg/msg/detail/cmd_and_pose_vel__type_support.h\n'}
[0.370878] (pkg_test_cpp_msg) StdoutLine: {'line': b'-- Up-to-date: /home/hycon/workspace/ros2_study/pkg_cpp/install/pkg_test_cpp_msg/include/pkg_test_cpp_msg/pkg_test_cpp_msg/msg/detail/cmd_and_pose_vel__struct.h\n'}
[0.370978] (pkg_test_cpp_msg) StdoutLine: {'line': b'-- Up-to-date: /home/hycon/workspace/ros2_study/pkg_cpp/install/pkg_test_cpp_msg/include/pkg_test_cpp_msg/pkg_test_cpp_msg/msg/rosidl_generator_c__visibility_control.h\n'}
[0.371114] (pkg_test_cpp_msg) StdoutLine: {'line': b'-- Up-to-date: /home/hycon/workspace/ros2_study/pkg_cpp/install/pkg_test_cpp_msg/include/pkg_test_cpp_msg/pkg_test_cpp_msg/msg/cmd_and_pose_vel.h\n'}
[0.371205] (pkg_test_cpp_msg) StdoutLine: {'line': b'-- Up-to-date: /home/hycon/workspace/ros2_study/pkg_cpp/install/pkg_test_cpp_msg/include/pkg_test_cpp_msg/pkg_test_cpp_msg/srv\n'}
[0.371286] (pkg_test_cpp_msg) StdoutLine: {'line': b'-- Up-to-date: /home/hycon/workspace/ros2_study/pkg_cpp/install/pkg_test_cpp_msg/include/pkg_test_cpp_msg/pkg_test_cpp_msg/srv/detail\n'}
[0.371392] (pkg_test_cpp_msg) StdoutLine: {'line': b'-- Up-to-date: /home/hycon/workspace/ros2_study/pkg_cpp/install/pkg_test_cpp_msg/include/pkg_test_cpp_msg/pkg_test_cpp_msg/srv/detail/multi_spawn__functions.h\n'}
[0.371492] (pkg_test_cpp_msg) StdoutLine: {'line': b'-- Up-to-date: /home/hycon/workspace/ros2_study/pkg_cpp/install/pkg_test_cpp_msg/include/pkg_test_cpp_msg/pkg_test_cpp_msg/srv/detail/multi_spawn__type_support.h\n'}
[0.371651] (pkg_test_cpp_msg) StdoutLine: {'line': b'-- Up-to-date: /home/hycon/workspace/ros2_study/pkg_cpp/install/pkg_test_cpp_msg/include/pkg_test_cpp_msg/pkg_test_cpp_msg/srv/detail/multi_spawn__functions.c\n'}
[0.371825] (pkg_test_cpp_msg) StdoutLine: {'line': b'-- Up-to-date: /home/hycon/workspace/ros2_study/pkg_cpp/install/pkg_test_cpp_msg/include/pkg_test_cpp_msg/pkg_test_cpp_msg/srv/detail/multi_spawn__struct.h\n'}
[0.371948] (pkg_test_cpp_msg) StdoutLine: {'line': b'-- Up-to-date: /home/hycon/workspace/ros2_study/pkg_cpp/install/pkg_test_cpp_msg/include/pkg_test_cpp_msg/pkg_test_cpp_msg/srv/multi_spawn.h\n'}
[0.372081] (pkg_test_cpp_msg) StdoutLine: {'line': b'-- Up-to-date: /home/hycon/workspace/ros2_study/pkg_cpp/install/pkg_test_cpp_msg/share/pkg_test_cpp_msg/environment/library_path.sh\n'}
[0.372209] (pkg_test_cpp_msg) StdoutLine: {'line': b'-- Up-to-date: /home/hycon/workspace/ros2_study/pkg_cpp/install/pkg_test_cpp_msg/share/pkg_test_cpp_msg/environment/library_path.dsv\n'}
[0.372315] (pkg_test_cpp_msg) StdoutLine: {'line': b'-- Up-to-date: /home/hycon/workspace/ros2_study/pkg_cpp/install/pkg_test_cpp_msg/lib/libpkg_test_cpp_msg__rosidl_generator_c.so\n'}
[0.372396] (pkg_test_cpp_msg) StdoutLine: {'line': b'-- Up-to-date: /home/hycon/workspace/ros2_study/pkg_cpp/install/pkg_test_cpp_msg/include/pkg_test_cpp_msg/pkg_test_cpp_msg\n'}
[0.372479] (pkg_test_cpp_msg) StdoutLine: {'line': b'-- Up-to-date: /home/hycon/workspace/ros2_study/pkg_cpp/install/pkg_test_cpp_msg/include/pkg_test_cpp_msg/pkg_test_cpp_msg/msg\n'}
[0.372592] (pkg_test_cpp_msg) StdoutLine: {'line': b'-- Up-to-date: /home/hycon/workspace/ros2_study/pkg_cpp/install/pkg_test_cpp_msg/include/pkg_test_cpp_msg/pkg_test_cpp_msg/msg/detail\n'}
[0.372675] (pkg_test_cpp_msg) StdoutLine: {'line': b'-- Up-to-date: /home/hycon/workspace/ros2_study/pkg_cpp/install/pkg_test_cpp_msg/include/pkg_test_cpp_msg/pkg_test_cpp_msg/msg/detail/cmd_and_pose_vel__rosidl_typesupport_fastrtps_c.h\n'}
[0.372780] (pkg_test_cpp_msg) StdoutLine: {'line': b'-- Up-to-date: /home/hycon/workspace/ros2_study/pkg_cpp/install/pkg_test_cpp_msg/include/pkg_test_cpp_msg/pkg_test_cpp_msg/msg/rosidl_typesupport_fastrtps_c__visibility_control.h\n'}
[0.372891] (pkg_test_cpp_msg) StdoutLine: {'line': b'-- Up-to-date: /home/hycon/workspace/ros2_study/pkg_cpp/install/pkg_test_cpp_msg/include/pkg_test_cpp_msg/pkg_test_cpp_msg/srv\n'}
[0.373016] (pkg_test_cpp_msg) StdoutLine: {'line': b'-- Up-to-date: /home/hycon/workspace/ros2_study/pkg_cpp/install/pkg_test_cpp_msg/include/pkg_test_cpp_msg/pkg_test_cpp_msg/srv/detail\n'}
[0.373126] (pkg_test_cpp_msg) StdoutLine: {'line': b'-- Up-to-date: /home/hycon/workspace/ros2_study/pkg_cpp/install/pkg_test_cpp_msg/include/pkg_test_cpp_msg/pkg_test_cpp_msg/srv/detail/multi_spawn__rosidl_typesupport_fastrtps_c.h\n'}
[0.373220] (pkg_test_cpp_msg) StdoutLine: {'line': b'-- Up-to-date: /home/hycon/workspace/ros2_study/pkg_cpp/install/pkg_test_cpp_msg/lib/libpkg_test_cpp_msg__rosidl_typesupport_fastrtps_c.so\n'}
[0.373352] (pkg_test_cpp_msg) StdoutLine: {'line': b'-- Up-to-date: /home/hycon/workspace/ros2_study/pkg_cpp/install/pkg_test_cpp_msg/include/pkg_test_cpp_msg/pkg_test_cpp_msg\n'}
[0.373481] (pkg_test_cpp_msg) StdoutLine: {'line': b'-- Up-to-date: /home/hycon/workspace/ros2_study/pkg_cpp/install/pkg_test_cpp_msg/include/pkg_test_cpp_msg/pkg_test_cpp_msg/msg\n'}
[0.373565] (pkg_test_cpp_msg) StdoutLine: {'line': b'-- Up-to-date: /home/hycon/workspace/ros2_study/pkg_cpp/install/pkg_test_cpp_msg/include/pkg_test_cpp_msg/pkg_test_cpp_msg/msg/detail\n'}
[0.373645] (pkg_test_cpp_msg) StdoutLine: {'line': b'-- Up-to-date: /home/hycon/workspace/ros2_study/pkg_cpp/install/pkg_test_cpp_msg/include/pkg_test_cpp_msg/pkg_test_cpp_msg/msg/detail/cmd_and_pose_vel__rosidl_typesupport_introspection_c.h\n'}
[0.373727] (pkg_test_cpp_msg) StdoutLine: {'line': b'-- Up-to-date: /home/hycon/workspace/ros2_study/pkg_cpp/install/pkg_test_cpp_msg/include/pkg_test_cpp_msg/pkg_test_cpp_msg/msg/detail/cmd_and_pose_vel__type_support.c\n'}
[0.373809] (pkg_test_cpp_msg) StdoutLine: {'line': b'-- Up-to-date: /home/hycon/workspace/ros2_study/pkg_cpp/install/pkg_test_cpp_msg/include/pkg_test_cpp_msg/pkg_test_cpp_msg/msg/rosidl_typesupport_introspection_c__visibility_control.h\n'}
[0.373970] (pkg_test_cpp_msg) StdoutLine: {'line': b'-- Up-to-date: /home/hycon/workspace/ros2_study/pkg_cpp/install/pkg_test_cpp_msg/include/pkg_test_cpp_msg/pkg_test_cpp_msg/srv\n'}
[0.374054] (pkg_test_cpp_msg) StdoutLine: {'line': b'-- Up-to-date: /home/hycon/workspace/ros2_study/pkg_cpp/install/pkg_test_cpp_msg/include/pkg_test_cpp_msg/pkg_test_cpp_msg/srv/detail\n'}
[0.374134] (pkg_test_cpp_msg) StdoutLine: {'line': b'-- Up-to-date: /home/hycon/workspace/ros2_study/pkg_cpp/install/pkg_test_cpp_msg/include/pkg_test_cpp_msg/pkg_test_cpp_msg/srv/detail/multi_spawn__rosidl_typesupport_introspection_c.h\n'}
[0.374220] (pkg_test_cpp_msg) StdoutLine: {'line': b'-- Up-to-date: /home/hycon/workspace/ros2_study/pkg_cpp/install/pkg_test_cpp_msg/include/pkg_test_cpp_msg/pkg_test_cpp_msg/srv/detail/multi_spawn__type_support.c\n'}
[0.374298] (pkg_test_cpp_msg) StdoutLine: {'line': b'-- Up-to-date: /home/hycon/workspace/ros2_study/pkg_cpp/install/pkg_test_cpp_msg/lib/libpkg_test_cpp_msg__rosidl_typesupport_introspection_c.so\n'}
[0.374379] (pkg_test_cpp_msg) StdoutLine: {'line': b'-- Up-to-date: /home/hycon/workspace/ros2_study/pkg_cpp/install/pkg_test_cpp_msg/lib/libpkg_test_cpp_msg__rosidl_typesupport_c.so\n'}
[0.374457] (pkg_test_cpp_msg) StdoutLine: {'line': b'-- Up-to-date: /home/hycon/workspace/ros2_study/pkg_cpp/install/pkg_test_cpp_msg/include/pkg_test_cpp_msg/pkg_test_cpp_msg\n'}
[0.374534] (pkg_test_cpp_msg) StdoutLine: {'line': b'-- Up-to-date: /home/hycon/workspace/ros2_study/pkg_cpp/install/pkg_test_cpp_msg/include/pkg_test_cpp_msg/pkg_test_cpp_msg/msg\n'}
[0.374610] (pkg_test_cpp_msg) StdoutLine: {'line': b'-- Up-to-date: /home/hycon/workspace/ros2_study/pkg_cpp/install/pkg_test_cpp_msg/include/pkg_test_cpp_msg/pkg_test_cpp_msg/msg/rosidl_generator_cpp__visibility_control.hpp\n'}
[0.374686] (pkg_test_cpp_msg) StdoutLine: {'line': b'-- Up-to-date: /home/hycon/workspace/ros2_study/pkg_cpp/install/pkg_test_cpp_msg/include/pkg_test_cpp_msg/pkg_test_cpp_msg/msg/detail\n'}
[0.374762] (pkg_test_cpp_msg) StdoutLine: {'line': b'-- Up-to-date: /home/hycon/workspace/ros2_study/pkg_cpp/install/pkg_test_cpp_msg/include/pkg_test_cpp_msg/pkg_test_cpp_msg/msg/detail/cmd_and_pose_vel__builder.hpp\n'}
[0.374838] (pkg_test_cpp_msg) StdoutLine: {'line': b'-- Up-to-date: /home/hycon/workspace/ros2_study/pkg_cpp/install/pkg_test_cpp_msg/include/pkg_test_cpp_msg/pkg_test_cpp_msg/msg/detail/cmd_and_pose_vel__traits.hpp\n'}
[0.374931] (pkg_test_cpp_msg) StdoutLine: {'line': b'-- Up-to-date: /home/hycon/workspace/ros2_study/pkg_cpp/install/pkg_test_cpp_msg/include/pkg_test_cpp_msg/pkg_test_cpp_msg/msg/detail/cmd_and_pose_vel__type_support.hpp\n'}
[0.375009] (pkg_test_cpp_msg) StdoutLine: {'line': b'-- Up-to-date: /home/hycon/workspace/ros2_study/pkg_cpp/install/pkg_test_cpp_msg/include/pkg_test_cpp_msg/pkg_test_cpp_msg/msg/detail/cmd_and_pose_vel__struct.hpp\n'}
[0.375092] (pkg_test_cpp_msg) StdoutLine: {'line': b'-- Up-to-date: /home/hycon/workspace/ros2_study/pkg_cpp/install/pkg_test_cpp_msg/include/pkg_test_cpp_msg/pkg_test_cpp_msg/msg/cmd_and_pose_vel.hpp\n'}
[0.375168] (pkg_test_cpp_msg) StdoutLine: {'line': b'-- Up-to-date: /home/hycon/workspace/ros2_study/pkg_cpp/install/pkg_test_cpp_msg/include/pkg_test_cpp_msg/pkg_test_cpp_msg/srv\n'}
[0.375244] (pkg_test_cpp_msg) StdoutLine: {'line': b'-- Up-to-date: /home/hycon/workspace/ros2_study/pkg_cpp/install/pkg_test_cpp_msg/include/pkg_test_cpp_msg/pkg_test_cpp_msg/srv/detail\n'}
[0.375320] (pkg_test_cpp_msg) StdoutLine: {'line': b'-- Up-to-date: /home/hycon/workspace/ros2_study/pkg_cpp/install/pkg_test_cpp_msg/include/pkg_test_cpp_msg/pkg_test_cpp_msg/srv/detail/multi_spawn__struct.hpp\n'}
[0.375396] (pkg_test_cpp_msg) StdoutLine: {'line': b'-- Up-to-date: /home/hycon/workspace/ros2_study/pkg_cpp/install/pkg_test_cpp_msg/include/pkg_test_cpp_msg/pkg_test_cpp_msg/srv/detail/multi_spawn__type_support.hpp\n'}
[0.375470] (pkg_test_cpp_msg) StdoutLine: {'line': b'-- Up-to-date: /home/hycon/workspace/ros2_study/pkg_cpp/install/pkg_test_cpp_msg/include/pkg_test_cpp_msg/pkg_test_cpp_msg/srv/detail/multi_spawn__traits.hpp\n'}
[0.375543] (pkg_test_cpp_msg) StdoutLine: {'line': b'-- Up-to-date: /home/hycon/workspace/ros2_study/pkg_cpp/install/pkg_test_cpp_msg/include/pkg_test_cpp_msg/pkg_test_cpp_msg/srv/detail/multi_spawn__builder.hpp\n'}
[0.375618] (pkg_test_cpp_msg) StdoutLine: {'line': b'-- Up-to-date: /home/hycon/workspace/ros2_study/pkg_cpp/install/pkg_test_cpp_msg/include/pkg_test_cpp_msg/pkg_test_cpp_msg/srv/multi_spawn.hpp\n'}
[0.375693] (pkg_test_cpp_msg) StdoutLine: {'line': b'-- Up-to-date: /home/hycon/workspace/ros2_study/pkg_cpp/install/pkg_test_cpp_msg/include/pkg_test_cpp_msg/pkg_test_cpp_msg\n'}
[0.375766] (pkg_test_cpp_msg) StdoutLine: {'line': b'-- Up-to-date: /home/hycon/workspace/ros2_study/pkg_cpp/install/pkg_test_cpp_msg/include/pkg_test_cpp_msg/pkg_test_cpp_msg/msg\n'}
[0.375839] (pkg_test_cpp_msg) StdoutLine: {'line': b'-- Up-to-date: /home/hycon/workspace/ros2_study/pkg_cpp/install/pkg_test_cpp_msg/include/pkg_test_cpp_msg/pkg_test_cpp_msg/msg/rosidl_typesupport_fastrtps_cpp__visibility_control.h\n'}
[0.375927] (pkg_test_cpp_msg) StdoutLine: {'line': b'-- Up-to-date: /home/hycon/workspace/ros2_study/pkg_cpp/install/pkg_test_cpp_msg/include/pkg_test_cpp_msg/pkg_test_cpp_msg/msg/detail\n'}
[0.376003] (pkg_test_cpp_msg) StdoutLine: {'line': b'-- Up-to-date: /home/hycon/workspace/ros2_study/pkg_cpp/install/pkg_test_cpp_msg/include/pkg_test_cpp_msg/pkg_test_cpp_msg/msg/detail/dds_fastrtps\n'}
[0.376077] (pkg_test_cpp_msg) StdoutLine: {'line': b'-- Up-to-date: /home/hycon/workspace/ros2_study/pkg_cpp/install/pkg_test_cpp_msg/include/pkg_test_cpp_msg/pkg_test_cpp_msg/msg/detail/cmd_and_pose_vel__rosidl_typesupport_fastrtps_cpp.hpp\n'}
[0.376151] (pkg_test_cpp_msg) StdoutLine: {'line': b'-- Up-to-date: /home/hycon/workspace/ros2_study/pkg_cpp/install/pkg_test_cpp_msg/include/pkg_test_cpp_msg/pkg_test_cpp_msg/srv\n'}
[0.376228] (pkg_test_cpp_msg) StdoutLine: {'line': b'-- Up-to-date: /home/hycon/workspace/ros2_study/pkg_cpp/install/pkg_test_cpp_msg/include/pkg_test_cpp_msg/pkg_test_cpp_msg/srv/detail\n'}
[0.376302] (pkg_test_cpp_msg) StdoutLine: {'line': b'-- Up-to-date: /home/hycon/workspace/ros2_study/pkg_cpp/install/pkg_test_cpp_msg/include/pkg_test_cpp_msg/pkg_test_cpp_msg/srv/detail/dds_fastrtps\n'}
[0.376375] (pkg_test_cpp_msg) StdoutLine: {'line': b'-- Up-to-date: /home/hycon/workspace/ros2_study/pkg_cpp/install/pkg_test_cpp_msg/include/pkg_test_cpp_msg/pkg_test_cpp_msg/srv/detail/multi_spawn__rosidl_typesupport_fastrtps_cpp.hpp\n'}
[0.376448] (pkg_test_cpp_msg) StdoutLine: {'line': b'-- Up-to-date: /home/hycon/workspace/ros2_study/pkg_cpp/install/pkg_test_cpp_msg/lib/libpkg_test_cpp_msg__rosidl_typesupport_fastrtps_cpp.so\n'}
[0.376521] (pkg_test_cpp_msg) StdoutLine: {'line': b'-- Up-to-date: /home/hycon/workspace/ros2_study/pkg_cpp/install/pkg_test_cpp_msg/include/pkg_test_cpp_msg/pkg_test_cpp_msg\n'}
[0.376597] (pkg_test_cpp_msg) StdoutLine: {'line': b'-- Up-to-date: /home/hycon/workspace/ros2_study/pkg_cpp/install/pkg_test_cpp_msg/include/pkg_test_cpp_msg/pkg_test_cpp_msg/msg\n'}
[0.376671] (pkg_test_cpp_msg) StdoutLine: {'line': b'-- Up-to-date: /home/hycon/workspace/ros2_study/pkg_cpp/install/pkg_test_cpp_msg/include/pkg_test_cpp_msg/pkg_test_cpp_msg/msg/detail\n'}
[0.376746] (pkg_test_cpp_msg) StdoutLine: {'line': b'-- Up-to-date: /home/hycon/workspace/ros2_study/pkg_cpp/install/pkg_test_cpp_msg/include/pkg_test_cpp_msg/pkg_test_cpp_msg/msg/detail/cmd_and_pose_vel__type_support.cpp\n'}
[0.376823] (pkg_test_cpp_msg) StdoutLine: {'line': b'-- Up-to-date: /home/hycon/workspace/ros2_study/pkg_cpp/install/pkg_test_cpp_msg/include/pkg_test_cpp_msg/pkg_test_cpp_msg/msg/detail/cmd_and_pose_vel__rosidl_typesupport_introspection_cpp.hpp\n'}
[0.376908] (pkg_test_cpp_msg) StdoutLine: {'line': b'-- Up-to-date: /home/hycon/workspace/ros2_study/pkg_cpp/install/pkg_test_cpp_msg/include/pkg_test_cpp_msg/pkg_test_cpp_msg/srv\n'}
[0.376994] (pkg_test_cpp_msg) StdoutLine: {'line': b'-- Up-to-date: /home/hycon/workspace/ros2_study/pkg_cpp/install/pkg_test_cpp_msg/include/pkg_test_cpp_msg/pkg_test_cpp_msg/srv/detail\n'}
[0.377068] (pkg_test_cpp_msg) StdoutLine: {'line': b'-- Up-to-date: /home/hycon/workspace/ros2_study/pkg_cpp/install/pkg_test_cpp_msg/include/pkg_test_cpp_msg/pkg_test_cpp_msg/srv/detail/multi_spawn__type_support.cpp\n'}
[0.377141] (pkg_test_cpp_msg) StdoutLine: {'line': b'-- Up-to-date: /home/hycon/workspace/ros2_study/pkg_cpp/install/pkg_test_cpp_msg/include/pkg_test_cpp_msg/pkg_test_cpp_msg/srv/detail/multi_spawn__rosidl_typesupport_introspection_cpp.hpp\n'}
[0.377215] (pkg_test_cpp_msg) StdoutLine: {'line': b'-- Up-to-date: /home/hycon/workspace/ros2_study/pkg_cpp/install/pkg_test_cpp_msg/lib/libpkg_test_cpp_msg__rosidl_typesupport_introspection_cpp.so\n'}
[0.377288] (pkg_test_cpp_msg) StdoutLine: {'line': b'-- Up-to-date: /home/hycon/workspace/ros2_study/pkg_cpp/install/pkg_test_cpp_msg/lib/libpkg_test_cpp_msg__rosidl_typesupport_cpp.so\n'}
[0.377361] (pkg_test_cpp_msg) StdoutLine: {'line': b'-- Up-to-date: /home/hycon/workspace/ros2_study/pkg_cpp/install/pkg_test_cpp_msg/share/pkg_test_cpp_msg/environment/pythonpath.sh\n'}
[0.377435] (pkg_test_cpp_msg) StdoutLine: {'line': b'-- Up-to-date: /home/hycon/workspace/ros2_study/pkg_cpp/install/pkg_test_cpp_msg/share/pkg_test_cpp_msg/environment/pythonpath.dsv\n'}
[0.377507] (pkg_test_cpp_msg) StdoutLine: {'line': b'-- Up-to-date: /home/hycon/workspace/ros2_study/pkg_cpp/install/pkg_test_cpp_msg/local/lib/python3.10/dist-packages/pkg_test_cpp_msg-0.0.0-py3.10.egg-info\n'}
[0.377580] (pkg_test_cpp_msg) StdoutLine: {'line': b'-- Installing: /home/hycon/workspace/ros2_study/pkg_cpp/install/pkg_test_cpp_msg/local/lib/python3.10/dist-packages/pkg_test_cpp_msg-0.0.0-py3.10.egg-info/dependency_links.txt\n'}
[0.377653] (pkg_test_cpp_msg) StdoutLine: {'line': b'-- Installing: /home/hycon/workspace/ros2_study/pkg_cpp/install/pkg_test_cpp_msg/local/lib/python3.10/dist-packages/pkg_test_cpp_msg-0.0.0-py3.10.egg-info/SOURCES.txt\n'}
[0.377727] (pkg_test_cpp_msg) StdoutLine: {'line': b'-- Installing: /home/hycon/workspace/ros2_study/pkg_cpp/install/pkg_test_cpp_msg/local/lib/python3.10/dist-packages/pkg_test_cpp_msg-0.0.0-py3.10.egg-info/top_level.txt\n'}
[0.377801] (pkg_test_cpp_msg) StdoutLine: {'line': b'-- Installing: /home/hycon/workspace/ros2_study/pkg_cpp/install/pkg_test_cpp_msg/local/lib/python3.10/dist-packages/pkg_test_cpp_msg-0.0.0-py3.10.egg-info/PKG-INFO\n'}
[0.377880] (pkg_test_cpp_msg) StdoutLine: {'line': b'-- Up-to-date: /home/hycon/workspace/ros2_study/pkg_cpp/install/pkg_test_cpp_msg/local/lib/python3.10/dist-packages/pkg_test_cpp_msg\n'}
[0.377960] (pkg_test_cpp_msg) StdoutLine: {'line': b'-- Up-to-date: /home/hycon/workspace/ros2_study/pkg_cpp/install/pkg_test_cpp_msg/local/lib/python3.10/dist-packages/pkg_test_cpp_msg/libpkg_test_cpp_msg__rosidl_generator_py.so\n'}
[0.378035] (pkg_test_cpp_msg) StdoutLine: {'line': b'-- Up-to-date: /home/hycon/workspace/ros2_study/pkg_cpp/install/pkg_test_cpp_msg/local/lib/python3.10/dist-packages/pkg_test_cpp_msg/pkg_test_cpp_msg_s__rosidl_typesupport_introspection_c.cpython-310-x86_64-linux-gnu.so\n'}
[0.378137] (pkg_test_cpp_msg) StdoutLine: {'line': b'-- Up-to-date: /home/hycon/workspace/ros2_study/pkg_cpp/install/pkg_test_cpp_msg/local/lib/python3.10/dist-packages/pkg_test_cpp_msg/__init__.py\n'}
[0.378213] (pkg_test_cpp_msg) StdoutLine: {'line': b'-- Up-to-date: /home/hycon/workspace/ros2_study/pkg_cpp/install/pkg_test_cpp_msg/local/lib/python3.10/dist-packages/pkg_test_cpp_msg/pkg_test_cpp_msg_s__rosidl_typesupport_fastrtps_c.cpython-310-x86_64-linux-gnu.so\n'}
[0.378287] (pkg_test_cpp_msg) StdoutLine: {'line': b'-- Up-to-date: /home/hycon/workspace/ros2_study/pkg_cpp/install/pkg_test_cpp_msg/local/lib/python3.10/dist-packages/pkg_test_cpp_msg/_pkg_test_cpp_msg_s.ep.rosidl_typesupport_fastrtps_c.c\n'}
[0.378360] (pkg_test_cpp_msg) StdoutLine: {'line': b'-- Up-to-date: /home/hycon/workspace/ros2_study/pkg_cpp/install/pkg_test_cpp_msg/local/lib/python3.10/dist-packages/pkg_test_cpp_msg/_pkg_test_cpp_msg_s.ep.rosidl_typesupport_introspection_c.c\n'}
[0.378432] (pkg_test_cpp_msg) StdoutLine: {'line': b'-- Up-to-date: /home/hycon/workspace/ros2_study/pkg_cpp/install/pkg_test_cpp_msg/local/lib/python3.10/dist-packages/pkg_test_cpp_msg/pkg_test_cpp_msg_s__rosidl_typesupport_c.cpython-310-x86_64-linux-gnu.so\n'}
[0.378505] (pkg_test_cpp_msg) StdoutLine: {'line': b'-- Up-to-date: /home/hycon/workspace/ros2_study/pkg_cpp/install/pkg_test_cpp_msg/local/lib/python3.10/dist-packages/pkg_test_cpp_msg/_pkg_test_cpp_msg_s.ep.rosidl_typesupport_c.c\n'}
[0.378578] (pkg_test_cpp_msg) StdoutLine: {'line': b'-- Up-to-date: /home/hycon/workspace/ros2_study/pkg_cpp/install/pkg_test_cpp_msg/local/lib/python3.10/dist-packages/pkg_test_cpp_msg/msg\n'}
[0.378650] (pkg_test_cpp_msg) StdoutLine: {'line': b'-- Up-to-date: /home/hycon/workspace/ros2_study/pkg_cpp/install/pkg_test_cpp_msg/local/lib/python3.10/dist-packages/pkg_test_cpp_msg/msg/_cmd_and_pose_vel_s.c\n'}
[0.378724] (pkg_test_cpp_msg) StdoutLine: {'line': b'-- Up-to-date: /home/hycon/workspace/ros2_study/pkg_cpp/install/pkg_test_cpp_msg/local/lib/python3.10/dist-packages/pkg_test_cpp_msg/msg/__init__.py\n'}
[0.378797] (pkg_test_cpp_msg) StdoutLine: {'line': b'-- Up-to-date: /home/hycon/workspace/ros2_study/pkg_cpp/install/pkg_test_cpp_msg/local/lib/python3.10/dist-packages/pkg_test_cpp_msg/msg/_cmd_and_pose_vel.py\n'}
[0.378882] (pkg_test_cpp_msg) StdoutLine: {'line': b'-- Up-to-date: /home/hycon/workspace/ros2_study/pkg_cpp/install/pkg_test_cpp_msg/local/lib/python3.10/dist-packages/pkg_test_cpp_msg/srv\n'}
[0.378963] (pkg_test_cpp_msg) StdoutLine: {'line': b'-- Up-to-date: /home/hycon/workspace/ros2_study/pkg_cpp/install/pkg_test_cpp_msg/local/lib/python3.10/dist-packages/pkg_test_cpp_msg/srv/_multi_spawn_s.c\n'}
[0.379036] (pkg_test_cpp_msg) StdoutLine: {'line': b'-- Up-to-date: /home/hycon/workspace/ros2_study/pkg_cpp/install/pkg_test_cpp_msg/local/lib/python3.10/dist-packages/pkg_test_cpp_msg/srv/__init__.py\n'}
[0.379110] (pkg_test_cpp_msg) StdoutLine: {'line': b'-- Up-to-date: /home/hycon/workspace/ros2_study/pkg_cpp/install/pkg_test_cpp_msg/local/lib/python3.10/dist-packages/pkg_test_cpp_msg/srv/_multi_spawn.py\n'}
[0.400191] (-) TimerEvent: {}
[0.407188] (pkg_test_cpp_msg) StdoutLine: {'line': b"Listing '/home/hycon/workspace/ros2_study/pkg_cpp/install/pkg_test_cpp_msg/local/lib/python3.10/dist-packages/pkg_test_cpp_msg'...\n"}
[0.407401] (pkg_test_cpp_msg) StdoutLine: {'line': b"Listing '/home/hycon/workspace/ros2_study/pkg_cpp/install/pkg_test_cpp_msg/local/lib/python3.10/dist-packages/pkg_test_cpp_msg/msg'...\n"}
[0.407514] (pkg_test_cpp_msg) StdoutLine: {'line': b"Listing '/home/hycon/workspace/ros2_study/pkg_cpp/install/pkg_test_cpp_msg/local/lib/python3.10/dist-packages/pkg_test_cpp_msg/srv'...\n"}
[0.412733] (pkg_test_cpp_msg) StdoutLine: {'line': b'-- Up-to-date: /home/hycon/workspace/ros2_study/pkg_cpp/install/pkg_test_cpp_msg/local/lib/python3.10/dist-packages/pkg_test_cpp_msg/pkg_test_cpp_msg_s__rosidl_typesupport_fastrtps_c.cpython-310-x86_64-linux-gnu.so\n'}
[0.413169] (pkg_test_cpp_msg) StdoutLine: {'line': b'-- Up-to-date: /home/hycon/workspace/ros2_study/pkg_cpp/install/pkg_test_cpp_msg/local/lib/python3.10/dist-packages/pkg_test_cpp_msg/pkg_test_cpp_msg_s__rosidl_typesupport_introspection_c.cpython-310-x86_64-linux-gnu.so\n'}
[0.413513] (pkg_test_cpp_msg) StdoutLine: {'line': b'-- Up-to-date: /home/hycon/workspace/ros2_study/pkg_cpp/install/pkg_test_cpp_msg/local/lib/python3.10/dist-packages/pkg_test_cpp_msg/pkg_test_cpp_msg_s__rosidl_typesupport_c.cpython-310-x86_64-linux-gnu.so\n'}
[0.413810] (pkg_test_cpp_msg) StdoutLine: {'line': b'-- Up-to-date: /home/hycon/workspace/ros2_study/pkg_cpp/install/pkg_test_cpp_msg/lib/libpkg_test_cpp_msg__rosidl_generator_py.so\n'}
[0.414032] (pkg_test_cpp_msg) StdoutLine: {'line': b'-- Up-to-date: /home/hycon/workspace/ros2_study/pkg_cpp/install/pkg_test_cpp_msg/share/pkg_test_cpp_msg/msg/CmdAndPoseVel.idl\n'}
[0.414215] (pkg_test_cpp_msg) StdoutLine: {'line': b'-- Up-to-date: /home/hycon/workspace/ros2_study/pkg_cpp/install/pkg_test_cpp_msg/share/pkg_test_cpp_msg/srv/MultiSpawn.idl\n'}
[0.414363] (pkg_test_cpp_msg) StdoutLine: {'line': b'-- Up-to-date: /home/hycon/workspace/ros2_study/pkg_cpp/install/pkg_test_cpp_msg/share/pkg_test_cpp_msg/msg/CmdAndPoseVel.msg\n'}
[0.414501] (pkg_test_cpp_msg) StdoutLine: {'line': b'-- Up-to-date: /home/hycon/workspace/ros2_study/pkg_cpp/install/pkg_test_cpp_msg/share/pkg_test_cpp_msg/srv/MultiSpawn.srv\n'}
[0.414599] (pkg_test_cpp_msg) StdoutLine: {'line': b'-- Up-to-date: /home/hycon/workspace/ros2_study/pkg_cpp/install/pkg_test_cpp_msg/share/pkg_test_cpp_msg/srv/MultiSpawn_Request.msg\n'}
[0.414737] (pkg_test_cpp_msg) StdoutLine: {'line': b'-- Up-to-date: /home/hycon/workspace/ros2_study/pkg_cpp/install/pkg_test_cpp_msg/share/pkg_test_cpp_msg/srv/MultiSpawn_Response.msg\n'}
[0.414831] (pkg_test_cpp_msg) StdoutLine: {'line': b'-- Up-to-date: /home/hycon/workspace/ros2_study/pkg_cpp/install/pkg_test_cpp_msg/share/ament_index/resource_index/package_run_dependencies/pkg_test_cpp_msg\n'}
[0.414960] (pkg_test_cpp_msg) StdoutLine: {'line': b'-- Up-to-date: /home/hycon/workspace/ros2_study/pkg_cpp/install/pkg_test_cpp_msg/share/ament_index/resource_index/parent_prefix_path/pkg_test_cpp_msg\n'}
[0.415050] (pkg_test_cpp_msg) StdoutLine: {'line': b'-- Up-to-date: /home/hycon/workspace/ros2_study/pkg_cpp/install/pkg_test_cpp_msg/share/pkg_test_cpp_msg/environment/ament_prefix_path.sh\n'}
[0.415141] (pkg_test_cpp_msg) StdoutLine: {'line': b'-- Up-to-date: /home/hycon/workspace/ros2_study/pkg_cpp/install/pkg_test_cpp_msg/share/pkg_test_cpp_msg/environment/ament_prefix_path.dsv\n'}
[0.415227] (pkg_test_cpp_msg) StdoutLine: {'line': b'-- Up-to-date: /home/hycon/workspace/ros2_study/pkg_cpp/install/pkg_test_cpp_msg/share/pkg_test_cpp_msg/environment/path.sh\n'}
[0.415332] (pkg_test_cpp_msg) StdoutLine: {'line': b'-- Up-to-date: /home/hycon/workspace/ros2_study/pkg_cpp/install/pkg_test_cpp_msg/share/pkg_test_cpp_msg/environment/path.dsv\n'}
[0.415420] (pkg_test_cpp_msg) StdoutLine: {'line': b'-- Up-to-date: /home/hycon/workspace/ros2_study/pkg_cpp/install/pkg_test_cpp_msg/share/pkg_test_cpp_msg/local_setup.bash\n'}
[0.415506] (pkg_test_cpp_msg) StdoutLine: {'line': b'-- Up-to-date: /home/hycon/workspace/ros2_study/pkg_cpp/install/pkg_test_cpp_msg/share/pkg_test_cpp_msg/local_setup.sh\n'}
[0.415595] (pkg_test_cpp_msg) StdoutLine: {'line': b'-- Up-to-date: /home/hycon/workspace/ros2_study/pkg_cpp/install/pkg_test_cpp_msg/share/pkg_test_cpp_msg/local_setup.zsh\n'}
[0.415705] (pkg_test_cpp_msg) StdoutLine: {'line': b'-- Up-to-date: /home/hycon/workspace/ros2_study/pkg_cpp/install/pkg_test_cpp_msg/share/pkg_test_cpp_msg/local_setup.dsv\n'}
[0.415788] (pkg_test_cpp_msg) StdoutLine: {'line': b'-- Installing: /home/hycon/workspace/ros2_study/pkg_cpp/install/pkg_test_cpp_msg/share/pkg_test_cpp_msg/package.dsv\n'}
[0.415880] (pkg_test_cpp_msg) StdoutLine: {'line': b'-- Up-to-date: /home/hycon/workspace/ros2_study/pkg_cpp/install/pkg_test_cpp_msg/share/ament_index/resource_index/packages/pkg_test_cpp_msg\n'}
[0.416012] (pkg_test_cpp_msg) StdoutLine: {'line': b'-- Up-to-date: /home/hycon/workspace/ros2_study/pkg_cpp/install/pkg_test_cpp_msg/share/pkg_test_cpp_msg/cmake/export_pkg_test_cpp_msg__rosidl_generator_cExport.cmake\n'}
[0.416101] (pkg_test_cpp_msg) StdoutLine: {'line': b'-- Up-to-date: /home/hycon/workspace/ros2_study/pkg_cpp/install/pkg_test_cpp_msg/share/pkg_test_cpp_msg/cmake/export_pkg_test_cpp_msg__rosidl_generator_cExport-noconfig.cmake\n'}
[0.416197] (pkg_test_cpp_msg) StdoutLine: {'line': b'-- Up-to-date: /home/hycon/workspace/ros2_study/pkg_cpp/install/pkg_test_cpp_msg/share/pkg_test_cpp_msg/cmake/export_pkg_test_cpp_msg__rosidl_typesupport_fastrtps_cExport.cmake\n'}
[0.416314] (pkg_test_cpp_msg) StdoutLine: {'line': b'-- Up-to-date: /home/hycon/workspace/ros2_study/pkg_cpp/install/pkg_test_cpp_msg/share/pkg_test_cpp_msg/cmake/export_pkg_test_cpp_msg__rosidl_typesupport_fastrtps_cExport-noconfig.cmake\n'}
[0.416402] (pkg_test_cpp_msg) StdoutLine: {'line': b'-- Up-to-date: /home/hycon/workspace/ros2_study/pkg_cpp/install/pkg_test_cpp_msg/share/pkg_test_cpp_msg/cmake/pkg_test_cpp_msg__rosidl_typesupport_introspection_cExport.cmake\n'}
[0.416489] (pkg_test_cpp_msg) StdoutLine: {'line': b'-- Up-to-date: /home/hycon/workspace/ros2_study/pkg_cpp/install/pkg_test_cpp_msg/share/pkg_test_cpp_msg/cmake/pkg_test_cpp_msg__rosidl_typesupport_introspection_cExport-noconfig.cmake\n'}
[0.416615] (pkg_test_cpp_msg) StdoutLine: {'line': b'-- Up-to-date: /home/hycon/workspace/ros2_study/pkg_cpp/install/pkg_test_cpp_msg/share/pkg_test_cpp_msg/cmake/pkg_test_cpp_msg__rosidl_typesupport_cExport.cmake\n'}
[0.416723] (pkg_test_cpp_msg) StdoutLine: {'line': b'-- Up-to-date: /home/hycon/workspace/ros2_study/pkg_cpp/install/pkg_test_cpp_msg/share/pkg_test_cpp_msg/cmake/pkg_test_cpp_msg__rosidl_typesupport_cExport-noconfig.cmake\n'}
[0.416824] (pkg_test_cpp_msg) StdoutLine: {'line': b'-- Up-to-date: /home/hycon/workspace/ros2_study/pkg_cpp/install/pkg_test_cpp_msg/share/pkg_test_cpp_msg/cmake/export_pkg_test_cpp_msg__rosidl_generator_cppExport.cmake\n'}
[0.417013] (pkg_test_cpp_msg) StdoutLine: {'line': b'-- Up-to-date: /home/hycon/workspace/ros2_study/pkg_cpp/install/pkg_test_cpp_msg/share/pkg_test_cpp_msg/cmake/export_pkg_test_cpp_msg__rosidl_typesupport_fastrtps_cppExport.cmake\n'}
[0.417119] (pkg_test_cpp_msg) StdoutLine: {'line': b'-- Up-to-date: /home/hycon/workspace/ros2_study/pkg_cpp/install/pkg_test_cpp_msg/share/pkg_test_cpp_msg/cmake/export_pkg_test_cpp_msg__rosidl_typesupport_fastrtps_cppExport-noconfig.cmake\n'}
[0.417310] (pkg_test_cpp_msg) StdoutLine: {'line': b'-- Up-to-date: /home/hycon/workspace/ros2_study/pkg_cpp/install/pkg_test_cpp_msg/share/pkg_test_cpp_msg/cmake/pkg_test_cpp_msg__rosidl_typesupport_introspection_cppExport.cmake\n'}
[0.417421] (pkg_test_cpp_msg) StdoutLine: {'line': b'-- Up-to-date: /home/hycon/workspace/ros2_study/pkg_cpp/install/pkg_test_cpp_msg/share/pkg_test_cpp_msg/cmake/pkg_test_cpp_msg__rosidl_typesupport_introspection_cppExport-noconfig.cmake\n'}
[0.417573] (pkg_test_cpp_msg) StdoutLine: {'line': b'-- Up-to-date: /home/hycon/workspace/ros2_study/pkg_cpp/install/pkg_test_cpp_msg/share/pkg_test_cpp_msg/cmake/pkg_test_cpp_msg__rosidl_typesupport_cppExport.cmake\n'}
[0.417673] (pkg_test_cpp_msg) StdoutLine: {'line': b'-- Up-to-date: /home/hycon/workspace/ros2_study/pkg_cpp/install/pkg_test_cpp_msg/share/pkg_test_cpp_msg/cmake/pkg_test_cpp_msg__rosidl_typesupport_cppExport-noconfig.cmake\n'}
[0.417838] (pkg_test_cpp_msg) StdoutLine: {'line': b'-- Up-to-date: /home/hycon/workspace/ros2_study/pkg_cpp/install/pkg_test_cpp_msg/share/pkg_test_cpp_msg/cmake/export_pkg_test_cpp_msg__rosidl_generator_pyExport.cmake\n'}
[0.418034] (pkg_test_cpp_msg) StdoutLine: {'line': b'-- Up-to-date: /home/hycon/workspace/ros2_study/pkg_cpp/install/pkg_test_cpp_msg/share/pkg_test_cpp_msg/cmake/export_pkg_test_cpp_msg__rosidl_generator_pyExport-noconfig.cmake\n'}
[0.418101] (pkg_test_cpp_msg) StdoutLine: {'line': b'-- Up-to-date: /home/hycon/workspace/ros2_study/pkg_cpp/install/pkg_test_cpp_msg/share/pkg_test_cpp_msg/cmake/rosidl_cmake-extras.cmake\n'}
[0.418160] (pkg_test_cpp_msg) StdoutLine: {'line': b'-- Up-to-date: /home/hycon/workspace/ros2_study/pkg_cpp/install/pkg_test_cpp_msg/share/pkg_test_cpp_msg/cmake/ament_cmake_export_include_directories-extras.cmake\n'}
[0.418230] (pkg_test_cpp_msg) StdoutLine: {'line': b'-- Up-to-date: /home/hycon/workspace/ros2_study/pkg_cpp/install/pkg_test_cpp_msg/share/pkg_test_cpp_msg/cmake/ament_cmake_export_libraries-extras.cmake\n'}
[0.418267] (pkg_test_cpp_msg) StdoutLine: {'line': b'-- Up-to-date: /home/hycon/workspace/ros2_study/pkg_cpp/install/pkg_test_cpp_msg/share/pkg_test_cpp_msg/cmake/ament_cmake_export_targets-extras.cmake\n'}
[0.418301] (pkg_test_cpp_msg) StdoutLine: {'line': b'-- Up-to-date: /home/hycon/workspace/ros2_study/pkg_cpp/install/pkg_test_cpp_msg/share/pkg_test_cpp_msg/cmake/rosidl_cmake_export_typesupport_targets-extras.cmake\n'}
[0.418361] (pkg_test_cpp_msg) StdoutLine: {'line': b'-- Up-to-date: /home/hycon/workspace/ros2_study/pkg_cpp/install/pkg_test_cpp_msg/share/pkg_test_cpp_msg/cmake/ament_cmake_export_dependencies-extras.cmake\n'}
[0.418397] (pkg_test_cpp_msg) StdoutLine: {'line': b'-- Up-to-date: /home/hycon/workspace/ros2_study/pkg_cpp/install/pkg_test_cpp_msg/share/pkg_test_cpp_msg/cmake/rosidl_cmake_export_typesupport_libraries-extras.cmake\n'}
[0.418463] (pkg_test_cpp_msg) StdoutLine: {'line': b'-- Up-to-date: /home/hycon/workspace/ros2_study/pkg_cpp/install/pkg_test_cpp_msg/share/pkg_test_cpp_msg/cmake/pkg_test_cpp_msgConfig.cmake\n'}
[0.418493] (pkg_test_cpp_msg) StdoutLine: {'line': b'-- Up-to-date: /home/hycon/workspace/ros2_study/pkg_cpp/install/pkg_test_cpp_msg/share/pkg_test_cpp_msg/cmake/pkg_test_cpp_msgConfig-version.cmake\n'}
[0.418522] (pkg_test_cpp_msg) StdoutLine: {'line': b'-- Up-to-date: /home/hycon/workspace/ros2_study/pkg_cpp/install/pkg_test_cpp_msg/share/pkg_test_cpp_msg/package.xml\n'}
[0.420710] (pkg_test_cpp_msg) CommandEnded: {'returncode': 0}
[0.439660] (pkg_test_cpp_msg) JobEnded: {'identifier': 'pkg_test_cpp_msg', 'rc': 0}
[0.500315] (-) TimerEvent: {}
[0.600600] (-) TimerEvent: {}
[0.700928] (-) TimerEvent: {}
[0.801181] (-) TimerEvent: {}
[0.901468] (-) TimerEvent: {}
[1.001766] (-) TimerEvent: {}
[1.102096] (-) TimerEvent: {}
[1.202397] (-) TimerEvent: {}
[1.220307] (pkg_test_cpp) StderrLine: {'line': b'\x1b[01m\x1b[K/home/hycon/workspace/ros2_study/pkg_cpp/src/pkg_test_cpp/src/turtlesim_service_server.cpp:\x1b[m\x1b[K In constructor \xe2\x80\x98\x1b[01m\x1b[KTurtlesimMultiSpawning::TurtlesimMultiSpawning()\x1b[m\x1b[K\xe2\x80\x99:\n'}
[1.220523] (pkg_test_cpp) StderrLine: {'line': b'\x1b[01m\x1b[K/home/hycon/workspace/ros2_study/pkg_cpp/src/pkg_test_cpp/src/turtlesim_service_server.cpp:11:5:\x1b[m\x1b[K \x1b[01;31m\x1b[Kerror: \x1b[m\x1b[K\xe2\x80\x98\x1b[01m\x1b[Kwait_for_services\x1b[m\x1b[K\xe2\x80\x99 was not declared in this scope; did you mean \xe2\x80\x98\x1b[01m\x1b[Kwait_for_service\x1b[m\x1b[K\xe2\x80\x99?\n'}
[1.220598] (pkg_test_cpp) StderrLine: {'line': b'   11 |     \x1b[01;31m\x1b[Kwait_for_services\x1b[m\x1b[K();\n'}
[1.220652] (pkg_test_cpp) StderrLine: {'line': b'      |     \x1b[01;31m\x1b[K^~~~~~~~~~~~~~~~~\x1b[m\x1b[K\n'}
[1.220701] (pkg_test_cpp) StderrLine: {'line': b'      |     \x1b[32m\x1b[Kwait_for_service\x1b[m\x1b[K\n'}
[1.220993] (pkg_test_cpp) StderrLine: {'line': b'\x1b[01m\x1b[K/home/hycon/workspace/ros2_study/pkg_cpp/src/pkg_test_cpp/src/turtlesim_service_server.cpp:\x1b[m\x1b[K At global scope:\n'}
[1.221094] (pkg_test_cpp) StderrLine: {'line': b'\x1b[01m\x1b[K/home/hycon/workspace/ros2_study/pkg_cpp/src/pkg_test_cpp/src/turtlesim_service_server.cpp:16:6:\x1b[m\x1b[K \x1b[01;31m\x1b[Kerror: \x1b[m\x1b[Kno declaration matches \xe2\x80\x98\x1b[01m\x1b[Kvoid TurtlesimMultiSpawning::wait_for_services()\x1b[m\x1b[K\xe2\x80\x99\n'}
[1.221154] (pkg_test_cpp) StderrLine: {'line': b'   16 | void \x1b[01;31m\x1b[KTurtlesimMultiSpawning\x1b[m\x1b[K::wait_for_services() {\n'}
[1.221209] (pkg_test_cpp) StderrLine: {'line': b'      |      \x1b[01;31m\x1b[K^~~~~~~~~~~~~~~~~~~~~~\x1b[m\x1b[K\n'}
[1.221268] (pkg_test_cpp) StderrLine: {'line': b'\x1b[01m\x1b[K/home/hycon/workspace/ros2_study/pkg_cpp/src/pkg_test_cpp/src/turtlesim_service_server.cpp:16:6:\x1b[m\x1b[K \x1b[01;36m\x1b[Knote: \x1b[m\x1b[Kno functions named \xe2\x80\x98\x1b[01m\x1b[Kvoid TurtlesimMultiSpawning::wait_for_services()\x1b[m\x1b[K\xe2\x80\x99\n'}
[1.221322] (pkg_test_cpp) StderrLine: {'line': b'In file included from \x1b[01m\x1b[K/home/hycon/workspace/ros2_study/pkg_cpp/src/pkg_test_cpp/src/turtlesim_service_server.cpp:1\x1b[m\x1b[K:\n'}
[1.221376] (pkg_test_cpp) StderrLine: {'line': b'\x1b[01m\x1b[K/home/hycon/workspace/ros2_study/pkg_cpp/src/pkg_test_cpp/include/pkg_test_cpp/turtlesim_service_server.hpp:13:7:\x1b[m\x1b[K \x1b[01;36m\x1b[Knote: \x1b[m\x1b[K\xe2\x80\x98\x1b[01m\x1b[Kclass TurtlesimMultiSpawning\x1b[m\x1b[K\xe2\x80\x99 defined here\n'}
[1.221434] (pkg_test_cpp) StderrLine: {'line': b'   13 | class \x1b[01;36m\x1b[KTurtlesimMultiSpawning\x1b[m\x1b[K : public rclcpp::Node {\n'}
[1.221486] (pkg_test_cpp) StderrLine: {'line': b'      |       \x1b[01;36m\x1b[K^~~~~~~~~~~~~~~~~~~~~~\x1b[m\x1b[K\n'}
[1.227031] (pkg_test_cpp) StderrLine: {'line': b'\x1b[01m\x1b[K/home/hycon/workspace/ros2_study/pkg_cpp/src/pkg_test_cpp/src/turtlesim_service_server.cpp:\x1b[m\x1b[K In member function \xe2\x80\x98\x1b[01m\x1b[Kvoid TurtlesimMultiSpawning::callback_service(std::shared_ptr<pkg_test_cpp_msg::srv::MultiSpawn_Request_<std::allocator<void> > >, std::shared_ptr<pkg_test_cpp_msg::srv::MultiSpawn_Response_<std::allocator<void> > >)\x1b[m\x1b[K\xe2\x80\x99:\n'}
[1.227223] (pkg_test_cpp) StderrLine: {'line': b'\x1b[01m\x1b[K/home/hycon/workspace/ros2_study/pkg_cpp/src/pkg_test_cpp/src/turtlesim_service_server.cpp:54:26:\x1b[m\x1b[K \x1b[01;35m\x1b[Kwarning: \x1b[m\x1b[Kcomparison of integer expressions of different signedness: \xe2\x80\x98\x1b[01m\x1b[Ksize_t\x1b[m\x1b[K\xe2\x80\x99 {aka \xe2\x80\x98\x1b[01m\x1b[Klong unsigned int\x1b[m\x1b[K\xe2\x80\x99} and \xe2\x80\x98\x1b[01m\x1b[Kpkg_test_cpp_msg::srv::MultiSpawn_Request_<std::allocator<void> >::_num_type\x1b[m\x1b[K\xe2\x80\x99 {aka \xe2\x80\x98\x1b[01m\x1b[Klong int\x1b[m\x1b[K\xe2\x80\x99} [\x1b[01;35m\x1b[K\x1b]8;;https://gcc.gnu.org/onlinedocs/gcc/Warning-Options.html#index-Wsign-compare\x07-Wsign-compare\x1b]8;;\x07\x1b[m\x1b[K]\n'}
[1.227301] (pkg_test_cpp) StderrLine: {'line': b'   54 |     for (size_t i = 0; \x1b[01;35m\x1b[Ki < request_->num\x1b[m\x1b[K; ++i) {\n'}
[1.227359] (pkg_test_cpp) StderrLine: {'line': b'      |                        \x1b[01;35m\x1b[K~~^~~~~~~~~~~~~~~\x1b[m\x1b[K\n'}
[1.227550] (pkg_test_cpp) StderrLine: {'line': b'In file included from \x1b[01m\x1b[K/opt/ros/humble/include/rclcpp/rclcpp/logging.hpp:24\x1b[m\x1b[K,\n'}
[1.227621] (pkg_test_cpp) StderrLine: {'line': b'                 from \x1b[01m\x1b[K/opt/ros/humble/include/rclcpp/rclcpp/client.hpp:40\x1b[m\x1b[K,\n'}
[1.227673] (pkg_test_cpp) StderrLine: {'line': b'                 from \x1b[01m\x1b[K/opt/ros/humble/include/rclcpp/rclcpp/callback_group.hpp:24\x1b[m\x1b[K,\n'}
[1.227725] (pkg_test_cpp) StderrLine: {'line': b'                 from \x1b[01m\x1b[K/opt/ros/humble/include/rclcpp/rclcpp/node.hpp:40\x1b[m\x1b[K,\n'}
[1.227776] (pkg_test_cpp) StderrLine: {'line': b'                 from \x1b[01m\x1b[K/home/hycon/workspace/ros2_study/pkg_cpp/src/pkg_test_cpp/include/pkg_test_cpp/turtlesim_service_server.hpp:4\x1b[m\x1b[K,\n'}
[1.227842] (pkg_test_cpp) StderrLine: {'line': b'                 from \x1b[01m\x1b[K/home/hycon/workspace/ros2_study/pkg_cpp/src/pkg_test_cpp/src/turtlesim_service_server.cpp:1\x1b[m\x1b[K:\n'}
[1.228013] (pkg_test_cpp) StderrLine: {'line': b'\x1b[01m\x1b[K/home/hycon/workspace/ros2_study/pkg_cpp/src/pkg_test_cpp/src/turtlesim_service_server.cpp:65:37:\x1b[m\x1b[K \x1b[01;35m\x1b[Kwarning: \x1b[m\x1b[Kformat \xe2\x80\x98\x1b[01m\x1b[K%d\x1b[m\x1b[K\xe2\x80\x99 expects argument of type \xe2\x80\x98\x1b[01m\x1b[Kint\x1b[m\x1b[K\xe2\x80\x99, but argument 5 has type \xe2\x80\x98\x1b[01m\x1b[Kpkg_test_cpp_msg::srv::MultiSpawn_Request_<std::allocator<void> >::_num_type\x1b[m\x1b[K\xe2\x80\x99 {aka \xe2\x80\x98\x1b[01m\x1b[Klong int\x1b[m\x1b[K\xe2\x80\x99} [\x1b[01;35m\x1b[K\x1b]8;;https://gcc.gnu.org/onlinedocs/gcc/Warning-Options.html#index-Wformat=\x07-Wformat=\x1b]8;;\x07\x1b[m\x1b[K]\n'}
[1.228163] (pkg_test_cpp) StderrLine: {'line': b'   65 |     RCLCPP_INFO(this->get_logger(), \x1b[01;35m\x1b[K"Spawned %d turtles."\x1b[m\x1b[K, \x1b[32m\x1b[Krequest_->num\x1b[m\x1b[K);\n'}
[1.228265] (pkg_test_cpp) StderrLine: {'line': b'      |                                     \x1b[01;35m\x1b[K^~~~~~~~~~~~~~~~~~~~~\x1b[m\x1b[K  \x1b[32m\x1b[K~~~~~~~~~~~~~\x1b[m\x1b[K\n'}
[1.228369] (pkg_test_cpp) StderrLine: {'line': b'      |                                                                      \x1b[32m\x1b[K|\x1b[m\x1b[K\n'}
[1.228460] (pkg_test_cpp) StderrLine: {'line': b'      |                                                                      \x1b[32m\x1b[Kpkg_test_cpp_msg::srv::MultiSpawn_Request_<std::allocator<void> >::_num_type {aka long int}\x1b[m\x1b[K\n'}
[1.228549] (pkg_test_cpp) StderrLine: {'line': b'\x1b[01m\x1b[K/home/hycon/workspace/ros2_study/pkg_cpp/src/pkg_test_cpp/src/turtlesim_service_server.cpp:65:47:\x1b[m\x1b[K \x1b[01;36m\x1b[Knote: \x1b[m\x1b[Kformat string is defined here\n'}
[1.228638] (pkg_test_cpp) StderrLine: {'line': b'   65 |     RCLCPP_INFO(this->get_logger(), "Spawned \x1b[01;36m\x1b[K%d\x1b[m\x1b[K turtles.", request_->num);\n'}
[1.228724] (pkg_test_cpp) StderrLine: {'line': b'      |                                              \x1b[01;36m\x1b[K~^\x1b[m\x1b[K\n'}
[1.228809] (pkg_test_cpp) StderrLine: {'line': b'      |                                               \x1b[01;36m\x1b[K|\x1b[m\x1b[K\n'}
[1.228906] (pkg_test_cpp) StderrLine: {'line': b'      |                                               \x1b[01;36m\x1b[Kint\x1b[m\x1b[K\n'}
[1.228999] (pkg_test_cpp) StderrLine: {'line': b'      |                                              \x1b[32m\x1b[K%ld\x1b[m\x1b[K\n'}
[1.302603] (-) TimerEvent: {}
[1.403202] (-) TimerEvent: {}
[1.503607] (-) TimerEvent: {}
[1.604294] (-) TimerEvent: {}
[1.704948] (-) TimerEvent: {}
[1.805403] (-) TimerEvent: {}
[1.905756] (-) TimerEvent: {}
[1.925999] (pkg_test_cpp) StderrLine: {'line': b'gmake[2]: *** [CMakeFiles/turtlesim_service_server.dir/build.make:90: CMakeFiles/turtlesim_service_server.dir/src/turtlesim_service_server.cpp.o] Error 1\n'}
[1.926266] (pkg_test_cpp) StderrLine: {'line': b'gmake[2]: *** Waiting for unfinished jobs....\n'}
[2.005878] (-) TimerEvent: {}
[2.106214] (-) TimerEvent: {}
[2.206647] (-) TimerEvent: {}
[2.307137] (-) TimerEvent: {}
[2.406404] (pkg_test_cpp) StderrLine: {'line': b'gmake[1]: *** [CMakeFiles/Makefile2:221: CMakeFiles/turtlesim_service_server.dir/all] Error 2\n'}
[2.406732] (pkg_test_cpp) StderrLine: {'line': b'gmake: *** [Makefile:146: all] Error 2\n'}
[2.407236] (-) TimerEvent: {}
[2.410940] (pkg_test_cpp) CommandEnded: {'returncode': 2}
[2.419014] (pkg_test_cpp) JobEnded: {'identifier': 'pkg_test_cpp', 'rc': 2}
[2.430961] (-) EventReactorShutdown: {}
