[01m[K/home/hycon/workspace/ros2_study/pkg_cpp/src/pkg_test_cpp/src/turtlesim_service_server.cpp:[m[K In constructor â€˜[01m[KTurtlesimMultiSpawning::TurtlesimMultiSpawning()[m[Kâ€™:
[01m[K/home/hycon/workspace/ros2_study/pkg_cpp/src/pkg_test_cpp/src/turtlesim_service_server.cpp:9:27:[m[K [01;31m[Kerror: [m[Kâ€˜[01m[Kclass TurtlesimMultiSpawning[m[Kâ€™ has no member named â€˜[01m[Kcerate_clinet[m[Kâ€™; did you mean â€˜[01m[Kcreate_client[m[Kâ€™?
    9 |     spawn_client_ = this->[01;31m[Kcerate_clinet[m[K<turtlesim::srv::Spawn>("turtle1/spawn");
      |                           [01;31m[K^~~~~~~~~~~~~[m[K
      |                           [32m[Kcreate_client[m[K
[01m[K/home/hycon/workspace/ros2_study/pkg_cpp/src/pkg_test_cpp/src/turtlesim_service_server.cpp:9:62:[m[K [01;31m[Kerror: [m[Kexpected primary-expression before â€˜[01m[K>[m[Kâ€™ token
    9 |     spawn_client_ = this->cerate_clinet<turtlesim::srv::Spawn[01;31m[K>[m[K("turtle1/spawn");
      |                                                              [01;31m[K^[m[K
[01m[K/home/hycon/workspace/ros2_study/pkg_cpp/src/pkg_test_cpp/src/turtlesim_service_server.cpp:[m[K In member function â€˜[01m[Kvoid TurtlesimMultiSpawning::callback_service(std::shared_ptr<pkg_test_cpp_msg::srv::MultiSpawn_Request_<std::allocator<void> > >, std::shared_ptr<pkg_test_cpp_msg::srv::MultiSpawn_Response_<std::allocator<void> > >)[m[Kâ€™:
[01m[K/home/hycon/workspace/ros2_study/pkg_cpp/src/pkg_test_cpp/src/turtlesim_service_server.cpp:32:26:[m[K [01;35m[Kwarning: [m[Kcomparison of integer expressions of different signedness: â€˜[01m[Ksize_t[m[Kâ€™ {aka â€˜[01m[Klong unsigned int[m[Kâ€™} and â€˜[01m[Kpkg_test_cpp_msg::srv::MultiSpawn_Request_<std::allocator<void> >::_num_type[m[Kâ€™ {aka â€˜[01m[Klong int[m[Kâ€™} [[01;35m[K]8;;https://gcc.gnu.org/onlinedocs/gcc/Warning-Options.html#index-Wsign-compare-Wsign-compare]8;;[m[K]
   32 |     for (size_t i = 0; [01;35m[Ki < request_->num[m[K; ++i) {
      |                        [01;35m[K~~^~~~~~~~~~~~~~~[m[K
gmake[2]: *** [CMakeFiles/turtlesim_service_server.dir/build.make:90: CMakeFiles/turtlesim_service_server.dir/src/turtlesim_service_server.cpp.o] Error 1
gmake[1]: *** [CMakeFiles/Makefile2:221: CMakeFiles/turtlesim_service_server.dir/all] Error 2
gmake: *** [Makefile:146: all] Error 2
