[0.009s] Invoking command in '/home/hycon/workspace/hycon_git/ros2_study_jh/build/pkg_test_cpp': CMAKE_PREFIX_PATH=${CMAKE_PREFIX_PATH}:/home/hycon/workspace/hycon_git/ros2_study_jh/install/my_first_package:/opt/ros/humble /usr/bin/cmake --build /home/hycon/workspace/hycon_git/ros2_study_jh/build/pkg_test_cpp -- -j16 -l16
[0.070s] [ 20%] Built target turtlesim_service_server
[0.080s] [ 40%] Built target turtlesim_publisher
[0.083s] [ 60%] Built target turtlesim_subscriber
[0.087s] [ 80%] Built target turtlesim_cmd_and_pose
[0.088s] [ 86%] [32mBuilding CXX object CMakeFiles/turtlesim_action_server.dir/src/turtlesim_action_server.cpp.o[0m
[1.080s] [01m[K/home/hycon/workspace/hycon_git/ros2_study_jh/pkg_cpp/src/pkg_test_cpp/src/turtlesim_action_server.cpp:[m[K In member function â€˜[01m[Kvoid TurtlesimActionServer::execute_callback(std::shared_ptr<rclcpp_action::ServerGoalHandle<pkg_test_cpp_msg::action::DistTurtle> >)[m[Kâ€™:
[1.080s] [01m[K/home/hycon/workspace/hycon_git/ros2_study_jh/pkg_cpp/src/pkg_test_cpp/src/turtlesim_action_server.cpp:28:13:[m[K [01;31m[Kerror: [m[Kâ€˜[01m[Kgoal_handle[m[Kâ€™ was not declared in this scope; did you mean â€˜[01m[Kgoal_handle_[m[Kâ€™?
[1.080s]    28 |             [01;31m[Kgoal_handle[m[K->publish_feedback(feedback_msg);
[1.081s]       |             [01;31m[K^~~~~~~~~~~[m[K
[1.081s]       |             [32m[Kgoal_handle_[m[K
[1.086s] In file included from [01m[K/opt/ros/humble/include/rclcpp/rclcpp/client.hpp:40[m[K,
[1.086s]                  from [01m[K/opt/ros/humble/include/rclcpp/rclcpp/callback_group.hpp:24[m[K,
[1.086s]                  from [01m[K/opt/ros/humble/include/rclcpp/rclcpp/node.hpp:40[m[K,
[1.086s]                  from [01m[K/home/hycon/workspace/hycon_git/ros2_study_jh/pkg_cpp/src/pkg_test_cpp/include/pkg_test_cpp/turtlesim_action_server.hpp:4[m[K,
[1.086s]                  from [01m[K/home/hycon/workspace/hycon_git/ros2_study_jh/pkg_cpp/src/pkg_test_cpp/src/turtlesim_action_server.cpp:1[m[K:
[1.086s] [01m[K/home/hycon/workspace/hycon_git/ros2_study_jh/pkg_cpp/src/pkg_test_cpp/src/turtlesim_action_server.cpp:29:31:[m[K [01;31m[Kerror: [m[Kâ€˜[01m[Kclass TurtlesimActionServer[m[Kâ€™ has no member named â€˜[01m[Klogger[m[Kâ€™; did you mean â€˜[01m[Kget_logger[m[Kâ€™?
[1.086s]    29 |             RCLCPP_INFO(this->[01;31m[Klogger[m[K(), "Feddback : remined_dist = %.2f", feedback_msg->remined_dist);
[1.086s]       |                               [01;31m[K^~~~~~[m[K
[1.086s] [01m[K/home/hycon/workspace/hycon_git/ros2_study_jh/pkg_cpp/src/pkg_test_cpp/src/turtlesim_action_server.cpp:29:31:[m[K [01;31m[Kerror: [m[Kâ€˜[01m[Kclass TurtlesimActionServer[m[Kâ€™ has no member named â€˜[01m[Klogger[m[Kâ€™; did you mean â€˜[01m[Kget_logger[m[Kâ€™?
[1.086s] [01m[K/home/hycon/workspace/hycon_git/ros2_study_jh/pkg_cpp/src/pkg_test_cpp/src/turtlesim_action_server.cpp:29:13:[m[K [01;31m[Kerror: [m[Ktemplate argument 1 is invalid
[1.086s]    29 |             [01;31m[KRCLCPP_INFO[m[K(this->logger(), "Feddback : remined_dist = %.2f", feedback_msg->remined_dist);
[1.086s]       |             [01;31m[K^~~~~~~~~~~[m[K
[1.086s] [01m[K/home/hycon/workspace/hycon_git/ros2_study_jh/pkg_cpp/src/pkg_test_cpp/src/turtlesim_action_server.cpp:29:13:[m[K [01;31m[Kerror: [m[Ktemplate argument 1 is invalid
[1.087s]    29 |             [01;31m[KRCLCPP_INFO[m[K(this->logger(), "Feddback : remined_dist = %.2f", feedback_msg->remined_dist);
[1.087s]       |             [01;31m[K^~~~~~~~~~~[m[K
[1.087s] [01m[K/home/hycon/workspace/hycon_git/ros2_study_jh/pkg_cpp/src/pkg_test_cpp/src/turtlesim_action_server.cpp:29:13:[m[K [01;31m[Kerror: [m[Ktemplate argument 1 is invalid
[1.087s]    29 |             [01;31m[KRCLCPP_INFO[m[K(this->logger(), "Feddback : remined_dist = %.2f", feedback_msg->remined_dist);
[1.087s]       |             [01;31m[K^~~~~~~~~~~[m[K
[1.087s] In file included from [01m[K/opt/ros/humble/include/rclcpp/rclcpp/logging.hpp:24[m[K,
[1.087s]                  from [01m[K/opt/ros/humble/include/rclcpp/rclcpp/client.hpp:40[m[K,
[1.087s]                  from [01m[K/opt/ros/humble/include/rclcpp/rclcpp/callback_group.hpp:24[m[K,
[1.087s]                  from [01m[K/opt/ros/humble/include/rclcpp/rclcpp/node.hpp:40[m[K,
[1.087s]                  from [01m[K/home/hycon/workspace/hycon_git/ros2_study_jh/pkg_cpp/src/pkg_test_cpp/include/pkg_test_cpp/turtlesim_action_server.hpp:4[m[K,
[1.087s]                  from [01m[K/home/hycon/workspace/hycon_git/ros2_study_jh/pkg_cpp/src/pkg_test_cpp/src/turtlesim_action_server.cpp:1[m[K:
[1.087s] [01m[K/home/hycon/workspace/hycon_git/ros2_study_jh/pkg_cpp/src/pkg_test_cpp/src/turtlesim_action_server.cpp:29:31:[m[K [01;31m[Kerror: [m[Kâ€˜[01m[Kclass TurtlesimActionServer[m[Kâ€™ has no member named â€˜[01m[Klogger[m[Kâ€™; did you mean â€˜[01m[Kget_logger[m[Kâ€™?
[1.087s]    29 |             RCLCPP_INFO(this->[01;31m[Klogger[m[K(), "Feddback : remined_dist = %.2f", feedback_msg->remined_dist);
[1.087s]       |                               [01;31m[K^~~~~~[m[K
[1.087s] [01m[K/home/hycon/workspace/hycon_git/ros2_study_jh/pkg_cpp/src/pkg_test_cpp/src/turtlesim_action_server.cpp:29:31:[m[K [01;31m[Kerror: [m[Kâ€˜[01m[Kclass TurtlesimActionServer[m[Kâ€™ has no member named â€˜[01m[Klogger[m[Kâ€™; did you mean â€˜[01m[Kget_logger[m[Kâ€™?
[1.087s]    29 |             RCLCPP_INFO(this->[01;31m[Klogger[m[K(), "Feddback : remined_dist = %.2f", feedback_msg->remined_dist);
[1.087s]       |                               [01;31m[K^~~~~~[m[K
[1.546s] gmake[2]: *** [CMakeFiles/turtlesim_action_server.dir/build.make:90: CMakeFiles/turtlesim_action_server.dir/src/turtlesim_action_server.cpp.o] Error 1
[1.546s] gmake[1]: *** [CMakeFiles/Makefile2:249: CMakeFiles/turtlesim_action_server.dir/all] Error 2
[1.546s] gmake: *** [Makefile:146: all] Error 2
[1.548s] Invoked command in '/home/hycon/workspace/hycon_git/ros2_study_jh/build/pkg_test_cpp' returned '2': CMAKE_PREFIX_PATH=${CMAKE_PREFIX_PATH}:/home/hycon/workspace/hycon_git/ros2_study_jh/install/my_first_package:/opt/ros/humble /usr/bin/cmake --build /home/hycon/workspace/hycon_git/ros2_study_jh/build/pkg_test_cpp -- -j16 -l16
