[0.009s] Invoking command in '/home/hycon/workspace/ros2_study/pkg_cpp/build/pkg_test_cpp': CMAKE_PREFIX_PATH=${CMAKE_PREFIX_PATH}:/opt/ros/humble /usr/bin/cmake --build /home/hycon/workspace/ros2_study/pkg_cpp/build/pkg_test_cpp -- -j16 -l16
[0.042s] [35m[1mConsolidate compiler generated dependencies of target turtlesim_subscriber[0m
[0.052s] [35m[1mConsolidate compiler generated dependencies of target turtlesim_publisher[0m
[0.061s] [ 11%] [32mBuilding CXX object CMakeFiles/turtlesim_cmd_and_pose.dir/src/turtlesim_cmd_and_pose.cpp.o[0m
[0.065s] [ 22%] [32mBuilding CXX object CMakeFiles/turtlesim_cmd_and_pose.dir/src/main_cmd_and_pose.cpp.o[0m
[0.072s] [ 55%] Built target turtlesim_subscriber
[0.081s] [ 88%] Built target turtlesim_publisher
[0.188s] In file included from [01m[K/home/hycon/workspace/ros2_study/pkg_cpp/src/pkg_test_cpp/src/turtlesim_cmd_and_pose.cpp:1[m[K:
[0.188s] [01m[K/home/hycon/workspace/ros2_study/pkg_cpp/src/pkg_test_cpp/include/pkg_test_cpp/turtlesim_cmd_and_pose.hpp:6:10:[m[K [01;31m[Kfatal error: [m[Kpkg_test_cpp_msg/msg/cmd_and_pose_vel.hpp: No such file or directory
[0.188s]     6 | #include [01;31m[K"pkg_test_cpp_msg/msg/cmd_and_pose_vel.hpp"[m[K
[0.188s]       |          [01;31m[K^~~~~~~~~~~~~~~~~~~~~~~~~~~~~~~~~~~~~~~~~~~[m[K
[0.188s] compilation terminated.
[0.190s] gmake[2]: *** [CMakeFiles/turtlesim_cmd_and_pose.dir/build.make:90: CMakeFiles/turtlesim_cmd_and_pose.dir/src/turtlesim_cmd_and_pose.cpp.o] Error 1
[0.190s] gmake[2]: *** Waiting for unfinished jobs....
[0.203s] In file included from [01m[K/home/hycon/workspace/ros2_study/pkg_cpp/src/pkg_test_cpp/src/main_cmd_and_pose.cpp:2[m[K:
[0.203s] [01m[K/home/hycon/workspace/ros2_study/pkg_cpp/src/pkg_test_cpp/include/pkg_test_cpp/turtlesim_cmd_and_pose.hpp:6:10:[m[K [01;31m[Kfatal error: [m[Kpkg_test_cpp_msg/msg/cmd_and_pose_vel.hpp: No such file or directory
[0.204s]     6 | #include [01;31m[K"pkg_test_cpp_msg/msg/cmd_and_pose_vel.hpp"[m[K
[0.204s]       |          [01;31m[K^~~~~~~~~~~~~~~~~~~~~~~~~~~~~~~~~~~~~~~~~~~[m[K
[0.204s] compilation terminated.
[0.205s] gmake[2]: *** [CMakeFiles/turtlesim_cmd_and_pose.dir/build.make:76: CMakeFiles/turtlesim_cmd_and_pose.dir/src/main_cmd_and_pose.cpp.o] Error 1
[0.205s] gmake[1]: *** [CMakeFiles/Makefile2:193: CMakeFiles/turtlesim_cmd_and_pose.dir/all] Error 2
[0.206s] gmake: *** [Makefile:146: all] Error 2
[0.208s] Invoked command in '/home/hycon/workspace/ros2_study/pkg_cpp/build/pkg_test_cpp' returned '2': CMAKE_PREFIX_PATH=${CMAKE_PREFIX_PATH}:/opt/ros/humble /usr/bin/cmake --build /home/hycon/workspace/ros2_study/pkg_cpp/build/pkg_test_cpp -- -j16 -l16
