[0.009s] Invoking command in '/home/hycon/workspace/ros2_study/pkg_cpp/build/pkg_test_cpp': CMAKE_PREFIX_PATH=/opt/ros/humble /usr/bin/cmake --build /home/hycon/workspace/ros2_study/pkg_cpp/build/pkg_test_cpp -- -j16 -l16
[0.078s] [35m[1mConsolidate compiler generated dependencies of target turtlesim_service_server[0m
[0.130s] [ 25%] Built target turtlesim_subscriber
[0.130s] [ 75%] Built target turtlesim_cmd_and_pose
[0.131s] [ 75%] Built target turtlesim_publisher
[0.131s] [ 83%] [32mBuilding CXX object CMakeFiles/turtlesim_service_server.dir/src/main_service_server.cpp.o[0m
[0.131s] [ 91%] [32mBuilding CXX object CMakeFiles/turtlesim_service_server.dir/src/turtlesim_service_server.cpp.o[0m
[0.287s] In file included from [01m[K/home/hycon/workspace/ros2_study/pkg_cpp/src/pkg_test_cpp/src/turtlesim_service_server.cpp:1[m[K:
[0.288s] [01m[K/home/hycon/workspace/ros2_study/pkg_cpp/src/pkg_test_cpp/include/pkg_test_cpp/turtlesim_service_server.hpp:5:10:[m[K [01;31m[Kfatal error: [m[Kturtlesim/srv/teleport_absolute.hpp: No such file or directory
[0.288s]     5 | #include [01;31m[K"turtlesim/srv/teleport_absolute.hpp"[m[K
[0.288s]       |          [01;31m[K^~~~~~~~~~~~~~~~~~~~~~~~~~~~~~~~~~~~~[m[K
[0.288s] compilation terminated.
[0.289s] gmake[2]: *** [CMakeFiles/turtlesim_service_server.dir/build.make:90: CMakeFiles/turtlesim_service_server.dir/src/turtlesim_service_server.cpp.o] Error 1
[0.289s] gmake[2]: *** Waiting for unfinished jobs....
[0.299s] In file included from [01m[K/home/hycon/workspace/ros2_study/pkg_cpp/src/pkg_test_cpp/src/main_service_server.cpp:2[m[K:
[0.299s] [01m[K/home/hycon/workspace/ros2_study/pkg_cpp/src/pkg_test_cpp/include/pkg_test_cpp/turtlesim_service_server.hpp:5:10:[m[K [01;31m[Kfatal error: [m[Kturtlesim/srv/teleport_absolute.hpp: No such file or directory
[0.299s]     5 | #include [01;31m[K"turtlesim/srv/teleport_absolute.hpp"[m[K
[0.299s]       |          [01;31m[K^~~~~~~~~~~~~~~~~~~~~~~~~~~~~~~~~~~~~[m[K
[0.299s] compilation terminated.
[0.301s] gmake[2]: *** [CMakeFiles/turtlesim_service_server.dir/build.make:76: CMakeFiles/turtlesim_service_server.dir/src/main_service_server.cpp.o] Error 1
[0.301s] gmake[1]: *** [CMakeFiles/Makefile2:221: CMakeFiles/turtlesim_service_server.dir/all] Error 2
[0.301s] gmake: *** [Makefile:146: all] Error 2
[0.303s] Invoked command in '/home/hycon/workspace/ros2_study/pkg_cpp/build/pkg_test_cpp' returned '2': CMAKE_PREFIX_PATH=/opt/ros/humble /usr/bin/cmake --build /home/hycon/workspace/ros2_study/pkg_cpp/build/pkg_test_cpp -- -j16 -l16
