[0.000000] (-) TimerEvent: {}
[0.000589] (pkg_test_cpp) JobQueued: {'identifier': 'pkg_test_cpp', 'dependencies': OrderedDict()}
[0.000641] (pkg_test_cpp_msg) JobQueued: {'identifier': 'pkg_test_cpp_msg', 'dependencies': OrderedDict()}
[0.000761] (pkg_test_cpp) JobStarted: {'identifier': 'pkg_test_cpp'}
[0.003740] (pkg_test_cpp_msg) JobStarted: {'identifier': 'pkg_test_cpp_msg'}
[0.006496] (pkg_test_cpp) JobProgress: {'identifier': 'pkg_test_cpp', 'progress': 'cmake'}
[0.007333] (pkg_test_cpp) JobProgress: {'identifier': 'pkg_test_cpp', 'progress': 'build'}
[0.007387] (pkg_test_cpp) Command: {'cmd': ['/usr/bin/cmake', '--build', '/home/hycon/workspace/ros2_study/pkg_cpp/build/pkg_test_cpp', '--', '-j16', '-l16'], 'cwd': '/home/hycon/workspace/ros2_study/pkg_cpp/build/pkg_test_cpp', 'env': OrderedDict([('LESSOPEN', '| /usr/bin/lesspipe %s'), ('LANGUAGE', 'en'), ('USER', 'hycon'), ('LC_TIME', 'ko_KR.UTF-8'), ('XDG_SESSION_TYPE', 'wayland'), ('GIT_ASKPASS', '/usr/share/code/resources/app/extensions/git/dist/askpass.sh'), ('SHLVL', '2'), ('LD_LIBRARY_PATH', '/home/hycon/workspace/ros2_study/pkg_cpp/install/pkg_test_cpp_msg/lib:/opt/ros/humble/opt/rviz_ogre_vendor/lib:/opt/ros/humble/lib/x86_64-linux-gnu:/opt/ros/humble/lib'), ('HOME', '/home/hycon'), ('CHROME_DESKTOP', 'code.desktop'), ('OLDPWD', '/home/hycon'), ('TERM_PROGRAM_VERSION', '1.97.1'), ('DESKTOP_SESSION', 'ubuntu'), ('DEBUGPY_ADAPTER_ENDPOINTS', '/home/hycon/.vscode/extensions/ms-python.debugpy-2025.0.1-linux-x64/.noConfigDebugAdapterEndpoints/endpoint-8e50f911d0d2098a.txt'), ('ROS_PYTHON_VERSION', '3'), ('GNOME_SHELL_SESSION_MODE', 'ubuntu'), ('GTK_MODULES', 'gail:atk-bridge'), ('VSCODE_GIT_ASKPASS_MAIN', '/usr/share/code/resources/app/extensions/git/dist/askpass-main.js'), ('LC_MONETARY', 'ko_KR.UTF-8'), ('VSCODE_GIT_ASKPASS_NODE', '/usr/share/code/code'), ('MANAGERPID', '989'), ('PYDEVD_DISABLE_FILE_VALIDATION', '1'), ('SYSTEMD_EXEC_PID', '1458'), ('BUNDLED_DEBUGPY_PATH', '/home/hycon/.vscode/extensions/ms-python.debugpy-2025.0.1-linux-x64/bundled/libs/debugpy'), ('DBUS_SESSION_BUS_ADDRESS', 'unix:path=/run/user/1000/bus'), ('COLORTERM', 'truecolor'), ('TERMINATOR_DBUS_NAME', 'net.tenshu.Terminator25ef4b219e3b005583550f2b0f9f990c3'), ('GIO_LAUNCHED_DESKTOP_FILE_PID', '1983'), ('IM_CONFIG_PHASE', '1'), ('WAYLAND_DISPLAY', 'wayland-0'), ('COLCON_PREFIX_PATH', '/home/hycon/workspace/ros2_study/pkg_cpp/install'), ('ROS_DISTRO', 'humble'), ('LOGNAME', 'hycon'), ('JOURNAL_STREAM', '8:13679'), ('_', '/usr/bin/colcon'), ('ROS_VERSION', '2'), ('XDG_SESSION_CLASS', 'user'), ('USERNAME', 'hycon'), ('TERM', 'xterm-256color'), ('GNOME_DESKTOP_SESSION_ID', 'this-is-deprecated'), ('ROS_LOCALHOST_ONLY', '0'), ('PATH', '/opt/ros/humble/bin:/home/hycon/.local/bin:/usr/local/sbin:/usr/local/bin:/usr/sbin:/usr/bin:/sbin:/bin:/usr/games:/usr/local/games:/snap/bin:/snap/bin:/home/hycon/.vscode/extensions/ms-python.debugpy-2025.0.1-linux-x64/bundled/scripts/noConfigScripts'), ('SESSION_MANAGER', 'local/hycon:@/tmp/.ICE-unix/1191,unix/hycon:/tmp/.ICE-unix/1191'), ('INVOCATION_ID', '9cd6cbb12e444801832cf2e655de0dcd'), ('PAPERSIZE', 'a4'), ('XDG_MENU_PREFIX', 'gnome-'), ('LC_ADDRESS', 'ko_KR.UTF-8'), ('GNOME_SETUP_DISPLAY', ':1'), ('XDG_RUNTIME_DIR', '/run/user/1000'), ('GDK_BACKEND', 'x11'), ('DISPLAY', ':0'), ('TERMINATOR_DBUS_PATH', '/net/tenshu/Terminator2'), ('LANG', 'en_US.UTF-8'), ('XDG_CURRENT_DESKTOP', 'Unity'), ('IBUS_DISABLE_SNOOPER', '1'), ('LC_TELEPHONE', 'ko_KR.UTF-8'), ('XMODIFIERS', '@im=ibus'), ('XDG_SESSION_DESKTOP', 'ubuntu'), ('XAUTHORITY', '/run/user/1000/.mutter-Xwaylandauth.ZRPC22'), ('LS_COLORS', 'rs=0:di=01;34:ln=01;36:mh=00:pi=40;33:so=01;35:do=01;35:bd=40;33;01:cd=40;33;01:or=40;31;01:mi=00:su=37;41:sg=30;43:ca=30;41:tw=30;42:ow=34;42:st=37;44:ex=01;32:*.tar=01;31:*.tgz=01;31:*.arc=01;31:*.arj=01;31:*.taz=01;31:*.lha=01;31:*.lz4=01;31:*.lzh=01;31:*.lzma=01;31:*.tlz=01;31:*.txz=01;31:*.tzo=01;31:*.t7z=01;31:*.zip=01;31:*.z=01;31:*.dz=01;31:*.gz=01;31:*.lrz=01;31:*.lz=01;31:*.lzo=01;31:*.xz=01;31:*.zst=01;31:*.tzst=01;31:*.bz2=01;31:*.bz=01;31:*.tbz=01;31:*.tbz2=01;31:*.tz=01;31:*.deb=01;31:*.rpm=01;31:*.jar=01;31:*.war=01;31:*.ear=01;31:*.sar=01;31:*.rar=01;31:*.alz=01;31:*.ace=01;31:*.zoo=01;31:*.cpio=01;31:*.7z=01;31:*.rz=01;31:*.cab=01;31:*.wim=01;31:*.swm=01;31:*.dwm=01;31:*.esd=01;31:*.jpg=01;35:*.jpeg=01;35:*.mjpg=01;35:*.mjpeg=01;35:*.gif=01;35:*.bmp=01;35:*.pbm=01;35:*.pgm=01;35:*.ppm=01;35:*.tga=01;35:*.xbm=01;35:*.xpm=01;35:*.tif=01;35:*.tiff=01;35:*.png=01;35:*.svg=01;35:*.svgz=01;35:*.mng=01;35:*.pcx=01;35:*.mov=01;35:*.mpg=01;35:*.mpeg=01;35:*.m2v=01;35:*.mkv=01;35:*.webm=01;35:*.webp=01;35:*.ogm=01;35:*.mp4=01;35:*.m4v=01;35:*.mp4v=01;35:*.vob=01;35:*.qt=01;35:*.nuv=01;35:*.wmv=01;35:*.asf=01;35:*.rm=01;35:*.rmvb=01;35:*.flc=01;35:*.avi=01;35:*.fli=01;35:*.flv=01;35:*.gl=01;35:*.dl=01;35:*.xcf=01;35:*.xwd=01;35:*.yuv=01;35:*.cgm=01;35:*.emf=01;35:*.ogv=01;35:*.ogx=01;35:*.aac=00;36:*.au=00;36:*.flac=00;36:*.m4a=00;36:*.mid=00;36:*.midi=00;36:*.mka=00;36:*.mp3=00;36:*.mpc=00;36:*.ogg=00;36:*.ra=00;36:*.wav=00;36:*.oga=00;36:*.opus=00;36:*.spx=00;36:*.xspf=00;36:'), ('VSCODE_GIT_IPC_HANDLE', '/run/user/1000/vscode-git-2e607cfef9.sock'), ('TERM_PROGRAM', 'vscode'), ('SSH_AGENT_LAUNCHER', 'gnome-keyring'), ('SSH_AUTH_SOCK', '/run/user/1000/keyring/ssh'), ('ROS_DOMAIN_ID', '99'), ('AMENT_PREFIX_PATH', '/home/hycon/workspace/ros2_study/pkg_cpp/install/pkg_test_cpp_msg:/opt/ros/humble'), ('ORIGINAL_XDG_CURRENT_DESKTOP', 'ubuntu:GNOME'), ('SHELL', '/bin/bash'), ('LC_NAME', 'ko_KR.UTF-8'), ('TERMINATOR_UUID', 'urn:uuid:2a04918f-adc3-4118-8335-5b01144fe501'), ('QT_ACCESSIBILITY', '1'), ('GDMSESSION', 'ubuntu'), ('LESSCLOSE', '/usr/bin/lesspipe %s %s'), ('LC_MEASUREMENT', 'ko_KR.UTF-8'), ('LC_IDENTIFICATION', 'ko_KR.UTF-8'), ('VSCODE_GIT_ASKPASS_EXTRA_ARGS', ''), ('QT_IM_MODULE', 'ibus'), ('PWD', '/home/hycon/workspace/ros2_study/pkg_cpp/build/pkg_test_cpp'), ('LC_ALL', 'en_US.UTF-8'), ('XDG_CONFIG_DIRS', '/etc/xdg/xdg-ubuntu:/etc/xdg'), ('XDG_DATA_DIRS', '/usr/share/ubuntu:/usr/local/share/:/usr/share/:/var/lib/snapd/desktop'), ('PYTHONPATH', '/home/hycon/workspace/ros2_study/pkg_cpp/install/pkg_test_cpp_msg/local/lib/python3.10/dist-packages:/opt/ros/humble/lib/python3.10/site-packages:/opt/ros/humble/local/lib/python3.10/dist-packages'), ('LC_NUMERIC', 'ko_KR.UTF-8'), ('LC_PAPER', 'ko_KR.UTF-8'), ('COLCON', '1'), ('VTE_VERSION', '6800'), ('CMAKE_PREFIX_PATH', '/home/hycon/workspace/ros2_study/pkg_cpp/install/pkg_test_cpp_msg:/opt/ros/humble')]), 'shell': False}
[0.010034] (pkg_test_cpp_msg) JobProgress: {'identifier': 'pkg_test_cpp_msg', 'progress': 'cmake'}
[0.010340] (pkg_test_cpp_msg) JobProgress: {'identifier': 'pkg_test_cpp_msg', 'progress': 'build'}
[0.010489] (pkg_test_cpp_msg) Command: {'cmd': ['/usr/bin/cmake', '--build', '/home/hycon/workspace/ros2_study/pkg_cpp/build/pkg_test_cpp_msg', '--', '-j16', '-l16'], 'cwd': '/home/hycon/workspace/ros2_study/pkg_cpp/build/pkg_test_cpp_msg', 'env': OrderedDict([('LESSOPEN', '| /usr/bin/lesspipe %s'), ('LANGUAGE', 'en'), ('USER', 'hycon'), ('LC_TIME', 'ko_KR.UTF-8'), ('XDG_SESSION_TYPE', 'wayland'), ('GIT_ASKPASS', '/usr/share/code/resources/app/extensions/git/dist/askpass.sh'), ('SHLVL', '2'), ('LD_LIBRARY_PATH', '/home/hycon/workspace/ros2_study/pkg_cpp/install/pkg_test_cpp_msg/lib:/opt/ros/humble/opt/rviz_ogre_vendor/lib:/opt/ros/humble/lib/x86_64-linux-gnu:/opt/ros/humble/lib'), ('HOME', '/home/hycon'), ('CHROME_DESKTOP', 'code.desktop'), ('OLDPWD', '/home/hycon'), ('TERM_PROGRAM_VERSION', '1.97.1'), ('DESKTOP_SESSION', 'ubuntu'), ('DEBUGPY_ADAPTER_ENDPOINTS', '/home/hycon/.vscode/extensions/ms-python.debugpy-2025.0.1-linux-x64/.noConfigDebugAdapterEndpoints/endpoint-8e50f911d0d2098a.txt'), ('ROS_PYTHON_VERSION', '3'), ('GNOME_SHELL_SESSION_MODE', 'ubuntu'), ('GTK_MODULES', 'gail:atk-bridge'), ('VSCODE_GIT_ASKPASS_MAIN', '/usr/share/code/resources/app/extensions/git/dist/askpass-main.js'), ('LC_MONETARY', 'ko_KR.UTF-8'), ('VSCODE_GIT_ASKPASS_NODE', '/usr/share/code/code'), ('MANAGERPID', '989'), ('PYDEVD_DISABLE_FILE_VALIDATION', '1'), ('SYSTEMD_EXEC_PID', '1458'), ('BUNDLED_DEBUGPY_PATH', '/home/hycon/.vscode/extensions/ms-python.debugpy-2025.0.1-linux-x64/bundled/libs/debugpy'), ('DBUS_SESSION_BUS_ADDRESS', 'unix:path=/run/user/1000/bus'), ('COLORTERM', 'truecolor'), ('TERMINATOR_DBUS_NAME', 'net.tenshu.Terminator25ef4b219e3b005583550f2b0f9f990c3'), ('GIO_LAUNCHED_DESKTOP_FILE_PID', '1983'), ('IM_CONFIG_PHASE', '1'), ('WAYLAND_DISPLAY', 'wayland-0'), ('COLCON_PREFIX_PATH', '/home/hycon/workspace/ros2_study/pkg_cpp/install'), ('ROS_DISTRO', 'humble'), ('LOGNAME', 'hycon'), ('JOURNAL_STREAM', '8:13679'), ('_', '/usr/bin/colcon'), ('ROS_VERSION', '2'), ('XDG_SESSION_CLASS', 'user'), ('USERNAME', 'hycon'), ('TERM', 'xterm-256color'), ('GNOME_DESKTOP_SESSION_ID', 'this-is-deprecated'), ('ROS_LOCALHOST_ONLY', '0'), ('PATH', '/opt/ros/humble/bin:/home/hycon/.local/bin:/usr/local/sbin:/usr/local/bin:/usr/sbin:/usr/bin:/sbin:/bin:/usr/games:/usr/local/games:/snap/bin:/snap/bin:/home/hycon/.vscode/extensions/ms-python.debugpy-2025.0.1-linux-x64/bundled/scripts/noConfigScripts'), ('SESSION_MANAGER', 'local/hycon:@/tmp/.ICE-unix/1191,unix/hycon:/tmp/.ICE-unix/1191'), ('INVOCATION_ID', '9cd6cbb12e444801832cf2e655de0dcd'), ('PAPERSIZE', 'a4'), ('XDG_MENU_PREFIX', 'gnome-'), ('LC_ADDRESS', 'ko_KR.UTF-8'), ('GNOME_SETUP_DISPLAY', ':1'), ('XDG_RUNTIME_DIR', '/run/user/1000'), ('GDK_BACKEND', 'x11'), ('DISPLAY', ':0'), ('TERMINATOR_DBUS_PATH', '/net/tenshu/Terminator2'), ('LANG', 'en_US.UTF-8'), ('XDG_CURRENT_DESKTOP', 'Unity'), ('IBUS_DISABLE_SNOOPER', '1'), ('LC_TELEPHONE', 'ko_KR.UTF-8'), ('XMODIFIERS', '@im=ibus'), ('XDG_SESSION_DESKTOP', 'ubuntu'), ('XAUTHORITY', '/run/user/1000/.mutter-Xwaylandauth.ZRPC22'), ('LS_COLORS', 'rs=0:di=01;34:ln=01;36:mh=00:pi=40;33:so=01;35:do=01;35:bd=40;33;01:cd=40;33;01:or=40;31;01:mi=00:su=37;41:sg=30;43:ca=30;41:tw=30;42:ow=34;42:st=37;44:ex=01;32:*.tar=01;31:*.tgz=01;31:*.arc=01;31:*.arj=01;31:*.taz=01;31:*.lha=01;31:*.lz4=01;31:*.lzh=01;31:*.lzma=01;31:*.tlz=01;31:*.txz=01;31:*.tzo=01;31:*.t7z=01;31:*.zip=01;31:*.z=01;31:*.dz=01;31:*.gz=01;31:*.lrz=01;31:*.lz=01;31:*.lzo=01;31:*.xz=01;31:*.zst=01;31:*.tzst=01;31:*.bz2=01;31:*.bz=01;31:*.tbz=01;31:*.tbz2=01;31:*.tz=01;31:*.deb=01;31:*.rpm=01;31:*.jar=01;31:*.war=01;31:*.ear=01;31:*.sar=01;31:*.rar=01;31:*.alz=01;31:*.ace=01;31:*.zoo=01;31:*.cpio=01;31:*.7z=01;31:*.rz=01;31:*.cab=01;31:*.wim=01;31:*.swm=01;31:*.dwm=01;31:*.esd=01;31:*.jpg=01;35:*.jpeg=01;35:*.mjpg=01;35:*.mjpeg=01;35:*.gif=01;35:*.bmp=01;35:*.pbm=01;35:*.pgm=01;35:*.ppm=01;35:*.tga=01;35:*.xbm=01;35:*.xpm=01;35:*.tif=01;35:*.tiff=01;35:*.png=01;35:*.svg=01;35:*.svgz=01;35:*.mng=01;35:*.pcx=01;35:*.mov=01;35:*.mpg=01;35:*.mpeg=01;35:*.m2v=01;35:*.mkv=01;35:*.webm=01;35:*.webp=01;35:*.ogm=01;35:*.mp4=01;35:*.m4v=01;35:*.mp4v=01;35:*.vob=01;35:*.qt=01;35:*.nuv=01;35:*.wmv=01;35:*.asf=01;35:*.rm=01;35:*.rmvb=01;35:*.flc=01;35:*.avi=01;35:*.fli=01;35:*.flv=01;35:*.gl=01;35:*.dl=01;35:*.xcf=01;35:*.xwd=01;35:*.yuv=01;35:*.cgm=01;35:*.emf=01;35:*.ogv=01;35:*.ogx=01;35:*.aac=00;36:*.au=00;36:*.flac=00;36:*.m4a=00;36:*.mid=00;36:*.midi=00;36:*.mka=00;36:*.mp3=00;36:*.mpc=00;36:*.ogg=00;36:*.ra=00;36:*.wav=00;36:*.oga=00;36:*.opus=00;36:*.spx=00;36:*.xspf=00;36:'), ('VSCODE_GIT_IPC_HANDLE', '/run/user/1000/vscode-git-2e607cfef9.sock'), ('TERM_PROGRAM', 'vscode'), ('SSH_AGENT_LAUNCHER', 'gnome-keyring'), ('SSH_AUTH_SOCK', '/run/user/1000/keyring/ssh'), ('ROS_DOMAIN_ID', '99'), ('AMENT_PREFIX_PATH', '/home/hycon/workspace/ros2_study/pkg_cpp/install/pkg_test_cpp_msg:/opt/ros/humble'), ('ORIGINAL_XDG_CURRENT_DESKTOP', 'ubuntu:GNOME'), ('SHELL', '/bin/bash'), ('LC_NAME', 'ko_KR.UTF-8'), ('TERMINATOR_UUID', 'urn:uuid:2a04918f-adc3-4118-8335-5b01144fe501'), ('QT_ACCESSIBILITY', '1'), ('GDMSESSION', 'ubuntu'), ('LESSCLOSE', '/usr/bin/lesspipe %s %s'), ('LC_MEASUREMENT', 'ko_KR.UTF-8'), ('LC_IDENTIFICATION', 'ko_KR.UTF-8'), ('VSCODE_GIT_ASKPASS_EXTRA_ARGS', ''), ('QT_IM_MODULE', 'ibus'), ('PWD', '/home/hycon/workspace/ros2_study/pkg_cpp/build/pkg_test_cpp_msg'), ('LC_ALL', 'en_US.UTF-8'), ('XDG_CONFIG_DIRS', '/etc/xdg/xdg-ubuntu:/etc/xdg'), ('XDG_DATA_DIRS', '/usr/share/ubuntu:/usr/local/share/:/usr/share/:/var/lib/snapd/desktop'), ('PYTHONPATH', '/home/hycon/workspace/ros2_study/pkg_cpp/install/pkg_test_cpp_msg/local/lib/python3.10/dist-packages:/opt/ros/humble/lib/python3.10/site-packages:/opt/ros/humble/local/lib/python3.10/dist-packages'), ('LC_NUMERIC', 'ko_KR.UTF-8'), ('LC_PAPER', 'ko_KR.UTF-8'), ('COLCON', '1'), ('VTE_VERSION', '6800'), ('CMAKE_PREFIX_PATH', '/home/hycon/workspace/ros2_study/pkg_cpp/install/pkg_test_cpp_msg:/opt/ros/humble')]), 'shell': False}
[0.029280] (pkg_test_cpp_msg) StdoutLine: {'line': b'-- Found ament_cmake: 1.3.11 (/opt/ros/humble/share/ament_cmake/cmake)\n'}
[0.042529] (pkg_test_cpp) StdoutLine: {'line': b'\x1b[35m\x1b[1mConsolidate compiler generated dependencies of target turtlesim_subscriber\x1b[0m\n'}
[0.042968] (pkg_test_cpp) StdoutLine: {'line': b'\x1b[35m\x1b[1mConsolidate compiler generated dependencies of target turtlesim_publisher\x1b[0m\n'}
[0.054155] (pkg_test_cpp) StdoutLine: {'line': b'[ 33%] Built target turtlesim_subscriber\n'}
[0.055382] (pkg_test_cpp) StdoutLine: {'line': b'[ 44%] \x1b[32mBuilding CXX object CMakeFiles/turtlesim_cmd_and_pose.dir/src/main_cmd_and_pose.cpp.o\x1b[0m\n'}
[0.055709] (pkg_test_cpp) StdoutLine: {'line': b'[ 55%] \x1b[32mBuilding CXX object CMakeFiles/turtlesim_cmd_and_pose.dir/src/turtlesim_cmd_and_pose.cpp.o\x1b[0m\n'}
[0.059734] (pkg_test_cpp) StdoutLine: {'line': b'[ 88%] Built target turtlesim_publisher\n'}
[0.099830] (-) TimerEvent: {}
[0.117932] (pkg_test_cpp_msg) StdoutLine: {'line': b'-- Found rosidl_default_generators: 1.2.0 (/opt/ros/humble/share/rosidl_default_generators/cmake)\n'}
[0.118821] (pkg_test_cpp_msg) StdoutLine: {'line': b'-- Using all available rosidl_typesupport_c: rosidl_typesupport_fastrtps_c;rosidl_typesupport_introspection_c\n'}
[0.120537] (pkg_test_cpp_msg) StdoutLine: {'line': b'-- Found rosidl_adapter: 3.1.6 (/opt/ros/humble/share/rosidl_adapter/cmake)\n'}
[0.139163] (pkg_test_cpp_msg) StdoutLine: {'line': b'-- Using all available rosidl_typesupport_cpp: rosidl_typesupport_fastrtps_cpp;rosidl_typesupport_introspection_cpp\n'}
[0.163616] (pkg_test_cpp) StderrLine: {'line': b'In file included from \x1b[01m\x1b[K/home/hycon/workspace/ros2_study/pkg_cpp/src/pkg_test_cpp/src/turtlesim_cmd_and_pose.cpp:1\x1b[m\x1b[K:\n'}
[0.163808] (pkg_test_cpp) StderrLine: {'line': b'\x1b[01m\x1b[K/home/hycon/workspace/ros2_study/pkg_cpp/src/pkg_test_cpp/include/pkg_test_cpp/turtlesim_cmd_and_pose.hpp:6:10:\x1b[m\x1b[K \x1b[01;31m\x1b[Kfatal error: \x1b[m\x1b[Kpkg_test_cpp_msg/msg/cmd_and_pose_vel.hpp: No such file or directory\n'}
[0.163899] (pkg_test_cpp) StderrLine: {'line': b'    6 | #include \x1b[01;31m\x1b[K"pkg_test_cpp_msg/msg/cmd_and_pose_vel.hpp"\x1b[m\x1b[K\n'}
[0.163979] (pkg_test_cpp) StderrLine: {'line': b'      |          \x1b[01;31m\x1b[K^~~~~~~~~~~~~~~~~~~~~~~~~~~~~~~~~~~~~~~~~~~\x1b[m\x1b[K\n'}
[0.164055] (pkg_test_cpp) StderrLine: {'line': b'compilation terminated.\n'}
[0.165399] (pkg_test_cpp) StderrLine: {'line': b'gmake[2]: *** [CMakeFiles/turtlesim_cmd_and_pose.dir/build.make:90: CMakeFiles/turtlesim_cmd_and_pose.dir/src/turtlesim_cmd_and_pose.cpp.o] Error 1\n'}
[0.165541] (pkg_test_cpp) StderrLine: {'line': b'gmake[2]: *** Waiting for unfinished jobs....\n'}
[0.175083] (pkg_test_cpp) StderrLine: {'line': b'In file included from \x1b[01m\x1b[K/home/hycon/workspace/ros2_study/pkg_cpp/src/pkg_test_cpp/src/main_cmd_and_pose.cpp:2\x1b[m\x1b[K:\n'}
[0.175242] (pkg_test_cpp) StderrLine: {'line': b'\x1b[01m\x1b[K/home/hycon/workspace/ros2_study/pkg_cpp/src/pkg_test_cpp/include/pkg_test_cpp/turtlesim_cmd_and_pose.hpp:6:10:\x1b[m\x1b[K \x1b[01;31m\x1b[Kfatal error: \x1b[m\x1b[Kpkg_test_cpp_msg/msg/cmd_and_pose_vel.hpp: No such file or directory\n'}
[0.175323] (pkg_test_cpp) StderrLine: {'line': b'    6 | #include \x1b[01;31m\x1b[K"pkg_test_cpp_msg/msg/cmd_and_pose_vel.hpp"\x1b[m\x1b[K\n'}
[0.175394] (pkg_test_cpp) StderrLine: {'line': b'      |          \x1b[01;31m\x1b[K^~~~~~~~~~~~~~~~~~~~~~~~~~~~~~~~~~~~~~~~~~~\x1b[m\x1b[K\n'}
[0.175474] (pkg_test_cpp) StderrLine: {'line': b'compilation terminated.\n'}
[0.176733] (pkg_test_cpp) StderrLine: {'line': b'gmake[2]: *** [CMakeFiles/turtlesim_cmd_and_pose.dir/build.make:76: CMakeFiles/turtlesim_cmd_and_pose.dir/src/main_cmd_and_pose.cpp.o] Error 1\n'}
[0.176981] (pkg_test_cpp) StderrLine: {'line': b'gmake[1]: *** [CMakeFiles/Makefile2:193: CMakeFiles/turtlesim_cmd_and_pose.dir/all] Error 2\n'}
[0.177191] (pkg_test_cpp) StderrLine: {'line': b'gmake: *** [Makefile:146: all] Error 2\n'}
[0.179271] (pkg_test_cpp) CommandEnded: {'returncode': 2}
[0.184467] (pkg_test_cpp) JobEnded: {'identifier': 'pkg_test_cpp', 'rc': 2}
[0.199960] (-) TimerEvent: {}
[0.300255] (-) TimerEvent: {}
[0.324261] (pkg_test_cpp_msg) StdoutLine: {'line': b'-- Found ament_cmake_ros: 0.10.0 (/opt/ros/humble/share/ament_cmake_ros/cmake)\n'}
[0.400390] (-) TimerEvent: {}
[0.484604] (pkg_test_cpp_msg) StdoutLine: {'line': b'-- Using all available rosidl_typesupport_c: rosidl_typesupport_fastrtps_c;rosidl_typesupport_introspection_c\n'}
[0.500569] (-) TimerEvent: {}
[0.601174] (-) TimerEvent: {}
[0.701564] (-) TimerEvent: {}
[0.728223] (pkg_test_cpp_msg) StdoutLine: {'line': b'-- Using all available rosidl_typesupport_cpp: rosidl_typesupport_fastrtps_cpp;rosidl_typesupport_introspection_cpp\n'}
[0.757096] (pkg_test_cpp_msg) StdoutLine: {'line': b'-- Found python_cmake_module: 0.10.0 (/opt/ros/humble/share/python_cmake_module/cmake)\n'}
[0.776740] (pkg_test_cpp_msg) StdoutLine: {'line': b'-- Using PYTHON_EXECUTABLE: /usr/bin/python3\n'}
[0.776970] (pkg_test_cpp_msg) StdoutLine: {'line': b'-- Using PYTHON_INCLUDE_DIRS: /usr/include/python3.10\n'}
[0.777092] (pkg_test_cpp_msg) StdoutLine: {'line': b'-- Using PYTHON_LIBRARIES: /usr/lib/x86_64-linux-gnu/libpython3.10.so\n'}
[0.787611] (pkg_test_cpp_msg) StdoutLine: {'line': b'-- Found ament_lint_auto: 0.12.11 (/opt/ros/humble/share/ament_lint_auto/cmake)\n'}
[0.793951] (pkg_test_cpp_msg) StdoutLine: {'line': b"-- Added test 'flake8' to check Python code syntax and style conventions\n"}
[0.794216] (pkg_test_cpp_msg) StdoutLine: {'line': b"-- Added test 'lint_cmake' to check CMake code style\n"}
[0.794442] (pkg_test_cpp_msg) StdoutLine: {'line': b"-- Added test 'pep257' to check Python code against some of the docstring style conventions in PEP 257\n"}
[0.795556] (pkg_test_cpp_msg) StdoutLine: {'line': b"-- Added test 'xmllint' to check XML markup files\n"}
[0.796458] (pkg_test_cpp_msg) StdoutLine: {'line': b'-- Configuring done\n'}
[0.801611] (-) TimerEvent: {}
[0.811699] (pkg_test_cpp_msg) StdoutLine: {'line': b'-- Generating done\n'}
[0.818425] (pkg_test_cpp_msg) StdoutLine: {'line': b'-- Build files have been written to: /home/hycon/workspace/ros2_study/pkg_cpp/build/pkg_test_cpp_msg\n'}
[0.839750] (pkg_test_cpp_msg) StdoutLine: {'line': b'\x1b[35m\x1b[1mConsolidate compiler generated dependencies of target pkg_test_cpp_msg__rosidl_generator_c\x1b[0m\n'}
[0.848845] (pkg_test_cpp_msg) StdoutLine: {'line': b'[  3%] Built target pkg_test_cpp_msg__cpp\n'}
[0.850159] (pkg_test_cpp_msg) StdoutLine: {'line': b'[ 12%] Built target pkg_test_cpp_msg__rosidl_generator_c\n'}
[0.861019] (pkg_test_cpp_msg) StdoutLine: {'line': b'\x1b[35m\x1b[1mConsolidate compiler generated dependencies of target pkg_test_cpp_msg__rosidl_typesupport_fastrtps_cpp\x1b[0m\n'}
[0.861499] (pkg_test_cpp_msg) StdoutLine: {'line': b'\x1b[35m\x1b[1mConsolidate compiler generated dependencies of target pkg_test_cpp_msg__rosidl_typesupport_cpp\x1b[0m\n'}
[0.861768] (pkg_test_cpp_msg) StdoutLine: {'line': b'\x1b[35m\x1b[1mConsolidate compiler generated dependencies of target pkg_test_cpp_msg__rosidl_typesupport_introspection_c\x1b[0m\n'}
[0.863650] (pkg_test_cpp_msg) StdoutLine: {'line': b'[ 12%] Built target ament_cmake_python_copy_pkg_test_cpp_msg\n'}
[0.865430] (pkg_test_cpp_msg) StdoutLine: {'line': b'\x1b[35m\x1b[1mConsolidate compiler generated dependencies of target pkg_test_cpp_msg__rosidl_typesupport_introspection_cpp\x1b[0m\n'}
[0.866561] (pkg_test_cpp_msg) StdoutLine: {'line': b'\x1b[35m\x1b[1mConsolidate compiler generated dependencies of target pkg_test_cpp_msg__rosidl_typesupport_fastrtps_c\x1b[0m\n'}
[0.867001] (pkg_test_cpp_msg) StdoutLine: {'line': b'\x1b[35m\x1b[1mConsolidate compiler generated dependencies of target pkg_test_cpp_msg__rosidl_typesupport_c\x1b[0m\n'}
[0.878859] (pkg_test_cpp_msg) StdoutLine: {'line': b'[ 22%] Built target pkg_test_cpp_msg__rosidl_typesupport_introspection_c\n'}
[0.882982] (pkg_test_cpp_msg) StdoutLine: {'line': b'[ 32%] Built target pkg_test_cpp_msg__rosidl_typesupport_c\n'}
[0.886190] (pkg_test_cpp_msg) StdoutLine: {'line': b'[ 41%] Built target pkg_test_cpp_msg__rosidl_typesupport_fastrtps_cpp\n'}
[0.887522] (pkg_test_cpp_msg) StdoutLine: {'line': b'[ 51%] Built target pkg_test_cpp_msg__rosidl_typesupport_cpp\n'}
[0.888506] (pkg_test_cpp_msg) StdoutLine: {'line': b'[ 61%] Built target pkg_test_cpp_msg__rosidl_typesupport_introspection_cpp\n'}
[0.889131] (pkg_test_cpp_msg) StdoutLine: {'line': b'[ 70%] Built target pkg_test_cpp_msg__rosidl_typesupport_fastrtps_c\n'}
[0.901705] (-) TimerEvent: {}
[0.906484] (pkg_test_cpp_msg) StdoutLine: {'line': b'[ 70%] Built target pkg_test_cpp_msg\n'}
[0.925119] (pkg_test_cpp_msg) StdoutLine: {'line': b'[ 74%] Built target pkg_test_cpp_msg__py\n'}
[0.934537] (pkg_test_cpp_msg) StdoutLine: {'line': b'\x1b[35m\x1b[1mConsolidate compiler generated dependencies of target pkg_test_cpp_msg__rosidl_generator_py\x1b[0m\n'}
[0.942591] (pkg_test_cpp_msg) StdoutLine: {'line': b'[ 80%] Built target pkg_test_cpp_msg__rosidl_generator_py\n'}
[0.951536] (pkg_test_cpp_msg) StdoutLine: {'line': b'\x1b[35m\x1b[1mConsolidate compiler generated dependencies of target pkg_test_cpp_msg__rosidl_typesupport_c__pyext\x1b[0m\n'}
[0.953018] (pkg_test_cpp_msg) StdoutLine: {'line': b'\x1b[35m\x1b[1mConsolidate compiler generated dependencies of target pkg_test_cpp_msg__rosidl_typesupport_introspection_c__pyext\x1b[0m\n'}
[0.953130] (pkg_test_cpp_msg) StdoutLine: {'line': b'\x1b[35m\x1b[1mConsolidate compiler generated dependencies of target pkg_test_cpp_msg__rosidl_typesupport_fastrtps_c__pyext\x1b[0m\n'}
[0.963286] (pkg_test_cpp_msg) StdoutLine: {'line': b'[ 87%] Built target pkg_test_cpp_msg__rosidl_typesupport_c__pyext\n'}
[0.965626] (pkg_test_cpp_msg) StdoutLine: {'line': b'[ 96%] Built target pkg_test_cpp_msg__rosidl_typesupport_introspection_c__pyext\n'}
[0.965778] (pkg_test_cpp_msg) StdoutLine: {'line': b'[100%] Built target pkg_test_cpp_msg__rosidl_typesupport_fastrtps_c__pyext\n'}
[1.001828] (-) TimerEvent: {}
[1.034867] (pkg_test_cpp_msg) StdoutLine: {'line': b'running egg_info\n'}
[1.035197] (pkg_test_cpp_msg) StdoutLine: {'line': b'writing pkg_test_cpp_msg.egg-info/PKG-INFO\n'}
[1.035411] (pkg_test_cpp_msg) StdoutLine: {'line': b'writing dependency_links to pkg_test_cpp_msg.egg-info/dependency_links.txt\n'}
[1.035539] (pkg_test_cpp_msg) StdoutLine: {'line': b'writing top-level names to pkg_test_cpp_msg.egg-info/top_level.txt\n'}
[1.036801] (pkg_test_cpp_msg) StdoutLine: {'line': b"reading manifest file 'pkg_test_cpp_msg.egg-info/SOURCES.txt'\n"}
[1.037108] (pkg_test_cpp_msg) StdoutLine: {'line': b"writing manifest file 'pkg_test_cpp_msg.egg-info/SOURCES.txt'\n"}
[1.056119] (pkg_test_cpp_msg) StdoutLine: {'line': b'[100%] Built target ament_cmake_python_build_pkg_test_cpp_msg_egg\n'}
[1.065392] (pkg_test_cpp_msg) JobEnded: {'identifier': 'pkg_test_cpp_msg', 'rc': 'SIGINT'}
[1.075828] (-) EventReactorShutdown: {}
