In file included from [01m[K/opt/ros/humble/include/rclcpp/rclcpp/client.hpp:40[m[K,
                 from [01m[K/opt/ros/humble/include/rclcpp/rclcpp/callback_group.hpp:24[m[K,
                 from [01m[K/opt/ros/humble/include/rclcpp/rclcpp/node.hpp:40[m[K,
                 from [01m[K/home/hycon/workspace/hycon_git/ros2_study_jh/pkg_cpp/src/pkg_test_cpp/include/pkg_test_cpp/turtlesim_action_server.hpp:4[m[K,
                 from [01m[K/home/hycon/workspace/hycon_git/ros2_study_jh/pkg_cpp/src/pkg_test_cpp/src/turtlesim_action_server.cpp:1[m[K:
[01m[K/home/hycon/workspace/hycon_git/ros2_study_jh/pkg_cpp/src/pkg_test_cpp/src/turtlesim_action_server.cpp:[m[K In member function â€˜[01m[Kvoid TurtlesimActionServer::execute_callback(std::shared_ptr<rclcpp_action::ServerGoalHandle<pkg_test_cpp_msg::action::DistTurtle> >)[m[Kâ€™:
[01m[K/home/hycon/workspace/hycon_git/ros2_study_jh/pkg_cpp/src/pkg_test_cpp/src/turtlesim_action_server.cpp:29:31:[m[K [01;31m[Kerror: [m[Kâ€˜[01m[Kclass TurtlesimActionServer[m[Kâ€™ has no member named â€˜[01m[Klogger[m[Kâ€™; did you mean â€˜[01m[Kget_logger[m[Kâ€™?
   29 |             RCLCPP_INFO(this->[01;31m[Klogger[m[K(), "Feddback : remined_dist = %.2f", feedback_msg->remined_dist);
      |                               [01;31m[K^~~~~~[m[K
[01m[K/home/hycon/workspace/hycon_git/ros2_study_jh/pkg_cpp/src/pkg_test_cpp/src/turtlesim_action_server.cpp:29:31:[m[K [01;31m[Kerror: [m[Kâ€˜[01m[Kclass TurtlesimActionServer[m[Kâ€™ has no member named â€˜[01m[Klogger[m[Kâ€™; did you mean â€˜[01m[Kget_logger[m[Kâ€™?
[01m[K/home/hycon/workspace/hycon_git/ros2_study_jh/pkg_cpp/src/pkg_test_cpp/src/turtlesim_action_server.cpp:29:13:[m[K [01;31m[Kerror: [m[Ktemplate argument 1 is invalid
   29 |             [01;31m[KRCLCPP_INFO[m[K(this->logger(), "Feddback : remined_dist = %.2f", feedback_msg->remined_dist);
      |             [01;31m[K^~~~~~~~~~~[m[K
[01m[K/home/hycon/workspace/hycon_git/ros2_study_jh/pkg_cpp/src/pkg_test_cpp/src/turtlesim_action_server.cpp:29:13:[m[K [01;31m[Kerror: [m[Ktemplate argument 1 is invalid
   29 |             [01;31m[KRCLCPP_INFO[m[K(this->logger(), "Feddback : remined_dist = %.2f", feedback_msg->remined_dist);
      |             [01;31m[K^~~~~~~~~~~[m[K
[01m[K/home/hycon/workspace/hycon_git/ros2_study_jh/pkg_cpp/src/pkg_test_cpp/src/turtlesim_action_server.cpp:29:13:[m[K [01;31m[Kerror: [m[Ktemplate argument 1 is invalid
   29 |             [01;31m[KRCLCPP_INFO[m[K(this->logger(), "Feddback : remined_dist = %.2f", feedback_msg->remined_dist);
      |             [01;31m[K^~~~~~~~~~~[m[K
In file included from [01m[K/opt/ros/humble/include/rclcpp/rclcpp/logging.hpp:24[m[K,
                 from [01m[K/opt/ros/humble/include/rclcpp/rclcpp/client.hpp:40[m[K,
                 from [01m[K/opt/ros/humble/include/rclcpp/rclcpp/callback_group.hpp:24[m[K,
                 from [01m[K/opt/ros/humble/include/rclcpp/rclcpp/node.hpp:40[m[K,
                 from [01m[K/home/hycon/workspace/hycon_git/ros2_study_jh/pkg_cpp/src/pkg_test_cpp/include/pkg_test_cpp/turtlesim_action_server.hpp:4[m[K,
                 from [01m[K/home/hycon/workspace/hycon_git/ros2_study_jh/pkg_cpp/src/pkg_test_cpp/src/turtlesim_action_server.cpp:1[m[K:
[01m[K/home/hycon/workspace/hycon_git/ros2_study_jh/pkg_cpp/src/pkg_test_cpp/src/turtlesim_action_server.cpp:29:31:[m[K [01;31m[Kerror: [m[Kâ€˜[01m[Kclass TurtlesimActionServer[m[Kâ€™ has no member named â€˜[01m[Klogger[m[Kâ€™; did you mean â€˜[01m[Kget_logger[m[Kâ€™?
   29 |             RCLCPP_INFO(this->[01;31m[Klogger[m[K(), "Feddback : remined_dist = %.2f", feedback_msg->remined_dist);
      |                               [01;31m[K^~~~~~[m[K
[01m[K/home/hycon/workspace/hycon_git/ros2_study_jh/pkg_cpp/src/pkg_test_cpp/src/turtlesim_action_server.cpp:29:31:[m[K [01;31m[Kerror: [m[Kâ€˜[01m[Kclass TurtlesimActionServer[m[Kâ€™ has no member named â€˜[01m[Klogger[m[Kâ€™; did you mean â€˜[01m[Kget_logger[m[Kâ€™?
   29 |             RCLCPP_INFO(this->[01;31m[Klogger[m[K(), "Feddback : remined_dist = %.2f", feedback_msg->remined_dist);
      |                               [01;31m[K^~~~~~[m[K
gmake[2]: *** [CMakeFiles/turtlesim_action_server.dir/build.make:90: CMakeFiles/turtlesim_action_server.dir/src/turtlesim_action_server.cpp.o] Error 1
gmake[1]: *** [CMakeFiles/Makefile2:249: CMakeFiles/turtlesim_action_server.dir/all] Error 2
gmake: *** [Makefile:146: all] Error 2
