[0.010s] Invoking command in '/home/hycon/workspace/ros2_study/pkg_cpp/build/pkg_test_cpp': CMAKE_PREFIX_PATH=${CMAKE_PREFIX_PATH}:/opt/ros/humble /usr/bin/cmake --build /home/hycon/workspace/ros2_study/pkg_cpp/build/pkg_test_cpp -- -j16 -l16
[0.064s] [35m[1mConsolidate compiler generated dependencies of target turtlesim_service_server[0m
[0.098s] [ 25%] Built target turtlesim_subscriber
[0.104s] [ 50%] Built target turtlesim_publisher
[0.110s] [ 58%] [32mBuilding CXX object CMakeFiles/turtlesim_service_server.dir/src/turtlesim_service_server.cpp.o[0m
[0.115s] [ 66%] [32mBuilding CXX object CMakeFiles/turtlesim_service_server.dir/src/main_service_server.cpp.o[0m
[0.118s] [ 91%] Built target turtlesim_cmd_and_pose
[1.170s] [01m[K/home/hycon/workspace/ros2_study/pkg_cpp/src/pkg_test_cpp/src/turtlesim_service_server.cpp:[m[K In member function â€˜[01m[Kvoid TurtlesimMultiSpawning::callback_service(std::shared_ptr<pkg_test_cpp_msg::srv::MultiSpawn_Request_<std::allocator<void> > >, std::shared_ptr<pkg_test_cpp_msg::srv::MultiSpawn_Response_<std::allocator<void> > >)[m[Kâ€™:
[1.170s] [01m[K/home/hycon/workspace/ros2_study/pkg_cpp/src/pkg_test_cpp/src/turtlesim_service_server.cpp:30:19:[m[K [01;31m[Kerror: [m[Kâ€˜[01m[Ktype[m[Kâ€™ was not declared in this scope; did you mean â€˜[01m[Kwctype[m[Kâ€™?
[1.171s]    30 |     std::cout << ([01;31m[Ktype[m[K)(request_->num) << "  " << request_->num << " || " << x_vec->size() << std::endl;
[1.171s]       |                   [01;31m[K^~~~[m[K
[1.171s]       |                   [32m[Kwctype[m[K
[1.171s] [01m[K/home/hycon/workspace/ros2_study/pkg_cpp/src/pkg_test_cpp/src/turtlesim_service_server.cpp:30:83:[m[K [01;31m[Kerror: [m[Kbase operand of â€˜[01m[K->[m[Kâ€™ has non-pointer type â€˜[01m[Kstd::vector<double, std::allocator<double> >[m[Kâ€™
[1.171s]    30 |     std::cout << (type)(request_->num) << "  " << request_->num << " || " << x_vec[01;31m[K->[m[Ksize() << std::endl;
[1.171s]       |                                                                                   [01;31m[K^~[m[K
[1.171s] [01m[K/home/hycon/workspace/ros2_study/pkg_cpp/src/pkg_test_cpp/src/turtlesim_service_server.cpp:32:26:[m[K [01;35m[Kwarning: [m[Kcomparison of integer expressions of different signedness: â€˜[01m[Ksize_t[m[Kâ€™ {aka â€˜[01m[Klong unsigned int[m[Kâ€™} and â€˜[01m[Kpkg_test_cpp_msg::srv::MultiSpawn_Request_<std::allocator<void> >::_num_type[m[Kâ€™ {aka â€˜[01m[Klong int[m[Kâ€™} [[01;35m[K]8;;https://gcc.gnu.org/onlinedocs/gcc/Warning-Options.html#index-Wsign-compare-Wsign-compare]8;;[m[K]
[1.171s]    32 |     for (size_t i = 0; [01;35m[Ki < request_->num[m[K; ++i) {
[1.171s]       |                        [01;35m[K~~^~~~~~~~~~~~~~~[m[K
[1.172s] In file included from [01m[K/opt/ros/humble/include/rclcpp/rclcpp/logging.hpp:24[m[K,
[1.172s]                  from [01m[K/opt/ros/humble/include/rclcpp/rclcpp/client.hpp:40[m[K,
[1.172s]                  from [01m[K/opt/ros/humble/include/rclcpp/rclcpp/callback_group.hpp:24[m[K,
[1.173s]                  from [01m[K/opt/ros/humble/include/rclcpp/rclcpp/node.hpp:40[m[K,
[1.173s]                  from [01m[K/home/hycon/workspace/ros2_study/pkg_cpp/src/pkg_test_cpp/include/pkg_test_cpp/turtlesim_service_server.hpp:4[m[K,
[1.173s]                  from [01m[K/home/hycon/workspace/ros2_study/pkg_cpp/src/pkg_test_cpp/src/turtlesim_service_server.cpp:1[m[K:
[1.173s] [01m[K/home/hycon/workspace/ros2_study/pkg_cpp/src/pkg_test_cpp/src/turtlesim_service_server.cpp:39:41:[m[K [01;35m[Kwarning: [m[Kformat â€˜[01m[K%f[m[Kâ€™ expects argument of type â€˜[01m[Kdouble[m[Kâ€™, but argument 5 has type â€˜[01m[Kpkg_test_cpp_msg::srv::MultiSpawn_Response_<std::allocator<void> >::_x_type[m[Kâ€™ {aka â€˜[01m[Kstd::vector<double, std::allocator<double> >[m[Kâ€™} [[01;35m[K]8;;https://gcc.gnu.org/onlinedocs/gcc/Warning-Options.html#index-Wformat=-Wformat=]8;;[m[K]
[1.173s]    39 |         RCLCPP_INFO(this->get_logger(), [01;35m[K"turtle spawn [x : %.2f y : %.2f theta : %.2f ]"[m[K, response_->x, response_->y, response_->theta);
[1.173s]       |                                         [01;35m[K^~~~~~~~~~~~~~~~~~~~~~~~~~~~~~~~~~~~~~~~~~~~~~~~[m[K
[1.173s] [01m[K/home/hycon/workspace/ros2_study/pkg_cpp/src/pkg_test_cpp/src/turtlesim_service_server.cpp:39:63:[m[K [01;36m[Knote: [m[Kformat string is defined here
[1.173s]    39 |         RCLCPP_INFO(this->get_logger(), "turtle spawn [x : [01;36m[K%.2f[m[K y : %.2f theta : %.2f ]", response_->x, response_->y, response_->theta);
[1.173s]       |                                                            [01;36m[K~~~^[m[K
[1.173s]       |                                                               [01;36m[K|[m[K
[1.173s]       |                                                               [01;36m[Kdouble[m[K
[1.173s] In file included from [01m[K/opt/ros/humble/include/rclcpp/rclcpp/logging.hpp:24[m[K,
[1.174s]                  from [01m[K/opt/ros/humble/include/rclcpp/rclcpp/client.hpp:40[m[K,
[1.174s]                  from [01m[K/opt/ros/humble/include/rclcpp/rclcpp/callback_group.hpp:24[m[K,
[1.174s]                  from [01m[K/opt/ros/humble/include/rclcpp/rclcpp/node.hpp:40[m[K,
[1.174s]                  from [01m[K/home/hycon/workspace/ros2_study/pkg_cpp/src/pkg_test_cpp/include/pkg_test_cpp/turtlesim_service_server.hpp:4[m[K,
[1.174s]                  from [01m[K/home/hycon/workspace/ros2_study/pkg_cpp/src/pkg_test_cpp/src/turtlesim_service_server.cpp:1[m[K:
[1.174s] [01m[K/home/hycon/workspace/ros2_study/pkg_cpp/src/pkg_test_cpp/src/turtlesim_service_server.cpp:39:41:[m[K [01;35m[Kwarning: [m[Kformat â€˜[01m[K%f[m[Kâ€™ expects argument of type â€˜[01m[Kdouble[m[Kâ€™, but argument 6 has type â€˜[01m[Kpkg_test_cpp_msg::srv::MultiSpawn_Response_<std::allocator<void> >::_y_type[m[Kâ€™ {aka â€˜[01m[Kstd::vector<double, std::allocator<double> >[m[Kâ€™} [[01;35m[K]8;;https://gcc.gnu.org/onlinedocs/gcc/Warning-Options.html#index-Wformat=-Wformat=]8;;[m[K]
[1.174s]    39 |         RCLCPP_INFO(this->get_logger(), [01;35m[K"turtle spawn [x : %.2f y : %.2f theta : %.2f ]"[m[K, response_->x, response_->y, response_->theta);
[1.174s]       |                                         [01;35m[K^~~~~~~~~~~~~~~~~~~~~~~~~~~~~~~~~~~~~~~~~~~~~~~~[m[K
[1.174s] [01m[K/home/hycon/workspace/ros2_study/pkg_cpp/src/pkg_test_cpp/src/turtlesim_service_server.cpp:39:72:[m[K [01;36m[Knote: [m[Kformat string is defined here
[1.174s]    39 |         RCLCPP_INFO(this->get_logger(), "turtle spawn [x : %.2f y : [01;36m[K%.2f[m[K theta : %.2f ]", response_->x, response_->y, response_->theta);
[1.174s]       |                                                                     [01;36m[K~~~^[m[K
[1.174s]       |                                                                        [01;36m[K|[m[K
[1.175s]       |                                                                        [01;36m[Kdouble[m[K
[1.175s] In file included from [01m[K/opt/ros/humble/include/rclcpp/rclcpp/logging.hpp:24[m[K,
[1.175s]                  from [01m[K/opt/ros/humble/include/rclcpp/rclcpp/client.hpp:40[m[K,
[1.175s]                  from [01m[K/opt/ros/humble/include/rclcpp/rclcpp/callback_group.hpp:24[m[K,
[1.175s]                  from [01m[K/opt/ros/humble/include/rclcpp/rclcpp/node.hpp:40[m[K,
[1.175s]                  from [01m[K/home/hycon/workspace/ros2_study/pkg_cpp/src/pkg_test_cpp/include/pkg_test_cpp/turtlesim_service_server.hpp:4[m[K,
[1.175s]                  from [01m[K/home/hycon/workspace/ros2_study/pkg_cpp/src/pkg_test_cpp/src/turtlesim_service_server.cpp:1[m[K:
[1.175s] [01m[K/home/hycon/workspace/ros2_study/pkg_cpp/src/pkg_test_cpp/src/turtlesim_service_server.cpp:39:41:[m[K [01;35m[Kwarning: [m[Kformat â€˜[01m[K%f[m[Kâ€™ expects argument of type â€˜[01m[Kdouble[m[Kâ€™, but argument 7 has type â€˜[01m[Kpkg_test_cpp_msg::srv::MultiSpawn_Response_<std::allocator<void> >::_theta_type[m[Kâ€™ {aka â€˜[01m[Kstd::vector<double, std::allocator<double> >[m[Kâ€™} [[01;35m[K]8;;https://gcc.gnu.org/onlinedocs/gcc/Warning-Options.html#index-Wformat=-Wformat=]8;;[m[K]
[1.175s]    39 |         RCLCPP_INFO(this->get_logger(), [01;35m[K"turtle spawn [x : %.2f y : %.2f theta : %.2f ]"[m[K, response_->x, response_->y, response_->theta);
[1.175s]       |                                         [01;35m[K^~~~~~~~~~~~~~~~~~~~~~~~~~~~~~~~~~~~~~~~~~~~~~~~[m[K
[1.175s] [01m[K/home/hycon/workspace/ros2_study/pkg_cpp/src/pkg_test_cpp/src/turtlesim_service_server.cpp:39:85:[m[K [01;36m[Knote: [m[Kformat string is defined here
[1.175s]    39 |         RCLCPP_INFO(this->get_logger(), "turtle spawn [x : %.2f y : %.2f theta : [01;36m[K%.2f[m[K ]", response_->x, response_->y, response_->theta);
[1.175s]       |                                                                                  [01;36m[K~~~^[m[K
[1.175s]       |                                                                                     [01;36m[K|[m[K
[1.176s]       |                                                                                     [01;36m[Kdouble[m[K
[1.774s] gmake[2]: *** [CMakeFiles/turtlesim_service_server.dir/build.make:90: CMakeFiles/turtlesim_service_server.dir/src/turtlesim_service_server.cpp.o] Error 1
[1.774s] gmake[2]: *** Waiting for unfinished jobs....
[2.165s] gmake[1]: *** [CMakeFiles/Makefile2:221: CMakeFiles/turtlesim_service_server.dir/all] Error 2
[2.165s] gmake: *** [Makefile:146: all] Error 2
[2.167s] Invoked command in '/home/hycon/workspace/ros2_study/pkg_cpp/build/pkg_test_cpp' returned '2': CMAKE_PREFIX_PATH=${CMAKE_PREFIX_PATH}:/opt/ros/humble /usr/bin/cmake --build /home/hycon/workspace/ros2_study/pkg_cpp/build/pkg_test_cpp -- -j16 -l16
