[0.000000] (-) TimerEvent: {}
[0.000188] (-) JobUnselected: {'identifier': 'my_first_package'}
[0.000207] (-) JobUnselected: {'identifier': 'my_first_package_msgs'}
[0.000219] (-) JobUnselected: {'identifier': 'my_subscriber_pkg'}
[0.000228] (-) JobUnselected: {'identifier': 'pkg_test_cpp_msg'}
[0.000236] (-) JobUnselected: {'identifier': 'publisher_make_test'}
[0.000244] (-) JobUnselected: {'identifier': 'service_client_test'}
[0.000255] (pkg_test_cpp) JobQueued: {'identifier': 'pkg_test_cpp', 'dependencies': OrderedDict()}
[0.000417] (pkg_test_cpp) JobStarted: {'identifier': 'pkg_test_cpp'}
[0.006230] (pkg_test_cpp) JobProgress: {'identifier': 'pkg_test_cpp', 'progress': 'cmake'}
[0.006569] (pkg_test_cpp) JobProgress: {'identifier': 'pkg_test_cpp', 'progress': 'build'}
[0.007101] (pkg_test_cpp) Command: {'cmd': ['/usr/bin/cmake', '--build', '/home/hycon/workspace/hycon_git/ros2_study_jh/build/pkg_test_cpp', '--', '-j16', '-l16'], 'cwd': '/home/hycon/workspace/hycon_git/ros2_study_jh/build/pkg_test_cpp', 'env': OrderedDict([('LESSOPEN', '| /usr/bin/lesspipe %s'), ('LANGUAGE', 'en'), ('USER', 'hycon'), ('LC_TIME', 'ko_KR.UTF-8'), ('XDG_SESSION_TYPE', 'wayland'), ('GIT_ASKPASS', '/usr/share/code/resources/app/extensions/git/dist/askpass.sh'), ('SHLVL', '2'), ('LD_LIBRARY_PATH', '/home/hycon/workspace/hycon_git/ros2_study_jh/install/my_first_package_msgs/lib:/home/hycon/workspace/hycon_git/ros2_study_jh/install/pkg_test_cpp_msg/lib:/opt/ros/humble/opt/rviz_ogre_vendor/lib:/opt/ros/humble/lib/x86_64-linux-gnu:/opt/ros/humble/lib'), ('HOME', '/home/hycon'), ('CHROME_DESKTOP', 'code.desktop'), ('TERM_PROGRAM_VERSION', '1.97.1'), ('DESKTOP_SESSION', 'ubuntu'), ('DEBUGPY_ADAPTER_ENDPOINTS', '/home/hycon/.vscode/extensions/ms-python.debugpy-2025.0.1-linux-x64/.noConfigDebugAdapterEndpoints/endpoint-8e50f911d0d2098a.txt'), ('ROS_PYTHON_VERSION', '3'), ('GNOME_SHELL_SESSION_MODE', 'ubuntu'), ('GTK_MODULES', 'gail:atk-bridge'), ('VSCODE_GIT_ASKPASS_MAIN', '/usr/share/code/resources/app/extensions/git/dist/askpass-main.js'), ('LC_MONETARY', 'ko_KR.UTF-8'), ('VSCODE_GIT_ASKPASS_NODE', '/usr/share/code/code'), ('MANAGERPID', '1013'), ('PYDEVD_DISABLE_FILE_VALIDATION', '1'), ('SYSTEMD_EXEC_PID', '1473'), ('BUNDLED_DEBUGPY_PATH', '/home/hycon/.vscode/extensions/ms-python.debugpy-2025.0.1-linux-x64/bundled/libs/debugpy'), ('DBUS_SESSION_BUS_ADDRESS', 'unix:path=/run/user/1000/bus'), ('COLORTERM', 'truecolor'), ('TERMINATOR_DBUS_NAME', 'net.tenshu.Terminator25ef4b219e3b005583550f2b0f9f990c3'), ('GIO_LAUNCHED_DESKTOP_FILE_PID', '1900'), ('IM_CONFIG_PHASE', '1'), ('WAYLAND_DISPLAY', 'wayland-0'), ('COLCON_PREFIX_PATH', '/home/hycon/workspace/hycon_git/ros2_study_jh/install'), ('ROS_DISTRO', 'humble'), ('LOGNAME', 'hycon'), ('JOURNAL_STREAM', '8:12901'), ('_', '/usr/bin/colcon'), ('ROS_VERSION', '2'), ('XDG_SESSION_CLASS', 'user'), ('USERNAME', 'hycon'), ('TERM', 'xterm-256color'), ('GNOME_DESKTOP_SESSION_ID', 'this-is-deprecated'), ('ROS_LOCALHOST_ONLY', '0'), ('PATH', '/opt/ros/humble/bin:/home/hycon/.local/bin:/usr/local/sbin:/usr/local/bin:/usr/sbin:/usr/bin:/sbin:/bin:/usr/games:/usr/local/games:/snap/bin:/snap/bin:/home/hycon/.vscode/extensions/ms-python.debugpy-2025.0.1-linux-x64/bundled/scripts/noConfigScripts'), ('SESSION_MANAGER', 'local/hycon:@/tmp/.ICE-unix/1208,unix/hycon:/tmp/.ICE-unix/1208'), ('INVOCATION_ID', '0ffda9ad96fd423c94b0485b2039a8ef'), ('PAPERSIZE', 'a4'), ('XDG_MENU_PREFIX', 'gnome-'), ('LC_ADDRESS', 'ko_KR.UTF-8'), ('GNOME_SETUP_DISPLAY', ':1'), ('XDG_RUNTIME_DIR', '/run/user/1000'), ('GDK_BACKEND', 'x11'), ('DISPLAY', ':0'), ('TERMINATOR_DBUS_PATH', '/net/tenshu/Terminator2'), ('LANG', 'en_US.UTF-8'), ('XDG_CURRENT_DESKTOP', 'Unity'), ('IBUS_DISABLE_SNOOPER', '1'), ('LC_TELEPHONE', 'ko_KR.UTF-8'), ('XMODIFIERS', '@im=ibus'), ('XDG_SESSION_DESKTOP', 'ubuntu'), ('XAUTHORITY', '/run/user/1000/.mutter-Xwaylandauth.MZH812'), ('LS_COLORS', 'rs=0:di=01;34:ln=01;36:mh=00:pi=40;33:so=01;35:do=01;35:bd=40;33;01:cd=40;33;01:or=40;31;01:mi=00:su=37;41:sg=30;43:ca=30;41:tw=30;42:ow=34;42:st=37;44:ex=01;32:*.tar=01;31:*.tgz=01;31:*.arc=01;31:*.arj=01;31:*.taz=01;31:*.lha=01;31:*.lz4=01;31:*.lzh=01;31:*.lzma=01;31:*.tlz=01;31:*.txz=01;31:*.tzo=01;31:*.t7z=01;31:*.zip=01;31:*.z=01;31:*.dz=01;31:*.gz=01;31:*.lrz=01;31:*.lz=01;31:*.lzo=01;31:*.xz=01;31:*.zst=01;31:*.tzst=01;31:*.bz2=01;31:*.bz=01;31:*.tbz=01;31:*.tbz2=01;31:*.tz=01;31:*.deb=01;31:*.rpm=01;31:*.jar=01;31:*.war=01;31:*.ear=01;31:*.sar=01;31:*.rar=01;31:*.alz=01;31:*.ace=01;31:*.zoo=01;31:*.cpio=01;31:*.7z=01;31:*.rz=01;31:*.cab=01;31:*.wim=01;31:*.swm=01;31:*.dwm=01;31:*.esd=01;31:*.jpg=01;35:*.jpeg=01;35:*.mjpg=01;35:*.mjpeg=01;35:*.gif=01;35:*.bmp=01;35:*.pbm=01;35:*.pgm=01;35:*.ppm=01;35:*.tga=01;35:*.xbm=01;35:*.xpm=01;35:*.tif=01;35:*.tiff=01;35:*.png=01;35:*.svg=01;35:*.svgz=01;35:*.mng=01;35:*.pcx=01;35:*.mov=01;35:*.mpg=01;35:*.mpeg=01;35:*.m2v=01;35:*.mkv=01;35:*.webm=01;35:*.webp=01;35:*.ogm=01;35:*.mp4=01;35:*.m4v=01;35:*.mp4v=01;35:*.vob=01;35:*.qt=01;35:*.nuv=01;35:*.wmv=01;35:*.asf=01;35:*.rm=01;35:*.rmvb=01;35:*.flc=01;35:*.avi=01;35:*.fli=01;35:*.flv=01;35:*.gl=01;35:*.dl=01;35:*.xcf=01;35:*.xwd=01;35:*.yuv=01;35:*.cgm=01;35:*.emf=01;35:*.ogv=01;35:*.ogx=01;35:*.aac=00;36:*.au=00;36:*.flac=00;36:*.m4a=00;36:*.mid=00;36:*.midi=00;36:*.mka=00;36:*.mp3=00;36:*.mpc=00;36:*.ogg=00;36:*.ra=00;36:*.wav=00;36:*.oga=00;36:*.opus=00;36:*.spx=00;36:*.xspf=00;36:'), ('VSCODE_GIT_IPC_HANDLE', '/run/user/1000/vscode-git-2e607cfef9.sock'), ('TERM_PROGRAM', 'vscode'), ('SSH_AGENT_LAUNCHER', 'gnome-keyring'), ('SSH_AUTH_SOCK', '/run/user/1000/keyring/ssh'), ('ROS_DOMAIN_ID', '99'), ('AMENT_PREFIX_PATH', '/home/hycon/workspace/hycon_git/ros2_study_jh/install/service_client_test:/home/hycon/workspace/hycon_git/ros2_study_jh/install/publisher_make_test:/home/hycon/workspace/hycon_git/ros2_study_jh/install/pkg_test_cpp:/home/hycon/workspace/hycon_git/ros2_study_jh/install/my_subscriber_pkg:/home/hycon/workspace/hycon_git/ros2_study_jh/install/my_first_package_msgs:/home/hycon/workspace/hycon_git/ros2_study_jh/install/my_first_package:/home/hycon/workspace/hycon_git/ros2_study_jh/install/pkg_test_cpp_msg:/opt/ros/humble'), ('ORIGINAL_XDG_CURRENT_DESKTOP', 'ubuntu:GNOME'), ('SHELL', '/bin/bash'), ('LC_NAME', 'ko_KR.UTF-8'), ('TERMINATOR_UUID', 'urn:uuid:c81f5b33-d591-41b5-9d06-9bbc09cf2af3'), ('QT_ACCESSIBILITY', '1'), ('GDMSESSION', 'ubuntu'), ('LESSCLOSE', '/usr/bin/lesspipe %s %s'), ('LC_MEASUREMENT', 'ko_KR.UTF-8'), ('LC_IDENTIFICATION', 'ko_KR.UTF-8'), ('VSCODE_GIT_ASKPASS_EXTRA_ARGS', ''), ('QT_IM_MODULE', 'ibus'), ('PWD', '/home/hycon/workspace/hycon_git/ros2_study_jh/build/pkg_test_cpp'), ('LC_ALL', 'en_US.UTF-8'), ('XDG_CONFIG_DIRS', '/etc/xdg/xdg-ubuntu:/etc/xdg'), ('XDG_DATA_DIRS', '/usr/share/ubuntu:/usr/local/share/:/usr/share/:/var/lib/snapd/desktop'), ('PYTHONPATH', '/home/hycon/workspace/hycon_git/ros2_study_jh/install/my_first_package_msgs/local/lib/python3.10/dist-packages:/home/hycon/workspace/hycon_git/ros2_study_jh/install/my_first_package/lib/python3.10/site-packages:/home/hycon/workspace/hycon_git/ros2_study_jh/install/pkg_test_cpp_msg/local/lib/python3.10/dist-packages:/opt/ros/humble/lib/python3.10/site-packages:/opt/ros/humble/local/lib/python3.10/dist-packages'), ('LC_NUMERIC', 'ko_KR.UTF-8'), ('LC_PAPER', 'ko_KR.UTF-8'), ('COLCON', '1'), ('VTE_VERSION', '6800'), ('CMAKE_PREFIX_PATH', '/home/hycon/workspace/hycon_git/ros2_study_jh/install/service_client_test:/home/hycon/workspace/hycon_git/ros2_study_jh/install/publisher_make_test:/home/hycon/workspace/hycon_git/ros2_study_jh/install/pkg_test_cpp:/home/hycon/workspace/hycon_git/ros2_study_jh/install/my_subscriber_pkg:/home/hycon/workspace/hycon_git/ros2_study_jh/install/my_first_package_msgs:/home/hycon/workspace/hycon_git/ros2_study_jh/install/pkg_test_cpp_msg:/home/hycon/workspace/hycon_git/ros2_study_jh/install/my_first_package:/opt/ros/humble')]), 'shell': False}
[0.054369] (pkg_test_cpp) StdoutLine: {'line': b'\x1b[35m\x1b[1mConsolidate compiler generated dependencies of target turtlesim_action_server\x1b[0m\n'}
[0.069967] (pkg_test_cpp) StdoutLine: {'line': b'[ 20%] Built target turtlesim_cmd_and_pose\n'}
[0.082804] (pkg_test_cpp) StdoutLine: {'line': b'[ 40%] Built target turtlesim_subscriber\n'}
[0.083699] (pkg_test_cpp) StdoutLine: {'line': b'[ 60%] Built target turtlesim_service_server\n'}
[0.086980] (pkg_test_cpp) StdoutLine: {'line': b'[ 80%] Built target turtlesim_publisher\n'}
[0.099867] (-) TimerEvent: {}
[0.101373] (pkg_test_cpp) StdoutLine: {'line': b'[ 86%] \x1b[32mBuilding CXX object CMakeFiles/turtlesim_action_server.dir/src/turtlesim_action_server.cpp.o\x1b[0m\n'}
[0.199971] (-) TimerEvent: {}
[0.300315] (-) TimerEvent: {}
[0.400668] (-) TimerEvent: {}
[0.500982] (-) TimerEvent: {}
[0.601316] (-) TimerEvent: {}
[0.701702] (-) TimerEvent: {}
[0.802019] (-) TimerEvent: {}
[0.902353] (-) TimerEvent: {}
[1.002702] (-) TimerEvent: {}
[1.091472] (pkg_test_cpp) StderrLine: {'line': b'\x1b[01m\x1b[K/home/hycon/workspace/hycon_git/ros2_study_jh/pkg_cpp/src/pkg_test_cpp/src/turtlesim_action_server.cpp:\x1b[m\x1b[K In member function \xe2\x80\x98\x1b[01m\x1b[Kvoid TurtlesimActionServer::execute_callback(std::shared_ptr<rclcpp_action::ServerGoalHandle<pkg_test_cpp_msg::action::DistTurtle> >)\x1b[m\x1b[K\xe2\x80\x99:\n'}
[1.091743] (pkg_test_cpp) StderrLine: {'line': b'\x1b[01m\x1b[K/home/hycon/workspace/hycon_git/ros2_study_jh/pkg_cpp/src/pkg_test_cpp/src/turtlesim_action_server.cpp:28:13:\x1b[m\x1b[K \x1b[01;31m\x1b[Kerror: \x1b[m\x1b[K\xe2\x80\x98\x1b[01m\x1b[Kgoal_handle\x1b[m\x1b[K\xe2\x80\x99 was not declared in this scope; did you mean \xe2\x80\x98\x1b[01m\x1b[Kgoal_handle_\x1b[m\x1b[K\xe2\x80\x99?\n'}
[1.091856] (pkg_test_cpp) StderrLine: {'line': b'   28 |             \x1b[01;31m\x1b[Kgoal_handle\x1b[m\x1b[K->publish_feedback(feedback_msg);\n'}
[1.091949] (pkg_test_cpp) StderrLine: {'line': b'      |             \x1b[01;31m\x1b[K^~~~~~~~~~~\x1b[m\x1b[K\n'}
[1.092033] (pkg_test_cpp) StderrLine: {'line': b'      |             \x1b[32m\x1b[Kgoal_handle_\x1b[m\x1b[K\n'}
[1.092114] (pkg_test_cpp) StderrLine: {'line': b'\x1b[01m\x1b[K/home/hycon/workspace/hycon_git/ros2_study_jh/pkg_cpp/src/pkg_test_cpp/src/turtlesim_action_server.cpp:29:28:\x1b[m\x1b[K \x1b[01;31m\x1b[Kerror: \x1b[m\x1b[K\xe2\x80\x98\x1b[01m\x1b[Kclass TurtlesimActionServer\x1b[m\x1b[K\xe2\x80\x99 has no member named \xe2\x80\x98\x1b[01m\x1b[Klogger\x1b[m\x1b[K\xe2\x80\x99; did you mean \xe2\x80\x98\x1b[01m\x1b[Kget_logger\x1b[m\x1b[K\xe2\x80\x99?\n'}
[1.092197] (pkg_test_cpp) StderrLine: {'line': b'   29 |             RCL_INFO(this->\x1b[01;31m\x1b[Klogger\x1b[m\x1b[K(), "Feddback : remined_dist = %.2f", feedback_msg->remined_dist);\n'}
[1.092278] (pkg_test_cpp) StderrLine: {'line': b'      |                            \x1b[01;31m\x1b[K^~~~~~\x1b[m\x1b[K\n'}
[1.092358] (pkg_test_cpp) StderrLine: {'line': b'      |                            \x1b[32m\x1b[Kget_logger\x1b[m\x1b[K\n'}
[1.095778] (pkg_test_cpp) StderrLine: {'line': b'\x1b[01m\x1b[K/home/hycon/workspace/hycon_git/ros2_study_jh/pkg_cpp/src/pkg_test_cpp/src/turtlesim_action_server.cpp:29:13:\x1b[m\x1b[K \x1b[01;31m\x1b[Kerror: \x1b[m\x1b[K\xe2\x80\x98\x1b[01m\x1b[KRCL_INFO\x1b[m\x1b[K\xe2\x80\x99 was not declared in this scope; did you mean \xe2\x80\x98\x1b[01m\x1b[KRCLCPP_INFO\x1b[m\x1b[K\xe2\x80\x99?\n'}
[1.095897] (pkg_test_cpp) StderrLine: {'line': b'   29 |             \x1b[01;31m\x1b[KRCL_INFO\x1b[m\x1b[K(this->logger(), "Feddback : remined_dist = %.2f", feedback_msg->remined_dist);\n'}
[1.095978] (pkg_test_cpp) StderrLine: {'line': b'      |             \x1b[01;31m\x1b[K^~~~~~~~\x1b[m\x1b[K\n'}
[1.096056] (pkg_test_cpp) StderrLine: {'line': b'      |             \x1b[32m\x1b[KRCLCPP_INFO\x1b[m\x1b[K\n'}
[1.102813] (-) TimerEvent: {}
[1.203119] (-) TimerEvent: {}
[1.303527] (-) TimerEvent: {}
[1.403896] (-) TimerEvent: {}
[1.504232] (-) TimerEvent: {}
[1.554693] (pkg_test_cpp) StderrLine: {'line': b'gmake[2]: *** [CMakeFiles/turtlesim_action_server.dir/build.make:90: CMakeFiles/turtlesim_action_server.dir/src/turtlesim_action_server.cpp.o] Error 1\n'}
[1.554967] (pkg_test_cpp) StderrLine: {'line': b'gmake[1]: *** [CMakeFiles/Makefile2:249: CMakeFiles/turtlesim_action_server.dir/all] Error 2\n'}
[1.555182] (pkg_test_cpp) StderrLine: {'line': b'gmake: *** [Makefile:146: all] Error 2\n'}
[1.556827] (pkg_test_cpp) CommandEnded: {'returncode': 2}
[1.564777] (pkg_test_cpp) JobEnded: {'identifier': 'pkg_test_cpp', 'rc': 2}
[1.575175] (-) EventReactorShutdown: {}
