[0.009s] Invoking command in '/home/hycon/workspace/ros2_study/pkg_cpp/build/pkg_test_cpp': CMAKE_PREFIX_PATH=${CMAKE_PREFIX_PATH}:/opt/ros/humble /usr/bin/cmake --build /home/hycon/workspace/ros2_study/pkg_cpp/build/pkg_test_cpp -- -j16 -l16
[0.031s] -- Found ament_cmake: 1.3.11 (/opt/ros/humble/share/ament_cmake/cmake)
[0.150s] -- Found rclcpp: 16.0.11 (/opt/ros/humble/share/rclcpp/cmake)
[0.173s] -- Found rosidl_generator_c: 3.1.6 (/opt/ros/humble/share/rosidl_generator_c/cmake)
[0.174s] -- Found rosidl_adapter: 3.1.6 (/opt/ros/humble/share/rosidl_adapter/cmake)
[0.178s] -- Found rosidl_generator_cpp: 3.1.6 (/opt/ros/humble/share/rosidl_generator_cpp/cmake)
[0.184s] -- Using all available rosidl_typesupport_c: rosidl_typesupport_fastrtps_c;rosidl_typesupport_introspection_c
[0.191s] -- Using all available rosidl_typesupport_cpp: rosidl_typesupport_fastrtps_cpp;rosidl_typesupport_introspection_cpp
[0.212s] -- Found rmw_implementation_cmake: 6.1.2 (/opt/ros/humble/share/rmw_implementation_cmake/cmake)
[0.213s] -- Found rmw_fastrtps_cpp: 6.2.7 (/opt/ros/humble/share/rmw_fastrtps_cpp/cmake)
[0.283s] -- Using RMW implementation 'rmw_fastrtps_cpp' as default
[0.314s] -- Found turtlesim: 1.4.2 (/opt/ros/humble/share/turtlesim/cmake)
[0.340s] -- Found geometry_msgs: 4.2.4 (/opt/ros/humble/share/geometry_msgs/cmake)
[0.348s] -- Found pkg_test_cpp_msg: 0.0.0 (/home/hycon/workspace/ros2_study/pkg_cpp/install/pkg_test_cpp_msg/share/pkg_test_cpp_msg/cmake)
[0.355s] -- Found ament_lint_auto: 0.12.11 (/opt/ros/humble/share/ament_lint_auto/cmake)
[0.399s] -- Added test 'cppcheck' to perform static code analysis on C / C++ code
[0.399s] -- Configured cppcheck include dirs: /home/hycon/workspace/ros2_study/pkg_cpp/src/pkg_test_cpp/include
[0.399s] -- Configured cppcheck exclude dirs and/or files: 
[0.399s] -- Added test 'lint_cmake' to check CMake code style
[0.400s] -- Added test 'uncrustify' to check C / C++ code style
[0.400s] -- Configured uncrustify additional arguments: 
[0.400s] -- Added test 'xmllint' to check XML markup files
[0.401s] -- Configuring done
[0.410s] -- Generating done
[0.415s] -- Build files have been written to: /home/hycon/workspace/ros2_study/pkg_cpp/build/pkg_test_cpp
[0.450s] [35m[1mConsolidate compiler generated dependencies of target turtlesim_subscriber[0m
[0.451s] [35m[1mConsolidate compiler generated dependencies of target turtlesim_publisher[0m
[0.471s] [ 22%] [32mBuilding CXX object CMakeFiles/turtlesim_cmd_and_pose.dir/src/turtlesim_cmd_and_pose.cpp.o[0m
[0.471s] [ 22%] [32mBuilding CXX object CMakeFiles/turtlesim_cmd_and_pose.dir/src/main_cmd_and_pose.cpp.o[0m
[0.477s] [ 55%] Built target turtlesim_publisher
[0.481s] [ 88%] Built target turtlesim_subscriber
[0.590s] In file included from [01m[K/home/hycon/workspace/ros2_study/pkg_cpp/src/pkg_test_cpp/src/turtlesim_cmd_and_pose.cpp:1[m[K:
[0.590s] [01m[K/home/hycon/workspace/ros2_study/pkg_cpp/src/pkg_test_cpp/include/pkg_test_cpp/turtlesim_cmd_and_pose.hpp:6:10:[m[K [01;31m[Kfatal error: [m[Kpkg_test_cpp_msg/msg/cmd_and_pose_vel.hpp: No such file or directory
[0.590s]     6 | #include [01;31m[K"pkg_test_cpp_msg/msg/cmd_and_pose_vel.hpp"[m[K
[0.590s]       |          [01;31m[K^~~~~~~~~~~~~~~~~~~~~~~~~~~~~~~~~~~~~~~~~~~[m[K
[0.590s] compilation terminated.
[0.597s] gmake[2]: *** [CMakeFiles/turtlesim_cmd_and_pose.dir/build.make:90: CMakeFiles/turtlesim_cmd_and_pose.dir/src/turtlesim_cmd_and_pose.cpp.o] Error 1
[0.597s] gmake[2]: *** Waiting for unfinished jobs....
[0.597s] In file included from [01m[K/home/hycon/workspace/ros2_study/pkg_cpp/src/pkg_test_cpp/src/main_cmd_and_pose.cpp:2[m[K:
[0.597s] [01m[K/home/hycon/workspace/ros2_study/pkg_cpp/src/pkg_test_cpp/include/pkg_test_cpp/turtlesim_cmd_and_pose.hpp:6:10:[m[K [01;31m[Kfatal error: [m[Kpkg_test_cpp_msg/msg/cmd_and_pose_vel.hpp: No such file or directory
[0.598s]     6 | #include [01;31m[K"pkg_test_cpp_msg/msg/cmd_and_pose_vel.hpp"[m[K
[0.598s]       |          [01;31m[K^~~~~~~~~~~~~~~~~~~~~~~~~~~~~~~~~~~~~~~~~~~[m[K
[0.598s] compilation terminated.
[0.599s] gmake[2]: *** [CMakeFiles/turtlesim_cmd_and_pose.dir/build.make:76: CMakeFiles/turtlesim_cmd_and_pose.dir/src/main_cmd_and_pose.cpp.o] Error 1
[0.599s] gmake[1]: *** [CMakeFiles/Makefile2:193: CMakeFiles/turtlesim_cmd_and_pose.dir/all] Error 2
[0.599s] gmake: *** [Makefile:146: all] Error 2
[0.601s] Invoked command in '/home/hycon/workspace/ros2_study/pkg_cpp/build/pkg_test_cpp' returned '2': CMAKE_PREFIX_PATH=${CMAKE_PREFIX_PATH}:/opt/ros/humble /usr/bin/cmake --build /home/hycon/workspace/ros2_study/pkg_cpp/build/pkg_test_cpp -- -j16 -l16
