[ 22%] [32mBuilding CXX object CMakeFiles/turtlesim_cmd_and_pose.dir/src/turtlesim_cmd_and_pose.cpp.o[0m
[ 22%] [32mBuilding CXX object CMakeFiles/turtlesim_cmd_and_pose.dir/src/main_cmd_and_pose.cpp.o[0m
[ 55%] Built target turtlesim_publisher
[ 88%] Built target turtlesim_subscriber
In file included from [01m[K/home/hycon/workspace/ros2_study/pkg_cpp/src/pkg_test_cpp/src/turtlesim_cmd_and_pose.cpp:1[m[K:
[01m[K/home/hycon/workspace/ros2_study/pkg_cpp/src/pkg_test_cpp/include/pkg_test_cpp/turtlesim_cmd_and_pose.hpp:6:10:[m[K [01;31m[Kfatal error: [m[Kpkg_test_cpp_msg/msg/cmd_and_pose_vel.hpp: No such file or directory
    6 | #include [01;31m[K"pkg_test_cpp_msg/msg/cmd_and_pose_vel.hpp"[m[K
      |          [01;31m[K^~~~~~~~~~~~~~~~~~~~~~~~~~~~~~~~~~~~~~~~~~~[m[K
compilation terminated.
gmake[2]: *** [CMakeFiles/turtlesim_cmd_and_pose.dir/build.make:90: CMakeFiles/turtlesim_cmd_and_pose.dir/src/turtlesim_cmd_and_pose.cpp.o] Error 1
gmake[2]: *** Waiting for unfinished jobs....
In file included from [01m[K/home/hycon/workspace/ros2_study/pkg_cpp/src/pkg_test_cpp/src/main_cmd_and_pose.cpp:2[m[K:
[01m[K/home/hycon/workspace/ros2_study/pkg_cpp/src/pkg_test_cpp/include/pkg_test_cpp/turtlesim_cmd_and_pose.hpp:6:10:[m[K [01;31m[Kfatal error: [m[Kpkg_test_cpp_msg/msg/cmd_and_pose_vel.hpp: No such file or directory
    6 | #include [01;31m[K"pkg_test_cpp_msg/msg/cmd_and_pose_vel.hpp"[m[K
      |          [01;31m[K^~~~~~~~~~~~~~~~~~~~~~~~~~~~~~~~~~~~~~~~~~~[m[K
compilation terminated.
gmake[2]: *** [CMakeFiles/turtlesim_cmd_and_pose.dir/build.make:76: CMakeFiles/turtlesim_cmd_and_pose.dir/src/main_cmd_and_pose.cpp.o] Error 1
gmake[1]: *** [CMakeFiles/Makefile2:193: CMakeFiles/turtlesim_cmd_and_pose.dir/all] Error 2
gmake: *** [Makefile:146: all] Error 2
