[0.000000] (-) TimerEvent: {}
[0.000332] (pkg_test_cpp) JobQueued: {'identifier': 'pkg_test_cpp', 'dependencies': OrderedDict()}
[0.000358] (pkg_test_cpp_msg) JobQueued: {'identifier': 'pkg_test_cpp_msg', 'dependencies': OrderedDict()}
[0.000373] (pkg_test_cpp) JobStarted: {'identifier': 'pkg_test_cpp'}
[0.005354] (pkg_test_cpp_msg) JobStarted: {'identifier': 'pkg_test_cpp_msg'}
[0.008563] (pkg_test_cpp) JobProgress: {'identifier': 'pkg_test_cpp', 'progress': 'cmake'}
[0.008925] (pkg_test_cpp) JobProgress: {'identifier': 'pkg_test_cpp', 'progress': 'build'}
[0.009484] (pkg_test_cpp) Command: {'cmd': ['/usr/bin/cmake', '--build', '/home/hycon/workspace/ros2_study/pkg_cpp/build/pkg_test_cpp', '--', '-j16', '-l16'], 'cwd': '/home/hycon/workspace/ros2_study/pkg_cpp/build/pkg_test_cpp', 'env': OrderedDict([('LESSOPEN', '| /usr/bin/lesspipe %s'), ('LANGUAGE', 'en'), ('USER', 'hycon'), ('LC_TIME', 'ko_KR.UTF-8'), ('XDG_SESSION_TYPE', 'wayland'), ('GIT_ASKPASS', '/usr/share/code/resources/app/extensions/git/dist/askpass.sh'), ('SHLVL', '2'), ('LD_LIBRARY_PATH', '/home/hycon/workspace/ros2_study/pkg_cpp/install/pkg_test_cpp_msg/lib:/opt/ros/humble/opt/rviz_ogre_vendor/lib:/opt/ros/humble/lib/x86_64-linux-gnu:/opt/ros/humble/lib'), ('HOME', '/home/hycon'), ('CHROME_DESKTOP', 'code.desktop'), ('OLDPWD', '/home/hycon'), ('TERM_PROGRAM_VERSION', '1.97.1'), ('DESKTOP_SESSION', 'ubuntu'), ('DEBUGPY_ADAPTER_ENDPOINTS', '/home/hycon/.vscode/extensions/ms-python.debugpy-2025.0.1-linux-x64/.noConfigDebugAdapterEndpoints/endpoint-8e50f911d0d2098a.txt'), ('ROS_PYTHON_VERSION', '3'), ('GNOME_SHELL_SESSION_MODE', 'ubuntu'), ('GTK_MODULES', 'gail:atk-bridge'), ('VSCODE_GIT_ASKPASS_MAIN', '/usr/share/code/resources/app/extensions/git/dist/askpass-main.js'), ('LC_MONETARY', 'ko_KR.UTF-8'), ('VSCODE_GIT_ASKPASS_NODE', '/usr/share/code/code'), ('MANAGERPID', '999'), ('PYDEVD_DISABLE_FILE_VALIDATION', '1'), ('SYSTEMD_EXEC_PID', '1455'), ('BUNDLED_DEBUGPY_PATH', '/home/hycon/.vscode/extensions/ms-python.debugpy-2025.0.1-linux-x64/bundled/libs/debugpy'), ('DBUS_SESSION_BUS_ADDRESS', 'unix:path=/run/user/1000/bus'), ('COLORTERM', 'truecolor'), ('TERMINATOR_DBUS_NAME', 'net.tenshu.Terminator25ef4b219e3b005583550f2b0f9f990c3'), ('GIO_LAUNCHED_DESKTOP_FILE_PID', '1890'), ('IM_CONFIG_PHASE', '1'), ('WAYLAND_DISPLAY', 'wayland-0'), ('COLCON_PREFIX_PATH', '/home/hycon/workspace/ros2_study/pkg_cpp/install'), ('ROS_DISTRO', 'humble'), ('LOGNAME', 'hycon'), ('JOURNAL_STREAM', '8:14532'), ('_', '/usr/bin/colcon'), ('ROS_VERSION', '2'), ('XDG_SESSION_CLASS', 'user'), ('USERNAME', 'hycon'), ('TERM', 'xterm-256color'), ('GNOME_DESKTOP_SESSION_ID', 'this-is-deprecated'), ('ROS_LOCALHOST_ONLY', '0'), ('PATH', '/opt/ros/humble/bin:/home/hycon/.local/bin:/usr/local/sbin:/usr/local/bin:/usr/sbin:/usr/bin:/sbin:/bin:/usr/games:/usr/local/games:/snap/bin:/snap/bin:/home/hycon/.vscode/extensions/ms-python.debugpy-2025.0.1-linux-x64/bundled/scripts/noConfigScripts'), ('SESSION_MANAGER', 'local/hycon:@/tmp/.ICE-unix/1189,unix/hycon:/tmp/.ICE-unix/1189'), ('INVOCATION_ID', '800bec59ad42435cad9c33ffe001c5e6'), ('PAPERSIZE', 'a4'), ('XDG_MENU_PREFIX', 'gnome-'), ('LC_ADDRESS', 'ko_KR.UTF-8'), ('GNOME_SETUP_DISPLAY', ':1'), ('XDG_RUNTIME_DIR', '/run/user/1000'), ('GDK_BACKEND', 'x11'), ('DISPLAY', ':0'), ('TERMINATOR_DBUS_PATH', '/net/tenshu/Terminator2'), ('LANG', 'en_US.UTF-8'), ('XDG_CURRENT_DESKTOP', 'Unity'), ('IBUS_DISABLE_SNOOPER', '1'), ('LC_TELEPHONE', 'ko_KR.UTF-8'), ('XMODIFIERS', '@im=ibus'), ('XDG_SESSION_DESKTOP', 'ubuntu'), ('XAUTHORITY', '/run/user/1000/.mutter-Xwaylandauth.PHL712'), ('LS_COLORS', 'rs=0:di=01;34:ln=01;36:mh=00:pi=40;33:so=01;35:do=01;35:bd=40;33;01:cd=40;33;01:or=40;31;01:mi=00:su=37;41:sg=30;43:ca=30;41:tw=30;42:ow=34;42:st=37;44:ex=01;32:*.tar=01;31:*.tgz=01;31:*.arc=01;31:*.arj=01;31:*.taz=01;31:*.lha=01;31:*.lz4=01;31:*.lzh=01;31:*.lzma=01;31:*.tlz=01;31:*.txz=01;31:*.tzo=01;31:*.t7z=01;31:*.zip=01;31:*.z=01;31:*.dz=01;31:*.gz=01;31:*.lrz=01;31:*.lz=01;31:*.lzo=01;31:*.xz=01;31:*.zst=01;31:*.tzst=01;31:*.bz2=01;31:*.bz=01;31:*.tbz=01;31:*.tbz2=01;31:*.tz=01;31:*.deb=01;31:*.rpm=01;31:*.jar=01;31:*.war=01;31:*.ear=01;31:*.sar=01;31:*.rar=01;31:*.alz=01;31:*.ace=01;31:*.zoo=01;31:*.cpio=01;31:*.7z=01;31:*.rz=01;31:*.cab=01;31:*.wim=01;31:*.swm=01;31:*.dwm=01;31:*.esd=01;31:*.jpg=01;35:*.jpeg=01;35:*.mjpg=01;35:*.mjpeg=01;35:*.gif=01;35:*.bmp=01;35:*.pbm=01;35:*.pgm=01;35:*.ppm=01;35:*.tga=01;35:*.xbm=01;35:*.xpm=01;35:*.tif=01;35:*.tiff=01;35:*.png=01;35:*.svg=01;35:*.svgz=01;35:*.mng=01;35:*.pcx=01;35:*.mov=01;35:*.mpg=01;35:*.mpeg=01;35:*.m2v=01;35:*.mkv=01;35:*.webm=01;35:*.webp=01;35:*.ogm=01;35:*.mp4=01;35:*.m4v=01;35:*.mp4v=01;35:*.vob=01;35:*.qt=01;35:*.nuv=01;35:*.wmv=01;35:*.asf=01;35:*.rm=01;35:*.rmvb=01;35:*.flc=01;35:*.avi=01;35:*.fli=01;35:*.flv=01;35:*.gl=01;35:*.dl=01;35:*.xcf=01;35:*.xwd=01;35:*.yuv=01;35:*.cgm=01;35:*.emf=01;35:*.ogv=01;35:*.ogx=01;35:*.aac=00;36:*.au=00;36:*.flac=00;36:*.m4a=00;36:*.mid=00;36:*.midi=00;36:*.mka=00;36:*.mp3=00;36:*.mpc=00;36:*.ogg=00;36:*.ra=00;36:*.wav=00;36:*.oga=00;36:*.opus=00;36:*.spx=00;36:*.xspf=00;36:'), ('VSCODE_GIT_IPC_HANDLE', '/run/user/1000/vscode-git-2e607cfef9.sock'), ('TERM_PROGRAM', 'vscode'), ('SSH_AGENT_LAUNCHER', 'gnome-keyring'), ('SSH_AUTH_SOCK', '/run/user/1000/keyring/ssh'), ('ROS_DOMAIN_ID', '99'), ('AMENT_PREFIX_PATH', '/home/hycon/workspace/ros2_study/pkg_cpp/install/pkg_test_cpp_msg:/home/hycon/workspace/ros2_study/pkg_cpp/install/pkg_test_cpp:/opt/ros/humble'), ('ORIGINAL_XDG_CURRENT_DESKTOP', 'ubuntu:GNOME'), ('SHELL', '/bin/bash'), ('LC_NAME', 'ko_KR.UTF-8'), ('TERMINATOR_UUID', 'urn:uuid:8e944f54-8cde-45ee-a182-bd5657f3ab50'), ('QT_ACCESSIBILITY', '1'), ('GDMSESSION', 'ubuntu'), ('LESSCLOSE', '/usr/bin/lesspipe %s %s'), ('LC_MEASUREMENT', 'ko_KR.UTF-8'), ('LC_IDENTIFICATION', 'ko_KR.UTF-8'), ('VSCODE_GIT_ASKPASS_EXTRA_ARGS', ''), ('QT_IM_MODULE', 'ibus'), ('PWD', '/home/hycon/workspace/ros2_study/pkg_cpp/build/pkg_test_cpp'), ('LC_ALL', 'en_US.UTF-8'), ('XDG_CONFIG_DIRS', '/etc/xdg/xdg-ubuntu:/etc/xdg'), ('XDG_DATA_DIRS', '/usr/share/ubuntu:/usr/local/share/:/usr/share/:/var/lib/snapd/desktop'), ('PYTHONPATH', '/home/hycon/workspace/ros2_study/pkg_cpp/install/pkg_test_cpp_msg/local/lib/python3.10/dist-packages:/opt/ros/humble/lib/python3.10/site-packages:/opt/ros/humble/local/lib/python3.10/dist-packages'), ('LC_NUMERIC', 'ko_KR.UTF-8'), ('LC_PAPER', 'ko_KR.UTF-8'), ('COLCON', '1'), ('VTE_VERSION', '6800'), ('CMAKE_PREFIX_PATH', '/home/hycon/workspace/ros2_study/pkg_cpp/install/pkg_test_cpp_msg:/home/hycon/workspace/ros2_study/pkg_cpp/install/pkg_test_cpp:/opt/ros/humble')]), 'shell': False}
[0.011937] (pkg_test_cpp_msg) JobProgress: {'identifier': 'pkg_test_cpp_msg', 'progress': 'cmake'}
[0.012228] (pkg_test_cpp_msg) JobProgress: {'identifier': 'pkg_test_cpp_msg', 'progress': 'build'}
[0.012455] (pkg_test_cpp_msg) Command: {'cmd': ['/usr/bin/cmake', '--build', '/home/hycon/workspace/ros2_study/pkg_cpp/build/pkg_test_cpp_msg', '--', '-j16', '-l16'], 'cwd': '/home/hycon/workspace/ros2_study/pkg_cpp/build/pkg_test_cpp_msg', 'env': OrderedDict([('LESSOPEN', '| /usr/bin/lesspipe %s'), ('LANGUAGE', 'en'), ('USER', 'hycon'), ('LC_TIME', 'ko_KR.UTF-8'), ('XDG_SESSION_TYPE', 'wayland'), ('GIT_ASKPASS', '/usr/share/code/resources/app/extensions/git/dist/askpass.sh'), ('SHLVL', '2'), ('LD_LIBRARY_PATH', '/home/hycon/workspace/ros2_study/pkg_cpp/install/pkg_test_cpp_msg/lib:/opt/ros/humble/opt/rviz_ogre_vendor/lib:/opt/ros/humble/lib/x86_64-linux-gnu:/opt/ros/humble/lib'), ('HOME', '/home/hycon'), ('CHROME_DESKTOP', 'code.desktop'), ('OLDPWD', '/home/hycon'), ('TERM_PROGRAM_VERSION', '1.97.1'), ('DESKTOP_SESSION', 'ubuntu'), ('DEBUGPY_ADAPTER_ENDPOINTS', '/home/hycon/.vscode/extensions/ms-python.debugpy-2025.0.1-linux-x64/.noConfigDebugAdapterEndpoints/endpoint-8e50f911d0d2098a.txt'), ('ROS_PYTHON_VERSION', '3'), ('GNOME_SHELL_SESSION_MODE', 'ubuntu'), ('GTK_MODULES', 'gail:atk-bridge'), ('VSCODE_GIT_ASKPASS_MAIN', '/usr/share/code/resources/app/extensions/git/dist/askpass-main.js'), ('LC_MONETARY', 'ko_KR.UTF-8'), ('VSCODE_GIT_ASKPASS_NODE', '/usr/share/code/code'), ('MANAGERPID', '999'), ('PYDEVD_DISABLE_FILE_VALIDATION', '1'), ('SYSTEMD_EXEC_PID', '1455'), ('BUNDLED_DEBUGPY_PATH', '/home/hycon/.vscode/extensions/ms-python.debugpy-2025.0.1-linux-x64/bundled/libs/debugpy'), ('DBUS_SESSION_BUS_ADDRESS', 'unix:path=/run/user/1000/bus'), ('COLORTERM', 'truecolor'), ('TERMINATOR_DBUS_NAME', 'net.tenshu.Terminator25ef4b219e3b005583550f2b0f9f990c3'), ('GIO_LAUNCHED_DESKTOP_FILE_PID', '1890'), ('IM_CONFIG_PHASE', '1'), ('WAYLAND_DISPLAY', 'wayland-0'), ('COLCON_PREFIX_PATH', '/home/hycon/workspace/ros2_study/pkg_cpp/install'), ('ROS_DISTRO', 'humble'), ('LOGNAME', 'hycon'), ('JOURNAL_STREAM', '8:14532'), ('_', '/usr/bin/colcon'), ('ROS_VERSION', '2'), ('XDG_SESSION_CLASS', 'user'), ('USERNAME', 'hycon'), ('TERM', 'xterm-256color'), ('GNOME_DESKTOP_SESSION_ID', 'this-is-deprecated'), ('ROS_LOCALHOST_ONLY', '0'), ('PATH', '/opt/ros/humble/bin:/home/hycon/.local/bin:/usr/local/sbin:/usr/local/bin:/usr/sbin:/usr/bin:/sbin:/bin:/usr/games:/usr/local/games:/snap/bin:/snap/bin:/home/hycon/.vscode/extensions/ms-python.debugpy-2025.0.1-linux-x64/bundled/scripts/noConfigScripts'), ('SESSION_MANAGER', 'local/hycon:@/tmp/.ICE-unix/1189,unix/hycon:/tmp/.ICE-unix/1189'), ('INVOCATION_ID', '800bec59ad42435cad9c33ffe001c5e6'), ('PAPERSIZE', 'a4'), ('XDG_MENU_PREFIX', 'gnome-'), ('LC_ADDRESS', 'ko_KR.UTF-8'), ('GNOME_SETUP_DISPLAY', ':1'), ('XDG_RUNTIME_DIR', '/run/user/1000'), ('GDK_BACKEND', 'x11'), ('DISPLAY', ':0'), ('TERMINATOR_DBUS_PATH', '/net/tenshu/Terminator2'), ('LANG', 'en_US.UTF-8'), ('XDG_CURRENT_DESKTOP', 'Unity'), ('IBUS_DISABLE_SNOOPER', '1'), ('LC_TELEPHONE', 'ko_KR.UTF-8'), ('XMODIFIERS', '@im=ibus'), ('XDG_SESSION_DESKTOP', 'ubuntu'), ('XAUTHORITY', '/run/user/1000/.mutter-Xwaylandauth.PHL712'), ('LS_COLORS', 'rs=0:di=01;34:ln=01;36:mh=00:pi=40;33:so=01;35:do=01;35:bd=40;33;01:cd=40;33;01:or=40;31;01:mi=00:su=37;41:sg=30;43:ca=30;41:tw=30;42:ow=34;42:st=37;44:ex=01;32:*.tar=01;31:*.tgz=01;31:*.arc=01;31:*.arj=01;31:*.taz=01;31:*.lha=01;31:*.lz4=01;31:*.lzh=01;31:*.lzma=01;31:*.tlz=01;31:*.txz=01;31:*.tzo=01;31:*.t7z=01;31:*.zip=01;31:*.z=01;31:*.dz=01;31:*.gz=01;31:*.lrz=01;31:*.lz=01;31:*.lzo=01;31:*.xz=01;31:*.zst=01;31:*.tzst=01;31:*.bz2=01;31:*.bz=01;31:*.tbz=01;31:*.tbz2=01;31:*.tz=01;31:*.deb=01;31:*.rpm=01;31:*.jar=01;31:*.war=01;31:*.ear=01;31:*.sar=01;31:*.rar=01;31:*.alz=01;31:*.ace=01;31:*.zoo=01;31:*.cpio=01;31:*.7z=01;31:*.rz=01;31:*.cab=01;31:*.wim=01;31:*.swm=01;31:*.dwm=01;31:*.esd=01;31:*.jpg=01;35:*.jpeg=01;35:*.mjpg=01;35:*.mjpeg=01;35:*.gif=01;35:*.bmp=01;35:*.pbm=01;35:*.pgm=01;35:*.ppm=01;35:*.tga=01;35:*.xbm=01;35:*.xpm=01;35:*.tif=01;35:*.tiff=01;35:*.png=01;35:*.svg=01;35:*.svgz=01;35:*.mng=01;35:*.pcx=01;35:*.mov=01;35:*.mpg=01;35:*.mpeg=01;35:*.m2v=01;35:*.mkv=01;35:*.webm=01;35:*.webp=01;35:*.ogm=01;35:*.mp4=01;35:*.m4v=01;35:*.mp4v=01;35:*.vob=01;35:*.qt=01;35:*.nuv=01;35:*.wmv=01;35:*.asf=01;35:*.rm=01;35:*.rmvb=01;35:*.flc=01;35:*.avi=01;35:*.fli=01;35:*.flv=01;35:*.gl=01;35:*.dl=01;35:*.xcf=01;35:*.xwd=01;35:*.yuv=01;35:*.cgm=01;35:*.emf=01;35:*.ogv=01;35:*.ogx=01;35:*.aac=00;36:*.au=00;36:*.flac=00;36:*.m4a=00;36:*.mid=00;36:*.midi=00;36:*.mka=00;36:*.mp3=00;36:*.mpc=00;36:*.ogg=00;36:*.ra=00;36:*.wav=00;36:*.oga=00;36:*.opus=00;36:*.spx=00;36:*.xspf=00;36:'), ('VSCODE_GIT_IPC_HANDLE', '/run/user/1000/vscode-git-2e607cfef9.sock'), ('TERM_PROGRAM', 'vscode'), ('SSH_AGENT_LAUNCHER', 'gnome-keyring'), ('SSH_AUTH_SOCK', '/run/user/1000/keyring/ssh'), ('ROS_DOMAIN_ID', '99'), ('AMENT_PREFIX_PATH', '/home/hycon/workspace/ros2_study/pkg_cpp/install/pkg_test_cpp_msg:/home/hycon/workspace/ros2_study/pkg_cpp/install/pkg_test_cpp:/opt/ros/humble'), ('ORIGINAL_XDG_CURRENT_DESKTOP', 'ubuntu:GNOME'), ('SHELL', '/bin/bash'), ('LC_NAME', 'ko_KR.UTF-8'), ('TERMINATOR_UUID', 'urn:uuid:8e944f54-8cde-45ee-a182-bd5657f3ab50'), ('QT_ACCESSIBILITY', '1'), ('GDMSESSION', 'ubuntu'), ('LESSCLOSE', '/usr/bin/lesspipe %s %s'), ('LC_MEASUREMENT', 'ko_KR.UTF-8'), ('LC_IDENTIFICATION', 'ko_KR.UTF-8'), ('VSCODE_GIT_ASKPASS_EXTRA_ARGS', ''), ('QT_IM_MODULE', 'ibus'), ('PWD', '/home/hycon/workspace/ros2_study/pkg_cpp/build/pkg_test_cpp_msg'), ('LC_ALL', 'en_US.UTF-8'), ('XDG_CONFIG_DIRS', '/etc/xdg/xdg-ubuntu:/etc/xdg'), ('XDG_DATA_DIRS', '/usr/share/ubuntu:/usr/local/share/:/usr/share/:/var/lib/snapd/desktop'), ('PYTHONPATH', '/home/hycon/workspace/ros2_study/pkg_cpp/install/pkg_test_cpp_msg/local/lib/python3.10/dist-packages:/opt/ros/humble/lib/python3.10/site-packages:/opt/ros/humble/local/lib/python3.10/dist-packages'), ('LC_NUMERIC', 'ko_KR.UTF-8'), ('LC_PAPER', 'ko_KR.UTF-8'), ('COLCON', '1'), ('VTE_VERSION', '6800'), ('CMAKE_PREFIX_PATH', '/home/hycon/workspace/ros2_study/pkg_cpp/install/pkg_test_cpp_msg:/home/hycon/workspace/ros2_study/pkg_cpp/install/pkg_test_cpp:/opt/ros/humble')]), 'shell': False}
[0.064408] (pkg_test_cpp) StdoutLine: {'line': b'\x1b[35m\x1b[1mConsolidate compiler generated dependencies of target turtlesim_service_server\x1b[0m\n'}
[0.097600] (pkg_test_cpp) StdoutLine: {'line': b'[ 25%] Built target turtlesim_subscriber\n'}
[0.098276] (pkg_test_cpp_msg) StdoutLine: {'line': b'[  2%] Built target pkg_test_cpp_msg__cpp\n'}
[0.099831] (-) TimerEvent: {}
[0.104191] (pkg_test_cpp) StdoutLine: {'line': b'[ 50%] Built target turtlesim_publisher\n'}
[0.105443] (pkg_test_cpp_msg) StdoutLine: {'line': b'[ 12%] Built target pkg_test_cpp_msg__rosidl_generator_c\n'}
[0.110554] (pkg_test_cpp) StdoutLine: {'line': b'[ 58%] \x1b[32mBuilding CXX object CMakeFiles/turtlesim_service_server.dir/src/turtlesim_service_server.cpp.o\x1b[0m\n'}
[0.115160] (pkg_test_cpp) StdoutLine: {'line': b'[ 66%] \x1b[32mBuilding CXX object CMakeFiles/turtlesim_service_server.dir/src/main_service_server.cpp.o\x1b[0m\n'}
[0.118473] (pkg_test_cpp) StdoutLine: {'line': b'[ 91%] Built target turtlesim_cmd_and_pose\n'}
[0.124967] (pkg_test_cpp_msg) StdoutLine: {'line': b'[ 12%] Built target ament_cmake_python_copy_pkg_test_cpp_msg\n'}
[0.139201] (pkg_test_cpp_msg) StdoutLine: {'line': b'[ 43%] Built target pkg_test_cpp_msg__rosidl_typesupport_fastrtps_cpp\n'}
[0.139539] (pkg_test_cpp_msg) StdoutLine: {'line': b'[ 43%] Built target pkg_test_cpp_msg__rosidl_typesupport_fastrtps_c\n'}
[0.139657] (pkg_test_cpp_msg) StdoutLine: {'line': b'[ 43%] Built target pkg_test_cpp_msg__rosidl_typesupport_introspection_cpp\n'}
[0.139807] (pkg_test_cpp_msg) StdoutLine: {'line': b'[ 53%] Built target pkg_test_cpp_msg__rosidl_typesupport_c\n'}
[0.141909] (pkg_test_cpp_msg) StdoutLine: {'line': b'[ 64%] Built target pkg_test_cpp_msg__rosidl_typesupport_introspection_c\n'}
[0.143105] (pkg_test_cpp_msg) StdoutLine: {'line': b'[ 74%] Built target pkg_test_cpp_msg__rosidl_typesupport_cpp\n'}
[0.161329] (pkg_test_cpp_msg) StdoutLine: {'line': b'[ 74%] Built target pkg_test_cpp_msg\n'}
[0.183245] (pkg_test_cpp_msg) StdoutLine: {'line': b'[ 76%] Built target pkg_test_cpp_msg__py\n'}
[0.199933] (-) TimerEvent: {}
[0.205437] (pkg_test_cpp_msg) StdoutLine: {'line': b'[ 84%] Built target pkg_test_cpp_msg__rosidl_generator_py\n'}
[0.222479] (pkg_test_cpp_msg) StdoutLine: {'line': b'[ 89%] Built target pkg_test_cpp_msg__rosidl_typesupport_introspection_c__pyext\n'}
[0.225386] (pkg_test_cpp_msg) StdoutLine: {'line': b'[ 94%] Built target pkg_test_cpp_msg__rosidl_typesupport_c__pyext\n'}
[0.227048] (pkg_test_cpp_msg) StdoutLine: {'line': b'[100%] Built target pkg_test_cpp_msg__rosidl_typesupport_fastrtps_c__pyext\n'}
[0.288705] (pkg_test_cpp_msg) StdoutLine: {'line': b'running egg_info\n'}
[0.289122] (pkg_test_cpp_msg) StdoutLine: {'line': b'writing pkg_test_cpp_msg.egg-info/PKG-INFO\n'}
[0.289306] (pkg_test_cpp_msg) StdoutLine: {'line': b'writing dependency_links to pkg_test_cpp_msg.egg-info/dependency_links.txt\n'}
[0.289441] (pkg_test_cpp_msg) StdoutLine: {'line': b'writing top-level names to pkg_test_cpp_msg.egg-info/top_level.txt\n'}
[0.291023] (pkg_test_cpp_msg) StdoutLine: {'line': b"reading manifest file 'pkg_test_cpp_msg.egg-info/SOURCES.txt'\n"}
[0.291447] (pkg_test_cpp_msg) StdoutLine: {'line': b"writing manifest file 'pkg_test_cpp_msg.egg-info/SOURCES.txt'\n"}
[0.300078] (-) TimerEvent: {}
[0.313785] (pkg_test_cpp_msg) StdoutLine: {'line': b'[100%] Built target ament_cmake_python_build_pkg_test_cpp_msg_egg\n'}
[0.326508] (pkg_test_cpp_msg) CommandEnded: {'returncode': 0}
[0.327202] (pkg_test_cpp_msg) JobProgress: {'identifier': 'pkg_test_cpp_msg', 'progress': 'install'}
[0.334154] (pkg_test_cpp_msg) Command: {'cmd': ['/usr/bin/cmake', '--install', '/home/hycon/workspace/ros2_study/pkg_cpp/build/pkg_test_cpp_msg'], 'cwd': '/home/hycon/workspace/ros2_study/pkg_cpp/build/pkg_test_cpp_msg', 'env': OrderedDict([('LESSOPEN', '| /usr/bin/lesspipe %s'), ('LANGUAGE', 'en'), ('USER', 'hycon'), ('LC_TIME', 'ko_KR.UTF-8'), ('XDG_SESSION_TYPE', 'wayland'), ('GIT_ASKPASS', '/usr/share/code/resources/app/extensions/git/dist/askpass.sh'), ('SHLVL', '2'), ('LD_LIBRARY_PATH', '/home/hycon/workspace/ros2_study/pkg_cpp/install/pkg_test_cpp_msg/lib:/opt/ros/humble/opt/rviz_ogre_vendor/lib:/opt/ros/humble/lib/x86_64-linux-gnu:/opt/ros/humble/lib'), ('HOME', '/home/hycon'), ('CHROME_DESKTOP', 'code.desktop'), ('OLDPWD', '/home/hycon'), ('TERM_PROGRAM_VERSION', '1.97.1'), ('DESKTOP_SESSION', 'ubuntu'), ('DEBUGPY_ADAPTER_ENDPOINTS', '/home/hycon/.vscode/extensions/ms-python.debugpy-2025.0.1-linux-x64/.noConfigDebugAdapterEndpoints/endpoint-8e50f911d0d2098a.txt'), ('ROS_PYTHON_VERSION', '3'), ('GNOME_SHELL_SESSION_MODE', 'ubuntu'), ('GTK_MODULES', 'gail:atk-bridge'), ('VSCODE_GIT_ASKPASS_MAIN', '/usr/share/code/resources/app/extensions/git/dist/askpass-main.js'), ('LC_MONETARY', 'ko_KR.UTF-8'), ('VSCODE_GIT_ASKPASS_NODE', '/usr/share/code/code'), ('MANAGERPID', '999'), ('PYDEVD_DISABLE_FILE_VALIDATION', '1'), ('SYSTEMD_EXEC_PID', '1455'), ('BUNDLED_DEBUGPY_PATH', '/home/hycon/.vscode/extensions/ms-python.debugpy-2025.0.1-linux-x64/bundled/libs/debugpy'), ('DBUS_SESSION_BUS_ADDRESS', 'unix:path=/run/user/1000/bus'), ('COLORTERM', 'truecolor'), ('TERMINATOR_DBUS_NAME', 'net.tenshu.Terminator25ef4b219e3b005583550f2b0f9f990c3'), ('GIO_LAUNCHED_DESKTOP_FILE_PID', '1890'), ('IM_CONFIG_PHASE', '1'), ('WAYLAND_DISPLAY', 'wayland-0'), ('COLCON_PREFIX_PATH', '/home/hycon/workspace/ros2_study/pkg_cpp/install'), ('ROS_DISTRO', 'humble'), ('LOGNAME', 'hycon'), ('JOURNAL_STREAM', '8:14532'), ('_', '/usr/bin/colcon'), ('ROS_VERSION', '2'), ('XDG_SESSION_CLASS', 'user'), ('USERNAME', 'hycon'), ('TERM', 'xterm-256color'), ('GNOME_DESKTOP_SESSION_ID', 'this-is-deprecated'), ('ROS_LOCALHOST_ONLY', '0'), ('PATH', '/opt/ros/humble/bin:/home/hycon/.local/bin:/usr/local/sbin:/usr/local/bin:/usr/sbin:/usr/bin:/sbin:/bin:/usr/games:/usr/local/games:/snap/bin:/snap/bin:/home/hycon/.vscode/extensions/ms-python.debugpy-2025.0.1-linux-x64/bundled/scripts/noConfigScripts'), ('SESSION_MANAGER', 'local/hycon:@/tmp/.ICE-unix/1189,unix/hycon:/tmp/.ICE-unix/1189'), ('INVOCATION_ID', '800bec59ad42435cad9c33ffe001c5e6'), ('PAPERSIZE', 'a4'), ('XDG_MENU_PREFIX', 'gnome-'), ('LC_ADDRESS', 'ko_KR.UTF-8'), ('GNOME_SETUP_DISPLAY', ':1'), ('XDG_RUNTIME_DIR', '/run/user/1000'), ('GDK_BACKEND', 'x11'), ('DISPLAY', ':0'), ('TERMINATOR_DBUS_PATH', '/net/tenshu/Terminator2'), ('LANG', 'en_US.UTF-8'), ('XDG_CURRENT_DESKTOP', 'Unity'), ('IBUS_DISABLE_SNOOPER', '1'), ('LC_TELEPHONE', 'ko_KR.UTF-8'), ('XMODIFIERS', '@im=ibus'), ('XDG_SESSION_DESKTOP', 'ubuntu'), ('XAUTHORITY', '/run/user/1000/.mutter-Xwaylandauth.PHL712'), ('LS_COLORS', 'rs=0:di=01;34:ln=01;36:mh=00:pi=40;33:so=01;35:do=01;35:bd=40;33;01:cd=40;33;01:or=40;31;01:mi=00:su=37;41:sg=30;43:ca=30;41:tw=30;42:ow=34;42:st=37;44:ex=01;32:*.tar=01;31:*.tgz=01;31:*.arc=01;31:*.arj=01;31:*.taz=01;31:*.lha=01;31:*.lz4=01;31:*.lzh=01;31:*.lzma=01;31:*.tlz=01;31:*.txz=01;31:*.tzo=01;31:*.t7z=01;31:*.zip=01;31:*.z=01;31:*.dz=01;31:*.gz=01;31:*.lrz=01;31:*.lz=01;31:*.lzo=01;31:*.xz=01;31:*.zst=01;31:*.tzst=01;31:*.bz2=01;31:*.bz=01;31:*.tbz=01;31:*.tbz2=01;31:*.tz=01;31:*.deb=01;31:*.rpm=01;31:*.jar=01;31:*.war=01;31:*.ear=01;31:*.sar=01;31:*.rar=01;31:*.alz=01;31:*.ace=01;31:*.zoo=01;31:*.cpio=01;31:*.7z=01;31:*.rz=01;31:*.cab=01;31:*.wim=01;31:*.swm=01;31:*.dwm=01;31:*.esd=01;31:*.jpg=01;35:*.jpeg=01;35:*.mjpg=01;35:*.mjpeg=01;35:*.gif=01;35:*.bmp=01;35:*.pbm=01;35:*.pgm=01;35:*.ppm=01;35:*.tga=01;35:*.xbm=01;35:*.xpm=01;35:*.tif=01;35:*.tiff=01;35:*.png=01;35:*.svg=01;35:*.svgz=01;35:*.mng=01;35:*.pcx=01;35:*.mov=01;35:*.mpg=01;35:*.mpeg=01;35:*.m2v=01;35:*.mkv=01;35:*.webm=01;35:*.webp=01;35:*.ogm=01;35:*.mp4=01;35:*.m4v=01;35:*.mp4v=01;35:*.vob=01;35:*.qt=01;35:*.nuv=01;35:*.wmv=01;35:*.asf=01;35:*.rm=01;35:*.rmvb=01;35:*.flc=01;35:*.avi=01;35:*.fli=01;35:*.flv=01;35:*.gl=01;35:*.dl=01;35:*.xcf=01;35:*.xwd=01;35:*.yuv=01;35:*.cgm=01;35:*.emf=01;35:*.ogv=01;35:*.ogx=01;35:*.aac=00;36:*.au=00;36:*.flac=00;36:*.m4a=00;36:*.mid=00;36:*.midi=00;36:*.mka=00;36:*.mp3=00;36:*.mpc=00;36:*.ogg=00;36:*.ra=00;36:*.wav=00;36:*.oga=00;36:*.opus=00;36:*.spx=00;36:*.xspf=00;36:'), ('VSCODE_GIT_IPC_HANDLE', '/run/user/1000/vscode-git-2e607cfef9.sock'), ('TERM_PROGRAM', 'vscode'), ('SSH_AGENT_LAUNCHER', 'gnome-keyring'), ('SSH_AUTH_SOCK', '/run/user/1000/keyring/ssh'), ('ROS_DOMAIN_ID', '99'), ('AMENT_PREFIX_PATH', '/home/hycon/workspace/ros2_study/pkg_cpp/install/pkg_test_cpp_msg:/home/hycon/workspace/ros2_study/pkg_cpp/install/pkg_test_cpp:/opt/ros/humble'), ('ORIGINAL_XDG_CURRENT_DESKTOP', 'ubuntu:GNOME'), ('SHELL', '/bin/bash'), ('LC_NAME', 'ko_KR.UTF-8'), ('TERMINATOR_UUID', 'urn:uuid:8e944f54-8cde-45ee-a182-bd5657f3ab50'), ('QT_ACCESSIBILITY', '1'), ('GDMSESSION', 'ubuntu'), ('LESSCLOSE', '/usr/bin/lesspipe %s %s'), ('LC_MEASUREMENT', 'ko_KR.UTF-8'), ('LC_IDENTIFICATION', 'ko_KR.UTF-8'), ('VSCODE_GIT_ASKPASS_EXTRA_ARGS', ''), ('QT_IM_MODULE', 'ibus'), ('PWD', '/home/hycon/workspace/ros2_study/pkg_cpp/build/pkg_test_cpp_msg'), ('LC_ALL', 'en_US.UTF-8'), ('XDG_CONFIG_DIRS', '/etc/xdg/xdg-ubuntu:/etc/xdg'), ('XDG_DATA_DIRS', '/usr/share/ubuntu:/usr/local/share/:/usr/share/:/var/lib/snapd/desktop'), ('PYTHONPATH', '/home/hycon/workspace/ros2_study/pkg_cpp/install/pkg_test_cpp_msg/local/lib/python3.10/dist-packages:/opt/ros/humble/lib/python3.10/site-packages:/opt/ros/humble/local/lib/python3.10/dist-packages'), ('LC_NUMERIC', 'ko_KR.UTF-8'), ('LC_PAPER', 'ko_KR.UTF-8'), ('COLCON', '1'), ('VTE_VERSION', '6800'), ('CMAKE_PREFIX_PATH', '/home/hycon/workspace/ros2_study/pkg_cpp/install/pkg_test_cpp_msg:/home/hycon/workspace/ros2_study/pkg_cpp/install/pkg_test_cpp:/opt/ros/humble')]), 'shell': False}
[0.344154] (pkg_test_cpp_msg) StdoutLine: {'line': b'-- Install configuration: ""\n'}
[0.344563] (pkg_test_cpp_msg) StdoutLine: {'line': b'-- Up-to-date: /home/hycon/workspace/ros2_study/pkg_cpp/install/pkg_test_cpp_msg/share/ament_index/resource_index/rosidl_interfaces/pkg_test_cpp_msg\n'}
[0.344764] (pkg_test_cpp_msg) StdoutLine: {'line': b'-- Up-to-date: /home/hycon/workspace/ros2_study/pkg_cpp/install/pkg_test_cpp_msg/include/pkg_test_cpp_msg/pkg_test_cpp_msg\n'}
[0.344875] (pkg_test_cpp_msg) StdoutLine: {'line': b'-- Up-to-date: /home/hycon/workspace/ros2_study/pkg_cpp/install/pkg_test_cpp_msg/include/pkg_test_cpp_msg/pkg_test_cpp_msg/msg\n'}
[0.345022] (pkg_test_cpp_msg) StdoutLine: {'line': b'-- Up-to-date: /home/hycon/workspace/ros2_study/pkg_cpp/install/pkg_test_cpp_msg/include/pkg_test_cpp_msg/pkg_test_cpp_msg/msg/detail\n'}
[0.345117] (pkg_test_cpp_msg) StdoutLine: {'line': b'-- Up-to-date: /home/hycon/workspace/ros2_study/pkg_cpp/install/pkg_test_cpp_msg/include/pkg_test_cpp_msg/pkg_test_cpp_msg/msg/detail/cmd_and_pose_vel__functions.c\n'}
[0.345218] (pkg_test_cpp_msg) StdoutLine: {'line': b'-- Up-to-date: /home/hycon/workspace/ros2_study/pkg_cpp/install/pkg_test_cpp_msg/include/pkg_test_cpp_msg/pkg_test_cpp_msg/msg/detail/cmd_and_pose_vel__functions.h\n'}
[0.345371] (pkg_test_cpp_msg) StdoutLine: {'line': b'-- Up-to-date: /home/hycon/workspace/ros2_study/pkg_cpp/install/pkg_test_cpp_msg/include/pkg_test_cpp_msg/pkg_test_cpp_msg/msg/detail/cmd_and_pose_vel__type_support.h\n'}
[0.345520] (pkg_test_cpp_msg) StdoutLine: {'line': b'-- Up-to-date: /home/hycon/workspace/ros2_study/pkg_cpp/install/pkg_test_cpp_msg/include/pkg_test_cpp_msg/pkg_test_cpp_msg/msg/detail/cmd_and_pose_vel__struct.h\n'}
[0.345614] (pkg_test_cpp_msg) StdoutLine: {'line': b'-- Up-to-date: /home/hycon/workspace/ros2_study/pkg_cpp/install/pkg_test_cpp_msg/include/pkg_test_cpp_msg/pkg_test_cpp_msg/msg/rosidl_generator_c__visibility_control.h\n'}
[0.345757] (pkg_test_cpp_msg) StdoutLine: {'line': b'-- Up-to-date: /home/hycon/workspace/ros2_study/pkg_cpp/install/pkg_test_cpp_msg/include/pkg_test_cpp_msg/pkg_test_cpp_msg/msg/cmd_and_pose_vel.h\n'}
[0.345847] (pkg_test_cpp_msg) StdoutLine: {'line': b'-- Up-to-date: /home/hycon/workspace/ros2_study/pkg_cpp/install/pkg_test_cpp_msg/include/pkg_test_cpp_msg/pkg_test_cpp_msg/srv\n'}
[0.345939] (pkg_test_cpp_msg) StdoutLine: {'line': b'-- Up-to-date: /home/hycon/workspace/ros2_study/pkg_cpp/install/pkg_test_cpp_msg/include/pkg_test_cpp_msg/pkg_test_cpp_msg/srv/detail\n'}
[0.346071] (pkg_test_cpp_msg) StdoutLine: {'line': b'-- Up-to-date: /home/hycon/workspace/ros2_study/pkg_cpp/install/pkg_test_cpp_msg/include/pkg_test_cpp_msg/pkg_test_cpp_msg/srv/detail/multi_spawn__functions.h\n'}
[0.346166] (pkg_test_cpp_msg) StdoutLine: {'line': b'-- Up-to-date: /home/hycon/workspace/ros2_study/pkg_cpp/install/pkg_test_cpp_msg/include/pkg_test_cpp_msg/pkg_test_cpp_msg/srv/detail/multi_spawn__type_support.h\n'}
[0.346266] (pkg_test_cpp_msg) StdoutLine: {'line': b'-- Up-to-date: /home/hycon/workspace/ros2_study/pkg_cpp/install/pkg_test_cpp_msg/include/pkg_test_cpp_msg/pkg_test_cpp_msg/srv/detail/multi_spawn__functions.c\n'}
[0.346434] (pkg_test_cpp_msg) StdoutLine: {'line': b'-- Up-to-date: /home/hycon/workspace/ros2_study/pkg_cpp/install/pkg_test_cpp_msg/include/pkg_test_cpp_msg/pkg_test_cpp_msg/srv/detail/multi_spawn__struct.h\n'}
[0.346521] (pkg_test_cpp_msg) StdoutLine: {'line': b'-- Up-to-date: /home/hycon/workspace/ros2_study/pkg_cpp/install/pkg_test_cpp_msg/include/pkg_test_cpp_msg/pkg_test_cpp_msg/srv/multi_spawn.h\n'}
[0.346617] (pkg_test_cpp_msg) StdoutLine: {'line': b'-- Up-to-date: /home/hycon/workspace/ros2_study/pkg_cpp/install/pkg_test_cpp_msg/share/pkg_test_cpp_msg/environment/library_path.sh\n'}
[0.346705] (pkg_test_cpp_msg) StdoutLine: {'line': b'-- Up-to-date: /home/hycon/workspace/ros2_study/pkg_cpp/install/pkg_test_cpp_msg/share/pkg_test_cpp_msg/environment/library_path.dsv\n'}
[0.346830] (pkg_test_cpp_msg) StdoutLine: {'line': b'-- Up-to-date: /home/hycon/workspace/ros2_study/pkg_cpp/install/pkg_test_cpp_msg/lib/libpkg_test_cpp_msg__rosidl_generator_c.so\n'}
[0.346918] (pkg_test_cpp_msg) StdoutLine: {'line': b'-- Up-to-date: /home/hycon/workspace/ros2_study/pkg_cpp/install/pkg_test_cpp_msg/include/pkg_test_cpp_msg/pkg_test_cpp_msg\n'}
[0.347003] (pkg_test_cpp_msg) StdoutLine: {'line': b'-- Up-to-date: /home/hycon/workspace/ros2_study/pkg_cpp/install/pkg_test_cpp_msg/include/pkg_test_cpp_msg/pkg_test_cpp_msg/msg\n'}
[0.347089] (pkg_test_cpp_msg) StdoutLine: {'line': b'-- Up-to-date: /home/hycon/workspace/ros2_study/pkg_cpp/install/pkg_test_cpp_msg/include/pkg_test_cpp_msg/pkg_test_cpp_msg/msg/detail\n'}
[0.347309] (pkg_test_cpp_msg) StdoutLine: {'line': b'-- Up-to-date: /home/hycon/workspace/ros2_study/pkg_cpp/install/pkg_test_cpp_msg/include/pkg_test_cpp_msg/pkg_test_cpp_msg/msg/detail/cmd_and_pose_vel__rosidl_typesupport_fastrtps_c.h\n'}
[0.347500] (pkg_test_cpp_msg) StdoutLine: {'line': b'-- Up-to-date: /home/hycon/workspace/ros2_study/pkg_cpp/install/pkg_test_cpp_msg/include/pkg_test_cpp_msg/pkg_test_cpp_msg/msg/rosidl_typesupport_fastrtps_c__visibility_control.h\n'}
[0.347601] (pkg_test_cpp_msg) StdoutLine: {'line': b'-- Up-to-date: /home/hycon/workspace/ros2_study/pkg_cpp/install/pkg_test_cpp_msg/include/pkg_test_cpp_msg/pkg_test_cpp_msg/srv\n'}
[0.347781] (pkg_test_cpp_msg) StdoutLine: {'line': b'-- Up-to-date: /home/hycon/workspace/ros2_study/pkg_cpp/install/pkg_test_cpp_msg/include/pkg_test_cpp_msg/pkg_test_cpp_msg/srv/detail\n'}
[0.347946] (pkg_test_cpp_msg) StdoutLine: {'line': b'-- Up-to-date: /home/hycon/workspace/ros2_study/pkg_cpp/install/pkg_test_cpp_msg/include/pkg_test_cpp_msg/pkg_test_cpp_msg/srv/detail/multi_spawn__rosidl_typesupport_fastrtps_c.h\n'}
[0.348039] (pkg_test_cpp_msg) StdoutLine: {'line': b'-- Up-to-date: /home/hycon/workspace/ros2_study/pkg_cpp/install/pkg_test_cpp_msg/lib/libpkg_test_cpp_msg__rosidl_typesupport_fastrtps_c.so\n'}
[0.348155] (pkg_test_cpp_msg) StdoutLine: {'line': b'-- Up-to-date: /home/hycon/workspace/ros2_study/pkg_cpp/install/pkg_test_cpp_msg/include/pkg_test_cpp_msg/pkg_test_cpp_msg\n'}
[0.348255] (pkg_test_cpp_msg) StdoutLine: {'line': b'-- Up-to-date: /home/hycon/workspace/ros2_study/pkg_cpp/install/pkg_test_cpp_msg/include/pkg_test_cpp_msg/pkg_test_cpp_msg/msg\n'}
[0.348399] (pkg_test_cpp_msg) StdoutLine: {'line': b'-- Up-to-date: /home/hycon/workspace/ros2_study/pkg_cpp/install/pkg_test_cpp_msg/include/pkg_test_cpp_msg/pkg_test_cpp_msg/msg/detail\n'}
[0.348493] (pkg_test_cpp_msg) StdoutLine: {'line': b'-- Up-to-date: /home/hycon/workspace/ros2_study/pkg_cpp/install/pkg_test_cpp_msg/include/pkg_test_cpp_msg/pkg_test_cpp_msg/msg/detail/cmd_and_pose_vel__rosidl_typesupport_introspection_c.h\n'}
[0.348587] (pkg_test_cpp_msg) StdoutLine: {'line': b'-- Up-to-date: /home/hycon/workspace/ros2_study/pkg_cpp/install/pkg_test_cpp_msg/include/pkg_test_cpp_msg/pkg_test_cpp_msg/msg/detail/cmd_and_pose_vel__type_support.c\n'}
[0.348677] (pkg_test_cpp_msg) StdoutLine: {'line': b'-- Up-to-date: /home/hycon/workspace/ros2_study/pkg_cpp/install/pkg_test_cpp_msg/include/pkg_test_cpp_msg/pkg_test_cpp_msg/msg/rosidl_typesupport_introspection_c__visibility_control.h\n'}
[0.348767] (pkg_test_cpp_msg) StdoutLine: {'line': b'-- Up-to-date: /home/hycon/workspace/ros2_study/pkg_cpp/install/pkg_test_cpp_msg/include/pkg_test_cpp_msg/pkg_test_cpp_msg/srv\n'}
[0.348893] (pkg_test_cpp_msg) StdoutLine: {'line': b'-- Up-to-date: /home/hycon/workspace/ros2_study/pkg_cpp/install/pkg_test_cpp_msg/include/pkg_test_cpp_msg/pkg_test_cpp_msg/srv/detail\n'}
[0.349025] (pkg_test_cpp_msg) StdoutLine: {'line': b'-- Up-to-date: /home/hycon/workspace/ros2_study/pkg_cpp/install/pkg_test_cpp_msg/include/pkg_test_cpp_msg/pkg_test_cpp_msg/srv/detail/multi_spawn__rosidl_typesupport_introspection_c.h\n'}
[0.349119] (pkg_test_cpp_msg) StdoutLine: {'line': b'-- Up-to-date: /home/hycon/workspace/ros2_study/pkg_cpp/install/pkg_test_cpp_msg/include/pkg_test_cpp_msg/pkg_test_cpp_msg/srv/detail/multi_spawn__type_support.c\n'}
[0.349227] (pkg_test_cpp_msg) StdoutLine: {'line': b'-- Up-to-date: /home/hycon/workspace/ros2_study/pkg_cpp/install/pkg_test_cpp_msg/lib/libpkg_test_cpp_msg__rosidl_typesupport_introspection_c.so\n'}
[0.349324] (pkg_test_cpp_msg) StdoutLine: {'line': b'-- Up-to-date: /home/hycon/workspace/ros2_study/pkg_cpp/install/pkg_test_cpp_msg/lib/libpkg_test_cpp_msg__rosidl_typesupport_c.so\n'}
[0.349444] (pkg_test_cpp_msg) StdoutLine: {'line': b'-- Up-to-date: /home/hycon/workspace/ros2_study/pkg_cpp/install/pkg_test_cpp_msg/include/pkg_test_cpp_msg/pkg_test_cpp_msg\n'}
[0.349535] (pkg_test_cpp_msg) StdoutLine: {'line': b'-- Up-to-date: /home/hycon/workspace/ros2_study/pkg_cpp/install/pkg_test_cpp_msg/include/pkg_test_cpp_msg/pkg_test_cpp_msg/msg\n'}
[0.349627] (pkg_test_cpp_msg) StdoutLine: {'line': b'-- Up-to-date: /home/hycon/workspace/ros2_study/pkg_cpp/install/pkg_test_cpp_msg/include/pkg_test_cpp_msg/pkg_test_cpp_msg/msg/rosidl_generator_cpp__visibility_control.hpp\n'}
[0.349715] (pkg_test_cpp_msg) StdoutLine: {'line': b'-- Up-to-date: /home/hycon/workspace/ros2_study/pkg_cpp/install/pkg_test_cpp_msg/include/pkg_test_cpp_msg/pkg_test_cpp_msg/msg/detail\n'}
[0.349805] (pkg_test_cpp_msg) StdoutLine: {'line': b'-- Up-to-date: /home/hycon/workspace/ros2_study/pkg_cpp/install/pkg_test_cpp_msg/include/pkg_test_cpp_msg/pkg_test_cpp_msg/msg/detail/cmd_and_pose_vel__builder.hpp\n'}
[0.349943] (pkg_test_cpp_msg) StdoutLine: {'line': b'-- Up-to-date: /home/hycon/workspace/ros2_study/pkg_cpp/install/pkg_test_cpp_msg/include/pkg_test_cpp_msg/pkg_test_cpp_msg/msg/detail/cmd_and_pose_vel__traits.hpp\n'}
[0.350059] (pkg_test_cpp_msg) StdoutLine: {'line': b'-- Up-to-date: /home/hycon/workspace/ros2_study/pkg_cpp/install/pkg_test_cpp_msg/include/pkg_test_cpp_msg/pkg_test_cpp_msg/msg/detail/cmd_and_pose_vel__type_support.hpp\n'}
[0.350158] (pkg_test_cpp_msg) StdoutLine: {'line': b'-- Up-to-date: /home/hycon/workspace/ros2_study/pkg_cpp/install/pkg_test_cpp_msg/include/pkg_test_cpp_msg/pkg_test_cpp_msg/msg/detail/cmd_and_pose_vel__struct.hpp\n'}
[0.350250] (pkg_test_cpp_msg) StdoutLine: {'line': b'-- Up-to-date: /home/hycon/workspace/ros2_study/pkg_cpp/install/pkg_test_cpp_msg/include/pkg_test_cpp_msg/pkg_test_cpp_msg/msg/cmd_and_pose_vel.hpp\n'}
[0.350393] (pkg_test_cpp_msg) StdoutLine: {'line': b'-- Up-to-date: /home/hycon/workspace/ros2_study/pkg_cpp/install/pkg_test_cpp_msg/include/pkg_test_cpp_msg/pkg_test_cpp_msg/srv\n'}
[0.350480] (pkg_test_cpp_msg) StdoutLine: {'line': b'-- Up-to-date: /home/hycon/workspace/ros2_study/pkg_cpp/install/pkg_test_cpp_msg/include/pkg_test_cpp_msg/pkg_test_cpp_msg/srv/detail\n'}
[0.350566] (pkg_test_cpp_msg) StdoutLine: {'line': b'-- Up-to-date: /home/hycon/workspace/ros2_study/pkg_cpp/install/pkg_test_cpp_msg/include/pkg_test_cpp_msg/pkg_test_cpp_msg/srv/detail/multi_spawn__struct.hpp\n'}
[0.350655] (pkg_test_cpp_msg) StdoutLine: {'line': b'-- Up-to-date: /home/hycon/workspace/ros2_study/pkg_cpp/install/pkg_test_cpp_msg/include/pkg_test_cpp_msg/pkg_test_cpp_msg/srv/detail/multi_spawn__type_support.hpp\n'}
[0.350745] (pkg_test_cpp_msg) StdoutLine: {'line': b'-- Up-to-date: /home/hycon/workspace/ros2_study/pkg_cpp/install/pkg_test_cpp_msg/include/pkg_test_cpp_msg/pkg_test_cpp_msg/srv/detail/multi_spawn__traits.hpp\n'}
[0.350855] (pkg_test_cpp_msg) StdoutLine: {'line': b'-- Up-to-date: /home/hycon/workspace/ros2_study/pkg_cpp/install/pkg_test_cpp_msg/include/pkg_test_cpp_msg/pkg_test_cpp_msg/srv/detail/multi_spawn__builder.hpp\n'}
[0.350991] (pkg_test_cpp_msg) StdoutLine: {'line': b'-- Up-to-date: /home/hycon/workspace/ros2_study/pkg_cpp/install/pkg_test_cpp_msg/include/pkg_test_cpp_msg/pkg_test_cpp_msg/srv/multi_spawn.hpp\n'}
[0.351076] (pkg_test_cpp_msg) StdoutLine: {'line': b'-- Up-to-date: /home/hycon/workspace/ros2_study/pkg_cpp/install/pkg_test_cpp_msg/include/pkg_test_cpp_msg/pkg_test_cpp_msg\n'}
[0.351158] (pkg_test_cpp_msg) StdoutLine: {'line': b'-- Up-to-date: /home/hycon/workspace/ros2_study/pkg_cpp/install/pkg_test_cpp_msg/include/pkg_test_cpp_msg/pkg_test_cpp_msg/msg\n'}
[0.351248] (pkg_test_cpp_msg) StdoutLine: {'line': b'-- Up-to-date: /home/hycon/workspace/ros2_study/pkg_cpp/install/pkg_test_cpp_msg/include/pkg_test_cpp_msg/pkg_test_cpp_msg/msg/rosidl_typesupport_fastrtps_cpp__visibility_control.h\n'}
[0.351342] (pkg_test_cpp_msg) StdoutLine: {'line': b'-- Up-to-date: /home/hycon/workspace/ros2_study/pkg_cpp/install/pkg_test_cpp_msg/include/pkg_test_cpp_msg/pkg_test_cpp_msg/msg/detail\n'}
[0.351427] (pkg_test_cpp_msg) StdoutLine: {'line': b'-- Up-to-date: /home/hycon/workspace/ros2_study/pkg_cpp/install/pkg_test_cpp_msg/include/pkg_test_cpp_msg/pkg_test_cpp_msg/msg/detail/dds_fastrtps\n'}
[0.351513] (pkg_test_cpp_msg) StdoutLine: {'line': b'-- Up-to-date: /home/hycon/workspace/ros2_study/pkg_cpp/install/pkg_test_cpp_msg/include/pkg_test_cpp_msg/pkg_test_cpp_msg/msg/detail/cmd_and_pose_vel__rosidl_typesupport_fastrtps_cpp.hpp\n'}
[0.351591] (pkg_test_cpp_msg) StdoutLine: {'line': b'-- Up-to-date: /home/hycon/workspace/ros2_study/pkg_cpp/install/pkg_test_cpp_msg/include/pkg_test_cpp_msg/pkg_test_cpp_msg/srv\n'}
[0.351676] (pkg_test_cpp_msg) StdoutLine: {'line': b'-- Up-to-date: /home/hycon/workspace/ros2_study/pkg_cpp/install/pkg_test_cpp_msg/include/pkg_test_cpp_msg/pkg_test_cpp_msg/srv/detail\n'}
[0.351756] (pkg_test_cpp_msg) StdoutLine: {'line': b'-- Up-to-date: /home/hycon/workspace/ros2_study/pkg_cpp/install/pkg_test_cpp_msg/include/pkg_test_cpp_msg/pkg_test_cpp_msg/srv/detail/dds_fastrtps\n'}
[0.351839] (pkg_test_cpp_msg) StdoutLine: {'line': b'-- Up-to-date: /home/hycon/workspace/ros2_study/pkg_cpp/install/pkg_test_cpp_msg/include/pkg_test_cpp_msg/pkg_test_cpp_msg/srv/detail/multi_spawn__rosidl_typesupport_fastrtps_cpp.hpp\n'}
[0.351923] (pkg_test_cpp_msg) StdoutLine: {'line': b'-- Up-to-date: /home/hycon/workspace/ros2_study/pkg_cpp/install/pkg_test_cpp_msg/lib/libpkg_test_cpp_msg__rosidl_typesupport_fastrtps_cpp.so\n'}
[0.352007] (pkg_test_cpp_msg) StdoutLine: {'line': b'-- Up-to-date: /home/hycon/workspace/ros2_study/pkg_cpp/install/pkg_test_cpp_msg/include/pkg_test_cpp_msg/pkg_test_cpp_msg\n'}
[0.352094] (pkg_test_cpp_msg) StdoutLine: {'line': b'-- Up-to-date: /home/hycon/workspace/ros2_study/pkg_cpp/install/pkg_test_cpp_msg/include/pkg_test_cpp_msg/pkg_test_cpp_msg/msg\n'}
[0.352178] (pkg_test_cpp_msg) StdoutLine: {'line': b'-- Up-to-date: /home/hycon/workspace/ros2_study/pkg_cpp/install/pkg_test_cpp_msg/include/pkg_test_cpp_msg/pkg_test_cpp_msg/msg/detail\n'}
[0.352272] (pkg_test_cpp_msg) StdoutLine: {'line': b'-- Up-to-date: /home/hycon/workspace/ros2_study/pkg_cpp/install/pkg_test_cpp_msg/include/pkg_test_cpp_msg/pkg_test_cpp_msg/msg/detail/cmd_and_pose_vel__type_support.cpp\n'}
[0.352360] (pkg_test_cpp_msg) StdoutLine: {'line': b'-- Up-to-date: /home/hycon/workspace/ros2_study/pkg_cpp/install/pkg_test_cpp_msg/include/pkg_test_cpp_msg/pkg_test_cpp_msg/msg/detail/cmd_and_pose_vel__rosidl_typesupport_introspection_cpp.hpp\n'}
[0.352446] (pkg_test_cpp_msg) StdoutLine: {'line': b'-- Up-to-date: /home/hycon/workspace/ros2_study/pkg_cpp/install/pkg_test_cpp_msg/include/pkg_test_cpp_msg/pkg_test_cpp_msg/srv\n'}
[0.352539] (pkg_test_cpp_msg) StdoutLine: {'line': b'-- Up-to-date: /home/hycon/workspace/ros2_study/pkg_cpp/install/pkg_test_cpp_msg/include/pkg_test_cpp_msg/pkg_test_cpp_msg/srv/detail\n'}
[0.352624] (pkg_test_cpp_msg) StdoutLine: {'line': b'-- Up-to-date: /home/hycon/workspace/ros2_study/pkg_cpp/install/pkg_test_cpp_msg/include/pkg_test_cpp_msg/pkg_test_cpp_msg/srv/detail/multi_spawn__type_support.cpp\n'}
[0.352709] (pkg_test_cpp_msg) StdoutLine: {'line': b'-- Up-to-date: /home/hycon/workspace/ros2_study/pkg_cpp/install/pkg_test_cpp_msg/include/pkg_test_cpp_msg/pkg_test_cpp_msg/srv/detail/multi_spawn__rosidl_typesupport_introspection_cpp.hpp\n'}
[0.352793] (pkg_test_cpp_msg) StdoutLine: {'line': b'-- Up-to-date: /home/hycon/workspace/ros2_study/pkg_cpp/install/pkg_test_cpp_msg/lib/libpkg_test_cpp_msg__rosidl_typesupport_introspection_cpp.so\n'}
[0.352873] (pkg_test_cpp_msg) StdoutLine: {'line': b'-- Up-to-date: /home/hycon/workspace/ros2_study/pkg_cpp/install/pkg_test_cpp_msg/lib/libpkg_test_cpp_msg__rosidl_typesupport_cpp.so\n'}
[0.352951] (pkg_test_cpp_msg) StdoutLine: {'line': b'-- Up-to-date: /home/hycon/workspace/ros2_study/pkg_cpp/install/pkg_test_cpp_msg/share/pkg_test_cpp_msg/environment/pythonpath.sh\n'}
[0.353031] (pkg_test_cpp_msg) StdoutLine: {'line': b'-- Up-to-date: /home/hycon/workspace/ros2_study/pkg_cpp/install/pkg_test_cpp_msg/share/pkg_test_cpp_msg/environment/pythonpath.dsv\n'}
[0.353111] (pkg_test_cpp_msg) StdoutLine: {'line': b'-- Up-to-date: /home/hycon/workspace/ros2_study/pkg_cpp/install/pkg_test_cpp_msg/local/lib/python3.10/dist-packages/pkg_test_cpp_msg-0.0.0-py3.10.egg-info\n'}
[0.353191] (pkg_test_cpp_msg) StdoutLine: {'line': b'-- Installing: /home/hycon/workspace/ros2_study/pkg_cpp/install/pkg_test_cpp_msg/local/lib/python3.10/dist-packages/pkg_test_cpp_msg-0.0.0-py3.10.egg-info/dependency_links.txt\n'}
[0.353279] (pkg_test_cpp_msg) StdoutLine: {'line': b'-- Installing: /home/hycon/workspace/ros2_study/pkg_cpp/install/pkg_test_cpp_msg/local/lib/python3.10/dist-packages/pkg_test_cpp_msg-0.0.0-py3.10.egg-info/SOURCES.txt\n'}
[0.353366] (pkg_test_cpp_msg) StdoutLine: {'line': b'-- Installing: /home/hycon/workspace/ros2_study/pkg_cpp/install/pkg_test_cpp_msg/local/lib/python3.10/dist-packages/pkg_test_cpp_msg-0.0.0-py3.10.egg-info/top_level.txt\n'}
[0.353448] (pkg_test_cpp_msg) StdoutLine: {'line': b'-- Installing: /home/hycon/workspace/ros2_study/pkg_cpp/install/pkg_test_cpp_msg/local/lib/python3.10/dist-packages/pkg_test_cpp_msg-0.0.0-py3.10.egg-info/PKG-INFO\n'}
[0.353530] (pkg_test_cpp_msg) StdoutLine: {'line': b'-- Up-to-date: /home/hycon/workspace/ros2_study/pkg_cpp/install/pkg_test_cpp_msg/local/lib/python3.10/dist-packages/pkg_test_cpp_msg\n'}
[0.353611] (pkg_test_cpp_msg) StdoutLine: {'line': b'-- Up-to-date: /home/hycon/workspace/ros2_study/pkg_cpp/install/pkg_test_cpp_msg/local/lib/python3.10/dist-packages/pkg_test_cpp_msg/libpkg_test_cpp_msg__rosidl_generator_py.so\n'}
[0.353690] (pkg_test_cpp_msg) StdoutLine: {'line': b'-- Up-to-date: /home/hycon/workspace/ros2_study/pkg_cpp/install/pkg_test_cpp_msg/local/lib/python3.10/dist-packages/pkg_test_cpp_msg/pkg_test_cpp_msg_s__rosidl_typesupport_introspection_c.cpython-310-x86_64-linux-gnu.so\n'}
[0.353790] (pkg_test_cpp_msg) StdoutLine: {'line': b'-- Up-to-date: /home/hycon/workspace/ros2_study/pkg_cpp/install/pkg_test_cpp_msg/local/lib/python3.10/dist-packages/pkg_test_cpp_msg/__init__.py\n'}
[0.353871] (pkg_test_cpp_msg) StdoutLine: {'line': b'-- Up-to-date: /home/hycon/workspace/ros2_study/pkg_cpp/install/pkg_test_cpp_msg/local/lib/python3.10/dist-packages/pkg_test_cpp_msg/pkg_test_cpp_msg_s__rosidl_typesupport_fastrtps_c.cpython-310-x86_64-linux-gnu.so\n'}
[0.353959] (pkg_test_cpp_msg) StdoutLine: {'line': b'-- Up-to-date: /home/hycon/workspace/ros2_study/pkg_cpp/install/pkg_test_cpp_msg/local/lib/python3.10/dist-packages/pkg_test_cpp_msg/_pkg_test_cpp_msg_s.ep.rosidl_typesupport_fastrtps_c.c\n'}
[0.354037] (pkg_test_cpp_msg) StdoutLine: {'line': b'-- Up-to-date: /home/hycon/workspace/ros2_study/pkg_cpp/install/pkg_test_cpp_msg/local/lib/python3.10/dist-packages/pkg_test_cpp_msg/_pkg_test_cpp_msg_s.ep.rosidl_typesupport_introspection_c.c\n'}
[0.354119] (pkg_test_cpp_msg) StdoutLine: {'line': b'-- Up-to-date: /home/hycon/workspace/ros2_study/pkg_cpp/install/pkg_test_cpp_msg/local/lib/python3.10/dist-packages/pkg_test_cpp_msg/pkg_test_cpp_msg_s__rosidl_typesupport_c.cpython-310-x86_64-linux-gnu.so\n'}
[0.354202] (pkg_test_cpp_msg) StdoutLine: {'line': b'-- Up-to-date: /home/hycon/workspace/ros2_study/pkg_cpp/install/pkg_test_cpp_msg/local/lib/python3.10/dist-packages/pkg_test_cpp_msg/_pkg_test_cpp_msg_s.ep.rosidl_typesupport_c.c\n'}
[0.354293] (pkg_test_cpp_msg) StdoutLine: {'line': b'-- Up-to-date: /home/hycon/workspace/ros2_study/pkg_cpp/install/pkg_test_cpp_msg/local/lib/python3.10/dist-packages/pkg_test_cpp_msg/msg\n'}
[0.354378] (pkg_test_cpp_msg) StdoutLine: {'line': b'-- Up-to-date: /home/hycon/workspace/ros2_study/pkg_cpp/install/pkg_test_cpp_msg/local/lib/python3.10/dist-packages/pkg_test_cpp_msg/msg/_cmd_and_pose_vel_s.c\n'}
[0.354463] (pkg_test_cpp_msg) StdoutLine: {'line': b'-- Up-to-date: /home/hycon/workspace/ros2_study/pkg_cpp/install/pkg_test_cpp_msg/local/lib/python3.10/dist-packages/pkg_test_cpp_msg/msg/__init__.py\n'}
[0.354544] (pkg_test_cpp_msg) StdoutLine: {'line': b'-- Up-to-date: /home/hycon/workspace/ros2_study/pkg_cpp/install/pkg_test_cpp_msg/local/lib/python3.10/dist-packages/pkg_test_cpp_msg/msg/_cmd_and_pose_vel.py\n'}
[0.354634] (pkg_test_cpp_msg) StdoutLine: {'line': b'-- Up-to-date: /home/hycon/workspace/ros2_study/pkg_cpp/install/pkg_test_cpp_msg/local/lib/python3.10/dist-packages/pkg_test_cpp_msg/srv\n'}
[0.354714] (pkg_test_cpp_msg) StdoutLine: {'line': b'-- Up-to-date: /home/hycon/workspace/ros2_study/pkg_cpp/install/pkg_test_cpp_msg/local/lib/python3.10/dist-packages/pkg_test_cpp_msg/srv/_multi_spawn_s.c\n'}
[0.354793] (pkg_test_cpp_msg) StdoutLine: {'line': b'-- Up-to-date: /home/hycon/workspace/ros2_study/pkg_cpp/install/pkg_test_cpp_msg/local/lib/python3.10/dist-packages/pkg_test_cpp_msg/srv/__init__.py\n'}
[0.354873] (pkg_test_cpp_msg) StdoutLine: {'line': b'-- Up-to-date: /home/hycon/workspace/ros2_study/pkg_cpp/install/pkg_test_cpp_msg/local/lib/python3.10/dist-packages/pkg_test_cpp_msg/srv/_multi_spawn.py\n'}
[0.386395] (pkg_test_cpp_msg) StdoutLine: {'line': b"Listing '/home/hycon/workspace/ros2_study/pkg_cpp/install/pkg_test_cpp_msg/local/lib/python3.10/dist-packages/pkg_test_cpp_msg'...\n"}
[0.386619] (pkg_test_cpp_msg) StdoutLine: {'line': b"Listing '/home/hycon/workspace/ros2_study/pkg_cpp/install/pkg_test_cpp_msg/local/lib/python3.10/dist-packages/pkg_test_cpp_msg/msg'...\n"}
[0.386715] (pkg_test_cpp_msg) StdoutLine: {'line': b"Listing '/home/hycon/workspace/ros2_study/pkg_cpp/install/pkg_test_cpp_msg/local/lib/python3.10/dist-packages/pkg_test_cpp_msg/srv'...\n"}
[0.392013] (pkg_test_cpp_msg) StdoutLine: {'line': b'-- Up-to-date: /home/hycon/workspace/ros2_study/pkg_cpp/install/pkg_test_cpp_msg/local/lib/python3.10/dist-packages/pkg_test_cpp_msg/pkg_test_cpp_msg_s__rosidl_typesupport_fastrtps_c.cpython-310-x86_64-linux-gnu.so\n'}
[0.392221] (pkg_test_cpp_msg) StdoutLine: {'line': b'-- Up-to-date: /home/hycon/workspace/ros2_study/pkg_cpp/install/pkg_test_cpp_msg/local/lib/python3.10/dist-packages/pkg_test_cpp_msg/pkg_test_cpp_msg_s__rosidl_typesupport_introspection_c.cpython-310-x86_64-linux-gnu.so\n'}
[0.392355] (pkg_test_cpp_msg) StdoutLine: {'line': b'-- Up-to-date: /home/hycon/workspace/ros2_study/pkg_cpp/install/pkg_test_cpp_msg/local/lib/python3.10/dist-packages/pkg_test_cpp_msg/pkg_test_cpp_msg_s__rosidl_typesupport_c.cpython-310-x86_64-linux-gnu.so\n'}
[0.392477] (pkg_test_cpp_msg) StdoutLine: {'line': b'-- Up-to-date: /home/hycon/workspace/ros2_study/pkg_cpp/install/pkg_test_cpp_msg/lib/libpkg_test_cpp_msg__rosidl_generator_py.so\n'}
[0.392566] (pkg_test_cpp_msg) StdoutLine: {'line': b'-- Up-to-date: /home/hycon/workspace/ros2_study/pkg_cpp/install/pkg_test_cpp_msg/share/pkg_test_cpp_msg/msg/CmdAndPoseVel.idl\n'}
[0.392678] (pkg_test_cpp_msg) StdoutLine: {'line': b'-- Up-to-date: /home/hycon/workspace/ros2_study/pkg_cpp/install/pkg_test_cpp_msg/share/pkg_test_cpp_msg/srv/MultiSpawn.idl\n'}
[0.392865] (pkg_test_cpp_msg) StdoutLine: {'line': b'-- Up-to-date: /home/hycon/workspace/ros2_study/pkg_cpp/install/pkg_test_cpp_msg/share/pkg_test_cpp_msg/msg/CmdAndPoseVel.msg\n'}
[0.393050] (pkg_test_cpp_msg) StdoutLine: {'line': b'-- Up-to-date: /home/hycon/workspace/ros2_study/pkg_cpp/install/pkg_test_cpp_msg/share/pkg_test_cpp_msg/srv/MultiSpawn.srv\n'}
[0.393211] (pkg_test_cpp_msg) StdoutLine: {'line': b'-- Up-to-date: /home/hycon/workspace/ros2_study/pkg_cpp/install/pkg_test_cpp_msg/share/pkg_test_cpp_msg/srv/MultiSpawn_Request.msg\n'}
[0.393366] (pkg_test_cpp_msg) StdoutLine: {'line': b'-- Up-to-date: /home/hycon/workspace/ros2_study/pkg_cpp/install/pkg_test_cpp_msg/share/pkg_test_cpp_msg/srv/MultiSpawn_Response.msg\n'}
[0.393480] (pkg_test_cpp_msg) StdoutLine: {'line': b'-- Up-to-date: /home/hycon/workspace/ros2_study/pkg_cpp/install/pkg_test_cpp_msg/share/ament_index/resource_index/package_run_dependencies/pkg_test_cpp_msg\n'}
[0.393571] (pkg_test_cpp_msg) StdoutLine: {'line': b'-- Up-to-date: /home/hycon/workspace/ros2_study/pkg_cpp/install/pkg_test_cpp_msg/share/ament_index/resource_index/parent_prefix_path/pkg_test_cpp_msg\n'}
[0.393659] (pkg_test_cpp_msg) StdoutLine: {'line': b'-- Up-to-date: /home/hycon/workspace/ros2_study/pkg_cpp/install/pkg_test_cpp_msg/share/pkg_test_cpp_msg/environment/ament_prefix_path.sh\n'}
[0.393745] (pkg_test_cpp_msg) StdoutLine: {'line': b'-- Up-to-date: /home/hycon/workspace/ros2_study/pkg_cpp/install/pkg_test_cpp_msg/share/pkg_test_cpp_msg/environment/ament_prefix_path.dsv\n'}
[0.393830] (pkg_test_cpp_msg) StdoutLine: {'line': b'-- Up-to-date: /home/hycon/workspace/ros2_study/pkg_cpp/install/pkg_test_cpp_msg/share/pkg_test_cpp_msg/environment/path.sh\n'}
[0.393930] (pkg_test_cpp_msg) StdoutLine: {'line': b'-- Up-to-date: /home/hycon/workspace/ros2_study/pkg_cpp/install/pkg_test_cpp_msg/share/pkg_test_cpp_msg/environment/path.dsv\n'}
[0.394016] (pkg_test_cpp_msg) StdoutLine: {'line': b'-- Up-to-date: /home/hycon/workspace/ros2_study/pkg_cpp/install/pkg_test_cpp_msg/share/pkg_test_cpp_msg/local_setup.bash\n'}
[0.394100] (pkg_test_cpp_msg) StdoutLine: {'line': b'-- Up-to-date: /home/hycon/workspace/ros2_study/pkg_cpp/install/pkg_test_cpp_msg/share/pkg_test_cpp_msg/local_setup.sh\n'}
[0.394184] (pkg_test_cpp_msg) StdoutLine: {'line': b'-- Up-to-date: /home/hycon/workspace/ros2_study/pkg_cpp/install/pkg_test_cpp_msg/share/pkg_test_cpp_msg/local_setup.zsh\n'}
[0.394329] (pkg_test_cpp_msg) StdoutLine: {'line': b'-- Up-to-date: /home/hycon/workspace/ros2_study/pkg_cpp/install/pkg_test_cpp_msg/share/pkg_test_cpp_msg/local_setup.dsv\n'}
[0.394417] (pkg_test_cpp_msg) StdoutLine: {'line': b'-- Installing: /home/hycon/workspace/ros2_study/pkg_cpp/install/pkg_test_cpp_msg/share/pkg_test_cpp_msg/package.dsv\n'}
[0.394498] (pkg_test_cpp_msg) StdoutLine: {'line': b'-- Up-to-date: /home/hycon/workspace/ros2_study/pkg_cpp/install/pkg_test_cpp_msg/share/ament_index/resource_index/packages/pkg_test_cpp_msg\n'}
[0.394591] (pkg_test_cpp_msg) StdoutLine: {'line': b'-- Up-to-date: /home/hycon/workspace/ros2_study/pkg_cpp/install/pkg_test_cpp_msg/share/pkg_test_cpp_msg/cmake/export_pkg_test_cpp_msg__rosidl_generator_cExport.cmake\n'}
[0.394673] (pkg_test_cpp_msg) StdoutLine: {'line': b'-- Up-to-date: /home/hycon/workspace/ros2_study/pkg_cpp/install/pkg_test_cpp_msg/share/pkg_test_cpp_msg/cmake/export_pkg_test_cpp_msg__rosidl_generator_cExport-noconfig.cmake\n'}
[0.394754] (pkg_test_cpp_msg) StdoutLine: {'line': b'-- Up-to-date: /home/hycon/workspace/ros2_study/pkg_cpp/install/pkg_test_cpp_msg/share/pkg_test_cpp_msg/cmake/export_pkg_test_cpp_msg__rosidl_typesupport_fastrtps_cExport.cmake\n'}
[0.394834] (pkg_test_cpp_msg) StdoutLine: {'line': b'-- Up-to-date: /home/hycon/workspace/ros2_study/pkg_cpp/install/pkg_test_cpp_msg/share/pkg_test_cpp_msg/cmake/export_pkg_test_cpp_msg__rosidl_typesupport_fastrtps_cExport-noconfig.cmake\n'}
[0.394914] (pkg_test_cpp_msg) StdoutLine: {'line': b'-- Up-to-date: /home/hycon/workspace/ros2_study/pkg_cpp/install/pkg_test_cpp_msg/share/pkg_test_cpp_msg/cmake/pkg_test_cpp_msg__rosidl_typesupport_introspection_cExport.cmake\n'}
[0.394999] (pkg_test_cpp_msg) StdoutLine: {'line': b'-- Up-to-date: /home/hycon/workspace/ros2_study/pkg_cpp/install/pkg_test_cpp_msg/share/pkg_test_cpp_msg/cmake/pkg_test_cpp_msg__rosidl_typesupport_introspection_cExport-noconfig.cmake\n'}
[0.395083] (pkg_test_cpp_msg) StdoutLine: {'line': b'-- Up-to-date: /home/hycon/workspace/ros2_study/pkg_cpp/install/pkg_test_cpp_msg/share/pkg_test_cpp_msg/cmake/pkg_test_cpp_msg__rosidl_typesupport_cExport.cmake\n'}
[0.395168] (pkg_test_cpp_msg) StdoutLine: {'line': b'-- Up-to-date: /home/hycon/workspace/ros2_study/pkg_cpp/install/pkg_test_cpp_msg/share/pkg_test_cpp_msg/cmake/pkg_test_cpp_msg__rosidl_typesupport_cExport-noconfig.cmake\n'}
[0.395258] (pkg_test_cpp_msg) StdoutLine: {'line': b'-- Up-to-date: /home/hycon/workspace/ros2_study/pkg_cpp/install/pkg_test_cpp_msg/share/pkg_test_cpp_msg/cmake/export_pkg_test_cpp_msg__rosidl_generator_cppExport.cmake\n'}
[0.395579] (pkg_test_cpp_msg) StdoutLine: {'line': b'-- Up-to-date: /home/hycon/workspace/ros2_study/pkg_cpp/install/pkg_test_cpp_msg/share/pkg_test_cpp_msg/cmake/export_pkg_test_cpp_msg__rosidl_typesupport_fastrtps_cppExport.cmake\n'}
[0.395670] (pkg_test_cpp_msg) StdoutLine: {'line': b'-- Up-to-date: /home/hycon/workspace/ros2_study/pkg_cpp/install/pkg_test_cpp_msg/share/pkg_test_cpp_msg/cmake/export_pkg_test_cpp_msg__rosidl_typesupport_fastrtps_cppExport-noconfig.cmake\n'}
[0.395784] (pkg_test_cpp_msg) StdoutLine: {'line': b'-- Up-to-date: /home/hycon/workspace/ros2_study/pkg_cpp/install/pkg_test_cpp_msg/share/pkg_test_cpp_msg/cmake/pkg_test_cpp_msg__rosidl_typesupport_introspection_cppExport.cmake\n'}
[0.396034] (pkg_test_cpp_msg) StdoutLine: {'line': b'-- Up-to-date: /home/hycon/workspace/ros2_study/pkg_cpp/install/pkg_test_cpp_msg/share/pkg_test_cpp_msg/cmake/pkg_test_cpp_msg__rosidl_typesupport_introspection_cppExport-noconfig.cmake\n'}
[0.396570] (pkg_test_cpp_msg) StdoutLine: {'line': b'-- Up-to-date: /home/hycon/workspace/ros2_study/pkg_cpp/install/pkg_test_cpp_msg/share/pkg_test_cpp_msg/cmake/pkg_test_cpp_msg__rosidl_typesupport_cppExport.cmake\n'}
[0.396655] (pkg_test_cpp_msg) StdoutLine: {'line': b'-- Up-to-date: /home/hycon/workspace/ros2_study/pkg_cpp/install/pkg_test_cpp_msg/share/pkg_test_cpp_msg/cmake/pkg_test_cpp_msg__rosidl_typesupport_cppExport-noconfig.cmake\n'}
[0.396693] (pkg_test_cpp_msg) StdoutLine: {'line': b'-- Up-to-date: /home/hycon/workspace/ros2_study/pkg_cpp/install/pkg_test_cpp_msg/share/pkg_test_cpp_msg/cmake/export_pkg_test_cpp_msg__rosidl_generator_pyExport.cmake\n'}
[0.396729] (pkg_test_cpp_msg) StdoutLine: {'line': b'-- Up-to-date: /home/hycon/workspace/ros2_study/pkg_cpp/install/pkg_test_cpp_msg/share/pkg_test_cpp_msg/cmake/export_pkg_test_cpp_msg__rosidl_generator_pyExport-noconfig.cmake\n'}
[0.396763] (pkg_test_cpp_msg) StdoutLine: {'line': b'-- Up-to-date: /home/hycon/workspace/ros2_study/pkg_cpp/install/pkg_test_cpp_msg/share/pkg_test_cpp_msg/cmake/rosidl_cmake-extras.cmake\n'}
[0.396856] (pkg_test_cpp_msg) StdoutLine: {'line': b'-- Up-to-date: /home/hycon/workspace/ros2_study/pkg_cpp/install/pkg_test_cpp_msg/share/pkg_test_cpp_msg/cmake/ament_cmake_export_include_directories-extras.cmake\n'}
[0.396890] (pkg_test_cpp_msg) StdoutLine: {'line': b'-- Up-to-date: /home/hycon/workspace/ros2_study/pkg_cpp/install/pkg_test_cpp_msg/share/pkg_test_cpp_msg/cmake/ament_cmake_export_libraries-extras.cmake\n'}
[0.396924] (pkg_test_cpp_msg) StdoutLine: {'line': b'-- Up-to-date: /home/hycon/workspace/ros2_study/pkg_cpp/install/pkg_test_cpp_msg/share/pkg_test_cpp_msg/cmake/ament_cmake_export_targets-extras.cmake\n'}
[0.396958] (pkg_test_cpp_msg) StdoutLine: {'line': b'-- Up-to-date: /home/hycon/workspace/ros2_study/pkg_cpp/install/pkg_test_cpp_msg/share/pkg_test_cpp_msg/cmake/rosidl_cmake_export_typesupport_targets-extras.cmake\n'}
[0.396990] (pkg_test_cpp_msg) StdoutLine: {'line': b'-- Up-to-date: /home/hycon/workspace/ros2_study/pkg_cpp/install/pkg_test_cpp_msg/share/pkg_test_cpp_msg/cmake/ament_cmake_export_dependencies-extras.cmake\n'}
[0.397022] (pkg_test_cpp_msg) StdoutLine: {'line': b'-- Up-to-date: /home/hycon/workspace/ros2_study/pkg_cpp/install/pkg_test_cpp_msg/share/pkg_test_cpp_msg/cmake/rosidl_cmake_export_typesupport_libraries-extras.cmake\n'}
[0.397058] (pkg_test_cpp_msg) StdoutLine: {'line': b'-- Up-to-date: /home/hycon/workspace/ros2_study/pkg_cpp/install/pkg_test_cpp_msg/share/pkg_test_cpp_msg/cmake/pkg_test_cpp_msgConfig.cmake\n'}
[0.397089] (pkg_test_cpp_msg) StdoutLine: {'line': b'-- Up-to-date: /home/hycon/workspace/ros2_study/pkg_cpp/install/pkg_test_cpp_msg/share/pkg_test_cpp_msg/cmake/pkg_test_cpp_msgConfig-version.cmake\n'}
[0.397122] (pkg_test_cpp_msg) StdoutLine: {'line': b'-- Up-to-date: /home/hycon/workspace/ros2_study/pkg_cpp/install/pkg_test_cpp_msg/share/pkg_test_cpp_msg/package.xml\n'}
[0.397156] (pkg_test_cpp_msg) CommandEnded: {'returncode': 0}
[0.400290] (-) TimerEvent: {}
[0.422586] (pkg_test_cpp_msg) JobEnded: {'identifier': 'pkg_test_cpp_msg', 'rc': 0}
[0.500451] (-) TimerEvent: {}
[0.600860] (-) TimerEvent: {}
[0.701216] (-) TimerEvent: {}
[0.801564] (-) TimerEvent: {}
[0.901897] (-) TimerEvent: {}
[1.002219] (-) TimerEvent: {}
[1.102558] (-) TimerEvent: {}
[1.170415] (pkg_test_cpp) StderrLine: {'line': b'\x1b[01m\x1b[K/home/hycon/workspace/ros2_study/pkg_cpp/src/pkg_test_cpp/src/turtlesim_service_server.cpp:\x1b[m\x1b[K In member function \xe2\x80\x98\x1b[01m\x1b[Kvoid TurtlesimMultiSpawning::callback_service(std::shared_ptr<pkg_test_cpp_msg::srv::MultiSpawn_Request_<std::allocator<void> > >, std::shared_ptr<pkg_test_cpp_msg::srv::MultiSpawn_Response_<std::allocator<void> > >)\x1b[m\x1b[K\xe2\x80\x99:\n'}
[1.170697] (pkg_test_cpp) StderrLine: {'line': b'\x1b[01m\x1b[K/home/hycon/workspace/ros2_study/pkg_cpp/src/pkg_test_cpp/src/turtlesim_service_server.cpp:30:19:\x1b[m\x1b[K \x1b[01;31m\x1b[Kerror: \x1b[m\x1b[K\xe2\x80\x98\x1b[01m\x1b[Ktype\x1b[m\x1b[K\xe2\x80\x99 was not declared in this scope; did you mean \xe2\x80\x98\x1b[01m\x1b[Kwctype\x1b[m\x1b[K\xe2\x80\x99?\n'}
[1.170810] (pkg_test_cpp) StderrLine: {'line': b'   30 |     std::cout << (\x1b[01;31m\x1b[Ktype\x1b[m\x1b[K)(request_->num) << "  " << request_->num << " || " << x_vec->size() << std::endl;\n'}
[1.170909] (pkg_test_cpp) StderrLine: {'line': b'      |                   \x1b[01;31m\x1b[K^~~~\x1b[m\x1b[K\n'}
[1.170994] (pkg_test_cpp) StderrLine: {'line': b'      |                   \x1b[32m\x1b[Kwctype\x1b[m\x1b[K\n'}
[1.171078] (pkg_test_cpp) StderrLine: {'line': b'\x1b[01m\x1b[K/home/hycon/workspace/ros2_study/pkg_cpp/src/pkg_test_cpp/src/turtlesim_service_server.cpp:30:83:\x1b[m\x1b[K \x1b[01;31m\x1b[Kerror: \x1b[m\x1b[Kbase operand of \xe2\x80\x98\x1b[01m\x1b[K->\x1b[m\x1b[K\xe2\x80\x99 has non-pointer type \xe2\x80\x98\x1b[01m\x1b[Kstd::vector<double, std::allocator<double> >\x1b[m\x1b[K\xe2\x80\x99\n'}
[1.171164] (pkg_test_cpp) StderrLine: {'line': b'   30 |     std::cout << (type)(request_->num) << "  " << request_->num << " || " << x_vec\x1b[01;31m\x1b[K->\x1b[m\x1b[Ksize() << std::endl;\n'}
[1.171263] (pkg_test_cpp) StderrLine: {'line': b'      |                                                                                   \x1b[01;31m\x1b[K^~\x1b[m\x1b[K\n'}
[1.171352] (pkg_test_cpp) StderrLine: {'line': b'\x1b[01m\x1b[K/home/hycon/workspace/ros2_study/pkg_cpp/src/pkg_test_cpp/src/turtlesim_service_server.cpp:32:26:\x1b[m\x1b[K \x1b[01;35m\x1b[Kwarning: \x1b[m\x1b[Kcomparison of integer expressions of different signedness: \xe2\x80\x98\x1b[01m\x1b[Ksize_t\x1b[m\x1b[K\xe2\x80\x99 {aka \xe2\x80\x98\x1b[01m\x1b[Klong unsigned int\x1b[m\x1b[K\xe2\x80\x99} and \xe2\x80\x98\x1b[01m\x1b[Kpkg_test_cpp_msg::srv::MultiSpawn_Request_<std::allocator<void> >::_num_type\x1b[m\x1b[K\xe2\x80\x99 {aka \xe2\x80\x98\x1b[01m\x1b[Klong int\x1b[m\x1b[K\xe2\x80\x99} [\x1b[01;35m\x1b[K\x1b]8;;https://gcc.gnu.org/onlinedocs/gcc/Warning-Options.html#index-Wsign-compare\x07-Wsign-compare\x1b]8;;\x07\x1b[m\x1b[K]\n'}
[1.171439] (pkg_test_cpp) StderrLine: {'line': b'   32 |     for (size_t i = 0; \x1b[01;35m\x1b[Ki < request_->num\x1b[m\x1b[K; ++i) {\n'}
[1.171518] (pkg_test_cpp) StderrLine: {'line': b'      |                        \x1b[01;35m\x1b[K~~^~~~~~~~~~~~~~~\x1b[m\x1b[K\n'}
[1.172409] (pkg_test_cpp) StderrLine: {'line': b'In file included from \x1b[01m\x1b[K/opt/ros/humble/include/rclcpp/rclcpp/logging.hpp:24\x1b[m\x1b[K,\n'}
[1.172691] (pkg_test_cpp) StderrLine: {'line': b'                 from \x1b[01m\x1b[K/opt/ros/humble/include/rclcpp/rclcpp/client.hpp:40\x1b[m\x1b[K,\n'}
[1.172790] (pkg_test_cpp) StderrLine: {'line': b'                 from \x1b[01m\x1b[K/opt/ros/humble/include/rclcpp/rclcpp/callback_group.hpp:24\x1b[m\x1b[K,\n'}
[1.172882] (pkg_test_cpp) StderrLine: {'line': b'                 from \x1b[01m\x1b[K/opt/ros/humble/include/rclcpp/rclcpp/node.hpp:40\x1b[m\x1b[K,\n'}
[1.172973] (pkg_test_cpp) StderrLine: {'line': b'                 from \x1b[01m\x1b[K/home/hycon/workspace/ros2_study/pkg_cpp/src/pkg_test_cpp/include/pkg_test_cpp/turtlesim_service_server.hpp:4\x1b[m\x1b[K,\n'}
[1.173058] (pkg_test_cpp) StderrLine: {'line': b'                 from \x1b[01m\x1b[K/home/hycon/workspace/ros2_study/pkg_cpp/src/pkg_test_cpp/src/turtlesim_service_server.cpp:1\x1b[m\x1b[K:\n'}
[1.173139] (pkg_test_cpp) StderrLine: {'line': b'\x1b[01m\x1b[K/home/hycon/workspace/ros2_study/pkg_cpp/src/pkg_test_cpp/src/turtlesim_service_server.cpp:39:41:\x1b[m\x1b[K \x1b[01;35m\x1b[Kwarning: \x1b[m\x1b[Kformat \xe2\x80\x98\x1b[01m\x1b[K%f\x1b[m\x1b[K\xe2\x80\x99 expects argument of type \xe2\x80\x98\x1b[01m\x1b[Kdouble\x1b[m\x1b[K\xe2\x80\x99, but argument 5 has type \xe2\x80\x98\x1b[01m\x1b[Kpkg_test_cpp_msg::srv::MultiSpawn_Response_<std::allocator<void> >::_x_type\x1b[m\x1b[K\xe2\x80\x99 {aka \xe2\x80\x98\x1b[01m\x1b[Kstd::vector<double, std::allocator<double> >\x1b[m\x1b[K\xe2\x80\x99} [\x1b[01;35m\x1b[K\x1b]8;;https://gcc.gnu.org/onlinedocs/gcc/Warning-Options.html#index-Wformat=\x07-Wformat=\x1b]8;;\x07\x1b[m\x1b[K]\n'}
[1.173226] (pkg_test_cpp) StderrLine: {'line': b'   39 |         RCLCPP_INFO(this->get_logger(), \x1b[01;35m\x1b[K"turtle spawn [x : %.2f y : %.2f theta : %.2f ]"\x1b[m\x1b[K, response_->x, response_->y, response_->theta);\n'}
[1.173333] (pkg_test_cpp) StderrLine: {'line': b'      |                                         \x1b[01;35m\x1b[K^~~~~~~~~~~~~~~~~~~~~~~~~~~~~~~~~~~~~~~~~~~~~~~~\x1b[m\x1b[K\n'}
[1.173417] (pkg_test_cpp) StderrLine: {'line': b'\x1b[01m\x1b[K/home/hycon/workspace/ros2_study/pkg_cpp/src/pkg_test_cpp/src/turtlesim_service_server.cpp:39:63:\x1b[m\x1b[K \x1b[01;36m\x1b[Knote: \x1b[m\x1b[Kformat string is defined here\n'}
[1.173496] (pkg_test_cpp) StderrLine: {'line': b'   39 |         RCLCPP_INFO(this->get_logger(), "turtle spawn [x : \x1b[01;36m\x1b[K%.2f\x1b[m\x1b[K y : %.2f theta : %.2f ]", response_->x, response_->y, response_->theta);\n'}
[1.173580] (pkg_test_cpp) StderrLine: {'line': b'      |                                                            \x1b[01;36m\x1b[K~~~^\x1b[m\x1b[K\n'}
[1.173661] (pkg_test_cpp) StderrLine: {'line': b'      |                                                               \x1b[01;36m\x1b[K|\x1b[m\x1b[K\n'}
[1.173738] (pkg_test_cpp) StderrLine: {'line': b'      |                                                               \x1b[01;36m\x1b[Kdouble\x1b[m\x1b[K\n'}
[1.173814] (pkg_test_cpp) StderrLine: {'line': b'In file included from \x1b[01m\x1b[K/opt/ros/humble/include/rclcpp/rclcpp/logging.hpp:24\x1b[m\x1b[K,\n'}
[1.173897] (pkg_test_cpp) StderrLine: {'line': b'                 from \x1b[01m\x1b[K/opt/ros/humble/include/rclcpp/rclcpp/client.hpp:40\x1b[m\x1b[K,\n'}
[1.173974] (pkg_test_cpp) StderrLine: {'line': b'                 from \x1b[01m\x1b[K/opt/ros/humble/include/rclcpp/rclcpp/callback_group.hpp:24\x1b[m\x1b[K,\n'}
[1.174052] (pkg_test_cpp) StderrLine: {'line': b'                 from \x1b[01m\x1b[K/opt/ros/humble/include/rclcpp/rclcpp/node.hpp:40\x1b[m\x1b[K,\n'}
[1.174129] (pkg_test_cpp) StderrLine: {'line': b'                 from \x1b[01m\x1b[K/home/hycon/workspace/ros2_study/pkg_cpp/src/pkg_test_cpp/include/pkg_test_cpp/turtlesim_service_server.hpp:4\x1b[m\x1b[K,\n'}
[1.174206] (pkg_test_cpp) StderrLine: {'line': b'                 from \x1b[01m\x1b[K/home/hycon/workspace/ros2_study/pkg_cpp/src/pkg_test_cpp/src/turtlesim_service_server.cpp:1\x1b[m\x1b[K:\n'}
[1.174297] (pkg_test_cpp) StderrLine: {'line': b'\x1b[01m\x1b[K/home/hycon/workspace/ros2_study/pkg_cpp/src/pkg_test_cpp/src/turtlesim_service_server.cpp:39:41:\x1b[m\x1b[K \x1b[01;35m\x1b[Kwarning: \x1b[m\x1b[Kformat \xe2\x80\x98\x1b[01m\x1b[K%f\x1b[m\x1b[K\xe2\x80\x99 expects argument of type \xe2\x80\x98\x1b[01m\x1b[Kdouble\x1b[m\x1b[K\xe2\x80\x99, but argument 6 has type \xe2\x80\x98\x1b[01m\x1b[Kpkg_test_cpp_msg::srv::MultiSpawn_Response_<std::allocator<void> >::_y_type\x1b[m\x1b[K\xe2\x80\x99 {aka \xe2\x80\x98\x1b[01m\x1b[Kstd::vector<double, std::allocator<double> >\x1b[m\x1b[K\xe2\x80\x99} [\x1b[01;35m\x1b[K\x1b]8;;https://gcc.gnu.org/onlinedocs/gcc/Warning-Options.html#index-Wformat=\x07-Wformat=\x1b]8;;\x07\x1b[m\x1b[K]\n'}
[1.174383] (pkg_test_cpp) StderrLine: {'line': b'   39 |         RCLCPP_INFO(this->get_logger(), \x1b[01;35m\x1b[K"turtle spawn [x : %.2f y : %.2f theta : %.2f ]"\x1b[m\x1b[K, response_->x, response_->y, response_->theta);\n'}
[1.174460] (pkg_test_cpp) StderrLine: {'line': b'      |                                         \x1b[01;35m\x1b[K^~~~~~~~~~~~~~~~~~~~~~~~~~~~~~~~~~~~~~~~~~~~~~~~\x1b[m\x1b[K\n'}
[1.174536] (pkg_test_cpp) StderrLine: {'line': b'\x1b[01m\x1b[K/home/hycon/workspace/ros2_study/pkg_cpp/src/pkg_test_cpp/src/turtlesim_service_server.cpp:39:72:\x1b[m\x1b[K \x1b[01;36m\x1b[Knote: \x1b[m\x1b[Kformat string is defined here\n'}
[1.174609] (pkg_test_cpp) StderrLine: {'line': b'   39 |         RCLCPP_INFO(this->get_logger(), "turtle spawn [x : %.2f y : \x1b[01;36m\x1b[K%.2f\x1b[m\x1b[K theta : %.2f ]", response_->x, response_->y, response_->theta);\n'}
[1.174682] (pkg_test_cpp) StderrLine: {'line': b'      |                                                                     \x1b[01;36m\x1b[K~~~^\x1b[m\x1b[K\n'}
[1.174754] (pkg_test_cpp) StderrLine: {'line': b'      |                                                                        \x1b[01;36m\x1b[K|\x1b[m\x1b[K\n'}
[1.174827] (pkg_test_cpp) StderrLine: {'line': b'      |                                                                        \x1b[01;36m\x1b[Kdouble\x1b[m\x1b[K\n'}
[1.174898] (pkg_test_cpp) StderrLine: {'line': b'In file included from \x1b[01m\x1b[K/opt/ros/humble/include/rclcpp/rclcpp/logging.hpp:24\x1b[m\x1b[K,\n'}
[1.174970] (pkg_test_cpp) StderrLine: {'line': b'                 from \x1b[01m\x1b[K/opt/ros/humble/include/rclcpp/rclcpp/client.hpp:40\x1b[m\x1b[K,\n'}
[1.175042] (pkg_test_cpp) StderrLine: {'line': b'                 from \x1b[01m\x1b[K/opt/ros/humble/include/rclcpp/rclcpp/callback_group.hpp:24\x1b[m\x1b[K,\n'}
[1.175117] (pkg_test_cpp) StderrLine: {'line': b'                 from \x1b[01m\x1b[K/opt/ros/humble/include/rclcpp/rclcpp/node.hpp:40\x1b[m\x1b[K,\n'}
[1.175200] (pkg_test_cpp) StderrLine: {'line': b'                 from \x1b[01m\x1b[K/home/hycon/workspace/ros2_study/pkg_cpp/src/pkg_test_cpp/include/pkg_test_cpp/turtlesim_service_server.hpp:4\x1b[m\x1b[K,\n'}
[1.175289] (pkg_test_cpp) StderrLine: {'line': b'                 from \x1b[01m\x1b[K/home/hycon/workspace/ros2_study/pkg_cpp/src/pkg_test_cpp/src/turtlesim_service_server.cpp:1\x1b[m\x1b[K:\n'}
[1.175365] (pkg_test_cpp) StderrLine: {'line': b'\x1b[01m\x1b[K/home/hycon/workspace/ros2_study/pkg_cpp/src/pkg_test_cpp/src/turtlesim_service_server.cpp:39:41:\x1b[m\x1b[K \x1b[01;35m\x1b[Kwarning: \x1b[m\x1b[Kformat \xe2\x80\x98\x1b[01m\x1b[K%f\x1b[m\x1b[K\xe2\x80\x99 expects argument of type \xe2\x80\x98\x1b[01m\x1b[Kdouble\x1b[m\x1b[K\xe2\x80\x99, but argument 7 has type \xe2\x80\x98\x1b[01m\x1b[Kpkg_test_cpp_msg::srv::MultiSpawn_Response_<std::allocator<void> >::_theta_type\x1b[m\x1b[K\xe2\x80\x99 {aka \xe2\x80\x98\x1b[01m\x1b[Kstd::vector<double, std::allocator<double> >\x1b[m\x1b[K\xe2\x80\x99} [\x1b[01;35m\x1b[K\x1b]8;;https://gcc.gnu.org/onlinedocs/gcc/Warning-Options.html#index-Wformat=\x07-Wformat=\x1b]8;;\x07\x1b[m\x1b[K]\n'}
[1.175448] (pkg_test_cpp) StderrLine: {'line': b'   39 |         RCLCPP_INFO(this->get_logger(), \x1b[01;35m\x1b[K"turtle spawn [x : %.2f y : %.2f theta : %.2f ]"\x1b[m\x1b[K, response_->x, response_->y, response_->theta);\n'}
[1.175522] (pkg_test_cpp) StderrLine: {'line': b'      |                                         \x1b[01;35m\x1b[K^~~~~~~~~~~~~~~~~~~~~~~~~~~~~~~~~~~~~~~~~~~~~~~~\x1b[m\x1b[K\n'}
[1.175595] (pkg_test_cpp) StderrLine: {'line': b'\x1b[01m\x1b[K/home/hycon/workspace/ros2_study/pkg_cpp/src/pkg_test_cpp/src/turtlesim_service_server.cpp:39:85:\x1b[m\x1b[K \x1b[01;36m\x1b[Knote: \x1b[m\x1b[Kformat string is defined here\n'}
[1.175668] (pkg_test_cpp) StderrLine: {'line': b'   39 |         RCLCPP_INFO(this->get_logger(), "turtle spawn [x : %.2f y : %.2f theta : \x1b[01;36m\x1b[K%.2f\x1b[m\x1b[K ]", response_->x, response_->y, response_->theta);\n'}
[1.175745] (pkg_test_cpp) StderrLine: {'line': b'      |                                                                                  \x1b[01;36m\x1b[K~~~^\x1b[m\x1b[K\n'}
[1.175818] (pkg_test_cpp) StderrLine: {'line': b'      |                                                                                     \x1b[01;36m\x1b[K|\x1b[m\x1b[K\n'}
[1.175897] (pkg_test_cpp) StderrLine: {'line': b'      |                                                                                     \x1b[01;36m\x1b[Kdouble\x1b[m\x1b[K\n'}
[1.202662] (-) TimerEvent: {}
[1.303015] (-) TimerEvent: {}
[1.403340] (-) TimerEvent: {}
[1.503688] (-) TimerEvent: {}
[1.604112] (-) TimerEvent: {}
[1.704427] (-) TimerEvent: {}
[1.774107] (pkg_test_cpp) StderrLine: {'line': b'gmake[2]: *** [CMakeFiles/turtlesim_service_server.dir/build.make:90: CMakeFiles/turtlesim_service_server.dir/src/turtlesim_service_server.cpp.o] Error 1\n'}
[1.774321] (pkg_test_cpp) StderrLine: {'line': b'gmake[2]: *** Waiting for unfinished jobs....\n'}
[1.804533] (-) TimerEvent: {}
[1.904882] (-) TimerEvent: {}
[2.005176] (-) TimerEvent: {}
[2.105529] (-) TimerEvent: {}
[2.165305] (pkg_test_cpp) StderrLine: {'line': b'gmake[1]: *** [CMakeFiles/Makefile2:221: CMakeFiles/turtlesim_service_server.dir/all] Error 2\n'}
[2.165590] (pkg_test_cpp) StderrLine: {'line': b'gmake: *** [Makefile:146: all] Error 2\n'}
[2.167084] (pkg_test_cpp) CommandEnded: {'returncode': 2}
[2.175635] (pkg_test_cpp) JobEnded: {'identifier': 'pkg_test_cpp', 'rc': 2}
[2.186890] (-) EventReactorShutdown: {}
