-- Found ament_cmake: 1.3.11 (/opt/ros/humble/share/ament_cmake/cmake)
-- Found rclcpp: 16.0.11 (/opt/ros/humble/share/rclcpp/cmake)
-- Found rosidl_generator_c: 3.1.6 (/opt/ros/humble/share/rosidl_generator_c/cmake)
-- Found rosidl_adapter: 3.1.6 (/opt/ros/humble/share/rosidl_adapter/cmake)
-- Found rosidl_generator_cpp: 3.1.6 (/opt/ros/humble/share/rosidl_generator_cpp/cmake)
-- Using all available rosidl_typesupport_c: rosidl_typesupport_fastrtps_c;rosidl_typesupport_introspection_c
-- Using all available rosidl_typesupport_cpp: rosidl_typesupport_fastrtps_cpp;rosidl_typesupport_introspection_cpp
-- Found rmw_implementation_cmake: 6.1.2 (/opt/ros/humble/share/rmw_implementation_cmake/cmake)
-- Found rmw_fastrtps_cpp: 6.2.7 (/opt/ros/humble/share/rmw_fastrtps_cpp/cmake)
-- Using RMW implementation 'rmw_fastrtps_cpp' as default
-- Found rclcpp_action: 16.0.11 (/opt/ros/humble/share/rclcpp_action/cmake)
-- Found turtlesim: 1.4.2 (/opt/ros/humble/share/turtlesim/cmake)
-- Found geometry_msgs: 4.2.4 (/opt/ros/humble/share/geometry_msgs/cmake)
-- Found pkg_test_cpp_msg: 0.0.0 (/home/hycon/workspace/hycon_git/ros2_study_jh/install/pkg_test_cpp_msg/share/pkg_test_cpp_msg/cmake)
-- Found ament_lint_auto: 0.12.11 (/opt/ros/humble/share/ament_lint_auto/cmake)
-- Added test 'cppcheck' to perform static code analysis on C / C++ code
-- Configured cppcheck include dirs: /home/hycon/workspace/hycon_git/ros2_study_jh/pkg_cpp/src/pkg_test_cpp/include
-- Configured cppcheck exclude dirs and/or files: 
-- Added test 'lint_cmake' to check CMake code style
-- Added test 'uncrustify' to check C / C++ code style
-- Configured uncrustify additional arguments: 
-- Added test 'xmllint' to check XML markup files
-- Configuring done
-- Generating done
-- Build files have been written to: /home/hycon/workspace/hycon_git/ros2_study_jh/build/pkg_test_cpp
[ 20%] [32mBuilding CXX object CMakeFiles/turtlesim_service_server.dir/src/turtlesim_service_server.cpp.o[0m
[ 20%] [32mBuilding CXX object CMakeFiles/turtlesim_publisher.dir/src/main_publisher.cpp.o[0m
[ 20%] [32mBuilding CXX object CMakeFiles/turtlesim_publisher.dir/src/turtlesim_publisher.cpp.o[0m
[ 26%] [32mBuilding CXX object CMakeFiles/turtlesim_action_server.dir/src/turtlesim_action_server.cpp.o[0m
[ 33%] [32mBuilding CXX object CMakeFiles/turtlesim_action_server.dir/src/main_action_server.cpp.o[0m
[ 40%] [32mBuilding CXX object CMakeFiles/turtlesim_service_server.dir/src/main_service_server.cpp.o[0m
[ 46%] [32mBuilding CXX object CMakeFiles/turtlesim_cmd_and_pose.dir/src/main_cmd_and_pose.cpp.o[0m
[ 53%] [32mBuilding CXX object CMakeFiles/turtlesim_subscriber.dir/src/main_subscriber.cpp.o[0m
[ 60%] [32mBuilding CXX object CMakeFiles/turtlesim_subscriber.dir/src/turtlesim_subscriber.cpp.o[0m
[ 66%] [32mBuilding CXX object CMakeFiles/turtlesim_cmd_and_pose.dir/src/turtlesim_cmd_and_pose.cpp.o[0m
[01m[K/home/hycon/workspace/hycon_git/ros2_study_jh/pkg_cpp/src/pkg_test_cpp/src/turtlesim_action_server.cpp:1:10:[m[K [01;31m[Kfatal error: [m[Kpkg_test_cpp/turtlsim_action_server.hpp: No such file or directory
    1 | #include [01;31m[K"pkg_test_cpp/turtlsim_action_server.hpp"[m[K
      |          [01;31m[K^~~~~~~~~~~~~~~~~~~~~~~~~~~~~~~~~~~~~~~~~[m[K
compilation terminated.
gmake[2]: *** [CMakeFiles/turtlesim_action_server.dir/build.make:90: CMakeFiles/turtlesim_action_server.dir/src/turtlesim_action_server.cpp.o] Error 1
gmake[2]: *** Waiting for unfinished jobs....
[01m[K/home/hycon/workspace/hycon_git/ros2_study_jh/pkg_cpp/src/pkg_test_cpp/src/turtlesim_service_server.cpp:[m[K In member function â€˜[01m[Kvoid TurtlesimMultiSpawning::callback_service(std::shared_ptr<pkg_test_cpp_msg::srv::MultiSpawn_Request_<std::allocator<void> > >, std::shared_ptr<pkg_test_cpp_msg::srv::MultiSpawn_Response_<std::allocator<void> > >)[m[Kâ€™:
[01m[K/home/hycon/workspace/hycon_git/ros2_study_jh/pkg_cpp/src/pkg_test_cpp/src/turtlesim_service_server.cpp:38:26:[m[K [01;35m[Kwarning: [m[Kcomparison of integer expressions of different signedness: â€˜[01m[Ksize_t[m[Kâ€™ {aka â€˜[01m[Klong unsigned int[m[Kâ€™} and â€˜[01m[Kpkg_test_cpp_msg::srv::MultiSpawn_Request_<std::allocator<void> >::_num_type[m[Kâ€™ {aka â€˜[01m[Klong int[m[Kâ€™} [[01;35m[K]8;;https://gcc.gnu.org/onlinedocs/gcc/Warning-Options.html#index-Wsign-compare-Wsign-compare]8;;[m[K]
   38 |     for (size_t i = 0; [01;35m[Ki < request_->num[m[K; ++i) {
      |                        [01;35m[K~~^~~~~~~~~~~~~~~[m[K
In file included from [01m[K/opt/ros/humble/include/rclcpp/rclcpp/logging.hpp:24[m[K,
                 from [01m[K/opt/ros/humble/include/rclcpp/rclcpp/client.hpp:40[m[K,
                 from [01m[K/opt/ros/humble/include/rclcpp/rclcpp/callback_group.hpp:24[m[K,
                 from [01m[K/opt/ros/humble/include/rclcpp/rclcpp/node.hpp:40[m[K,
                 from [01m[K/home/hycon/workspace/hycon_git/ros2_study_jh/pkg_cpp/src/pkg_test_cpp/include/pkg_test_cpp/turtlesim_service_server.hpp:4[m[K,
                 from [01m[K/home/hycon/workspace/hycon_git/ros2_study_jh/pkg_cpp/src/pkg_test_cpp/src/turtlesim_service_server.cpp:1[m[K:
[01m[K/home/hycon/workspace/hycon_git/ros2_study_jh/pkg_cpp/src/pkg_test_cpp/src/turtlesim_service_server.cpp:51:37:[m[K [01;35m[Kwarning: [m[Kformat â€˜[01m[K%d[m[Kâ€™ expects argument of type â€˜[01m[Kint[m[Kâ€™, but argument 5 has type â€˜[01m[Kpkg_test_cpp_msg::srv::MultiSpawn_Request_<std::allocator<void> >::_num_type[m[Kâ€™ {aka â€˜[01m[Klong int[m[Kâ€™} [[01;35m[K]8;;https://gcc.gnu.org/onlinedocs/gcc/Warning-Options.html#index-Wformat=-Wformat=]8;;[m[K]
   51 |     RCLCPP_INFO(this->get_logger(), [01;35m[K"Spawned %d turtles."[m[K, [32m[Krequest_->num[m[K);
      |                                     [01;35m[K^~~~~~~~~~~~~~~~~~~~~[m[K  [32m[K~~~~~~~~~~~~~[m[K
      |                                                                      [32m[K|[m[K
      |                                                                      [32m[Kpkg_test_cpp_msg::srv::MultiSpawn_Request_<std::allocator<void> >::_num_type {aka long int}[m[K
[01m[K/home/hycon/workspace/hycon_git/ros2_study_jh/pkg_cpp/src/pkg_test_cpp/src/turtlesim_service_server.cpp:51:47:[m[K [01;36m[Knote: [m[Kformat string is defined here
   51 |     RCLCPP_INFO(this->get_logger(), "Spawned [01;36m[K%d[m[K turtles.", request_->num);
      |                                              [01;36m[K~^[m[K
      |                                               [01;36m[K|[m[K
      |                                               [01;36m[Kint[m[K
      |                                              [32m[K%ld[m[K
In file included from [01m[K/home/hycon/workspace/hycon_git/ros2_study_jh/pkg_cpp/src/pkg_test_cpp/src/main_action_server.cpp:2[m[K:
[01m[K/home/hycon/workspace/hycon_git/ros2_study_jh/pkg_cpp/src/pkg_test_cpp/include/pkg_test_cpp/turtlesim_action_server.hpp:11:70:[m[K [01;31m[Kerror: [m[Kâ€˜[01m[KDistTrutle[m[Kâ€™ was not declared in this scope; did you mean â€˜[01m[KDistTurtle[m[Kâ€™?
   11 |         using GoalHandleDistTurtle = rclcpp_action::ServerGoalHandle<[01;31m[KDistTrutle[m[K>;
      |                                                                      [01;31m[K^~~~~~~~~~[m[K
      |                                                                      [32m[KDistTurtle[m[K
[01m[K/home/hycon/workspace/hycon_git/ros2_study_jh/pkg_cpp/src/pkg_test_cpp/include/pkg_test_cpp/turtlesim_action_server.hpp:11:80:[m[K [01;31m[Kerror: [m[Ktemplate argument 1 is invalid
   11 |         using GoalHandleDistTurtle = rclcpp_action::ServerGoalHandle<DistTrutle[01;31m[K>[m[K;
      |                                                                                [01;31m[K^[m[K
[01m[K/home/hycon/workspace/hycon_git/ros2_study_jh/pkg_cpp/src/pkg_test_cpp/include/pkg_test_cpp/turtlesim_action_server.hpp:20:35:[m[K [01;31m[Kerror: [m[Kâ€˜[01m[KGoalHandleDistTurtle[m[Kâ€™ was not declared in this scope
   20 |             const std::shared_ptr<[01;31m[KGoalHandleDistTurtle[m[K> goal_handle
      |                                   [01;31m[K^~~~~~~~~~~~~~~~~~~~[m[K
[01m[K/home/hycon/workspace/hycon_git/ros2_study_jh/pkg_cpp/src/pkg_test_cpp/include/pkg_test_cpp/turtlesim_action_server.hpp:20:55:[m[K [01;31m[Kerror: [m[Ktemplate argument 1 is invalid
   20 |             const std::shared_ptr<GoalHandleDistTurtle[01;31m[K>[m[K goal_handle
      |                                                       [01;31m[K^[m[K
[01m[K/home/hycon/workspace/hycon_git/ros2_study_jh/pkg_cpp/src/pkg_test_cpp/include/pkg_test_cpp/turtlesim_action_server.hpp:23:2:[m[K [01;31m[Kerror: [m[Kexpected â€˜[01m[K;[m[Kâ€™ after class definition
   23 | }
      |  [01;31m[K^[m[K
      |  [32m[K;[m[K
[ 73%] [32m[1mLinking CXX executable turtlesim_publisher[0m
gmake[2]: *** [CMakeFiles/turtlesim_action_server.dir/build.make:76: CMakeFiles/turtlesim_action_server.dir/src/main_action_server.cpp.o] Error 1
gmake[1]: *** [CMakeFiles/Makefile2:249: CMakeFiles/turtlesim_action_server.dir/all] Error 2
gmake[1]: *** Waiting for unfinished jobs....
[ 73%] Built target turtlesim_publisher
[ 80%] [32m[1mLinking CXX executable turtlesim_service_server[0m
[ 80%] Built target turtlesim_service_server
[ 86%] [32m[1mLinking CXX executable turtlesim_subscriber[0m
[ 86%] Built target turtlesim_subscriber
[ 93%] [32m[1mLinking CXX executable turtlesim_cmd_and_pose[0m
[ 93%] Built target turtlesim_cmd_and_pose
gmake: *** [Makefile:146: all] Error 2
