[0.000000] (-) TimerEvent: {}
[0.000580] (pkg_test_cpp) JobQueued: {'identifier': 'pkg_test_cpp', 'dependencies': OrderedDict()}
[0.000679] (pkg_test_cpp_msg) JobQueued: {'identifier': 'pkg_test_cpp_msg', 'dependencies': OrderedDict()}
[0.000713] (pkg_test_cpp) JobStarted: {'identifier': 'pkg_test_cpp'}
[0.004116] (pkg_test_cpp_msg) JobStarted: {'identifier': 'pkg_test_cpp_msg'}
[0.006911] (pkg_test_cpp) JobProgress: {'identifier': 'pkg_test_cpp', 'progress': 'cmake'}
[0.007590] (pkg_test_cpp) JobProgress: {'identifier': 'pkg_test_cpp', 'progress': 'build'}
[0.007642] (pkg_test_cpp) Command: {'cmd': ['/usr/bin/cmake', '--build', '/home/hycon/workspace/ros2_study/pkg_cpp/build/pkg_test_cpp', '--', '-j16', '-l16'], 'cwd': '/home/hycon/workspace/ros2_study/pkg_cpp/build/pkg_test_cpp', 'env': OrderedDict([('LESSOPEN', '| /usr/bin/lesspipe %s'), ('LANGUAGE', 'en'), ('USER', 'hycon'), ('LC_TIME', 'ko_KR.UTF-8'), ('XDG_SESSION_TYPE', 'wayland'), ('GIT_ASKPASS', '/usr/share/code/resources/app/extensions/git/dist/askpass.sh'), ('SHLVL', '2'), ('LD_LIBRARY_PATH', '/home/hycon/workspace/ros2_study/pkg_cpp/install/pkg_test_cpp_msg/lib:/opt/ros/humble/opt/rviz_ogre_vendor/lib:/opt/ros/humble/lib/x86_64-linux-gnu:/opt/ros/humble/lib'), ('HOME', '/home/hycon'), ('CHROME_DESKTOP', 'code.desktop'), ('OLDPWD', '/home/hycon'), ('TERM_PROGRAM_VERSION', '1.97.1'), ('DESKTOP_SESSION', 'ubuntu'), ('DEBUGPY_ADAPTER_ENDPOINTS', '/home/hycon/.vscode/extensions/ms-python.debugpy-2025.0.1-linux-x64/.noConfigDebugAdapterEndpoints/endpoint-8e50f911d0d2098a.txt'), ('ROS_PYTHON_VERSION', '3'), ('GNOME_SHELL_SESSION_MODE', 'ubuntu'), ('GTK_MODULES', 'gail:atk-bridge'), ('VSCODE_GIT_ASKPASS_MAIN', '/usr/share/code/resources/app/extensions/git/dist/askpass-main.js'), ('LC_MONETARY', 'ko_KR.UTF-8'), ('VSCODE_GIT_ASKPASS_NODE', '/usr/share/code/code'), ('MANAGERPID', '999'), ('PYDEVD_DISABLE_FILE_VALIDATION', '1'), ('SYSTEMD_EXEC_PID', '1455'), ('BUNDLED_DEBUGPY_PATH', '/home/hycon/.vscode/extensions/ms-python.debugpy-2025.0.1-linux-x64/bundled/libs/debugpy'), ('DBUS_SESSION_BUS_ADDRESS', 'unix:path=/run/user/1000/bus'), ('COLORTERM', 'truecolor'), ('TERMINATOR_DBUS_NAME', 'net.tenshu.Terminator25ef4b219e3b005583550f2b0f9f990c3'), ('GIO_LAUNCHED_DESKTOP_FILE_PID', '1890'), ('IM_CONFIG_PHASE', '1'), ('WAYLAND_DISPLAY', 'wayland-0'), ('COLCON_PREFIX_PATH', '/home/hycon/workspace/ros2_study/pkg_cpp/install'), ('ROS_DISTRO', 'humble'), ('LOGNAME', 'hycon'), ('JOURNAL_STREAM', '8:14532'), ('_', '/usr/bin/colcon'), ('ROS_VERSION', '2'), ('XDG_SESSION_CLASS', 'user'), ('USERNAME', 'hycon'), ('TERM', 'xterm-256color'), ('GNOME_DESKTOP_SESSION_ID', 'this-is-deprecated'), ('ROS_LOCALHOST_ONLY', '0'), ('PATH', '/opt/ros/humble/bin:/home/hycon/.local/bin:/usr/local/sbin:/usr/local/bin:/usr/sbin:/usr/bin:/sbin:/bin:/usr/games:/usr/local/games:/snap/bin:/snap/bin:/home/hycon/.vscode/extensions/ms-python.debugpy-2025.0.1-linux-x64/bundled/scripts/noConfigScripts'), ('SESSION_MANAGER', 'local/hycon:@/tmp/.ICE-unix/1189,unix/hycon:/tmp/.ICE-unix/1189'), ('INVOCATION_ID', '800bec59ad42435cad9c33ffe001c5e6'), ('PAPERSIZE', 'a4'), ('XDG_MENU_PREFIX', 'gnome-'), ('LC_ADDRESS', 'ko_KR.UTF-8'), ('GNOME_SETUP_DISPLAY', ':1'), ('XDG_RUNTIME_DIR', '/run/user/1000'), ('GDK_BACKEND', 'x11'), ('DISPLAY', ':0'), ('TERMINATOR_DBUS_PATH', '/net/tenshu/Terminator2'), ('LANG', 'en_US.UTF-8'), ('XDG_CURRENT_DESKTOP', 'Unity'), ('IBUS_DISABLE_SNOOPER', '1'), ('LC_TELEPHONE', 'ko_KR.UTF-8'), ('XMODIFIERS', '@im=ibus'), ('XDG_SESSION_DESKTOP', 'ubuntu'), ('XAUTHORITY', '/run/user/1000/.mutter-Xwaylandauth.PHL712'), ('LS_COLORS', 'rs=0:di=01;34:ln=01;36:mh=00:pi=40;33:so=01;35:do=01;35:bd=40;33;01:cd=40;33;01:or=40;31;01:mi=00:su=37;41:sg=30;43:ca=30;41:tw=30;42:ow=34;42:st=37;44:ex=01;32:*.tar=01;31:*.tgz=01;31:*.arc=01;31:*.arj=01;31:*.taz=01;31:*.lha=01;31:*.lz4=01;31:*.lzh=01;31:*.lzma=01;31:*.tlz=01;31:*.txz=01;31:*.tzo=01;31:*.t7z=01;31:*.zip=01;31:*.z=01;31:*.dz=01;31:*.gz=01;31:*.lrz=01;31:*.lz=01;31:*.lzo=01;31:*.xz=01;31:*.zst=01;31:*.tzst=01;31:*.bz2=01;31:*.bz=01;31:*.tbz=01;31:*.tbz2=01;31:*.tz=01;31:*.deb=01;31:*.rpm=01;31:*.jar=01;31:*.war=01;31:*.ear=01;31:*.sar=01;31:*.rar=01;31:*.alz=01;31:*.ace=01;31:*.zoo=01;31:*.cpio=01;31:*.7z=01;31:*.rz=01;31:*.cab=01;31:*.wim=01;31:*.swm=01;31:*.dwm=01;31:*.esd=01;31:*.jpg=01;35:*.jpeg=01;35:*.mjpg=01;35:*.mjpeg=01;35:*.gif=01;35:*.bmp=01;35:*.pbm=01;35:*.pgm=01;35:*.ppm=01;35:*.tga=01;35:*.xbm=01;35:*.xpm=01;35:*.tif=01;35:*.tiff=01;35:*.png=01;35:*.svg=01;35:*.svgz=01;35:*.mng=01;35:*.pcx=01;35:*.mov=01;35:*.mpg=01;35:*.mpeg=01;35:*.m2v=01;35:*.mkv=01;35:*.webm=01;35:*.webp=01;35:*.ogm=01;35:*.mp4=01;35:*.m4v=01;35:*.mp4v=01;35:*.vob=01;35:*.qt=01;35:*.nuv=01;35:*.wmv=01;35:*.asf=01;35:*.rm=01;35:*.rmvb=01;35:*.flc=01;35:*.avi=01;35:*.fli=01;35:*.flv=01;35:*.gl=01;35:*.dl=01;35:*.xcf=01;35:*.xwd=01;35:*.yuv=01;35:*.cgm=01;35:*.emf=01;35:*.ogv=01;35:*.ogx=01;35:*.aac=00;36:*.au=00;36:*.flac=00;36:*.m4a=00;36:*.mid=00;36:*.midi=00;36:*.mka=00;36:*.mp3=00;36:*.mpc=00;36:*.ogg=00;36:*.ra=00;36:*.wav=00;36:*.oga=00;36:*.opus=00;36:*.spx=00;36:*.xspf=00;36:'), ('VSCODE_GIT_IPC_HANDLE', '/run/user/1000/vscode-git-2e607cfef9.sock'), ('TERM_PROGRAM', 'vscode'), ('SSH_AGENT_LAUNCHER', 'gnome-keyring'), ('SSH_AUTH_SOCK', '/run/user/1000/keyring/ssh'), ('ROS_DOMAIN_ID', '99'), ('AMENT_PREFIX_PATH', '/home/hycon/workspace/ros2_study/pkg_cpp/install/pkg_test_cpp_msg:/home/hycon/workspace/ros2_study/pkg_cpp/install/pkg_test_cpp:/opt/ros/humble'), ('ORIGINAL_XDG_CURRENT_DESKTOP', 'ubuntu:GNOME'), ('SHELL', '/bin/bash'), ('LC_NAME', 'ko_KR.UTF-8'), ('TERMINATOR_UUID', 'urn:uuid:8e944f54-8cde-45ee-a182-bd5657f3ab50'), ('QT_ACCESSIBILITY', '1'), ('GDMSESSION', 'ubuntu'), ('LESSCLOSE', '/usr/bin/lesspipe %s %s'), ('LC_MEASUREMENT', 'ko_KR.UTF-8'), ('LC_IDENTIFICATION', 'ko_KR.UTF-8'), ('VSCODE_GIT_ASKPASS_EXTRA_ARGS', ''), ('QT_IM_MODULE', 'ibus'), ('PWD', '/home/hycon/workspace/ros2_study/pkg_cpp/build/pkg_test_cpp'), ('LC_ALL', 'en_US.UTF-8'), ('XDG_CONFIG_DIRS', '/etc/xdg/xdg-ubuntu:/etc/xdg'), ('XDG_DATA_DIRS', '/usr/share/ubuntu:/usr/local/share/:/usr/share/:/var/lib/snapd/desktop'), ('PYTHONPATH', '/home/hycon/workspace/ros2_study/pkg_cpp/install/pkg_test_cpp_msg/local/lib/python3.10/dist-packages:/opt/ros/humble/lib/python3.10/site-packages:/opt/ros/humble/local/lib/python3.10/dist-packages'), ('LC_NUMERIC', 'ko_KR.UTF-8'), ('LC_PAPER', 'ko_KR.UTF-8'), ('COLCON', '1'), ('VTE_VERSION', '6800'), ('CMAKE_PREFIX_PATH', '/home/hycon/workspace/ros2_study/pkg_cpp/install/pkg_test_cpp_msg:/home/hycon/workspace/ros2_study/pkg_cpp/install/pkg_test_cpp:/opt/ros/humble')]), 'shell': False}
[0.010229] (pkg_test_cpp_msg) JobProgress: {'identifier': 'pkg_test_cpp_msg', 'progress': 'cmake'}
[0.010530] (pkg_test_cpp_msg) JobProgress: {'identifier': 'pkg_test_cpp_msg', 'progress': 'build'}
[0.010674] (pkg_test_cpp_msg) Command: {'cmd': ['/usr/bin/cmake', '--build', '/home/hycon/workspace/ros2_study/pkg_cpp/build/pkg_test_cpp_msg', '--', '-j16', '-l16'], 'cwd': '/home/hycon/workspace/ros2_study/pkg_cpp/build/pkg_test_cpp_msg', 'env': OrderedDict([('LESSOPEN', '| /usr/bin/lesspipe %s'), ('LANGUAGE', 'en'), ('USER', 'hycon'), ('LC_TIME', 'ko_KR.UTF-8'), ('XDG_SESSION_TYPE', 'wayland'), ('GIT_ASKPASS', '/usr/share/code/resources/app/extensions/git/dist/askpass.sh'), ('SHLVL', '2'), ('LD_LIBRARY_PATH', '/home/hycon/workspace/ros2_study/pkg_cpp/install/pkg_test_cpp_msg/lib:/opt/ros/humble/opt/rviz_ogre_vendor/lib:/opt/ros/humble/lib/x86_64-linux-gnu:/opt/ros/humble/lib'), ('HOME', '/home/hycon'), ('CHROME_DESKTOP', 'code.desktop'), ('OLDPWD', '/home/hycon'), ('TERM_PROGRAM_VERSION', '1.97.1'), ('DESKTOP_SESSION', 'ubuntu'), ('DEBUGPY_ADAPTER_ENDPOINTS', '/home/hycon/.vscode/extensions/ms-python.debugpy-2025.0.1-linux-x64/.noConfigDebugAdapterEndpoints/endpoint-8e50f911d0d2098a.txt'), ('ROS_PYTHON_VERSION', '3'), ('GNOME_SHELL_SESSION_MODE', 'ubuntu'), ('GTK_MODULES', 'gail:atk-bridge'), ('VSCODE_GIT_ASKPASS_MAIN', '/usr/share/code/resources/app/extensions/git/dist/askpass-main.js'), ('LC_MONETARY', 'ko_KR.UTF-8'), ('VSCODE_GIT_ASKPASS_NODE', '/usr/share/code/code'), ('MANAGERPID', '999'), ('PYDEVD_DISABLE_FILE_VALIDATION', '1'), ('SYSTEMD_EXEC_PID', '1455'), ('BUNDLED_DEBUGPY_PATH', '/home/hycon/.vscode/extensions/ms-python.debugpy-2025.0.1-linux-x64/bundled/libs/debugpy'), ('DBUS_SESSION_BUS_ADDRESS', 'unix:path=/run/user/1000/bus'), ('COLORTERM', 'truecolor'), ('TERMINATOR_DBUS_NAME', 'net.tenshu.Terminator25ef4b219e3b005583550f2b0f9f990c3'), ('GIO_LAUNCHED_DESKTOP_FILE_PID', '1890'), ('IM_CONFIG_PHASE', '1'), ('WAYLAND_DISPLAY', 'wayland-0'), ('COLCON_PREFIX_PATH', '/home/hycon/workspace/ros2_study/pkg_cpp/install'), ('ROS_DISTRO', 'humble'), ('LOGNAME', 'hycon'), ('JOURNAL_STREAM', '8:14532'), ('_', '/usr/bin/colcon'), ('ROS_VERSION', '2'), ('XDG_SESSION_CLASS', 'user'), ('USERNAME', 'hycon'), ('TERM', 'xterm-256color'), ('GNOME_DESKTOP_SESSION_ID', 'this-is-deprecated'), ('ROS_LOCALHOST_ONLY', '0'), ('PATH', '/opt/ros/humble/bin:/home/hycon/.local/bin:/usr/local/sbin:/usr/local/bin:/usr/sbin:/usr/bin:/sbin:/bin:/usr/games:/usr/local/games:/snap/bin:/snap/bin:/home/hycon/.vscode/extensions/ms-python.debugpy-2025.0.1-linux-x64/bundled/scripts/noConfigScripts'), ('SESSION_MANAGER', 'local/hycon:@/tmp/.ICE-unix/1189,unix/hycon:/tmp/.ICE-unix/1189'), ('INVOCATION_ID', '800bec59ad42435cad9c33ffe001c5e6'), ('PAPERSIZE', 'a4'), ('XDG_MENU_PREFIX', 'gnome-'), ('LC_ADDRESS', 'ko_KR.UTF-8'), ('GNOME_SETUP_DISPLAY', ':1'), ('XDG_RUNTIME_DIR', '/run/user/1000'), ('GDK_BACKEND', 'x11'), ('DISPLAY', ':0'), ('TERMINATOR_DBUS_PATH', '/net/tenshu/Terminator2'), ('LANG', 'en_US.UTF-8'), ('XDG_CURRENT_DESKTOP', 'Unity'), ('IBUS_DISABLE_SNOOPER', '1'), ('LC_TELEPHONE', 'ko_KR.UTF-8'), ('XMODIFIERS', '@im=ibus'), ('XDG_SESSION_DESKTOP', 'ubuntu'), ('XAUTHORITY', '/run/user/1000/.mutter-Xwaylandauth.PHL712'), ('LS_COLORS', 'rs=0:di=01;34:ln=01;36:mh=00:pi=40;33:so=01;35:do=01;35:bd=40;33;01:cd=40;33;01:or=40;31;01:mi=00:su=37;41:sg=30;43:ca=30;41:tw=30;42:ow=34;42:st=37;44:ex=01;32:*.tar=01;31:*.tgz=01;31:*.arc=01;31:*.arj=01;31:*.taz=01;31:*.lha=01;31:*.lz4=01;31:*.lzh=01;31:*.lzma=01;31:*.tlz=01;31:*.txz=01;31:*.tzo=01;31:*.t7z=01;31:*.zip=01;31:*.z=01;31:*.dz=01;31:*.gz=01;31:*.lrz=01;31:*.lz=01;31:*.lzo=01;31:*.xz=01;31:*.zst=01;31:*.tzst=01;31:*.bz2=01;31:*.bz=01;31:*.tbz=01;31:*.tbz2=01;31:*.tz=01;31:*.deb=01;31:*.rpm=01;31:*.jar=01;31:*.war=01;31:*.ear=01;31:*.sar=01;31:*.rar=01;31:*.alz=01;31:*.ace=01;31:*.zoo=01;31:*.cpio=01;31:*.7z=01;31:*.rz=01;31:*.cab=01;31:*.wim=01;31:*.swm=01;31:*.dwm=01;31:*.esd=01;31:*.jpg=01;35:*.jpeg=01;35:*.mjpg=01;35:*.mjpeg=01;35:*.gif=01;35:*.bmp=01;35:*.pbm=01;35:*.pgm=01;35:*.ppm=01;35:*.tga=01;35:*.xbm=01;35:*.xpm=01;35:*.tif=01;35:*.tiff=01;35:*.png=01;35:*.svg=01;35:*.svgz=01;35:*.mng=01;35:*.pcx=01;35:*.mov=01;35:*.mpg=01;35:*.mpeg=01;35:*.m2v=01;35:*.mkv=01;35:*.webm=01;35:*.webp=01;35:*.ogm=01;35:*.mp4=01;35:*.m4v=01;35:*.mp4v=01;35:*.vob=01;35:*.qt=01;35:*.nuv=01;35:*.wmv=01;35:*.asf=01;35:*.rm=01;35:*.rmvb=01;35:*.flc=01;35:*.avi=01;35:*.fli=01;35:*.flv=01;35:*.gl=01;35:*.dl=01;35:*.xcf=01;35:*.xwd=01;35:*.yuv=01;35:*.cgm=01;35:*.emf=01;35:*.ogv=01;35:*.ogx=01;35:*.aac=00;36:*.au=00;36:*.flac=00;36:*.m4a=00;36:*.mid=00;36:*.midi=00;36:*.mka=00;36:*.mp3=00;36:*.mpc=00;36:*.ogg=00;36:*.ra=00;36:*.wav=00;36:*.oga=00;36:*.opus=00;36:*.spx=00;36:*.xspf=00;36:'), ('VSCODE_GIT_IPC_HANDLE', '/run/user/1000/vscode-git-2e607cfef9.sock'), ('TERM_PROGRAM', 'vscode'), ('SSH_AGENT_LAUNCHER', 'gnome-keyring'), ('SSH_AUTH_SOCK', '/run/user/1000/keyring/ssh'), ('ROS_DOMAIN_ID', '99'), ('AMENT_PREFIX_PATH', '/home/hycon/workspace/ros2_study/pkg_cpp/install/pkg_test_cpp_msg:/home/hycon/workspace/ros2_study/pkg_cpp/install/pkg_test_cpp:/opt/ros/humble'), ('ORIGINAL_XDG_CURRENT_DESKTOP', 'ubuntu:GNOME'), ('SHELL', '/bin/bash'), ('LC_NAME', 'ko_KR.UTF-8'), ('TERMINATOR_UUID', 'urn:uuid:8e944f54-8cde-45ee-a182-bd5657f3ab50'), ('QT_ACCESSIBILITY', '1'), ('GDMSESSION', 'ubuntu'), ('LESSCLOSE', '/usr/bin/lesspipe %s %s'), ('LC_MEASUREMENT', 'ko_KR.UTF-8'), ('LC_IDENTIFICATION', 'ko_KR.UTF-8'), ('VSCODE_GIT_ASKPASS_EXTRA_ARGS', ''), ('QT_IM_MODULE', 'ibus'), ('PWD', '/home/hycon/workspace/ros2_study/pkg_cpp/build/pkg_test_cpp_msg'), ('LC_ALL', 'en_US.UTF-8'), ('XDG_CONFIG_DIRS', '/etc/xdg/xdg-ubuntu:/etc/xdg'), ('XDG_DATA_DIRS', '/usr/share/ubuntu:/usr/local/share/:/usr/share/:/var/lib/snapd/desktop'), ('PYTHONPATH', '/home/hycon/workspace/ros2_study/pkg_cpp/install/pkg_test_cpp_msg/local/lib/python3.10/dist-packages:/opt/ros/humble/lib/python3.10/site-packages:/opt/ros/humble/local/lib/python3.10/dist-packages'), ('LC_NUMERIC', 'ko_KR.UTF-8'), ('LC_PAPER', 'ko_KR.UTF-8'), ('COLCON', '1'), ('VTE_VERSION', '6800'), ('CMAKE_PREFIX_PATH', '/home/hycon/workspace/ros2_study/pkg_cpp/install/pkg_test_cpp_msg:/home/hycon/workspace/ros2_study/pkg_cpp/install/pkg_test_cpp:/opt/ros/humble')]), 'shell': False}
[0.055882] (pkg_test_cpp) StdoutLine: {'line': b'\x1b[35m\x1b[1mConsolidate compiler generated dependencies of target turtlesim_service_server\x1b[0m\n'}
[0.069287] (pkg_test_cpp_msg) StdoutLine: {'line': b'[  2%] Built target pkg_test_cpp_msg__cpp\n'}
[0.078029] (pkg_test_cpp_msg) StdoutLine: {'line': b'[ 12%] Built target pkg_test_cpp_msg__rosidl_generator_c\n'}
[0.089536] (pkg_test_cpp) StdoutLine: {'line': b'[ 25%] Built target turtlesim_cmd_and_pose\n'}
[0.091122] (pkg_test_cpp) StdoutLine: {'line': b'[ 50%] Built target turtlesim_publisher\n'}
[0.095451] (pkg_test_cpp) StdoutLine: {'line': b'[ 75%] Built target turtlesim_subscriber\n'}
[0.098583] (pkg_test_cpp_msg) StdoutLine: {'line': b'[ 12%] Built target ament_cmake_python_copy_pkg_test_cpp_msg\n'}
[0.099860] (-) TimerEvent: {}
[0.111033] (pkg_test_cpp) StdoutLine: {'line': b'[ 83%] \x1b[32mBuilding CXX object CMakeFiles/turtlesim_service_server.dir/src/main_service_server.cpp.o\x1b[0m\n'}
[0.113051] (pkg_test_cpp) StdoutLine: {'line': b'[ 91%] \x1b[32mBuilding CXX object CMakeFiles/turtlesim_service_server.dir/src/turtlesim_service_server.cpp.o\x1b[0m\n'}
[0.118294] (pkg_test_cpp_msg) StdoutLine: {'line': b'[ 23%] Built target pkg_test_cpp_msg__rosidl_typesupport_cpp\n'}
[0.118704] (pkg_test_cpp_msg) StdoutLine: {'line': b'[ 33%] Built target pkg_test_cpp_msg__rosidl_typesupport_introspection_cpp\n'}
[0.124536] (pkg_test_cpp_msg) StdoutLine: {'line': b'[ 43%] Built target pkg_test_cpp_msg__rosidl_typesupport_fastrtps_cpp\n'}
[0.126948] (pkg_test_cpp_msg) StdoutLine: {'line': b'[ 74%] Built target pkg_test_cpp_msg__rosidl_typesupport_c\n'}
[0.127209] (pkg_test_cpp_msg) StdoutLine: {'line': b'[ 74%] Built target pkg_test_cpp_msg__rosidl_typesupport_introspection_c\n'}
[0.127334] (pkg_test_cpp_msg) StdoutLine: {'line': b'[ 74%] Built target pkg_test_cpp_msg__rosidl_typesupport_fastrtps_c\n'}
[0.143264] (pkg_test_cpp_msg) StdoutLine: {'line': b'[ 74%] Built target pkg_test_cpp_msg\n'}
[0.165648] (pkg_test_cpp_msg) StdoutLine: {'line': b'[ 76%] Built target pkg_test_cpp_msg__py\n'}
[0.188561] (pkg_test_cpp_msg) StdoutLine: {'line': b'[ 84%] Built target pkg_test_cpp_msg__rosidl_generator_py\n'}
[0.199955] (-) TimerEvent: {}
[0.204043] (pkg_test_cpp_msg) StdoutLine: {'line': b'[ 89%] Built target pkg_test_cpp_msg__rosidl_typesupport_c__pyext\n'}
[0.208764] (pkg_test_cpp_msg) StdoutLine: {'line': b'[ 94%] Built target pkg_test_cpp_msg__rosidl_typesupport_fastrtps_c__pyext\n'}
[0.209518] (pkg_test_cpp_msg) StdoutLine: {'line': b'[100%] Built target pkg_test_cpp_msg__rosidl_typesupport_introspection_c__pyext\n'}
[0.274650] (pkg_test_cpp_msg) StdoutLine: {'line': b'running egg_info\n'}
[0.275185] (pkg_test_cpp_msg) StdoutLine: {'line': b'writing pkg_test_cpp_msg.egg-info/PKG-INFO\n'}
[0.275358] (pkg_test_cpp_msg) StdoutLine: {'line': b'writing dependency_links to pkg_test_cpp_msg.egg-info/dependency_links.txt\n'}
[0.275563] (pkg_test_cpp_msg) StdoutLine: {'line': b'writing top-level names to pkg_test_cpp_msg.egg-info/top_level.txt\n'}
[0.277153] (pkg_test_cpp_msg) StdoutLine: {'line': b"reading manifest file 'pkg_test_cpp_msg.egg-info/SOURCES.txt'\n"}
[0.277559] (pkg_test_cpp_msg) StdoutLine: {'line': b"writing manifest file 'pkg_test_cpp_msg.egg-info/SOURCES.txt'\n"}
[0.299482] (pkg_test_cpp_msg) StdoutLine: {'line': b'[100%] Built target ament_cmake_python_build_pkg_test_cpp_msg_egg\n'}
[0.300016] (-) TimerEvent: {}
[0.308264] (pkg_test_cpp_msg) CommandEnded: {'returncode': 0}
[0.309091] (pkg_test_cpp_msg) JobProgress: {'identifier': 'pkg_test_cpp_msg', 'progress': 'install'}
[0.318143] (pkg_test_cpp_msg) Command: {'cmd': ['/usr/bin/cmake', '--install', '/home/hycon/workspace/ros2_study/pkg_cpp/build/pkg_test_cpp_msg'], 'cwd': '/home/hycon/workspace/ros2_study/pkg_cpp/build/pkg_test_cpp_msg', 'env': OrderedDict([('LESSOPEN', '| /usr/bin/lesspipe %s'), ('LANGUAGE', 'en'), ('USER', 'hycon'), ('LC_TIME', 'ko_KR.UTF-8'), ('XDG_SESSION_TYPE', 'wayland'), ('GIT_ASKPASS', '/usr/share/code/resources/app/extensions/git/dist/askpass.sh'), ('SHLVL', '2'), ('LD_LIBRARY_PATH', '/home/hycon/workspace/ros2_study/pkg_cpp/install/pkg_test_cpp_msg/lib:/opt/ros/humble/opt/rviz_ogre_vendor/lib:/opt/ros/humble/lib/x86_64-linux-gnu:/opt/ros/humble/lib'), ('HOME', '/home/hycon'), ('CHROME_DESKTOP', 'code.desktop'), ('OLDPWD', '/home/hycon'), ('TERM_PROGRAM_VERSION', '1.97.1'), ('DESKTOP_SESSION', 'ubuntu'), ('DEBUGPY_ADAPTER_ENDPOINTS', '/home/hycon/.vscode/extensions/ms-python.debugpy-2025.0.1-linux-x64/.noConfigDebugAdapterEndpoints/endpoint-8e50f911d0d2098a.txt'), ('ROS_PYTHON_VERSION', '3'), ('GNOME_SHELL_SESSION_MODE', 'ubuntu'), ('GTK_MODULES', 'gail:atk-bridge'), ('VSCODE_GIT_ASKPASS_MAIN', '/usr/share/code/resources/app/extensions/git/dist/askpass-main.js'), ('LC_MONETARY', 'ko_KR.UTF-8'), ('VSCODE_GIT_ASKPASS_NODE', '/usr/share/code/code'), ('MANAGERPID', '999'), ('PYDEVD_DISABLE_FILE_VALIDATION', '1'), ('SYSTEMD_EXEC_PID', '1455'), ('BUNDLED_DEBUGPY_PATH', '/home/hycon/.vscode/extensions/ms-python.debugpy-2025.0.1-linux-x64/bundled/libs/debugpy'), ('DBUS_SESSION_BUS_ADDRESS', 'unix:path=/run/user/1000/bus'), ('COLORTERM', 'truecolor'), ('TERMINATOR_DBUS_NAME', 'net.tenshu.Terminator25ef4b219e3b005583550f2b0f9f990c3'), ('GIO_LAUNCHED_DESKTOP_FILE_PID', '1890'), ('IM_CONFIG_PHASE', '1'), ('WAYLAND_DISPLAY', 'wayland-0'), ('COLCON_PREFIX_PATH', '/home/hycon/workspace/ros2_study/pkg_cpp/install'), ('ROS_DISTRO', 'humble'), ('LOGNAME', 'hycon'), ('JOURNAL_STREAM', '8:14532'), ('_', '/usr/bin/colcon'), ('ROS_VERSION', '2'), ('XDG_SESSION_CLASS', 'user'), ('USERNAME', 'hycon'), ('TERM', 'xterm-256color'), ('GNOME_DESKTOP_SESSION_ID', 'this-is-deprecated'), ('ROS_LOCALHOST_ONLY', '0'), ('PATH', '/opt/ros/humble/bin:/home/hycon/.local/bin:/usr/local/sbin:/usr/local/bin:/usr/sbin:/usr/bin:/sbin:/bin:/usr/games:/usr/local/games:/snap/bin:/snap/bin:/home/hycon/.vscode/extensions/ms-python.debugpy-2025.0.1-linux-x64/bundled/scripts/noConfigScripts'), ('SESSION_MANAGER', 'local/hycon:@/tmp/.ICE-unix/1189,unix/hycon:/tmp/.ICE-unix/1189'), ('INVOCATION_ID', '800bec59ad42435cad9c33ffe001c5e6'), ('PAPERSIZE', 'a4'), ('XDG_MENU_PREFIX', 'gnome-'), ('LC_ADDRESS', 'ko_KR.UTF-8'), ('GNOME_SETUP_DISPLAY', ':1'), ('XDG_RUNTIME_DIR', '/run/user/1000'), ('GDK_BACKEND', 'x11'), ('DISPLAY', ':0'), ('TERMINATOR_DBUS_PATH', '/net/tenshu/Terminator2'), ('LANG', 'en_US.UTF-8'), ('XDG_CURRENT_DESKTOP', 'Unity'), ('IBUS_DISABLE_SNOOPER', '1'), ('LC_TELEPHONE', 'ko_KR.UTF-8'), ('XMODIFIERS', '@im=ibus'), ('XDG_SESSION_DESKTOP', 'ubuntu'), ('XAUTHORITY', '/run/user/1000/.mutter-Xwaylandauth.PHL712'), ('LS_COLORS', 'rs=0:di=01;34:ln=01;36:mh=00:pi=40;33:so=01;35:do=01;35:bd=40;33;01:cd=40;33;01:or=40;31;01:mi=00:su=37;41:sg=30;43:ca=30;41:tw=30;42:ow=34;42:st=37;44:ex=01;32:*.tar=01;31:*.tgz=01;31:*.arc=01;31:*.arj=01;31:*.taz=01;31:*.lha=01;31:*.lz4=01;31:*.lzh=01;31:*.lzma=01;31:*.tlz=01;31:*.txz=01;31:*.tzo=01;31:*.t7z=01;31:*.zip=01;31:*.z=01;31:*.dz=01;31:*.gz=01;31:*.lrz=01;31:*.lz=01;31:*.lzo=01;31:*.xz=01;31:*.zst=01;31:*.tzst=01;31:*.bz2=01;31:*.bz=01;31:*.tbz=01;31:*.tbz2=01;31:*.tz=01;31:*.deb=01;31:*.rpm=01;31:*.jar=01;31:*.war=01;31:*.ear=01;31:*.sar=01;31:*.rar=01;31:*.alz=01;31:*.ace=01;31:*.zoo=01;31:*.cpio=01;31:*.7z=01;31:*.rz=01;31:*.cab=01;31:*.wim=01;31:*.swm=01;31:*.dwm=01;31:*.esd=01;31:*.jpg=01;35:*.jpeg=01;35:*.mjpg=01;35:*.mjpeg=01;35:*.gif=01;35:*.bmp=01;35:*.pbm=01;35:*.pgm=01;35:*.ppm=01;35:*.tga=01;35:*.xbm=01;35:*.xpm=01;35:*.tif=01;35:*.tiff=01;35:*.png=01;35:*.svg=01;35:*.svgz=01;35:*.mng=01;35:*.pcx=01;35:*.mov=01;35:*.mpg=01;35:*.mpeg=01;35:*.m2v=01;35:*.mkv=01;35:*.webm=01;35:*.webp=01;35:*.ogm=01;35:*.mp4=01;35:*.m4v=01;35:*.mp4v=01;35:*.vob=01;35:*.qt=01;35:*.nuv=01;35:*.wmv=01;35:*.asf=01;35:*.rm=01;35:*.rmvb=01;35:*.flc=01;35:*.avi=01;35:*.fli=01;35:*.flv=01;35:*.gl=01;35:*.dl=01;35:*.xcf=01;35:*.xwd=01;35:*.yuv=01;35:*.cgm=01;35:*.emf=01;35:*.ogv=01;35:*.ogx=01;35:*.aac=00;36:*.au=00;36:*.flac=00;36:*.m4a=00;36:*.mid=00;36:*.midi=00;36:*.mka=00;36:*.mp3=00;36:*.mpc=00;36:*.ogg=00;36:*.ra=00;36:*.wav=00;36:*.oga=00;36:*.opus=00;36:*.spx=00;36:*.xspf=00;36:'), ('VSCODE_GIT_IPC_HANDLE', '/run/user/1000/vscode-git-2e607cfef9.sock'), ('TERM_PROGRAM', 'vscode'), ('SSH_AGENT_LAUNCHER', 'gnome-keyring'), ('SSH_AUTH_SOCK', '/run/user/1000/keyring/ssh'), ('ROS_DOMAIN_ID', '99'), ('AMENT_PREFIX_PATH', '/home/hycon/workspace/ros2_study/pkg_cpp/install/pkg_test_cpp_msg:/home/hycon/workspace/ros2_study/pkg_cpp/install/pkg_test_cpp:/opt/ros/humble'), ('ORIGINAL_XDG_CURRENT_DESKTOP', 'ubuntu:GNOME'), ('SHELL', '/bin/bash'), ('LC_NAME', 'ko_KR.UTF-8'), ('TERMINATOR_UUID', 'urn:uuid:8e944f54-8cde-45ee-a182-bd5657f3ab50'), ('QT_ACCESSIBILITY', '1'), ('GDMSESSION', 'ubuntu'), ('LESSCLOSE', '/usr/bin/lesspipe %s %s'), ('LC_MEASUREMENT', 'ko_KR.UTF-8'), ('LC_IDENTIFICATION', 'ko_KR.UTF-8'), ('VSCODE_GIT_ASKPASS_EXTRA_ARGS', ''), ('QT_IM_MODULE', 'ibus'), ('PWD', '/home/hycon/workspace/ros2_study/pkg_cpp/build/pkg_test_cpp_msg'), ('LC_ALL', 'en_US.UTF-8'), ('XDG_CONFIG_DIRS', '/etc/xdg/xdg-ubuntu:/etc/xdg'), ('XDG_DATA_DIRS', '/usr/share/ubuntu:/usr/local/share/:/usr/share/:/var/lib/snapd/desktop'), ('PYTHONPATH', '/home/hycon/workspace/ros2_study/pkg_cpp/install/pkg_test_cpp_msg/local/lib/python3.10/dist-packages:/opt/ros/humble/lib/python3.10/site-packages:/opt/ros/humble/local/lib/python3.10/dist-packages'), ('LC_NUMERIC', 'ko_KR.UTF-8'), ('LC_PAPER', 'ko_KR.UTF-8'), ('COLCON', '1'), ('VTE_VERSION', '6800'), ('CMAKE_PREFIX_PATH', '/home/hycon/workspace/ros2_study/pkg_cpp/install/pkg_test_cpp_msg:/home/hycon/workspace/ros2_study/pkg_cpp/install/pkg_test_cpp:/opt/ros/humble')]), 'shell': False}
[0.327565] (pkg_test_cpp_msg) StdoutLine: {'line': b'-- Install configuration: ""\n'}
[0.327870] (pkg_test_cpp_msg) StdoutLine: {'line': b'-- Up-to-date: /home/hycon/workspace/ros2_study/pkg_cpp/install/pkg_test_cpp_msg/share/ament_index/resource_index/rosidl_interfaces/pkg_test_cpp_msg\n'}
[0.328015] (pkg_test_cpp_msg) StdoutLine: {'line': b'-- Up-to-date: /home/hycon/workspace/ros2_study/pkg_cpp/install/pkg_test_cpp_msg/include/pkg_test_cpp_msg/pkg_test_cpp_msg\n'}
[0.328121] (pkg_test_cpp_msg) StdoutLine: {'line': b'-- Up-to-date: /home/hycon/workspace/ros2_study/pkg_cpp/install/pkg_test_cpp_msg/include/pkg_test_cpp_msg/pkg_test_cpp_msg/msg\n'}
[0.328237] (pkg_test_cpp_msg) StdoutLine: {'line': b'-- Up-to-date: /home/hycon/workspace/ros2_study/pkg_cpp/install/pkg_test_cpp_msg/include/pkg_test_cpp_msg/pkg_test_cpp_msg/msg/detail\n'}
[0.328364] (pkg_test_cpp_msg) StdoutLine: {'line': b'-- Up-to-date: /home/hycon/workspace/ros2_study/pkg_cpp/install/pkg_test_cpp_msg/include/pkg_test_cpp_msg/pkg_test_cpp_msg/msg/detail/cmd_and_pose_vel__functions.c\n'}
[0.328477] (pkg_test_cpp_msg) StdoutLine: {'line': b'-- Up-to-date: /home/hycon/workspace/ros2_study/pkg_cpp/install/pkg_test_cpp_msg/include/pkg_test_cpp_msg/pkg_test_cpp_msg/msg/detail/cmd_and_pose_vel__functions.h\n'}
[0.328613] (pkg_test_cpp_msg) StdoutLine: {'line': b'-- Up-to-date: /home/hycon/workspace/ros2_study/pkg_cpp/install/pkg_test_cpp_msg/include/pkg_test_cpp_msg/pkg_test_cpp_msg/msg/detail/cmd_and_pose_vel__type_support.h\n'}
[0.328736] (pkg_test_cpp_msg) StdoutLine: {'line': b'-- Up-to-date: /home/hycon/workspace/ros2_study/pkg_cpp/install/pkg_test_cpp_msg/include/pkg_test_cpp_msg/pkg_test_cpp_msg/msg/detail/cmd_and_pose_vel__struct.h\n'}
[0.328830] (pkg_test_cpp_msg) StdoutLine: {'line': b'-- Up-to-date: /home/hycon/workspace/ros2_study/pkg_cpp/install/pkg_test_cpp_msg/include/pkg_test_cpp_msg/pkg_test_cpp_msg/msg/rosidl_generator_c__visibility_control.h\n'}
[0.328940] (pkg_test_cpp_msg) StdoutLine: {'line': b'-- Up-to-date: /home/hycon/workspace/ros2_study/pkg_cpp/install/pkg_test_cpp_msg/include/pkg_test_cpp_msg/pkg_test_cpp_msg/msg/cmd_and_pose_vel.h\n'}
[0.329071] (pkg_test_cpp_msg) StdoutLine: {'line': b'-- Up-to-date: /home/hycon/workspace/ros2_study/pkg_cpp/install/pkg_test_cpp_msg/include/pkg_test_cpp_msg/pkg_test_cpp_msg/srv\n'}
[0.329227] (pkg_test_cpp_msg) StdoutLine: {'line': b'-- Up-to-date: /home/hycon/workspace/ros2_study/pkg_cpp/install/pkg_test_cpp_msg/include/pkg_test_cpp_msg/pkg_test_cpp_msg/srv/detail\n'}
[0.329373] (pkg_test_cpp_msg) StdoutLine: {'line': b'-- Up-to-date: /home/hycon/workspace/ros2_study/pkg_cpp/install/pkg_test_cpp_msg/include/pkg_test_cpp_msg/pkg_test_cpp_msg/srv/detail/multi_spawn__functions.h\n'}
[0.329499] (pkg_test_cpp_msg) StdoutLine: {'line': b'-- Up-to-date: /home/hycon/workspace/ros2_study/pkg_cpp/install/pkg_test_cpp_msg/include/pkg_test_cpp_msg/pkg_test_cpp_msg/srv/detail/multi_spawn__type_support.h\n'}
[0.329599] (pkg_test_cpp_msg) StdoutLine: {'line': b'-- Up-to-date: /home/hycon/workspace/ros2_study/pkg_cpp/install/pkg_test_cpp_msg/include/pkg_test_cpp_msg/pkg_test_cpp_msg/srv/detail/multi_spawn__functions.c\n'}
[0.329750] (pkg_test_cpp_msg) StdoutLine: {'line': b'-- Up-to-date: /home/hycon/workspace/ros2_study/pkg_cpp/install/pkg_test_cpp_msg/include/pkg_test_cpp_msg/pkg_test_cpp_msg/srv/detail/multi_spawn__struct.h\n'}
[0.329862] (pkg_test_cpp_msg) StdoutLine: {'line': b'-- Up-to-date: /home/hycon/workspace/ros2_study/pkg_cpp/install/pkg_test_cpp_msg/include/pkg_test_cpp_msg/pkg_test_cpp_msg/srv/multi_spawn.h\n'}
[0.329948] (pkg_test_cpp_msg) StdoutLine: {'line': b'-- Up-to-date: /home/hycon/workspace/ros2_study/pkg_cpp/install/pkg_test_cpp_msg/share/pkg_test_cpp_msg/environment/library_path.sh\n'}
[0.330047] (pkg_test_cpp_msg) StdoutLine: {'line': b'-- Up-to-date: /home/hycon/workspace/ros2_study/pkg_cpp/install/pkg_test_cpp_msg/share/pkg_test_cpp_msg/environment/library_path.dsv\n'}
[0.330177] (pkg_test_cpp_msg) StdoutLine: {'line': b'-- Up-to-date: /home/hycon/workspace/ros2_study/pkg_cpp/install/pkg_test_cpp_msg/lib/libpkg_test_cpp_msg__rosidl_generator_c.so\n'}
[0.330265] (pkg_test_cpp_msg) StdoutLine: {'line': b'-- Up-to-date: /home/hycon/workspace/ros2_study/pkg_cpp/install/pkg_test_cpp_msg/include/pkg_test_cpp_msg/pkg_test_cpp_msg\n'}
[0.330376] (pkg_test_cpp_msg) StdoutLine: {'line': b'-- Up-to-date: /home/hycon/workspace/ros2_study/pkg_cpp/install/pkg_test_cpp_msg/include/pkg_test_cpp_msg/pkg_test_cpp_msg/msg\n'}
[0.330477] (pkg_test_cpp_msg) StdoutLine: {'line': b'-- Up-to-date: /home/hycon/workspace/ros2_study/pkg_cpp/install/pkg_test_cpp_msg/include/pkg_test_cpp_msg/pkg_test_cpp_msg/msg/detail\n'}
[0.330625] (pkg_test_cpp_msg) StdoutLine: {'line': b'-- Up-to-date: /home/hycon/workspace/ros2_study/pkg_cpp/install/pkg_test_cpp_msg/include/pkg_test_cpp_msg/pkg_test_cpp_msg/msg/detail/cmd_and_pose_vel__rosidl_typesupport_fastrtps_c.h\n'}
[0.330778] (pkg_test_cpp_msg) StdoutLine: {'line': b'-- Up-to-date: /home/hycon/workspace/ros2_study/pkg_cpp/install/pkg_test_cpp_msg/include/pkg_test_cpp_msg/pkg_test_cpp_msg/msg/rosidl_typesupport_fastrtps_c__visibility_control.h\n'}
[0.330856] (pkg_test_cpp_msg) StdoutLine: {'line': b'-- Up-to-date: /home/hycon/workspace/ros2_study/pkg_cpp/install/pkg_test_cpp_msg/include/pkg_test_cpp_msg/pkg_test_cpp_msg/srv\n'}
[0.330930] (pkg_test_cpp_msg) StdoutLine: {'line': b'-- Up-to-date: /home/hycon/workspace/ros2_study/pkg_cpp/install/pkg_test_cpp_msg/include/pkg_test_cpp_msg/pkg_test_cpp_msg/srv/detail\n'}
[0.331003] (pkg_test_cpp_msg) StdoutLine: {'line': b'-- Up-to-date: /home/hycon/workspace/ros2_study/pkg_cpp/install/pkg_test_cpp_msg/include/pkg_test_cpp_msg/pkg_test_cpp_msg/srv/detail/multi_spawn__rosidl_typesupport_fastrtps_c.h\n'}
[0.331077] (pkg_test_cpp_msg) StdoutLine: {'line': b'-- Up-to-date: /home/hycon/workspace/ros2_study/pkg_cpp/install/pkg_test_cpp_msg/lib/libpkg_test_cpp_msg__rosidl_typesupport_fastrtps_c.so\n'}
[0.331156] (pkg_test_cpp_msg) StdoutLine: {'line': b'-- Up-to-date: /home/hycon/workspace/ros2_study/pkg_cpp/install/pkg_test_cpp_msg/include/pkg_test_cpp_msg/pkg_test_cpp_msg\n'}
[0.331229] (pkg_test_cpp_msg) StdoutLine: {'line': b'-- Up-to-date: /home/hycon/workspace/ros2_study/pkg_cpp/install/pkg_test_cpp_msg/include/pkg_test_cpp_msg/pkg_test_cpp_msg/msg\n'}
[0.331301] (pkg_test_cpp_msg) StdoutLine: {'line': b'-- Up-to-date: /home/hycon/workspace/ros2_study/pkg_cpp/install/pkg_test_cpp_msg/include/pkg_test_cpp_msg/pkg_test_cpp_msg/msg/detail\n'}
[0.331374] (pkg_test_cpp_msg) StdoutLine: {'line': b'-- Up-to-date: /home/hycon/workspace/ros2_study/pkg_cpp/install/pkg_test_cpp_msg/include/pkg_test_cpp_msg/pkg_test_cpp_msg/msg/detail/cmd_and_pose_vel__rosidl_typesupport_introspection_c.h\n'}
[0.331461] (pkg_test_cpp_msg) StdoutLine: {'line': b'-- Up-to-date: /home/hycon/workspace/ros2_study/pkg_cpp/install/pkg_test_cpp_msg/include/pkg_test_cpp_msg/pkg_test_cpp_msg/msg/detail/cmd_and_pose_vel__type_support.c\n'}
[0.331537] (pkg_test_cpp_msg) StdoutLine: {'line': b'-- Up-to-date: /home/hycon/workspace/ros2_study/pkg_cpp/install/pkg_test_cpp_msg/include/pkg_test_cpp_msg/pkg_test_cpp_msg/msg/rosidl_typesupport_introspection_c__visibility_control.h\n'}
[0.331610] (pkg_test_cpp_msg) StdoutLine: {'line': b'-- Up-to-date: /home/hycon/workspace/ros2_study/pkg_cpp/install/pkg_test_cpp_msg/include/pkg_test_cpp_msg/pkg_test_cpp_msg/srv\n'}
[0.331682] (pkg_test_cpp_msg) StdoutLine: {'line': b'-- Up-to-date: /home/hycon/workspace/ros2_study/pkg_cpp/install/pkg_test_cpp_msg/include/pkg_test_cpp_msg/pkg_test_cpp_msg/srv/detail\n'}
[0.331755] (pkg_test_cpp_msg) StdoutLine: {'line': b'-- Up-to-date: /home/hycon/workspace/ros2_study/pkg_cpp/install/pkg_test_cpp_msg/include/pkg_test_cpp_msg/pkg_test_cpp_msg/srv/detail/multi_spawn__rosidl_typesupport_introspection_c.h\n'}
[0.331830] (pkg_test_cpp_msg) StdoutLine: {'line': b'-- Up-to-date: /home/hycon/workspace/ros2_study/pkg_cpp/install/pkg_test_cpp_msg/include/pkg_test_cpp_msg/pkg_test_cpp_msg/srv/detail/multi_spawn__type_support.c\n'}
[0.331905] (pkg_test_cpp_msg) StdoutLine: {'line': b'-- Up-to-date: /home/hycon/workspace/ros2_study/pkg_cpp/install/pkg_test_cpp_msg/lib/libpkg_test_cpp_msg__rosidl_typesupport_introspection_c.so\n'}
[0.331977] (pkg_test_cpp_msg) StdoutLine: {'line': b'-- Up-to-date: /home/hycon/workspace/ros2_study/pkg_cpp/install/pkg_test_cpp_msg/lib/libpkg_test_cpp_msg__rosidl_typesupport_c.so\n'}
[0.332049] (pkg_test_cpp_msg) StdoutLine: {'line': b'-- Up-to-date: /home/hycon/workspace/ros2_study/pkg_cpp/install/pkg_test_cpp_msg/include/pkg_test_cpp_msg/pkg_test_cpp_msg\n'}
[0.332120] (pkg_test_cpp_msg) StdoutLine: {'line': b'-- Up-to-date: /home/hycon/workspace/ros2_study/pkg_cpp/install/pkg_test_cpp_msg/include/pkg_test_cpp_msg/pkg_test_cpp_msg/msg\n'}
[0.332193] (pkg_test_cpp_msg) StdoutLine: {'line': b'-- Up-to-date: /home/hycon/workspace/ros2_study/pkg_cpp/install/pkg_test_cpp_msg/include/pkg_test_cpp_msg/pkg_test_cpp_msg/msg/rosidl_generator_cpp__visibility_control.hpp\n'}
[0.332265] (pkg_test_cpp_msg) StdoutLine: {'line': b'-- Up-to-date: /home/hycon/workspace/ros2_study/pkg_cpp/install/pkg_test_cpp_msg/include/pkg_test_cpp_msg/pkg_test_cpp_msg/msg/detail\n'}
[0.332339] (pkg_test_cpp_msg) StdoutLine: {'line': b'-- Up-to-date: /home/hycon/workspace/ros2_study/pkg_cpp/install/pkg_test_cpp_msg/include/pkg_test_cpp_msg/pkg_test_cpp_msg/msg/detail/cmd_and_pose_vel__builder.hpp\n'}
[0.332422] (pkg_test_cpp_msg) StdoutLine: {'line': b'-- Up-to-date: /home/hycon/workspace/ros2_study/pkg_cpp/install/pkg_test_cpp_msg/include/pkg_test_cpp_msg/pkg_test_cpp_msg/msg/detail/cmd_and_pose_vel__traits.hpp\n'}
[0.332509] (pkg_test_cpp_msg) StdoutLine: {'line': b'-- Up-to-date: /home/hycon/workspace/ros2_study/pkg_cpp/install/pkg_test_cpp_msg/include/pkg_test_cpp_msg/pkg_test_cpp_msg/msg/detail/cmd_and_pose_vel__type_support.hpp\n'}
[0.332581] (pkg_test_cpp_msg) StdoutLine: {'line': b'-- Up-to-date: /home/hycon/workspace/ros2_study/pkg_cpp/install/pkg_test_cpp_msg/include/pkg_test_cpp_msg/pkg_test_cpp_msg/msg/detail/cmd_and_pose_vel__struct.hpp\n'}
[0.332658] (pkg_test_cpp_msg) StdoutLine: {'line': b'-- Up-to-date: /home/hycon/workspace/ros2_study/pkg_cpp/install/pkg_test_cpp_msg/include/pkg_test_cpp_msg/pkg_test_cpp_msg/msg/cmd_and_pose_vel.hpp\n'}
[0.332732] (pkg_test_cpp_msg) StdoutLine: {'line': b'-- Up-to-date: /home/hycon/workspace/ros2_study/pkg_cpp/install/pkg_test_cpp_msg/include/pkg_test_cpp_msg/pkg_test_cpp_msg/srv\n'}
[0.332806] (pkg_test_cpp_msg) StdoutLine: {'line': b'-- Up-to-date: /home/hycon/workspace/ros2_study/pkg_cpp/install/pkg_test_cpp_msg/include/pkg_test_cpp_msg/pkg_test_cpp_msg/srv/detail\n'}
[0.332880] (pkg_test_cpp_msg) StdoutLine: {'line': b'-- Up-to-date: /home/hycon/workspace/ros2_study/pkg_cpp/install/pkg_test_cpp_msg/include/pkg_test_cpp_msg/pkg_test_cpp_msg/srv/detail/multi_spawn__struct.hpp\n'}
[0.332956] (pkg_test_cpp_msg) StdoutLine: {'line': b'-- Up-to-date: /home/hycon/workspace/ros2_study/pkg_cpp/install/pkg_test_cpp_msg/include/pkg_test_cpp_msg/pkg_test_cpp_msg/srv/detail/multi_spawn__type_support.hpp\n'}
[0.333029] (pkg_test_cpp_msg) StdoutLine: {'line': b'-- Up-to-date: /home/hycon/workspace/ros2_study/pkg_cpp/install/pkg_test_cpp_msg/include/pkg_test_cpp_msg/pkg_test_cpp_msg/srv/detail/multi_spawn__traits.hpp\n'}
[0.333103] (pkg_test_cpp_msg) StdoutLine: {'line': b'-- Up-to-date: /home/hycon/workspace/ros2_study/pkg_cpp/install/pkg_test_cpp_msg/include/pkg_test_cpp_msg/pkg_test_cpp_msg/srv/detail/multi_spawn__builder.hpp\n'}
[0.333181] (pkg_test_cpp_msg) StdoutLine: {'line': b'-- Up-to-date: /home/hycon/workspace/ros2_study/pkg_cpp/install/pkg_test_cpp_msg/include/pkg_test_cpp_msg/pkg_test_cpp_msg/srv/multi_spawn.hpp\n'}
[0.333256] (pkg_test_cpp_msg) StdoutLine: {'line': b'-- Up-to-date: /home/hycon/workspace/ros2_study/pkg_cpp/install/pkg_test_cpp_msg/include/pkg_test_cpp_msg/pkg_test_cpp_msg\n'}
[0.333332] (pkg_test_cpp_msg) StdoutLine: {'line': b'-- Up-to-date: /home/hycon/workspace/ros2_study/pkg_cpp/install/pkg_test_cpp_msg/include/pkg_test_cpp_msg/pkg_test_cpp_msg/msg\n'}
[0.333421] (pkg_test_cpp_msg) StdoutLine: {'line': b'-- Up-to-date: /home/hycon/workspace/ros2_study/pkg_cpp/install/pkg_test_cpp_msg/include/pkg_test_cpp_msg/pkg_test_cpp_msg/msg/rosidl_typesupport_fastrtps_cpp__visibility_control.h\n'}
[0.333503] (pkg_test_cpp_msg) StdoutLine: {'line': b'-- Up-to-date: /home/hycon/workspace/ros2_study/pkg_cpp/install/pkg_test_cpp_msg/include/pkg_test_cpp_msg/pkg_test_cpp_msg/msg/detail\n'}
[0.333580] (pkg_test_cpp_msg) StdoutLine: {'line': b'-- Up-to-date: /home/hycon/workspace/ros2_study/pkg_cpp/install/pkg_test_cpp_msg/include/pkg_test_cpp_msg/pkg_test_cpp_msg/msg/detail/dds_fastrtps\n'}
[0.333654] (pkg_test_cpp_msg) StdoutLine: {'line': b'-- Up-to-date: /home/hycon/workspace/ros2_study/pkg_cpp/install/pkg_test_cpp_msg/include/pkg_test_cpp_msg/pkg_test_cpp_msg/msg/detail/cmd_and_pose_vel__rosidl_typesupport_fastrtps_cpp.hpp\n'}
[0.333727] (pkg_test_cpp_msg) StdoutLine: {'line': b'-- Up-to-date: /home/hycon/workspace/ros2_study/pkg_cpp/install/pkg_test_cpp_msg/include/pkg_test_cpp_msg/pkg_test_cpp_msg/srv\n'}
[0.333806] (pkg_test_cpp_msg) StdoutLine: {'line': b'-- Up-to-date: /home/hycon/workspace/ros2_study/pkg_cpp/install/pkg_test_cpp_msg/include/pkg_test_cpp_msg/pkg_test_cpp_msg/srv/detail\n'}
[0.333880] (pkg_test_cpp_msg) StdoutLine: {'line': b'-- Up-to-date: /home/hycon/workspace/ros2_study/pkg_cpp/install/pkg_test_cpp_msg/include/pkg_test_cpp_msg/pkg_test_cpp_msg/srv/detail/dds_fastrtps\n'}
[0.333953] (pkg_test_cpp_msg) StdoutLine: {'line': b'-- Up-to-date: /home/hycon/workspace/ros2_study/pkg_cpp/install/pkg_test_cpp_msg/include/pkg_test_cpp_msg/pkg_test_cpp_msg/srv/detail/multi_spawn__rosidl_typesupport_fastrtps_cpp.hpp\n'}
[0.334029] (pkg_test_cpp_msg) StdoutLine: {'line': b'-- Up-to-date: /home/hycon/workspace/ros2_study/pkg_cpp/install/pkg_test_cpp_msg/lib/libpkg_test_cpp_msg__rosidl_typesupport_fastrtps_cpp.so\n'}
[0.334106] (pkg_test_cpp_msg) StdoutLine: {'line': b'-- Up-to-date: /home/hycon/workspace/ros2_study/pkg_cpp/install/pkg_test_cpp_msg/include/pkg_test_cpp_msg/pkg_test_cpp_msg\n'}
[0.334190] (pkg_test_cpp_msg) StdoutLine: {'line': b'-- Up-to-date: /home/hycon/workspace/ros2_study/pkg_cpp/install/pkg_test_cpp_msg/include/pkg_test_cpp_msg/pkg_test_cpp_msg/msg\n'}
[0.334263] (pkg_test_cpp_msg) StdoutLine: {'line': b'-- Up-to-date: /home/hycon/workspace/ros2_study/pkg_cpp/install/pkg_test_cpp_msg/include/pkg_test_cpp_msg/pkg_test_cpp_msg/msg/detail\n'}
[0.334337] (pkg_test_cpp_msg) StdoutLine: {'line': b'-- Up-to-date: /home/hycon/workspace/ros2_study/pkg_cpp/install/pkg_test_cpp_msg/include/pkg_test_cpp_msg/pkg_test_cpp_msg/msg/detail/cmd_and_pose_vel__type_support.cpp\n'}
[0.334426] (pkg_test_cpp_msg) StdoutLine: {'line': b'-- Up-to-date: /home/hycon/workspace/ros2_study/pkg_cpp/install/pkg_test_cpp_msg/include/pkg_test_cpp_msg/pkg_test_cpp_msg/msg/detail/cmd_and_pose_vel__rosidl_typesupport_introspection_cpp.hpp\n'}
[0.334507] (pkg_test_cpp_msg) StdoutLine: {'line': b'-- Up-to-date: /home/hycon/workspace/ros2_study/pkg_cpp/install/pkg_test_cpp_msg/include/pkg_test_cpp_msg/pkg_test_cpp_msg/srv\n'}
[0.334589] (pkg_test_cpp_msg) StdoutLine: {'line': b'-- Up-to-date: /home/hycon/workspace/ros2_study/pkg_cpp/install/pkg_test_cpp_msg/include/pkg_test_cpp_msg/pkg_test_cpp_msg/srv/detail\n'}
[0.334665] (pkg_test_cpp_msg) StdoutLine: {'line': b'-- Up-to-date: /home/hycon/workspace/ros2_study/pkg_cpp/install/pkg_test_cpp_msg/include/pkg_test_cpp_msg/pkg_test_cpp_msg/srv/detail/multi_spawn__type_support.cpp\n'}
[0.334738] (pkg_test_cpp_msg) StdoutLine: {'line': b'-- Up-to-date: /home/hycon/workspace/ros2_study/pkg_cpp/install/pkg_test_cpp_msg/include/pkg_test_cpp_msg/pkg_test_cpp_msg/srv/detail/multi_spawn__rosidl_typesupport_introspection_cpp.hpp\n'}
[0.334813] (pkg_test_cpp_msg) StdoutLine: {'line': b'-- Up-to-date: /home/hycon/workspace/ros2_study/pkg_cpp/install/pkg_test_cpp_msg/lib/libpkg_test_cpp_msg__rosidl_typesupport_introspection_cpp.so\n'}
[0.334889] (pkg_test_cpp_msg) StdoutLine: {'line': b'-- Up-to-date: /home/hycon/workspace/ros2_study/pkg_cpp/install/pkg_test_cpp_msg/lib/libpkg_test_cpp_msg__rosidl_typesupport_cpp.so\n'}
[0.334965] (pkg_test_cpp_msg) StdoutLine: {'line': b'-- Up-to-date: /home/hycon/workspace/ros2_study/pkg_cpp/install/pkg_test_cpp_msg/share/pkg_test_cpp_msg/environment/pythonpath.sh\n'}
[0.335044] (pkg_test_cpp_msg) StdoutLine: {'line': b'-- Up-to-date: /home/hycon/workspace/ros2_study/pkg_cpp/install/pkg_test_cpp_msg/share/pkg_test_cpp_msg/environment/pythonpath.dsv\n'}
[0.335119] (pkg_test_cpp_msg) StdoutLine: {'line': b'-- Up-to-date: /home/hycon/workspace/ros2_study/pkg_cpp/install/pkg_test_cpp_msg/local/lib/python3.10/dist-packages/pkg_test_cpp_msg-0.0.0-py3.10.egg-info\n'}
[0.335196] (pkg_test_cpp_msg) StdoutLine: {'line': b'-- Installing: /home/hycon/workspace/ros2_study/pkg_cpp/install/pkg_test_cpp_msg/local/lib/python3.10/dist-packages/pkg_test_cpp_msg-0.0.0-py3.10.egg-info/dependency_links.txt\n'}
[0.335271] (pkg_test_cpp_msg) StdoutLine: {'line': b'-- Installing: /home/hycon/workspace/ros2_study/pkg_cpp/install/pkg_test_cpp_msg/local/lib/python3.10/dist-packages/pkg_test_cpp_msg-0.0.0-py3.10.egg-info/SOURCES.txt\n'}
[0.335344] (pkg_test_cpp_msg) StdoutLine: {'line': b'-- Installing: /home/hycon/workspace/ros2_study/pkg_cpp/install/pkg_test_cpp_msg/local/lib/python3.10/dist-packages/pkg_test_cpp_msg-0.0.0-py3.10.egg-info/top_level.txt\n'}
[0.335431] (pkg_test_cpp_msg) StdoutLine: {'line': b'-- Installing: /home/hycon/workspace/ros2_study/pkg_cpp/install/pkg_test_cpp_msg/local/lib/python3.10/dist-packages/pkg_test_cpp_msg-0.0.0-py3.10.egg-info/PKG-INFO\n'}
[0.335513] (pkg_test_cpp_msg) StdoutLine: {'line': b'-- Up-to-date: /home/hycon/workspace/ros2_study/pkg_cpp/install/pkg_test_cpp_msg/local/lib/python3.10/dist-packages/pkg_test_cpp_msg\n'}
[0.335590] (pkg_test_cpp_msg) StdoutLine: {'line': b'-- Up-to-date: /home/hycon/workspace/ros2_study/pkg_cpp/install/pkg_test_cpp_msg/local/lib/python3.10/dist-packages/pkg_test_cpp_msg/libpkg_test_cpp_msg__rosidl_generator_py.so\n'}
[0.335671] (pkg_test_cpp_msg) StdoutLine: {'line': b'-- Up-to-date: /home/hycon/workspace/ros2_study/pkg_cpp/install/pkg_test_cpp_msg/local/lib/python3.10/dist-packages/pkg_test_cpp_msg/pkg_test_cpp_msg_s__rosidl_typesupport_introspection_c.cpython-310-x86_64-linux-gnu.so\n'}
[0.335766] (pkg_test_cpp_msg) StdoutLine: {'line': b'-- Up-to-date: /home/hycon/workspace/ros2_study/pkg_cpp/install/pkg_test_cpp_msg/local/lib/python3.10/dist-packages/pkg_test_cpp_msg/__init__.py\n'}
[0.335846] (pkg_test_cpp_msg) StdoutLine: {'line': b'-- Up-to-date: /home/hycon/workspace/ros2_study/pkg_cpp/install/pkg_test_cpp_msg/local/lib/python3.10/dist-packages/pkg_test_cpp_msg/pkg_test_cpp_msg_s__rosidl_typesupport_fastrtps_c.cpython-310-x86_64-linux-gnu.so\n'}
[0.335923] (pkg_test_cpp_msg) StdoutLine: {'line': b'-- Up-to-date: /home/hycon/workspace/ros2_study/pkg_cpp/install/pkg_test_cpp_msg/local/lib/python3.10/dist-packages/pkg_test_cpp_msg/_pkg_test_cpp_msg_s.ep.rosidl_typesupport_fastrtps_c.c\n'}
[0.335999] (pkg_test_cpp_msg) StdoutLine: {'line': b'-- Up-to-date: /home/hycon/workspace/ros2_study/pkg_cpp/install/pkg_test_cpp_msg/local/lib/python3.10/dist-packages/pkg_test_cpp_msg/_pkg_test_cpp_msg_s.ep.rosidl_typesupport_introspection_c.c\n'}
[0.336074] (pkg_test_cpp_msg) StdoutLine: {'line': b'-- Up-to-date: /home/hycon/workspace/ros2_study/pkg_cpp/install/pkg_test_cpp_msg/local/lib/python3.10/dist-packages/pkg_test_cpp_msg/pkg_test_cpp_msg_s__rosidl_typesupport_c.cpython-310-x86_64-linux-gnu.so\n'}
[0.336153] (pkg_test_cpp_msg) StdoutLine: {'line': b'-- Up-to-date: /home/hycon/workspace/ros2_study/pkg_cpp/install/pkg_test_cpp_msg/local/lib/python3.10/dist-packages/pkg_test_cpp_msg/_pkg_test_cpp_msg_s.ep.rosidl_typesupport_c.c\n'}
[0.336234] (pkg_test_cpp_msg) StdoutLine: {'line': b'-- Up-to-date: /home/hycon/workspace/ros2_study/pkg_cpp/install/pkg_test_cpp_msg/local/lib/python3.10/dist-packages/pkg_test_cpp_msg/msg\n'}
[0.336312] (pkg_test_cpp_msg) StdoutLine: {'line': b'-- Up-to-date: /home/hycon/workspace/ros2_study/pkg_cpp/install/pkg_test_cpp_msg/local/lib/python3.10/dist-packages/pkg_test_cpp_msg/msg/_cmd_and_pose_vel_s.c\n'}
[0.336402] (pkg_test_cpp_msg) StdoutLine: {'line': b'-- Up-to-date: /home/hycon/workspace/ros2_study/pkg_cpp/install/pkg_test_cpp_msg/local/lib/python3.10/dist-packages/pkg_test_cpp_msg/msg/__init__.py\n'}
[0.336491] (pkg_test_cpp_msg) StdoutLine: {'line': b'-- Up-to-date: /home/hycon/workspace/ros2_study/pkg_cpp/install/pkg_test_cpp_msg/local/lib/python3.10/dist-packages/pkg_test_cpp_msg/msg/_cmd_and_pose_vel.py\n'}
[0.336576] (pkg_test_cpp_msg) StdoutLine: {'line': b'-- Up-to-date: /home/hycon/workspace/ros2_study/pkg_cpp/install/pkg_test_cpp_msg/local/lib/python3.10/dist-packages/pkg_test_cpp_msg/srv\n'}
[0.336654] (pkg_test_cpp_msg) StdoutLine: {'line': b'-- Up-to-date: /home/hycon/workspace/ros2_study/pkg_cpp/install/pkg_test_cpp_msg/local/lib/python3.10/dist-packages/pkg_test_cpp_msg/srv/_multi_spawn_s.c\n'}
[0.336727] (pkg_test_cpp_msg) StdoutLine: {'line': b'-- Up-to-date: /home/hycon/workspace/ros2_study/pkg_cpp/install/pkg_test_cpp_msg/local/lib/python3.10/dist-packages/pkg_test_cpp_msg/srv/__init__.py\n'}
[0.336799] (pkg_test_cpp_msg) StdoutLine: {'line': b'-- Up-to-date: /home/hycon/workspace/ros2_study/pkg_cpp/install/pkg_test_cpp_msg/local/lib/python3.10/dist-packages/pkg_test_cpp_msg/srv/_multi_spawn.py\n'}
[0.370721] (pkg_test_cpp_msg) StdoutLine: {'line': b"Listing '/home/hycon/workspace/ros2_study/pkg_cpp/install/pkg_test_cpp_msg/local/lib/python3.10/dist-packages/pkg_test_cpp_msg'...\n"}
[0.370930] (pkg_test_cpp_msg) StdoutLine: {'line': b"Listing '/home/hycon/workspace/ros2_study/pkg_cpp/install/pkg_test_cpp_msg/local/lib/python3.10/dist-packages/pkg_test_cpp_msg/msg'...\n"}
[0.371022] (pkg_test_cpp_msg) StdoutLine: {'line': b"Listing '/home/hycon/workspace/ros2_study/pkg_cpp/install/pkg_test_cpp_msg/local/lib/python3.10/dist-packages/pkg_test_cpp_msg/srv'...\n"}
[0.376380] (pkg_test_cpp_msg) StdoutLine: {'line': b'-- Up-to-date: /home/hycon/workspace/ros2_study/pkg_cpp/install/pkg_test_cpp_msg/local/lib/python3.10/dist-packages/pkg_test_cpp_msg/pkg_test_cpp_msg_s__rosidl_typesupport_fastrtps_c.cpython-310-x86_64-linux-gnu.so\n'}
[0.376725] (pkg_test_cpp_msg) StdoutLine: {'line': b'-- Up-to-date: /home/hycon/workspace/ros2_study/pkg_cpp/install/pkg_test_cpp_msg/local/lib/python3.10/dist-packages/pkg_test_cpp_msg/pkg_test_cpp_msg_s__rosidl_typesupport_introspection_c.cpython-310-x86_64-linux-gnu.so\n'}
[0.376818] (pkg_test_cpp_msg) StdoutLine: {'line': b'-- Up-to-date: /home/hycon/workspace/ros2_study/pkg_cpp/install/pkg_test_cpp_msg/local/lib/python3.10/dist-packages/pkg_test_cpp_msg/pkg_test_cpp_msg_s__rosidl_typesupport_c.cpython-310-x86_64-linux-gnu.so\n'}
[0.376945] (pkg_test_cpp_msg) StdoutLine: {'line': b'-- Up-to-date: /home/hycon/workspace/ros2_study/pkg_cpp/install/pkg_test_cpp_msg/lib/libpkg_test_cpp_msg__rosidl_generator_py.so\n'}
[0.377134] (pkg_test_cpp_msg) StdoutLine: {'line': b'-- Up-to-date: /home/hycon/workspace/ros2_study/pkg_cpp/install/pkg_test_cpp_msg/share/pkg_test_cpp_msg/msg/CmdAndPoseVel.idl\n'}
[0.377232] (pkg_test_cpp_msg) StdoutLine: {'line': b'-- Up-to-date: /home/hycon/workspace/ros2_study/pkg_cpp/install/pkg_test_cpp_msg/share/pkg_test_cpp_msg/srv/MultiSpawn.idl\n'}
[0.377314] (pkg_test_cpp_msg) StdoutLine: {'line': b'-- Up-to-date: /home/hycon/workspace/ros2_study/pkg_cpp/install/pkg_test_cpp_msg/share/pkg_test_cpp_msg/msg/CmdAndPoseVel.msg\n'}
[0.377457] (pkg_test_cpp_msg) StdoutLine: {'line': b'-- Up-to-date: /home/hycon/workspace/ros2_study/pkg_cpp/install/pkg_test_cpp_msg/share/pkg_test_cpp_msg/srv/MultiSpawn.srv\n'}
[0.377564] (pkg_test_cpp_msg) StdoutLine: {'line': b'-- Up-to-date: /home/hycon/workspace/ros2_study/pkg_cpp/install/pkg_test_cpp_msg/share/pkg_test_cpp_msg/srv/MultiSpawn_Request.msg\n'}
[0.377651] (pkg_test_cpp_msg) StdoutLine: {'line': b'-- Up-to-date: /home/hycon/workspace/ros2_study/pkg_cpp/install/pkg_test_cpp_msg/share/pkg_test_cpp_msg/srv/MultiSpawn_Response.msg\n'}
[0.377731] (pkg_test_cpp_msg) StdoutLine: {'line': b'-- Up-to-date: /home/hycon/workspace/ros2_study/pkg_cpp/install/pkg_test_cpp_msg/share/ament_index/resource_index/package_run_dependencies/pkg_test_cpp_msg\n'}
[0.377809] (pkg_test_cpp_msg) StdoutLine: {'line': b'-- Up-to-date: /home/hycon/workspace/ros2_study/pkg_cpp/install/pkg_test_cpp_msg/share/ament_index/resource_index/parent_prefix_path/pkg_test_cpp_msg\n'}
[0.377889] (pkg_test_cpp_msg) StdoutLine: {'line': b'-- Up-to-date: /home/hycon/workspace/ros2_study/pkg_cpp/install/pkg_test_cpp_msg/share/pkg_test_cpp_msg/environment/ament_prefix_path.sh\n'}
[0.377967] (pkg_test_cpp_msg) StdoutLine: {'line': b'-- Up-to-date: /home/hycon/workspace/ros2_study/pkg_cpp/install/pkg_test_cpp_msg/share/pkg_test_cpp_msg/environment/ament_prefix_path.dsv\n'}
[0.378050] (pkg_test_cpp_msg) StdoutLine: {'line': b'-- Up-to-date: /home/hycon/workspace/ros2_study/pkg_cpp/install/pkg_test_cpp_msg/share/pkg_test_cpp_msg/environment/path.sh\n'}
[0.378130] (pkg_test_cpp_msg) StdoutLine: {'line': b'-- Up-to-date: /home/hycon/workspace/ros2_study/pkg_cpp/install/pkg_test_cpp_msg/share/pkg_test_cpp_msg/environment/path.dsv\n'}
[0.378215] (pkg_test_cpp_msg) StdoutLine: {'line': b'-- Up-to-date: /home/hycon/workspace/ros2_study/pkg_cpp/install/pkg_test_cpp_msg/share/pkg_test_cpp_msg/local_setup.bash\n'}
[0.378297] (pkg_test_cpp_msg) StdoutLine: {'line': b'-- Up-to-date: /home/hycon/workspace/ros2_study/pkg_cpp/install/pkg_test_cpp_msg/share/pkg_test_cpp_msg/local_setup.sh\n'}
[0.378377] (pkg_test_cpp_msg) StdoutLine: {'line': b'-- Up-to-date: /home/hycon/workspace/ros2_study/pkg_cpp/install/pkg_test_cpp_msg/share/pkg_test_cpp_msg/local_setup.zsh\n'}
[0.378618] (pkg_test_cpp_msg) StdoutLine: {'line': b'-- Up-to-date: /home/hycon/workspace/ros2_study/pkg_cpp/install/pkg_test_cpp_msg/share/pkg_test_cpp_msg/local_setup.dsv\n'}
[0.378693] (pkg_test_cpp_msg) StdoutLine: {'line': b'-- Installing: /home/hycon/workspace/ros2_study/pkg_cpp/install/pkg_test_cpp_msg/share/pkg_test_cpp_msg/package.dsv\n'}
[0.378770] (pkg_test_cpp_msg) StdoutLine: {'line': b'-- Up-to-date: /home/hycon/workspace/ros2_study/pkg_cpp/install/pkg_test_cpp_msg/share/ament_index/resource_index/packages/pkg_test_cpp_msg\n'}
[0.378859] (pkg_test_cpp_msg) StdoutLine: {'line': b'-- Up-to-date: /home/hycon/workspace/ros2_study/pkg_cpp/install/pkg_test_cpp_msg/share/pkg_test_cpp_msg/cmake/export_pkg_test_cpp_msg__rosidl_generator_cExport.cmake\n'}
[0.378934] (pkg_test_cpp_msg) StdoutLine: {'line': b'-- Up-to-date: /home/hycon/workspace/ros2_study/pkg_cpp/install/pkg_test_cpp_msg/share/pkg_test_cpp_msg/cmake/export_pkg_test_cpp_msg__rosidl_generator_cExport-noconfig.cmake\n'}
[0.379009] (pkg_test_cpp_msg) StdoutLine: {'line': b'-- Up-to-date: /home/hycon/workspace/ros2_study/pkg_cpp/install/pkg_test_cpp_msg/share/pkg_test_cpp_msg/cmake/export_pkg_test_cpp_msg__rosidl_typesupport_fastrtps_cExport.cmake\n'}
[0.379083] (pkg_test_cpp_msg) StdoutLine: {'line': b'-- Up-to-date: /home/hycon/workspace/ros2_study/pkg_cpp/install/pkg_test_cpp_msg/share/pkg_test_cpp_msg/cmake/export_pkg_test_cpp_msg__rosidl_typesupport_fastrtps_cExport-noconfig.cmake\n'}
[0.379157] (pkg_test_cpp_msg) StdoutLine: {'line': b'-- Up-to-date: /home/hycon/workspace/ros2_study/pkg_cpp/install/pkg_test_cpp_msg/share/pkg_test_cpp_msg/cmake/pkg_test_cpp_msg__rosidl_typesupport_introspection_cExport.cmake\n'}
[0.379232] (pkg_test_cpp_msg) StdoutLine: {'line': b'-- Up-to-date: /home/hycon/workspace/ros2_study/pkg_cpp/install/pkg_test_cpp_msg/share/pkg_test_cpp_msg/cmake/pkg_test_cpp_msg__rosidl_typesupport_introspection_cExport-noconfig.cmake\n'}
[0.379308] (pkg_test_cpp_msg) StdoutLine: {'line': b'-- Up-to-date: /home/hycon/workspace/ros2_study/pkg_cpp/install/pkg_test_cpp_msg/share/pkg_test_cpp_msg/cmake/pkg_test_cpp_msg__rosidl_typesupport_cExport.cmake\n'}
[0.379388] (pkg_test_cpp_msg) StdoutLine: {'line': b'-- Up-to-date: /home/hycon/workspace/ros2_study/pkg_cpp/install/pkg_test_cpp_msg/share/pkg_test_cpp_msg/cmake/pkg_test_cpp_msg__rosidl_typesupport_cExport-noconfig.cmake\n'}
[0.379473] (pkg_test_cpp_msg) StdoutLine: {'line': b'-- Up-to-date: /home/hycon/workspace/ros2_study/pkg_cpp/install/pkg_test_cpp_msg/share/pkg_test_cpp_msg/cmake/export_pkg_test_cpp_msg__rosidl_generator_cppExport.cmake\n'}
[0.379551] (pkg_test_cpp_msg) StdoutLine: {'line': b'-- Up-to-date: /home/hycon/workspace/ros2_study/pkg_cpp/install/pkg_test_cpp_msg/share/pkg_test_cpp_msg/cmake/export_pkg_test_cpp_msg__rosidl_typesupport_fastrtps_cppExport.cmake\n'}
[0.379627] (pkg_test_cpp_msg) StdoutLine: {'line': b'-- Up-to-date: /home/hycon/workspace/ros2_study/pkg_cpp/install/pkg_test_cpp_msg/share/pkg_test_cpp_msg/cmake/export_pkg_test_cpp_msg__rosidl_typesupport_fastrtps_cppExport-noconfig.cmake\n'}
[0.379745] (pkg_test_cpp_msg) StdoutLine: {'line': b'-- Up-to-date: /home/hycon/workspace/ros2_study/pkg_cpp/install/pkg_test_cpp_msg/share/pkg_test_cpp_msg/cmake/pkg_test_cpp_msg__rosidl_typesupport_introspection_cppExport.cmake\n'}
[0.379835] (pkg_test_cpp_msg) StdoutLine: {'line': b'-- Up-to-date: /home/hycon/workspace/ros2_study/pkg_cpp/install/pkg_test_cpp_msg/share/pkg_test_cpp_msg/cmake/pkg_test_cpp_msg__rosidl_typesupport_introspection_cppExport-noconfig.cmake\n'}
[0.379914] (pkg_test_cpp_msg) StdoutLine: {'line': b'-- Up-to-date: /home/hycon/workspace/ros2_study/pkg_cpp/install/pkg_test_cpp_msg/share/pkg_test_cpp_msg/cmake/pkg_test_cpp_msg__rosidl_typesupport_cppExport.cmake\n'}
[0.379991] (pkg_test_cpp_msg) StdoutLine: {'line': b'-- Up-to-date: /home/hycon/workspace/ros2_study/pkg_cpp/install/pkg_test_cpp_msg/share/pkg_test_cpp_msg/cmake/pkg_test_cpp_msg__rosidl_typesupport_cppExport-noconfig.cmake\n'}
[0.380067] (pkg_test_cpp_msg) StdoutLine: {'line': b'-- Up-to-date: /home/hycon/workspace/ros2_study/pkg_cpp/install/pkg_test_cpp_msg/share/pkg_test_cpp_msg/cmake/export_pkg_test_cpp_msg__rosidl_generator_pyExport.cmake\n'}
[0.380143] (pkg_test_cpp_msg) StdoutLine: {'line': b'-- Up-to-date: /home/hycon/workspace/ros2_study/pkg_cpp/install/pkg_test_cpp_msg/share/pkg_test_cpp_msg/cmake/export_pkg_test_cpp_msg__rosidl_generator_pyExport-noconfig.cmake\n'}
[0.380220] (pkg_test_cpp_msg) StdoutLine: {'line': b'-- Up-to-date: /home/hycon/workspace/ros2_study/pkg_cpp/install/pkg_test_cpp_msg/share/pkg_test_cpp_msg/cmake/rosidl_cmake-extras.cmake\n'}
[0.380367] (pkg_test_cpp_msg) StdoutLine: {'line': b'-- Up-to-date: /home/hycon/workspace/ros2_study/pkg_cpp/install/pkg_test_cpp_msg/share/pkg_test_cpp_msg/cmake/ament_cmake_export_include_directories-extras.cmake\n'}
[0.380643] (pkg_test_cpp_msg) StdoutLine: {'line': b'-- Up-to-date: /home/hycon/workspace/ros2_study/pkg_cpp/install/pkg_test_cpp_msg/share/pkg_test_cpp_msg/cmake/ament_cmake_export_libraries-extras.cmake\n'}
[0.380787] (pkg_test_cpp_msg) StdoutLine: {'line': b'-- Up-to-date: /home/hycon/workspace/ros2_study/pkg_cpp/install/pkg_test_cpp_msg/share/pkg_test_cpp_msg/cmake/ament_cmake_export_targets-extras.cmake\n'}
[0.380864] (pkg_test_cpp_msg) StdoutLine: {'line': b'-- Up-to-date: /home/hycon/workspace/ros2_study/pkg_cpp/install/pkg_test_cpp_msg/share/pkg_test_cpp_msg/cmake/rosidl_cmake_export_typesupport_targets-extras.cmake\n'}
[0.380941] (pkg_test_cpp_msg) StdoutLine: {'line': b'-- Up-to-date: /home/hycon/workspace/ros2_study/pkg_cpp/install/pkg_test_cpp_msg/share/pkg_test_cpp_msg/cmake/ament_cmake_export_dependencies-extras.cmake\n'}
[0.381019] (pkg_test_cpp_msg) StdoutLine: {'line': b'-- Up-to-date: /home/hycon/workspace/ros2_study/pkg_cpp/install/pkg_test_cpp_msg/share/pkg_test_cpp_msg/cmake/rosidl_cmake_export_typesupport_libraries-extras.cmake\n'}
[0.381624] (pkg_test_cpp_msg) StdoutLine: {'line': b'-- Up-to-date: /home/hycon/workspace/ros2_study/pkg_cpp/install/pkg_test_cpp_msg/share/pkg_test_cpp_msg/cmake/pkg_test_cpp_msgConfig.cmake\n'}
[0.381788] (pkg_test_cpp_msg) StdoutLine: {'line': b'-- Up-to-date: /home/hycon/workspace/ros2_study/pkg_cpp/install/pkg_test_cpp_msg/share/pkg_test_cpp_msg/cmake/pkg_test_cpp_msgConfig-version.cmake\n'}
[0.381868] (pkg_test_cpp_msg) StdoutLine: {'line': b'-- Up-to-date: /home/hycon/workspace/ros2_study/pkg_cpp/install/pkg_test_cpp_msg/share/pkg_test_cpp_msg/package.xml\n'}
[0.381945] (pkg_test_cpp_msg) CommandEnded: {'returncode': 0}
[0.400256] (-) TimerEvent: {}
[0.406421] (pkg_test_cpp_msg) JobEnded: {'identifier': 'pkg_test_cpp_msg', 'rc': 0}
[0.500420] (-) TimerEvent: {}
[0.600731] (-) TimerEvent: {}
[0.701076] (-) TimerEvent: {}
[0.801440] (-) TimerEvent: {}
[0.901766] (-) TimerEvent: {}
[1.002105] (-) TimerEvent: {}
[1.102427] (-) TimerEvent: {}
[1.202807] (-) TimerEvent: {}
[1.245642] (pkg_test_cpp) StderrLine: {'line': b'\x1b[01m\x1b[K/home/hycon/workspace/ros2_study/pkg_cpp/src/pkg_test_cpp/src/turtlesim_service_server.cpp:13:6:\x1b[m\x1b[K \x1b[01;31m\x1b[Kerror: \x1b[m\x1b[Kno declaration matches \xe2\x80\x98\x1b[01m\x1b[Kvoid TurtlesimMultiSpawning::calc_position(int, double, std::vector<double, std::allocator<double> >&, std::vector<double, std::allocator<double> >&, std::vector<double, std::allocator<double> >)\x1b[m\x1b[K\xe2\x80\x99\n'}
[1.245966] (pkg_test_cpp) StderrLine: {'line': b'   13 | void \x1b[01;31m\x1b[KTurtlesimMultiSpawning\x1b[m\x1b[K::calc_position(const int n, const double r, std::vector<double>& x_vec, std::vector<double>& y_vec, std::vector<double> theta_vec) {\n'}
[1.246067] (pkg_test_cpp) StderrLine: {'line': b'      |      \x1b[01;31m\x1b[K^~~~~~~~~~~~~~~~~~~~~~\x1b[m\x1b[K\n'}
[1.246150] (pkg_test_cpp) StderrLine: {'line': b'In file included from \x1b[01m\x1b[K/home/hycon/workspace/ros2_study/pkg_cpp/src/pkg_test_cpp/src/turtlesim_service_server.cpp:1\x1b[m\x1b[K:\n'}
[1.246232] (pkg_test_cpp) StderrLine: {'line': b'\x1b[01m\x1b[K/home/hycon/workspace/ros2_study/pkg_cpp/src/pkg_test_cpp/include/pkg_test_cpp/turtlesim_service_server.hpp:22:29:\x1b[m\x1b[K \x1b[01;36m\x1b[Knote: \x1b[m\x1b[Kcandidate is: \xe2\x80\x98\x1b[01m\x1b[Kstd::vector<double, std::allocator<double> > TurtlesimMultiSpawning::calc_position(int, std::vector<double, std::allocator<double> >&, std::vector<double, std::allocator<double> >&, std::vector<double, std::allocator<double> >)\x1b[m\x1b[K\xe2\x80\x99\n'}
[1.246316] (pkg_test_cpp) StderrLine: {'line': b'   22 |         std::vector<double> \x1b[01;36m\x1b[Kcalc_position\x1b[m\x1b[K(const int n, std::vector<double>& x_vec, std::vector<double>& y_vec, std::vector<double> theta_vec);\n'}
[1.246424] (pkg_test_cpp) StderrLine: {'line': b'      |                             \x1b[01;36m\x1b[K^~~~~~~~~~~~~\x1b[m\x1b[K\n'}
[1.246508] (pkg_test_cpp) StderrLine: {'line': b'\x1b[01m\x1b[K/home/hycon/workspace/ros2_study/pkg_cpp/src/pkg_test_cpp/include/pkg_test_cpp/turtlesim_service_server.hpp:12:7:\x1b[m\x1b[K \x1b[01;36m\x1b[Knote: \x1b[m\x1b[K\xe2\x80\x98\x1b[01m\x1b[Kclass TurtlesimMultiSpawning\x1b[m\x1b[K\xe2\x80\x99 defined here\n'}
[1.246586] (pkg_test_cpp) StderrLine: {'line': b'   12 | class \x1b[01;36m\x1b[KTurtlesimMultiSpawning\x1b[m\x1b[K : public rclcpp::Node {\n'}
[1.246662] (pkg_test_cpp) StderrLine: {'line': b'      |       \x1b[01;36m\x1b[K^~~~~~~~~~~~~~~~~~~~~~\x1b[m\x1b[K\n'}
[1.252564] (pkg_test_cpp) StderrLine: {'line': b'\x1b[01m\x1b[K/home/hycon/workspace/ros2_study/pkg_cpp/src/pkg_test_cpp/src/turtlesim_service_server.cpp:\x1b[m\x1b[K In member function \xe2\x80\x98\x1b[01m\x1b[Kvoid TurtlesimMultiSpawning::callback_service(std::shared_ptr<pkg_test_cpp_msg::srv::MultiSpawn_Request_<std::allocator<void> > >, std::shared_ptr<pkg_test_cpp_msg::srv::MultiSpawn_Response_<std::allocator<void> > >)\x1b[m\x1b[K\xe2\x80\x99:\n'}
[1.252702] (pkg_test_cpp) StderrLine: {'line': b'\x1b[01m\x1b[K/home/hycon/workspace/ros2_study/pkg_cpp/src/pkg_test_cpp/src/turtlesim_service_server.cpp:29:19:\x1b[m\x1b[K \x1b[01;31m\x1b[Kerror: \x1b[m\x1b[K\xe2\x80\x98\x1b[01m\x1b[Krequest\x1b[m\x1b[K\xe2\x80\x99 was not declared in this scope; did you mean \xe2\x80\x98\x1b[01m\x1b[Krequest_\x1b[m\x1b[K\xe2\x80\x99?\n'}
[1.252788] (pkg_test_cpp) StderrLine: {'line': b'   29 |     calc_position(\x1b[01;31m\x1b[Krequest\x1b[m\x1b[K->num, 3.0, x_vec, y_vec, theta_vec);\n'}
[1.252866] (pkg_test_cpp) StderrLine: {'line': b'      |                   \x1b[01;31m\x1b[K^~~~~~~\x1b[m\x1b[K\n'}
[1.252942] (pkg_test_cpp) StderrLine: {'line': b'      |                   \x1b[32m\x1b[Krequest_\x1b[m\x1b[K\n'}
[1.255598] (pkg_test_cpp) StderrLine: {'line': b'\x1b[01m\x1b[K/home/hycon/workspace/ros2_study/pkg_cpp/src/pkg_test_cpp/src/turtlesim_service_server.cpp:34:40:\x1b[m\x1b[K \x1b[01;31m\x1b[Kerror: \x1b[m\x1b[K\xe2\x80\x98\x1b[01m\x1b[Kcneter_y_\x1b[m\x1b[K\xe2\x80\x99 was not declared in this scope; did you mean \xe2\x80\x98\x1b[01m\x1b[Kcenter_y_\x1b[m\x1b[K\xe2\x80\x99?\n'}
[1.255733] (pkg_test_cpp) StderrLine: {'line': b'   34 |         spawn_request_->y = y_vec[i] + \x1b[01;31m\x1b[Kcneter_y_\x1b[m\x1b[K;\n'}
[1.255818] (pkg_test_cpp) StderrLine: {'line': b'      |                                        \x1b[01;31m\x1b[K^~~~~~~~~\x1b[m\x1b[K\n'}
[1.255894] (pkg_test_cpp) StderrLine: {'line': b'      |                                        \x1b[32m\x1b[Kcenter_y_\x1b[m\x1b[K\n'}
[1.258555] (pkg_test_cpp) StderrLine: {'line': b'\x1b[01m\x1b[K/home/hycon/workspace/ros2_study/pkg_cpp/src/pkg_test_cpp/src/turtlesim_service_server.cpp:37:9:\x1b[m\x1b[K \x1b[01;31m\x1b[Kerror: \x1b[m\x1b[K\xe2\x80\x98\x1b[01m\x1b[Kspawn_client_\x1b[m\x1b[K\xe2\x80\x99 was not declared in this scope; did you mean \xe2\x80\x98\x1b[01m\x1b[Kspwan_client_\x1b[m\x1b[K\xe2\x80\x99?\n'}
[1.258718] (pkg_test_cpp) StderrLine: {'line': b'   37 |         \x1b[01;31m\x1b[Kspawn_client_\x1b[m\x1b[K->async_send_request(spawn_request_);\n'}
[1.258801] (pkg_test_cpp) StderrLine: {'line': b'      |         \x1b[01;31m\x1b[K^~~~~~~~~~~~~\x1b[m\x1b[K\n'}
[1.258900] (pkg_test_cpp) StderrLine: {'line': b'      |         \x1b[32m\x1b[Kspwan_client_\x1b[m\x1b[K\n'}
[1.259071] (pkg_test_cpp) StderrLine: {'line': b'\x1b[01m\x1b[K/home/hycon/workspace/ros2_study/pkg_cpp/src/pkg_test_cpp/src/turtlesim_service_server.cpp:25:71:\x1b[m\x1b[K \x1b[01;35m\x1b[Kwarning: \x1b[m\x1b[Kunused parameter \xe2\x80\x98\x1b[01m\x1b[Krequest_\x1b[m\x1b[K\xe2\x80\x99 [\x1b[01;35m\x1b[K\x1b]8;;https://gcc.gnu.org/onlinedocs/gcc/Warning-Options.html#index-Wunused-parameter\x07-Wunused-parameter\x1b]8;;\x07\x1b[m\x1b[K]\n'}
[1.259196] (pkg_test_cpp) StderrLine: {'line': b'   25 |     \x1b[01;35m\x1b[Kconst std::shared_ptr<pkg_test_cpp_msg::srv::MultiSpawn::Request> request_\x1b[m\x1b[K,\n'}
[1.259284] (pkg_test_cpp) StderrLine: {'line': b'      |     \x1b[01;35m\x1b[K~~~~~~~~~~~~~~~~~~~~~~~~~~~~~~~~~~~~~~~~~~~~~~~~~~~~~~~~~~~~~~~~~~^~~~~~~~\x1b[m\x1b[K\n'}
[1.259360] (pkg_test_cpp) StderrLine: {'line': b'\x1b[01m\x1b[K/home/hycon/workspace/ros2_study/pkg_cpp/src/pkg_test_cpp/src/turtlesim_service_server.cpp:26:66:\x1b[m\x1b[K \x1b[01;35m\x1b[Kwarning: \x1b[m\x1b[Kunused parameter \xe2\x80\x98\x1b[01m\x1b[Kresponse_\x1b[m\x1b[K\xe2\x80\x99 [\x1b[01;35m\x1b[K\x1b]8;;https://gcc.gnu.org/onlinedocs/gcc/Warning-Options.html#index-Wunused-parameter\x07-Wunused-parameter\x1b]8;;\x07\x1b[m\x1b[K]\n'}
[1.259465] (pkg_test_cpp) StderrLine: {'line': b'   26 |     \x1b[01;35m\x1b[Kstd::shared_ptr<pkg_test_cpp_msg::srv::MultiSpawn::Response> response_\x1b[m\x1b[K\n'}
[1.259543] (pkg_test_cpp) StderrLine: {'line': b'      |     \x1b[01;35m\x1b[K~~~~~~~~~~~~~~~~~~~~~~~~~~~~~~~~~~~~~~~~~~~~~~~~~~~~~~~~~~~~~^~~~~~~~~\x1b[m\x1b[K\n'}
[1.302945] (-) TimerEvent: {}
[1.403283] (-) TimerEvent: {}
[1.503605] (-) TimerEvent: {}
[1.603964] (-) TimerEvent: {}
[1.704308] (-) TimerEvent: {}
[1.772168] (pkg_test_cpp) StderrLine: {'line': b'gmake[2]: *** [CMakeFiles/turtlesim_service_server.dir/build.make:90: CMakeFiles/turtlesim_service_server.dir/src/turtlesim_service_server.cpp.o] Error 1\n'}
[1.772401] (pkg_test_cpp) StderrLine: {'line': b'gmake[2]: *** Waiting for unfinished jobs....\n'}
[1.804437] (-) TimerEvent: {}
[1.904685] (-) TimerEvent: {}
[2.004949] (-) TimerEvent: {}
[2.105324] (-) TimerEvent: {}
[2.109165] (pkg_test_cpp) StderrLine: {'line': b'gmake[1]: *** [CMakeFiles/Makefile2:221: CMakeFiles/turtlesim_service_server.dir/all] Error 2\n'}
[2.109293] (pkg_test_cpp) StderrLine: {'line': b'gmake: *** [Makefile:146: all] Error 2\n'}
[2.111296] (pkg_test_cpp) CommandEnded: {'returncode': 2}
[2.118885] (pkg_test_cpp) JobEnded: {'identifier': 'pkg_test_cpp', 'rc': 2}
[2.129947] (-) EventReactorShutdown: {}
