[01m[K/home/hycon/workspace/ros2_study/pkg_cpp/src/pkg_test_cpp/src/turtlesim_service_server.cpp:[m[K In constructor â€˜[01m[KTurtlesimMultiSpawning::TurtlesimMultiSpawning()[m[Kâ€™:
[01m[K/home/hycon/workspace/ros2_study/pkg_cpp/src/pkg_test_cpp/src/turtlesim_service_server.cpp:8:60:[m[K [01;31m[Kerror: [m[Kâ€˜[01m[KTeleportAbolute[m[Kâ€™ is not a member of â€˜[01m[Kturtlesim::srv[m[Kâ€™; did you mean â€˜[01m[KTeleportAbsolute[m[Kâ€™?
    8 |     teleport_client_ = this->create_client<turtlesim::srv::[01;31m[KTeleportAbolute[m[K>("turtle1/teleport_absolute");
      |                                                            [01;31m[K^~~~~~~~~~~~~~~[m[K
      |                                                            [32m[KTeleportAbsolute[m[K
[01m[K/home/hycon/workspace/ros2_study/pkg_cpp/src/pkg_test_cpp/src/turtlesim_service_server.cpp:8:76:[m[K [01;31m[Kerror: [m[Kno matching function for call to â€˜[01m[KTurtlesimMultiSpawning::create_client<<expression error> >(const char [26])[m[Kâ€™
    8 |     teleport_client_ = [01;31m[Kthis->create_client<turtlesim::srv::TeleportAbolute>("turtle1/teleport_absolute")[m[K;
      |                        [01;31m[K~~~~~~~~~~~~~~~~~~~~~~~~~~~~~~~~~~~~~~~~~~~~~~~~~~~~^~~~~~~~~~~~~~~~~~~~~~~~~~~~~[m[K
In file included from [01m[K/home/hycon/workspace/ros2_study/pkg_cpp/src/pkg_test_cpp/include/pkg_test_cpp/turtlesim_service_server.hpp:4[m[K,
                 from [01m[K/home/hycon/workspace/ros2_study/pkg_cpp/src/pkg_test_cpp/src/turtlesim_service_server.cpp:1[m[K:
[01m[K/opt/ros/humble/include/rclcpp/rclcpp/node.hpp:252:3:[m[K [01;36m[Knote: [m[Kcandidate: â€˜[01m[Ktemplate<class ServiceT> typename rclcpp::Client<ServiceT>::SharedPtr rclcpp::Node::create_client(const string&, const rmw_qos_profile_t&, rclcpp::CallbackGroup::SharedPtr)[m[Kâ€™
  252 |   [01;36m[Kcreate_client[m[K(
      |   [01;36m[K^~~~~~~~~~~~~[m[K
[01m[K/opt/ros/humble/include/rclcpp/rclcpp/node.hpp:252:3:[m[K [01;36m[Knote: [m[K  template argument deduction/substitution failed:
[01m[K/home/hycon/workspace/ros2_study/pkg_cpp/src/pkg_test_cpp/src/turtlesim_service_server.cpp:8:76:[m[K [01;31m[Kerror: [m[Ktemplate argument 1 is invalid
    8 |     teleport_client_ = [01;31m[Kthis->create_client<turtlesim::srv::TeleportAbolute>("turtle1/teleport_absolute")[m[K;
      |                        [01;31m[K~~~~~~~~~~~~~~~~~~~~~~~~~~~~~~~~~~~~~~~~~~~~~~~~~~~~^~~~~~~~~~~~~~~~~~~~~~~~~~~~~[m[K
[01m[K/home/hycon/workspace/ros2_study/pkg_cpp/src/pkg_test_cpp/src/turtlesim_service_server.cpp:[m[K In member function â€˜[01m[Kvoid TurtlesimMultiSpawning::callback_service(std::shared_ptr<pkg_test_cpp_msg::srv::MultiSpawn_Request_<std::allocator<void> > >, std::shared_ptr<pkg_test_cpp_msg::srv::MultiSpawn_Response_<std::allocator<void> > >)[m[Kâ€™:
[01m[K/home/hycon/workspace/ros2_study/pkg_cpp/src/pkg_test_cpp/src/turtlesim_service_server.cpp:22:63:[m[K [01;31m[Kerror: [m[Kâ€˜[01m[KSpawn[m[Kâ€™ is not a member of â€˜[01m[Kturtlesim::srv[m[Kâ€™
   22 |     auto teleport_request_ = std::make_shared<turtlesim::srv::[01;31m[KSpawn[m[K::Request>();
      |                                                               [01;31m[K^~~~~[m[K
[01m[K/home/hycon/workspace/ros2_study/pkg_cpp/src/pkg_test_cpp/src/turtlesim_service_server.cpp:22:35:[m[K [01;31m[Kerror: [m[Kparse error in template argument list
   22 |     auto teleport_request_ = std::[01;31m[Kmake_shared<turtlesim::srv::Spawn::Request>[m[K();
      |                                   [01;31m[K^~~~~~~~~~~~~~~~~~~~~~~~~~~~~~~~~~~~~~~~~~~[m[K
[01m[K/home/hycon/workspace/ros2_study/pkg_cpp/src/pkg_test_cpp/src/turtlesim_service_server.cpp:22:78:[m[K [01;31m[Kerror: [m[Kno matching function for call to â€˜[01m[Kmake_shared<<expression error> >()[m[Kâ€™
   22 |     auto teleport_request_ = [01;31m[Kstd::make_shared<turtlesim::srv::Spawn::Request>()[m[K;
      |                              [01;31m[K~~~~~~~~~~~~~~~~~~~~~~~~~~~~~~~~~~~~~~~~~~~~~~~~^~[m[K
In file included from [01m[K/usr/include/c++/11/condition_variable:43[m[K,
                 from [01m[K/opt/ros/humble/include/rclcpp/rclcpp/node.hpp:19[m[K,
                 from [01m[K/home/hycon/workspace/ros2_study/pkg_cpp/src/pkg_test_cpp/include/pkg_test_cpp/turtlesim_service_server.hpp:4[m[K,
                 from [01m[K/home/hycon/workspace/ros2_study/pkg_cpp/src/pkg_test_cpp/src/turtlesim_service_server.cpp:1[m[K:
[01m[K/usr/include/c++/11/bits/shared_ptr.h:875:5:[m[K [01;36m[Knote: [m[Kcandidate: â€˜[01m[Ktemplate<class _Tp, class ... _Args> std::shared_ptr<_Tp> std::make_shared(_Args&& ...)[m[Kâ€™
  875 |     [01;36m[Kmake_shared[m[K(_Args&&... __args)
      |     [01;36m[K^~~~~~~~~~~[m[K
[01m[K/usr/include/c++/11/bits/shared_ptr.h:875:5:[m[K [01;36m[Knote: [m[K  template argument deduction/substitution failed:
[01m[K/home/hycon/workspace/ros2_study/pkg_cpp/src/pkg_test_cpp/src/turtlesim_service_server.cpp:22:78:[m[K [01;31m[Kerror: [m[Ktemplate argument 1 is invalid
   22 |     auto teleport_request_ = [01;31m[Kstd::make_shared<turtlesim::srv::Spawn::Request>()[m[K;
      |                              [01;31m[K~~~~~~~~~~~~~~~~~~~~~~~~~~~~~~~~~~~~~~~~~~~~~~~~^~[m[K
gmake[2]: *** [CMakeFiles/turtlesim_service_server.dir/build.make:90: CMakeFiles/turtlesim_service_server.dir/src/turtlesim_service_server.cpp.o] Error 1
gmake[2]: *** Waiting for unfinished jobs....
gmake[1]: *** [CMakeFiles/Makefile2:221: CMakeFiles/turtlesim_service_server.dir/all] Error 2
gmake[1]: *** Waiting for unfinished jobs....
gmake: *** [Makefile:146: all] Error 2
