[0.009s] Invoking command in '/home/hycon/workspace/ros2_study/pkg_cpp/build/pkg_test_cpp': CMAKE_PREFIX_PATH=/opt/ros/humble /usr/bin/cmake --build /home/hycon/workspace/ros2_study/pkg_cpp/build/pkg_test_cpp -- -j16 -l16
[0.030s] -- Found ament_cmake: 1.3.11 (/opt/ros/humble/share/ament_cmake/cmake)
[0.159s] -- Found rclcpp: 16.0.11 (/opt/ros/humble/share/rclcpp/cmake)
[0.182s] -- Found rosidl_generator_c: 3.1.6 (/opt/ros/humble/share/rosidl_generator_c/cmake)
[0.184s] -- Found rosidl_adapter: 3.1.6 (/opt/ros/humble/share/rosidl_adapter/cmake)
[0.190s] -- Found rosidl_generator_cpp: 3.1.6 (/opt/ros/humble/share/rosidl_generator_cpp/cmake)
[0.198s] -- Using all available rosidl_typesupport_c: rosidl_typesupport_fastrtps_c;rosidl_typesupport_introspection_c
[0.208s] -- Using all available rosidl_typesupport_cpp: rosidl_typesupport_fastrtps_cpp;rosidl_typesupport_introspection_cpp
[0.237s] -- Found rmw_implementation_cmake: 6.1.2 (/opt/ros/humble/share/rmw_implementation_cmake/cmake)
[0.239s] -- Found rmw_fastrtps_cpp: 6.2.7 (/opt/ros/humble/share/rmw_fastrtps_cpp/cmake)
[0.319s] -- Using RMW implementation 'rmw_fastrtps_cpp' as default
[0.373s] -- Found turtlesim: 1.4.2 (/opt/ros/humble/share/turtlesim/cmake)
[0.401s] -- Found geometry_msgs: 4.2.4 (/opt/ros/humble/share/geometry_msgs/cmake)
[0.414s] -- Found pkg_test_cpp_msg: 0.0.0 (/home/hycon/workspace/ros2_study/pkg_cpp/install/pkg_test_cpp_msg/share/pkg_test_cpp_msg/cmake)
[0.425s] -- Found ament_lint_auto: 0.12.11 (/opt/ros/humble/share/ament_lint_auto/cmake)
[0.482s] -- Added test 'cppcheck' to perform static code analysis on C / C++ code
[0.482s] -- Configured cppcheck include dirs: /home/hycon/workspace/ros2_study/pkg_cpp/src/pkg_test_cpp/include
[0.482s] -- Configured cppcheck exclude dirs and/or files: 
[0.483s] -- Added test 'lint_cmake' to check CMake code style
[0.484s] -- Added test 'uncrustify' to check C / C++ code style
[0.484s] -- Configured uncrustify additional arguments: 
[0.484s] -- Added test 'xmllint' to check XML markup files
[0.485s] -- Configuring done
[0.500s] -- Generating done
[0.505s] -- Build files have been written to: /home/hycon/workspace/ros2_study/pkg_cpp/build/pkg_test_cpp
[0.532s] [35m[1mConsolidate compiler generated dependencies of target turtlesim_service_server[0m
[0.532s] [35m[1mConsolidate compiler generated dependencies of target turtlesim_publisher[0m
[0.532s] [35m[1mConsolidate compiler generated dependencies of target turtlesim_cmd_and_pose[0m
[0.532s] [35m[1mConsolidate compiler generated dependencies of target turtlesim_subscriber[0m
[0.550s] [  8%] [32mBuilding CXX object CMakeFiles/turtlesim_cmd_and_pose.dir/src/turtlesim_cmd_and_pose.cpp.o[0m
[0.554s] [ 33%] Built target turtlesim_publisher
[0.554s] [ 41%] [32mBuilding CXX object CMakeFiles/turtlesim_cmd_and_pose.dir/src/main_cmd_and_pose.cpp.o[0m
[0.558s] [ 66%] [32mBuilding CXX object CMakeFiles/turtlesim_service_server.dir/src/main_service_server.cpp.o[0m
[0.558s] [ 75%] Built target turtlesim_subscriber
[0.558s] [ 83%] [32mBuilding CXX object CMakeFiles/turtlesim_service_server.dir/src/turtlesim_service_server.cpp.o[0m
[1.498s] [01m[K/home/hycon/workspace/ros2_study/pkg_cpp/src/pkg_test_cpp/src/turtlesim_service_server.cpp:[m[K In constructor â€˜[01m[KTurtlesimMultiSpawning::TurtlesimMultiSpawning()[m[Kâ€™:
[1.499s] [01m[K/home/hycon/workspace/ros2_study/pkg_cpp/src/pkg_test_cpp/src/turtlesim_service_server.cpp:8:60:[m[K [01;31m[Kerror: [m[Kâ€˜[01m[KTeleportAbolute[m[Kâ€™ is not a member of â€˜[01m[Kturtlesim::srv[m[Kâ€™; did you mean â€˜[01m[KTeleportAbsolute[m[Kâ€™?
[1.499s]     8 |     teleport_client_ = this->create_client<turtlesim::srv::[01;31m[KTeleportAbolute[m[K>("turtle1/teleport_absolute");
[1.499s]       |                                                            [01;31m[K^~~~~~~~~~~~~~~[m[K
[1.499s]       |                                                            [32m[KTeleportAbsolute[m[K
[1.499s] [01m[K/home/hycon/workspace/ros2_study/pkg_cpp/src/pkg_test_cpp/src/turtlesim_service_server.cpp:8:76:[m[K [01;31m[Kerror: [m[Kno matching function for call to â€˜[01m[KTurtlesimMultiSpawning::create_client<<expression error> >(const char [26])[m[Kâ€™
[1.499s]     8 |     teleport_client_ = [01;31m[Kthis->create_client<turtlesim::srv::TeleportAbolute>("turtle1/teleport_absolute")[m[K;
[1.499s]       |                        [01;31m[K~~~~~~~~~~~~~~~~~~~~~~~~~~~~~~~~~~~~~~~~~~~~~~~~~~~~^~~~~~~~~~~~~~~~~~~~~~~~~~~~~[m[K
[1.499s] In file included from [01m[K/home/hycon/workspace/ros2_study/pkg_cpp/src/pkg_test_cpp/include/pkg_test_cpp/turtlesim_service_server.hpp:4[m[K,
[1.499s]                  from [01m[K/home/hycon/workspace/ros2_study/pkg_cpp/src/pkg_test_cpp/src/turtlesim_service_server.cpp:1[m[K:
[1.500s] [01m[K/opt/ros/humble/include/rclcpp/rclcpp/node.hpp:252:3:[m[K [01;36m[Knote: [m[Kcandidate: â€˜[01m[Ktemplate<class ServiceT> typename rclcpp::Client<ServiceT>::SharedPtr rclcpp::Node::create_client(const string&, const rmw_qos_profile_t&, rclcpp::CallbackGroup::SharedPtr)[m[Kâ€™
[1.500s]   252 |   [01;36m[Kcreate_client[m[K(
[1.500s]       |   [01;36m[K^~~~~~~~~~~~~[m[K
[1.500s] [01m[K/opt/ros/humble/include/rclcpp/rclcpp/node.hpp:252:3:[m[K [01;36m[Knote: [m[K  template argument deduction/substitution failed:
[1.500s] [01m[K/home/hycon/workspace/ros2_study/pkg_cpp/src/pkg_test_cpp/src/turtlesim_service_server.cpp:8:76:[m[K [01;31m[Kerror: [m[Ktemplate argument 1 is invalid
[1.500s]     8 |     teleport_client_ = [01;31m[Kthis->create_client<turtlesim::srv::TeleportAbolute>("turtle1/teleport_absolute")[m[K;
[1.500s]       |                        [01;31m[K~~~~~~~~~~~~~~~~~~~~~~~~~~~~~~~~~~~~~~~~~~~~~~~~~~~~^~~~~~~~~~~~~~~~~~~~~~~~~~~~~[m[K
[1.503s] [01m[K/home/hycon/workspace/ros2_study/pkg_cpp/src/pkg_test_cpp/src/turtlesim_service_server.cpp:[m[K In member function â€˜[01m[Kvoid TurtlesimMultiSpawning::callback_service(std::shared_ptr<pkg_test_cpp_msg::srv::MultiSpawn_Request_<std::allocator<void> > >, std::shared_ptr<pkg_test_cpp_msg::srv::MultiSpawn_Response_<std::allocator<void> > >)[m[Kâ€™:
[1.503s] [01m[K/home/hycon/workspace/ros2_study/pkg_cpp/src/pkg_test_cpp/src/turtlesim_service_server.cpp:22:63:[m[K [01;31m[Kerror: [m[Kâ€˜[01m[KSpawn[m[Kâ€™ is not a member of â€˜[01m[Kturtlesim::srv[m[Kâ€™
[1.503s]    22 |     auto teleport_request_ = std::make_shared<turtlesim::srv::[01;31m[KSpawn[m[K::Request>();
[1.503s]       |                                                               [01;31m[K^~~~~[m[K
[1.503s] [01m[K/home/hycon/workspace/ros2_study/pkg_cpp/src/pkg_test_cpp/src/turtlesim_service_server.cpp:22:35:[m[K [01;31m[Kerror: [m[Kparse error in template argument list
[1.503s]    22 |     auto teleport_request_ = std::[01;31m[Kmake_shared<turtlesim::srv::Spawn::Request>[m[K();
[1.503s]       |                                   [01;31m[K^~~~~~~~~~~~~~~~~~~~~~~~~~~~~~~~~~~~~~~~~~~[m[K
[1.503s] [01m[K/home/hycon/workspace/ros2_study/pkg_cpp/src/pkg_test_cpp/src/turtlesim_service_server.cpp:22:78:[m[K [01;31m[Kerror: [m[Kno matching function for call to â€˜[01m[Kmake_shared<<expression error> >()[m[Kâ€™
[1.504s]    22 |     auto teleport_request_ = [01;31m[Kstd::make_shared<turtlesim::srv::Spawn::Request>()[m[K;
[1.504s]       |                              [01;31m[K~~~~~~~~~~~~~~~~~~~~~~~~~~~~~~~~~~~~~~~~~~~~~~~~^~[m[K
[1.504s] In file included from [01m[K/usr/include/c++/11/condition_variable:43[m[K,
[1.504s]                  from [01m[K/opt/ros/humble/include/rclcpp/rclcpp/node.hpp:19[m[K,
[1.504s]                  from [01m[K/home/hycon/workspace/ros2_study/pkg_cpp/src/pkg_test_cpp/include/pkg_test_cpp/turtlesim_service_server.hpp:4[m[K,
[1.504s]                  from [01m[K/home/hycon/workspace/ros2_study/pkg_cpp/src/pkg_test_cpp/src/turtlesim_service_server.cpp:1[m[K:
[1.504s] [01m[K/usr/include/c++/11/bits/shared_ptr.h:875:5:[m[K [01;36m[Knote: [m[Kcandidate: â€˜[01m[Ktemplate<class _Tp, class ... _Args> std::shared_ptr<_Tp> std::make_shared(_Args&& ...)[m[Kâ€™
[1.504s]   875 |     [01;36m[Kmake_shared[m[K(_Args&&... __args)
[1.504s]       |     [01;36m[K^~~~~~~~~~~[m[K
[1.504s] [01m[K/usr/include/c++/11/bits/shared_ptr.h:875:5:[m[K [01;36m[Knote: [m[K  template argument deduction/substitution failed:
[1.504s] [01m[K/home/hycon/workspace/ros2_study/pkg_cpp/src/pkg_test_cpp/src/turtlesim_service_server.cpp:22:78:[m[K [01;31m[Kerror: [m[Ktemplate argument 1 is invalid
[1.504s]    22 |     auto teleport_request_ = [01;31m[Kstd::make_shared<turtlesim::srv::Spawn::Request>()[m[K;
[1.504s]       |                              [01;31m[K~~~~~~~~~~~~~~~~~~~~~~~~~~~~~~~~~~~~~~~~~~~~~~~~^~[m[K
[1.963s] gmake[2]: *** [CMakeFiles/turtlesim_service_server.dir/build.make:90: CMakeFiles/turtlesim_service_server.dir/src/turtlesim_service_server.cpp.o] Error 1
[1.963s] gmake[2]: *** Waiting for unfinished jobs....
[2.571s] gmake[1]: *** [CMakeFiles/Makefile2:221: CMakeFiles/turtlesim_service_server.dir/all] Error 2
[2.572s] gmake[1]: *** Waiting for unfinished jobs....
[7.299s] [ 91%] [32m[1mLinking CXX executable turtlesim_cmd_and_pose[0m
[7.701s] [ 91%] Built target turtlesim_cmd_and_pose
[7.702s] gmake: *** [Makefile:146: all] Error 2
[7.704s] Invoked command in '/home/hycon/workspace/ros2_study/pkg_cpp/build/pkg_test_cpp' returned '2': CMAKE_PREFIX_PATH=/opt/ros/humble /usr/bin/cmake --build /home/hycon/workspace/ros2_study/pkg_cpp/build/pkg_test_cpp -- -j16 -l16
